<?xml version="1.0" encoding="UTF-8"?>
<testsuites name="jest tests" tests="25" failures="0" errors="0" time="10.85">
  <testsuite name="useFeatureFlag Hook" errors="0" failures="0" skipped="0" timestamp="2026-02-27T16:03:13" time="3.877" tests="25">
    <testcase classname="useFeatureFlag Hook should fetch and return feature flag status" name="useFeatureFlag Hook should fetch and return feature flag status" time="0.036">
    </testcase>
    <testcase classname="useFeatureFlag Hook should handle API errors gracefully" name="useFeatureFlag Hook should handle API errors gracefully" time="0.012">
    </testcase>
    <testcase classname="useFeatureFlagVariant Hook should fetch A/B testing variant" name="useFeatureFlagVariant Hook should fetch A/B testing variant" time="0.004">
    </testcase>
    <testcase classname="useFeatureFlagVariant Hook should assign same variant consistently for same user" name="useFeatureFlagVariant Hook should assign same variant consistently for same user" time="0.004">
    </testcase>
    <testcase classname="useDashboardCustomization Hook should load dashboard customization" name="useDashboardCustomization Hook should load dashboard customization" time="0.004">
    </testcase>
    <testcase classname="useDashboardCustomization Hook should save dashboard customization" name="useDashboardCustomization Hook should save dashboard customization" time="0.015">
    </testcase>
    <testcase classname="UICustomizationPage Component should render theme selection options" name="UICustomizationPage Component should render theme selection options" time="0.077">
    </testcase>
    <testcase classname="UICustomizationPage Component should update theme when selected" name="UICustomizationPage Component should update theme when selected" time="0.033">
    </testcase>
    <testcase classname="UICustomizationPage Component should reset preferences to defaults" name="UICustomizationPage Component should reset preferences to defaults" time="0.008">
    </testcase>
    <testcase classname="FeatureFlagsDashboard Component should display module flags" name="FeatureFlagsDashboard Component should display module flags" time="0.029">
    </testcase>
    <testcase classname="FeatureFlagsDashboard Component should toggle feature flags" name="FeatureFlagsDashboard Component should toggle feature flags" time="0.065">
    </testcase>
    <testcase classname="FeatureFlagsDashboard Component should set rollout percentage" name="FeatureFlagsDashboard Component should set rollout percentage" time="0.004">
    </testcase>
    <testcase classname="PerformanceMonitoringPage Component should display performance dashboard" name="PerformanceMonitoringPage Component should display performance dashboard" time="0.029">
    </testcase>
    <testcase classname="PerformanceMonitoringPage Component should show response time percentiles" name="PerformanceMonitoringPage Component should show response time percentiles" time="0.001">
    </testcase>
    <testcase classname="PerformanceMonitoringPage Component should clear cache when requested" name="PerformanceMonitoringPage Component should clear cache when requested" time="0.008">
    </testcase>
    <testcase classname="DashboardCustomizationComponent should load existing dashboards" name="DashboardCustomizationComponent should load existing dashboards" time="0.015">
    </testcase>
    <testcase classname="DashboardCustomizationComponent should create new dashboard" name="DashboardCustomizationComponent should create new dashboard" time="0.008">
    </testcase>
    <testcase classname="DashboardCustomizationComponent should add widget to dashboard" name="DashboardCustomizationComponent should add widget to dashboard" time="0.014">
    </testcase>
    <testcase classname="DashboardCustomizationComponent should delete dashboard" name="DashboardCustomizationComponent should delete dashboard" time="0.003">
    </testcase>
    <testcase classname="UIPreferencesContext should provide UI preferences context" name="UIPreferencesContext should provide UI preferences context" time="0.006">
    </testcase>
    <testcase classname="UIPreferencesContext should throw error if used outside provider" name="UIPreferencesContext should throw error if used outside provider" time="0.008">
    </testcase>
    <testcase classname="Frontend Integration Tests - Complete User Workflows should complete feature flag workflow: enable, set rollout, audit" name="Frontend Integration Tests - Complete User Workflows should complete feature flag workflow: enable, set rollout, audit" time="0.008">
    </testcase>
    <testcase classname="Frontend Integration Tests - Complete User Workflows should complete UI customization workflow: change theme, save, verify persistence" name="Frontend Integration Tests - Complete User Workflows should complete UI customization workflow: change theme, save, verify persistence" time="0.007">
    </testcase>
    <testcase classname="Frontend Integration Tests - Complete User Workflows should complete dashboard customization workflow: create, add widgets, set default" name="Frontend Integration Tests - Complete User Workflows should complete dashboard customization workflow: create, add widgets, set default" time="0.002">
    </testcase>
    <testcase classname="Frontend Integration Tests - Complete User Workflows should complete performance monitoring workflow: load metrics, view recommendations, clear cache" name="Frontend Integration Tests - Complete User Workflows should complete performance monitoring workflow: load metrics, view recommendations, clear cache" time="0.002">
    </testcase>
  </testsuite>
</testsuites>