<?xml version="1.0" encoding="utf-8"?>
<TestRun id="5e0a6899-b1aa-456b-930a-1cad2a9281e9" name="@Abhisheks-MacBook-Pro 2026-01-26 17:37:49" xmlns="http://microsoft.com/schemas/VisualStudio/TeamTest/2010">
  <Times creation="2026-01-26T17:37:49.5640790+01:00" queuing="2026-01-26T17:37:49.5640790+01:00" start="2026-01-26T17:37:49.0726570+01:00" finish="2026-01-26T17:38:25.0356770+01:00" />
  <TestSettings name="default" id="e2ef554d-0b4f-4bce-9743-f4684fa9a371">
    <Deployment runDeploymentRoot="_Abhisheks-MacBook-Pro_2026-01-26_17_37_49" />
  </TestSettings>
  <Results>
    <UnitTestResult executionId="d19ef211-6200-43d9-919e-c52b1c01ca96" testId="fbf076e7-7134-a459-14a6-e3d5614f4a60" testName="CRM.Tests.Controllers.DepartmentsControllerTests.GetDepartments_FiltersOutDeletedDepartments" computerName="Abhisheks-MacBook-Pro" duration="00:00:00.0009830" startTime="2026-01-26T17:37:49.5708050+01:00" endTime="2026-01-26T17:37:49.5708050+01:00" testType="13cdc9d9-ddb5-4fa4-a97d-d965ccfc6d4b" outcome="Passed" testListId="8c84fa94-04c1-424b-9868-57a2d4851a1d" relativeResultsDirectory="d19ef211-6200-43d9-919e-c52b1c01ca96" />
    <UnitTestResult executionId="dd11d2d8-bf04-4425-9107-30bba7ab28d1" testId="ad569a6f-ed16-f33e-47f7-ed07139ff13a" testName="CRM.Tests.Utilities.UtilityTests.Date_ShortFormat" computerName="Abhisheks-MacBook-Pro" duration="00:00:00.0010353" startTime="2026-01-26T17:37:49.6659270+01:00" endTime="2026-01-26T17:37:49.6659270+01:00" testType="13cdc9d9-ddb5-4fa4-a97d-d965ccfc6d4b" outcome="Passed" testListId="8c84fa94-04c1-424b-9868-57a2d4851a1d" relativeResultsDirectory="dd11d2d8-bf04-4425-9107-30bba7ab28d1" />
    <UnitTestResult executionId="c8c02c1e-19aa-4d18-8d74-be99062b6689" testId="dfab04cb-6cdc-6e79-964f-424427610e40" testName="CRM.Tests.ProductEntityTests.Product_IsActiveShouldDefaultToTrue" computerName="Abhisheks-MacBook-Pro" duration="00:00:00.0016286" startTime="2026-01-26T17:37:49.6353640+01:00" endTime="2026-01-26T17:37:49.6353640+01:00" testType="13cdc9d9-ddb5-4fa4-a97d-d965ccfc6d4b" outcome="Passed" testListId="8c84fa94-04c1-424b-9868-57a2d4851a1d" relativeResultsDirectory="c8c02c1e-19aa-4d18-8d74-be99062b6689" />
    <UnitTestResult executionId="3526ddd3-af79-42de-864a-abcabf814586" testId="417abe86-ec39-0a22-429f-f35701a77a34" testName="CRM.Tests.Entities.EnumTypeTests.CustomerCategory_HasExpectedCount" computerName="Abhisheks-MacBook-Pro" duration="00:00:00.0006101" startTime="2026-01-26T17:37:49.5434870+01:00" endTime="2026-01-26T17:37:49.5434870+01:00" testType="13cdc9d9-ddb5-4fa4-a97d-d965ccfc6d4b" outcome="Passed" testListId="8c84fa94-04c1-424b-9868-57a2d4851a1d" relativeResultsDirectory="3526ddd3-af79-42de-864a-abcabf814586" />
    <UnitTestResult executionId="ae60746b-6a7a-49a4-9aef-81db85f4496b" testId="0188920b-3143-e6d8-4789-00905c9df516" testName="CRM.Tests.Entities.EntityValidationTests.Contact_EmailPrimary_CanBeSet" computerName="Abhisheks-MacBook-Pro" duration="00:00:00.0001995" startTime="2026-01-26T17:37:49.6159580+01:00" endTime="2026-01-26T17:37:49.6159580+01:00" testType="13cdc9d9-ddb5-4fa4-a97d-d965ccfc6d4b" outcome="Passed" testListId="8c84fa94-04c1-424b-9868-57a2d4851a1d" relativeResultsDirectory="ae60746b-6a7a-49a4-9aef-81db85f4496b" />
    <UnitTestResult executionId="af70e9b8-3139-431a-bae3-181550c8f5d4" testId="b097b457-3584-8251-2251-6cf3249f16ed" testName="CRM.Tests.Controllers.ProductsControllerTests.GetById_Returns500_OnException" computerName="Abhisheks-MacBook-Pro" duration="00:00:00.0085100" startTime="2026-01-26T17:37:49.6297570+01:00" endTime="2026-01-26T17:37:49.6297580+01:00" testType="13cdc9d9-ddb5-4fa4-a97d-d965ccfc6d4b" outcome="Passed" testListId="8c84fa94-04c1-424b-9868-57a2d4851a1d" relativeResultsDirectory="af70e9b8-3139-431a-bae3-181550c8f5d4" />
    <UnitTestResult executionId="daaa69a3-e8da-4c4d-8475-8345ec5eaf56" testId="cb6a90a0-8fe3-a9b4-e62f-f68e72e62781" testName="CRM.Tests.BusinessLogic.BusinessLogicTests.Lead_Source_AllSources(source: Campaign)" computerName="Abhisheks-MacBook-Pro" duration="00:00:00.0000045" startTime="2026-01-26T17:37:49.6210740+01:00" endTime="2026-01-26T17:37:49.6210740+01:00" testType="13cdc9d9-ddb5-4fa4-a97d-d965ccfc6d4b" outcome="Passed" testListId="8c84fa94-04c1-424b-9868-57a2d4851a1d" relativeResultsDirectory="daaa69a3-e8da-4c4d-8475-8345ec5eaf56" />
    <UnitTestResult executionId="ef74c35e-d07a-401b-ab37-4990d435265e" testId="67ff4137-13c4-8cbc-b50a-58dff4abaff9" testName="CRM.Tests.BVT.CriticalPathBVTTests.BVT051_Account_Creation" computerName="Abhisheks-MacBook-Pro" duration="00:00:00.0001192" startTime="2026-01-26T17:37:49.5383580+01:00" endTime="2026-01-26T17:37:49.5383580+01:00" testType="13cdc9d9-ddb5-4fa4-a97d-d965ccfc6d4b" outcome="Passed" testListId="8c84fa94-04c1-424b-9868-57a2d4851a1d" relativeResultsDirectory="ef74c35e-d07a-401b-ab37-4990d435265e" />
    <UnitTestResult executionId="d633f0cb-3724-405c-bbc6-11d4918b75f6" testId="68240922-5ffc-f69c-07fa-09de1708ed81" testName="CRM.Tests.Controllers.OpportunitiesControllerTests.Create_Returns500_OnException" computerName="Abhisheks-MacBook-Pro" duration="00:00:00.0447319" startTime="2026-01-26T17:37:49.5652180+01:00" endTime="2026-01-26T17:37:49.5652180+01:00" testType="13cdc9d9-ddb5-4fa4-a97d-d965ccfc6d4b" outcome="Passed" testListId="8c84fa94-04c1-424b-9868-57a2d4851a1d" relativeResultsDirectory="d633f0cb-3724-405c-bbc6-11d4918b75f6" />
    <UnitTestResult executionId="4d59edc6-4e35-41ab-9b6f-ad775c1e30a8" testId="39cd3307-cc93-cf09-5443-c26a383e41d3" testName="CRM.Tests.BVT.CriticalPathBVTTests.BVT013_User_Deactivation" computerName="Abhisheks-MacBook-Pro" duration="00:00:00.0000985" startTime="2026-01-26T17:37:49.5385960+01:00" endTime="2026-01-26T17:37:49.5385960+01:00" testType="13cdc9d9-ddb5-4fa4-a97d-d965ccfc6d4b" outcome="Passed" testListId="8c84fa94-04c1-424b-9868-57a2d4851a1d" relativeResultsDirectory="4d59edc6-4e35-41ab-9b6f-ad775c1e30a8" />
    <UnitTestResult executionId="7416d08e-fa22-442b-a716-b139d5c35419" testId="f86661b1-8000-b4e9-bd6a-0f3b6255adf9" testName="CRM.Tests.Controllers.DepartmentsControllerTests.DepartmentsController_HasAuthorizeAttribute" computerName="Abhisheks-MacBook-Pro" duration="00:00:00.0004330" startTime="2026-01-26T17:37:49.5719620+01:00" endTime="2026-01-26T17:37:49.5719620+01:00" testType="13cdc9d9-ddb5-4fa4-a97d-d965ccfc6d4b" outcome="Passed" testListId="8c84fa94-04c1-424b-9868-57a2d4851a1d" relativeResultsDirectory="7416d08e-fa22-442b-a716-b139d5c35419" />
    <UnitTestResult executionId="b7edb4c3-7f27-4b54-b8ba-ae01367af8c8" testId="575c54f2-a8a5-5fd8-be41-53fbaec44ae7" testName="CRM.Tests.BusinessLogic.BusinessLogicTests.Opportunity_IsOpen_Discovery" computerName="Abhisheks-MacBook-Pro" duration="00:00:00.0019764" startTime="2026-01-26T17:37:49.6314740+01:00" endTime="2026-01-26T17:37:49.6314740+01:00" testType="13cdc9d9-ddb5-4fa4-a97d-d965ccfc6d4b" outcome="Passed" testListId="8c84fa94-04c1-424b-9868-57a2d4851a1d" relativeResultsDirectory="b7edb4c3-7f27-4b54-b8ba-ae01367af8c8" />
    <UnitTestResult executionId="3cdfc949-3a87-4a24-beda-5c074840d6bf" testId="d4598245-28f6-9c05-13fb-a7b1e56298b8" testName="CRM.Tests.Entities.CoreEntityTests.Department_CanBeCreated_WithDefaults" computerName="Abhisheks-MacBook-Pro" duration="00:00:00.0001522" startTime="2026-01-26T17:37:49.6159400+01:00" endTime="2026-01-26T17:37:49.6159400+01:00" testType="13cdc9d9-ddb5-4fa4-a97d-d965ccfc6d4b" outcome="Passed" testListId="8c84fa94-04c1-424b-9868-57a2d4851a1d" relativeResultsDirectory="3cdfc949-3a87-4a24-beda-5c074840d6bf" />
    <UnitTestResult executionId="48ab4bda-f170-43e1-a506-7d9502e92ed3" testId="ba5ed731-3fbd-46ca-535a-7a9992a9916c" testName="CRM.Tests.Services.OpportunityServiceTests.UpdateOpportunity_CanCloseAsWon" computerName="Abhisheks-MacBook-Pro" duration="00:00:00.0051789" startTime="2026-01-26T17:37:49.5610670+01:00" endTime="2026-01-26T17:37:49.5610670+01:00" testType="13cdc9d9-ddb5-4fa4-a97d-d965ccfc6d4b" outcome="Passed" testListId="8c84fa94-04c1-424b-9868-57a2d4851a1d" relativeResultsDirectory="48ab4bda-f170-43e1-a506-7d9502e92ed3" />
    <UnitTestResult executionId="12f72237-cec6-41ed-80fe-41ab990257de" testId="73798fb6-d5eb-1943-c6c5-1a87a9f0c9dc" testName="CRM.Tests.Entities.EntityValidationTests.User_Email_ShouldBeValid" computerName="Abhisheks-MacBook-Pro" duration="00:00:00.0001057" startTime="2026-01-26T17:37:49.6311450+01:00" endTime="2026-01-26T17:37:49.6311450+01:00" testType="13cdc9d9-ddb5-4fa4-a97d-d965ccfc6d4b" outcome="Passed" testListId="8c84fa94-04c1-424b-9868-57a2d4851a1d" relativeResultsDirectory="12f72237-cec6-41ed-80fe-41ab990257de" />
    <UnitTestResult executionId="ddb4301c-5a31-43d8-8ded-41bf683d240c" testId="1158d7ad-50bb-8f2f-98af-f5e7fd24f78e" testName="CRM.Tests.Entities.CoreEntityTests.CustomerPriority_HasAllExpectedValues" computerName="Abhisheks-MacBook-Pro" duration="00:00:00.0001460" startTime="2026-01-26T17:37:49.6169510+01:00" endTime="2026-01-26T17:37:49.6169510+01:00" testType="13cdc9d9-ddb5-4fa4-a97d-d965ccfc6d4b" outcome="Passed" testListId="8c84fa94-04c1-424b-9868-57a2d4851a1d" relativeResultsDirectory="ddb4301c-5a31-43d8-8ded-41bf683d240c" />
    <UnitTestResult executionId="24454a4d-53d1-446a-a289-fc50da3b1e3d" testId="e2e257b1-7949-2ca6-2da2-9486a6509577" testName="CRM.Tests.Entities.EnumTypeTests.LeadSource_CanParseCaseInsensitive(input: &quot;Manual&quot;, expected: Manual)" computerName="Abhisheks-MacBook-Pro" duration="00:00:00.0000063" startTime="2026-01-26T17:37:49.5372810+01:00" endTime="2026-01-26T17:37:49.5372810+01:00" testType="13cdc9d9-ddb5-4fa4-a97d-d965ccfc6d4b" outcome="Passed" testListId="8c84fa94-04c1-424b-9868-57a2d4851a1d" relativeResultsDirectory="24454a4d-53d1-446a-a289-fc50da3b1e3d" />
    <UnitTestResult executionId="98663ea7-ba9c-42b6-9557-83fa12df726f" testId="50202da9-1f2c-71e2-20ef-2a4122f25ff3" testName="CRM.Tests.Services.AccountServiceTests.GetAccounts_SortByMRR_ReturnsSorted" computerName="Abhisheks-MacBook-Pro" duration="00:00:00.0012653" startTime="2026-01-26T17:37:49.5538820+01:00" endTime="2026-01-26T17:37:49.5538820+01:00" testType="13cdc9d9-ddb5-4fa4-a97d-d965ccfc6d4b" outcome="Passed" testListId="8c84fa94-04c1-424b-9868-57a2d4851a1d" relativeResultsDirectory="98663ea7-ba9c-42b6-9557-83fa12df726f" />
    <UnitTestResult executionId="6f383bd7-187f-4624-a9a3-7d4206311618" testId="1728e262-3002-8777-338e-453edec84146" testName="CRM.Tests.BusinessLogic.BusinessLogicTests.Pipeline_TotalValue_Calculation" computerName="Abhisheks-MacBook-Pro" duration="00:00:00.0002219" startTime="2026-01-26T17:37:49.6390200+01:00" endTime="2026-01-26T17:37:49.6390200+01:00" testType="13cdc9d9-ddb5-4fa4-a97d-d965ccfc6d4b" outcome="Passed" testListId="8c84fa94-04c1-424b-9868-57a2d4851a1d" relativeResultsDirectory="6f383bd7-187f-4624-a9a3-7d4206311618" />
    <UnitTestResult executionId="7f631dab-7d14-4fac-ad87-4e0f2ab16ce2" testId="2483d681-6c33-a28b-b884-667064956baf" testName="CRM.Tests.Entities.EntityValidationTests.Opportunity_IsWon_ByStage(stage: ClosedWon, expected: True)" computerName="Abhisheks-MacBook-Pro" duration="00:00:00.0000040" startTime="2026-01-26T17:37:49.6157130+01:00" endTime="2026-01-26T17:37:49.6157130+01:00" testType="13cdc9d9-ddb5-4fa4-a97d-d965ccfc6d4b" outcome="Passed" testListId="8c84fa94-04c1-424b-9868-57a2d4851a1d" relativeResultsDirectory="7f631dab-7d14-4fac-ad87-4e0f2ab16ce2" />
    <UnitTestResult executionId="e3c2a841-2d23-40d8-9d8b-fda1532629e9" testId="fc53c632-0828-d83a-a40a-98c9db359dce" testName="CRM.Tests.BusinessLogic.BusinessLogicTests.Lead_Score_ValidRange(score: 75)" computerName="Abhisheks-MacBook-Pro" duration="00:00:00.0000080" startTime="2026-01-26T17:37:49.6317210+01:00" endTime="2026-01-26T17:37:49.6317210+01:00" testType="13cdc9d9-ddb5-4fa4-a97d-d965ccfc6d4b" outcome="Passed" testListId="8c84fa94-04c1-424b-9868-57a2d4851a1d" relativeResultsDirectory="e3c2a841-2d23-40d8-9d8b-fda1532629e9" />
    <UnitTestResult executionId="87206cc5-083d-48c8-9c0c-ebd7d305bf3d" testId="7bd1f540-9457-eeec-0856-1c89ade04afa" testName="CRM.Tests.Controllers.OpportunitiesControllerTests.Delete_Returns500_OnException" computerName="Abhisheks-MacBook-Pro" duration="00:00:00.0022550" startTime="2026-01-26T17:37:49.5753580+01:00" endTime="2026-01-26T17:37:49.5753580+01:00" testType="13cdc9d9-ddb5-4fa4-a97d-d965ccfc6d4b" outcome="Passed" testListId="8c84fa94-04c1-424b-9868-57a2d4851a1d" relativeResultsDirectory="87206cc5-083d-48c8-9c0c-ebd7d305bf3d" />
    <UnitTestResult executionId="f0dd3912-805b-4ee8-bca0-3a36ddaabc0b" testId="2435a171-112d-89f1-f266-d0d861c1d9b8" testName="CRM.Tests.Utilities.UtilityTests.IsWithinRange_True" computerName="Abhisheks-MacBook-Pro" duration="00:00:00.0004403" startTime="2026-01-26T17:37:49.6698270+01:00" endTime="2026-01-26T17:37:49.6698280+01:00" testType="13cdc9d9-ddb5-4fa4-a97d-d965ccfc6d4b" outcome="Passed" testListId="8c84fa94-04c1-424b-9868-57a2d4851a1d" relativeResultsDirectory="f0dd3912-805b-4ee8-bca0-3a36ddaabc0b" />
    <UnitTestResult executionId="1e717a90-8fcb-4a21-8226-27342b6df71d" testId="64f8824d-a624-14e2-3bbd-608e5136a0c0" testName="CRM.Tests.Entities.EnumTypeTests.LeadSource_CanParseCaseInsensitive(input: &quot;Web&quot;, expected: Web)" computerName="Abhisheks-MacBook-Pro" duration="00:00:00.0000045" startTime="2026-01-26T17:37:49.5374190+01:00" endTime="2026-01-26T17:37:49.5374190+01:00" testType="13cdc9d9-ddb5-4fa4-a97d-d965ccfc6d4b" outcome="Passed" testListId="8c84fa94-04c1-424b-9868-57a2d4851a1d" relativeResultsDirectory="1e717a90-8fcb-4a21-8226-27342b6df71d" />
    <UnitTestResult executionId="75ee16bd-f9ab-4995-9b02-22b0745b5d97" testId="68d2742c-8b74-caa9-6462-7cdc3fe60301" testName="CRM.Tests.Services.AuthenticationServiceTests.RegisterAsync_WithMismatchedPasswords_ThrowsException" computerName="Abhisheks-MacBook-Pro" duration="00:00:00.0126903" startTime="2026-01-26T17:37:49.7014420+01:00" endTime="2026-01-26T17:37:49.7014420+01:00" testType="13cdc9d9-ddb5-4fa4-a97d-d965ccfc6d4b" outcome="Passed" testListId="8c84fa94-04c1-424b-9868-57a2d4851a1d" relativeResultsDirectory="75ee16bd-f9ab-4995-9b02-22b0745b5d97" />
    <UnitTestResult executionId="04af520b-77fa-449d-adce-db34c13021f0" testId="a1ccccbf-e39d-f43d-e45f-f43db46f5351" testName="CRM.Tests.Controllers.OpportunitiesControllerTests.GetById_Returns500_OnException" computerName="Abhisheks-MacBook-Pro" duration="00:00:00.0005318" startTime="2026-01-26T17:37:49.5840030+01:00" endTime="2026-01-26T17:37:49.5840030+01:00" testType="13cdc9d9-ddb5-4fa4-a97d-d965ccfc6d4b" outcome="Passed" testListId="8c84fa94-04c1-424b-9868-57a2d4851a1d" relativeResultsDirectory="04af520b-77fa-449d-adce-db34c13021f0" />
    <UnitTestResult executionId="68398204-ec3c-4284-a475-fb3ae93aafae" testId="fb81279a-72f8-7448-d2be-cfcd06e6fb1b" testName="CRM.Tests.Functional.ApiEndpointFunctionalTests.FT002_Swagger_Should_Be_Available_In_Development" computerName="Abhisheks-MacBook-Pro" duration="00:00:00.0198284" startTime="2026-01-26T17:38:00.8999160+01:00" endTime="2026-01-26T17:38:00.8999170+01:00" testType="13cdc9d9-ddb5-4fa4-a97d-d965ccfc6d4b" outcome="Passed" testListId="8c84fa94-04c1-424b-9868-57a2d4851a1d" relativeResultsDirectory="68398204-ec3c-4284-a475-fb3ae93aafae">
      <Output>
        <StdOut>FT-002 PASSED: Swagger UI is accessible</StdOut>
      </Output>
    </UnitTestResult>
    <UnitTestResult executionId="4af1993f-85b7-4959-879e-3553fd0ba5dd" testId="4cc79197-8a0a-e24d-7b55-9ef25bf5c4bc" testName="CRM.Tests.Entities.CoreEntityTests.SystemSettings_CanDisableModules" computerName="Abhisheks-MacBook-Pro" duration="00:00:00.0002319" startTime="2026-01-26T17:37:49.6133620+01:00" endTime="2026-01-26T17:37:49.6133630+01:00" testType="13cdc9d9-ddb5-4fa4-a97d-d965ccfc6d4b" outcome="Passed" testListId="8c84fa94-04c1-424b-9868-57a2d4851a1d" relativeResultsDirectory="4af1993f-85b7-4959-879e-3553fd0ba5dd" />
    <UnitTestResult executionId="16886881-a00f-417e-9a1a-1166d13bb2c0" testId="73c58a99-29c8-8a1b-f0dd-268fee50ae94" testName="CRM.Tests.Services.UserServiceTests.CreateUserAsync_WithDuplicateEmail_ThrowsException" computerName="Abhisheks-MacBook-Pro" duration="00:00:00.1574054" startTime="2026-01-26T17:37:54.2052210+01:00" endTime="2026-01-26T17:37:54.2052210+01:00" testType="13cdc9d9-ddb5-4fa4-a97d-d965ccfc6d4b" outcome="Passed" testListId="8c84fa94-04c1-424b-9868-57a2d4851a1d" relativeResultsDirectory="16886881-a00f-417e-9a1a-1166d13bb2c0" />
    <UnitTestResult executionId="a06eeec3-e5c4-4caf-bd04-b1e9ed3ea47f" testId="0a0d3411-c17d-32ef-f7e2-ca765d1d5369" testName="CRM.Tests.Entities.CoreEntityTests.UserDto_CanBeCreated_WithProperties" computerName="Abhisheks-MacBook-Pro" duration="00:00:00.0001074" startTime="2026-01-26T17:37:49.6112250+01:00" endTime="2026-01-26T17:37:49.6112250+01:00" testType="13cdc9d9-ddb5-4fa4-a97d-d965ccfc6d4b" outcome="Passed" testListId="8c84fa94-04c1-424b-9868-57a2d4851a1d" relativeResultsDirectory="a06eeec3-e5c4-4caf-bd04-b1e9ed3ea47f" />
    <UnitTestResult executionId="e0ce4bc8-8878-45fd-8291-c701b59ab39f" testId="d933866b-d287-fc11-feef-bd479d632d85" testName="CRM.Tests.Models.ContactModelTests.Contact_Type_AllValidValues(type: Partner)" computerName="Abhisheks-MacBook-Pro" duration="00:00:00.0002283" startTime="2026-01-26T17:37:49.6459980+01:00" endTime="2026-01-26T17:37:49.6459980+01:00" testType="13cdc9d9-ddb5-4fa4-a97d-d965ccfc6d4b" outcome="Passed" testListId="8c84fa94-04c1-424b-9868-57a2d4851a1d" relativeResultsDirectory="e0ce4bc8-8878-45fd-8291-c701b59ab39f" />
    <UnitTestResult executionId="0b9f3a64-7d7d-47e9-bfc0-481c98ff7eec" testId="4ca0cb3d-bfc3-0346-3f05-7375c4057940" testName="CRM.Tests.Performance.PerformanceTests.StressTest_MixedWorkload_Should_HandleGradualRampUp" computerName="Abhisheks-MacBook-Pro" duration="00:00:00.0010000" startTime="2026-01-26T17:37:55.5826500+01:00" endTime="2026-01-26T17:37:55.5826500+01:00" testType="13cdc9d9-ddb5-4fa4-a97d-d965ccfc6d4b" outcome="NotExecuted" testListId="8c84fa94-04c1-424b-9868-57a2d4851a1d" relativeResultsDirectory="0b9f3a64-7d7d-47e9-bfc0-481c98ff7eec">
      <Output>
        <ErrorInfo>
          <Message>Performance test - run manually</Message>
        </ErrorInfo>
      </Output>
    </UnitTestResult>
    <UnitTestResult executionId="5a716c57-8b01-4208-83ac-984672b42a0f" testId="8fc40b60-bb88-a231-6136-08c79d90a1f5" testName="CRM.Tests.Services.AccountServiceTests.FilterAccounts_ByMinMRR_ReturnsMatching" computerName="Abhisheks-MacBook-Pro" duration="00:00:00.0002023" startTime="2026-01-26T17:37:49.5519540+01:00" endTime="2026-01-26T17:37:49.5519540+01:00" testType="13cdc9d9-ddb5-4fa4-a97d-d965ccfc6d4b" outcome="Passed" testListId="8c84fa94-04c1-424b-9868-57a2d4851a1d" relativeResultsDirectory="5a716c57-8b01-4208-83ac-984672b42a0f" />
    <UnitTestResult executionId="2d94853d-e859-4708-a1a8-d1804356fb53" testId="1d6022e1-eaa7-57fb-d6d0-df4b916e6d96" testName="CRM.Tests.CustomerEntityTests.Customer_ShouldCalculateFullName" computerName="Abhisheks-MacBook-Pro" duration="00:00:00.0000553" startTime="2026-01-26T17:37:49.6487690+01:00" endTime="2026-01-26T17:37:49.6487690+01:00" testType="13cdc9d9-ddb5-4fa4-a97d-d965ccfc6d4b" outcome="Passed" testListId="8c84fa94-04c1-424b-9868-57a2d4851a1d" relativeResultsDirectory="2d94853d-e859-4708-a1a8-d1804356fb53" />
    <UnitTestResult executionId="9d0933ff-8811-4993-b7ba-761e78a42a33" testId="b2e4ed35-ce5c-f0da-c179-b482655be3a3" testName="CRM.Tests.Utilities.UtilityTests.String_Initials" computerName="Abhisheks-MacBook-Pro" duration="00:00:00.0011042" startTime="2026-01-26T17:37:49.6818220+01:00" endTime="2026-01-26T17:37:49.6818220+01:00" testType="13cdc9d9-ddb5-4fa4-a97d-d965ccfc6d4b" outcome="Passed" testListId="8c84fa94-04c1-424b-9868-57a2d4851a1d" relativeResultsDirectory="9d0933ff-8811-4993-b7ba-761e78a42a33" />
    <UnitTestResult executionId="2a65df6b-f9f8-4e17-b758-baab387f40e9" testId="efaa06ee-5062-103a-e2de-06991dc147c7" testName="CRM.Tests.Entities.EnumTypeTests.CustomerCategory_AllValuesAreDefined" computerName="Abhisheks-MacBook-Pro" duration="00:00:00.0000854" startTime="2026-01-26T17:37:49.5438070+01:00" endTime="2026-01-26T17:37:49.5438070+01:00" testType="13cdc9d9-ddb5-4fa4-a97d-d965ccfc6d4b" outcome="Passed" testListId="8c84fa94-04c1-424b-9868-57a2d4851a1d" relativeResultsDirectory="2a65df6b-f9f8-4e17-b758-baab387f40e9" />
    <UnitTestResult executionId="20d93281-5257-4ccb-ae31-12f4c09dd160" testId="03e51107-fccd-a1d3-654a-8adce3f650df" testName="CRM.Tests.Utilities.UtilityTests.Phone_Formatting_WithDashes" computerName="Abhisheks-MacBook-Pro" duration="00:00:00.0000952" startTime="2026-01-26T17:37:49.6648740+01:00" endTime="2026-01-26T17:37:49.6648740+01:00" testType="13cdc9d9-ddb5-4fa4-a97d-d965ccfc6d4b" outcome="Passed" testListId="8c84fa94-04c1-424b-9868-57a2d4851a1d" relativeResultsDirectory="20d93281-5257-4ccb-ae31-12f4c09dd160" />
    <UnitTestResult executionId="d2c2a4a9-7b1c-40f6-bcf9-751dbb366b5a" testId="d238afbf-4147-07f8-14fa-4aa7ed21b195" testName="CRM.Tests.Services.AuthenticationServiceTests.RegisterAsync_WithMissingEmail_ThrowsException" computerName="Abhisheks-MacBook-Pro" duration="00:00:00.0013667" startTime="2026-01-26T17:37:52.5380220+01:00" endTime="2026-01-26T17:37:52.5380220+01:00" testType="13cdc9d9-ddb5-4fa4-a97d-d965ccfc6d4b" outcome="Passed" testListId="8c84fa94-04c1-424b-9868-57a2d4851a1d" relativeResultsDirectory="d2c2a4a9-7b1c-40f6-bcf9-751dbb366b5a" />
    <UnitTestResult executionId="891b662c-520b-48fa-a924-a5d9400fd0a4" testId="bcd284a4-4a65-7bf8-915b-2fc60faeff43" testName="CRM.Tests.Entities.CoreEntityTests.Lead_IsOpen_ReturnsTrueForOpenStatuses" computerName="Abhisheks-MacBook-Pro" duration="00:00:00.0007105" startTime="2026-01-26T17:37:49.6126310+01:00" endTime="2026-01-26T17:37:49.6126310+01:00" testType="13cdc9d9-ddb5-4fa4-a97d-d965ccfc6d4b" outcome="Passed" testListId="8c84fa94-04c1-424b-9868-57a2d4851a1d" relativeResultsDirectory="891b662c-520b-48fa-a924-a5d9400fd0a4" />
    <UnitTestResult executionId="336ead3d-d902-4c22-8f59-14563754200a" testId="5ffe20f9-ea07-36a6-63e2-a357813ab2ff" testName="CRM.Tests.Services.AccountServiceTests.CreateAccount_Valid_CreatesCorrectly" computerName="Abhisheks-MacBook-Pro" duration="00:00:00.0001217" startTime="2026-01-26T17:37:49.5509110+01:00" endTime="2026-01-26T17:37:49.5509110+01:00" testType="13cdc9d9-ddb5-4fa4-a97d-d965ccfc6d4b" outcome="Passed" testListId="8c84fa94-04c1-424b-9868-57a2d4851a1d" relativeResultsDirectory="336ead3d-d902-4c22-8f59-14563754200a" />
    <UnitTestResult executionId="21784433-dfde-4214-bf97-4a4c0f1ece3d" testId="5a87c847-ee10-76f9-1708-14762148dcb6" testName="CRM.Tests.Services.LeadServiceTests.LeadSource_AllSourcesValid(source: Referral)" computerName="Abhisheks-MacBook-Pro" duration="00:00:00.0000046" startTime="2026-01-26T17:37:49.6054750+01:00" endTime="2026-01-26T17:37:49.6054760+01:00" testType="13cdc9d9-ddb5-4fa4-a97d-d965ccfc6d4b" outcome="Passed" testListId="8c84fa94-04c1-424b-9868-57a2d4851a1d" relativeResultsDirectory="21784433-dfde-4214-bf97-4a4c0f1ece3d" />
    <UnitTestResult executionId="d46f9766-30f0-4ee8-b79b-f85d390bbcf8" testId="d0addbb3-01fe-7f87-fe7a-a31169c8d117" testName="CRM.Tests.Services.CustomerServiceTests.Customer_LongValues_Handled" computerName="Abhisheks-MacBook-Pro" duration="00:00:00.0001055" startTime="2026-01-26T17:37:49.6528980+01:00" endTime="2026-01-26T17:37:49.6528980+01:00" testType="13cdc9d9-ddb5-4fa4-a97d-d965ccfc6d4b" outcome="Passed" testListId="8c84fa94-04c1-424b-9868-57a2d4851a1d" relativeResultsDirectory="d46f9766-30f0-4ee8-b79b-f85d390bbcf8" />
    <UnitTestResult executionId="a19dd2eb-add3-43fd-a6e3-4f1d008135cb" testId="8e177d0a-7491-832b-9e8c-564510defb06" testName="CRM.Tests.Entities.EntityValidationTests.User_Username_ShouldBeUnique" computerName="Abhisheks-MacBook-Pro" duration="00:00:00.0003637" startTime="2026-01-26T17:37:49.6165640+01:00" endTime="2026-01-26T17:37:49.6165640+01:00" testType="13cdc9d9-ddb5-4fa4-a97d-d965ccfc6d4b" outcome="Passed" testListId="8c84fa94-04c1-424b-9868-57a2d4851a1d" relativeResultsDirectory="a19dd2eb-add3-43fd-a6e3-4f1d008135cb" />
    <UnitTestResult executionId="c17d3374-b9b9-4bee-861f-91fdf8bff980" testId="0ae817f6-3049-5563-1230-6b045b49fa87" testName="CRM.Tests.BVT.CriticalPathBVTTests.BVT092_Lead_To_Opportunity_Conversion" computerName="Abhisheks-MacBook-Pro" duration="00:00:00.0001808" startTime="2026-01-26T17:37:49.5431980+01:00" endTime="2026-01-26T17:37:49.5431980+01:00" testType="13cdc9d9-ddb5-4fa4-a97d-d965ccfc6d4b" outcome="Passed" testListId="8c84fa94-04c1-424b-9868-57a2d4851a1d" relativeResultsDirectory="c17d3374-b9b9-4bee-861f-91fdf8bff980" />
    <UnitTestResult executionId="79abcb9b-b734-4f49-a08a-b8adddef933c" testId="f54c3ab3-6899-e980-0226-b70a8359527b" testName="CRM.Tests.Entities.CoreEntityTests.CustomerCategory_HasExpectedValues" computerName="Abhisheks-MacBook-Pro" duration="00:00:00.0000801" startTime="2026-01-26T17:37:49.5374950+01:00" endTime="2026-01-26T17:37:49.5374950+01:00" testType="13cdc9d9-ddb5-4fa4-a97d-d965ccfc6d4b" outcome="Passed" testListId="8c84fa94-04c1-424b-9868-57a2d4851a1d" relativeResultsDirectory="79abcb9b-b734-4f49-a08a-b8adddef933c" />
    <UnitTestResult executionId="ad7171aa-66bc-4dc4-9c4e-dd3fd524c550" testId="8242a77d-b23a-c794-673f-a1d7497c6b4c" testName="CRM.Tests.BVT.CriticalPathBVTTests.BVT003_Customer_LifecycleStage_Progression" computerName="Abhisheks-MacBook-Pro" duration="00:00:00.0043307" startTime="2026-01-26T17:37:49.5431110+01:00" endTime="2026-01-26T17:37:49.5431120+01:00" testType="13cdc9d9-ddb5-4fa4-a97d-d965ccfc6d4b" outcome="Passed" testListId="8c84fa94-04c1-424b-9868-57a2d4851a1d" relativeResultsDirectory="ad7171aa-66bc-4dc4-9c4e-dd3fd524c550" />
    <UnitTestResult executionId="6de9a1dd-625d-4488-af8a-841222e97068" testId="61efa838-6ebd-ae57-2ee5-4e6006db0baa" testName="CRM.Tests.Controllers.OpportunitiesControllerTests.GetTotalPipeline_ReturnsZero_WhenNoPipeline" computerName="Abhisheks-MacBook-Pro" duration="00:00:00.0016835" startTime="2026-01-26T17:37:49.5680570+01:00" endTime="2026-01-26T17:37:49.5680570+01:00" testType="13cdc9d9-ddb5-4fa4-a97d-d965ccfc6d4b" outcome="Passed" testListId="8c84fa94-04c1-424b-9868-57a2d4851a1d" relativeResultsDirectory="6de9a1dd-625d-4488-af8a-841222e97068" />
    <UnitTestResult executionId="d97bad9e-f6dc-4544-9416-363a50487bdc" testId="6dcbce3f-c2b1-d74f-f30d-e981e8e2e9be" testName="CRM.Tests.Services.UserServiceTests.VerifyPasswordAsync_WithCorrectPassword_ReturnsTrue" computerName="Abhisheks-MacBook-Pro" duration="00:00:00.7735041" startTime="2026-01-26T17:37:52.1767680+01:00" endTime="2026-01-26T17:37:52.1767690+01:00" testType="13cdc9d9-ddb5-4fa4-a97d-d965ccfc6d4b" outcome="Passed" testListId="8c84fa94-04c1-424b-9868-57a2d4851a1d" relativeResultsDirectory="d97bad9e-f6dc-4544-9416-363a50487bdc" />
    <UnitTestResult executionId="c3bcacc4-13a8-456a-bf30-d51ce2f71b46" testId="90d7494b-f2dc-6e2c-83fa-cff3b979dc8a" testName="CRM.Tests.Functional.ApiEndpointFunctionalTests.FT061_Get_Current_User_Profile_Should_Return_User" computerName="Abhisheks-MacBook-Pro" duration="00:00:02.9351288" startTime="2026-01-26T17:38:22.3019260+01:00" endTime="2026-01-26T17:38:22.3019260+01:00" testType="13cdc9d9-ddb5-4fa4-a97d-d965ccfc6d4b" outcome="Passed" testListId="8c84fa94-04c1-424b-9868-57a2d4851a1d" relativeResultsDirectory="c3bcacc4-13a8-456a-bf30-d51ce2f71b46">
      <Output>
        <StdOut>FT-061 PASSED: GET /api/auth/me returned user profile</StdOut>
      </Output>
    </UnitTestResult>
    <UnitTestResult executionId="01ebb4f0-3f89-48ca-902a-99a33d5fde18" testId="510ac7af-a4a3-a50a-ed63-3d812335b406" testName="CRM.Tests.Entities.CoreEntityTests.OpportunityStage_HasAllExpectedValues" computerName="Abhisheks-MacBook-Pro" duration="00:00:00.0001689" startTime="2026-01-26T17:37:49.6147220+01:00" endTime="2026-01-26T17:37:49.6147220+01:00" testType="13cdc9d9-ddb5-4fa4-a97d-d965ccfc6d4b" outcome="Passed" testListId="8c84fa94-04c1-424b-9868-57a2d4851a1d" relativeResultsDirectory="01ebb4f0-3f89-48ca-902a-99a33d5fde18" />
    <UnitTestResult executionId="d1a12acb-aee7-470a-8876-7a879d044b3b" testId="a8af9e7d-5afc-60fa-a0c6-5d75ab341fac" testName="CRM.Tests.Entities.EntityValidationTests.Customer_Relationships_ShouldBeInitialized" computerName="Abhisheks-MacBook-Pro" duration="00:00:00.0005048" startTime="2026-01-26T17:37:49.6201650+01:00" endTime="2026-01-26T17:37:49.6201650+01:00" testType="13cdc9d9-ddb5-4fa4-a97d-d965ccfc6d4b" outcome="Passed" testListId="8c84fa94-04c1-424b-9868-57a2d4851a1d" relativeResultsDirectory="d1a12acb-aee7-470a-8876-7a879d044b3b" />
    <UnitTestResult executionId="8d4da09e-afd0-4c0b-96ca-85df054398ad" testId="af3abd87-7c21-e931-c2bf-4fa103bb3aae" testName="CRM.Tests.Functional.ApiEndpointFunctionalTests.FT031_Get_Pipelines_Should_Return_List" computerName="Abhisheks-MacBook-Pro" duration="00:00:00.7577077" startTime="2026-01-26T17:38:11.3677010+01:00" endTime="2026-01-26T17:38:11.3677020+01:00" testType="13cdc9d9-ddb5-4fa4-a97d-d965ccfc6d4b" outcome="Passed" testListId="8c84fa94-04c1-424b-9868-57a2d4851a1d" relativeResultsDirectory="8d4da09e-afd0-4c0b-96ca-85df054398ad">
      <Output>
        <StdOut>FT-031 PASSED: GET /api/pipelines returned pipeline list</StdOut>
      </Output>
    </UnitTestResult>
    <UnitTestResult executionId="0f315259-8da0-4074-8cb4-e217058540c4" testId="d3bf3b4e-a420-43a7-6494-f39d3308b1a7" testName="CRM.Tests.Entities.EnumTypeTests.OpportunityStage_ToString_ReturnsCorrectValue(stage: Discovery, expected: &quot;Discovery&quot;)" computerName="Abhisheks-MacBook-Pro" duration="00:00:00.0065886" startTime="2026-01-26T17:37:49.5117590+01:00" endTime="2026-01-26T17:37:49.5117590+01:00" testType="13cdc9d9-ddb5-4fa4-a97d-d965ccfc6d4b" outcome="Passed" testListId="8c84fa94-04c1-424b-9868-57a2d4851a1d" relativeResultsDirectory="0f315259-8da0-4074-8cb4-e217058540c4" />
    <UnitTestResult executionId="65dfab50-0b5a-431c-89ef-2ee9672c368b" testId="8684cdd3-60f0-615f-67d5-5871ae4b8e5f" testName="CRM.Tests.Services.CustomerServiceTests.Customer_DefaultValues_AreCorrect" computerName="Abhisheks-MacBook-Pro" duration="00:00:00.0000755" startTime="2026-01-26T17:37:49.6509870+01:00" endTime="2026-01-26T17:37:49.6509870+01:00" testType="13cdc9d9-ddb5-4fa4-a97d-d965ccfc6d4b" outcome="Passed" testListId="8c84fa94-04c1-424b-9868-57a2d4851a1d" relativeResultsDirectory="65dfab50-0b5a-431c-89ef-2ee9672c368b" />
    <UnitTestResult executionId="cb98f623-3878-4d9e-b12e-cff5fb3ef032" testId="814d5076-865d-4c0c-e3f6-1075d2f241b5" testName="CRM.Tests.Entities.CoreEntityTests.LeadLifecycleStatus_HasAllExpectedValues" computerName="Abhisheks-MacBook-Pro" duration="00:00:00.0001678" startTime="2026-01-26T17:37:49.6165480+01:00" endTime="2026-01-26T17:37:49.6165480+01:00" testType="13cdc9d9-ddb5-4fa4-a97d-d965ccfc6d4b" outcome="Passed" testListId="8c84fa94-04c1-424b-9868-57a2d4851a1d" relativeResultsDirectory="cb98f623-3878-4d9e-b12e-cff5fb3ef032" />
    <UnitTestResult executionId="b92bd6ed-0cce-4789-ae46-9792d14b8908" testId="ca90e0d2-3210-9959-39c8-3fca01ce4879" testName="CRM.Tests.Models.ContactModelTests.Contact_Address_CanBeSet" computerName="Abhisheks-MacBook-Pro" duration="00:00:00.0002947" startTime="2026-01-26T17:37:49.6379970+01:00" endTime="2026-01-26T17:37:49.6379970+01:00" testType="13cdc9d9-ddb5-4fa4-a97d-d965ccfc6d4b" outcome="Passed" testListId="8c84fa94-04c1-424b-9868-57a2d4851a1d" relativeResultsDirectory="b92bd6ed-0cce-4789-ae46-9792d14b8908" />
    <UnitTestResult executionId="6702d61c-b9ae-4269-8a24-1a38525f22a5" testId="47cad789-860e-8cbb-fd6c-66b97f4c3f84" testName="CRM.Tests.Utilities.UtilityTests.Percentage_Calculation(part: 50, whole: 200, expected: 25)" computerName="Abhisheks-MacBook-Pro" duration="00:00:00.0010589" startTime="2026-01-26T17:37:49.6598320+01:00" endTime="2026-01-26T17:37:49.6598330+01:00" testType="13cdc9d9-ddb5-4fa4-a97d-d965ccfc6d4b" outcome="Passed" testListId="8c84fa94-04c1-424b-9868-57a2d4851a1d" relativeResultsDirectory="6702d61c-b9ae-4269-8a24-1a38525f22a5" />
    <UnitTestResult executionId="00fd8434-34f5-4386-81b7-84fea65dd937" testId="423a1458-354c-06bb-0846-fea27548c961" testName="CRM.Tests.Controllers.CustomersControllerTests.Create_WithMissingIndividualName_ReturnsBadRequest" computerName="Abhisheks-MacBook-Pro" duration="00:00:00.0004528" startTime="2026-01-26T17:37:49.5840360+01:00" endTime="2026-01-26T17:37:49.5840360+01:00" testType="13cdc9d9-ddb5-4fa4-a97d-d965ccfc6d4b" outcome="Passed" testListId="8c84fa94-04c1-424b-9868-57a2d4851a1d" relativeResultsDirectory="00fd8434-34f5-4386-81b7-84fea65dd937" />
    <UnitTestResult executionId="0a8e601e-c0e0-4cab-ba82-4dac3f18d431" testId="09381647-b1f4-62cf-45bf-8c9afd06145f" testName="CRM.Tests.Controllers.ProductsControllerTests.GetById_ReturnsOkResult_WhenProductExists" computerName="Abhisheks-MacBook-Pro" duration="00:00:00.0015894" startTime="2026-01-26T17:37:49.6172780+01:00" endTime="2026-01-26T17:37:49.6172780+01:00" testType="13cdc9d9-ddb5-4fa4-a97d-d965ccfc6d4b" outcome="Passed" testListId="8c84fa94-04c1-424b-9868-57a2d4851a1d" relativeResultsDirectory="0a8e601e-c0e0-4cab-ba82-4dac3f18d431" />
    <UnitTestResult executionId="e9774d67-cce0-4512-940d-a8104abd6302" testId="e3e03d8e-56ac-de91-bdbe-b0838a8faf69" testName="CRM.Tests.Entities.EnumTypeTests.CustomerPriority_CanBeCompared(priority: Medium)" computerName="Abhisheks-MacBook-Pro" duration="00:00:00.0000018" startTime="2026-01-26T17:37:49.5434540+01:00" endTime="2026-01-26T17:37:49.5434540+01:00" testType="13cdc9d9-ddb5-4fa4-a97d-d965ccfc6d4b" outcome="Passed" testListId="8c84fa94-04c1-424b-9868-57a2d4851a1d" relativeResultsDirectory="e9774d67-cce0-4512-940d-a8104abd6302" />
    <UnitTestResult executionId="cb755cc0-6d4a-441d-b68a-aac35e0b299b" testId="6ac445d6-1b80-cbf6-0187-5455069c2d78" testName="CRM.Tests.BusinessLogic.BusinessLogicTests.Opportunity_IsWon_OpenStage" computerName="Abhisheks-MacBook-Pro" duration="00:00:00.0001327" startTime="2026-01-26T17:37:49.6504290+01:00" endTime="2026-01-26T17:37:49.6504290+01:00" testType="13cdc9d9-ddb5-4fa4-a97d-d965ccfc6d4b" outcome="Passed" testListId="8c84fa94-04c1-424b-9868-57a2d4851a1d" relativeResultsDirectory="cb755cc0-6d4a-441d-b68a-aac35e0b299b" />
    <UnitTestResult executionId="d97d6b8b-ec4f-4f87-87db-2d0d2f51862f" testId="cf0bc35c-13b5-fbcd-8ee8-9a071747039b" testName="CRM.Tests.Entities.EntityValidationTests.Product_Price_ShouldBePositive" computerName="Abhisheks-MacBook-Pro" duration="00:00:00.0008797" startTime="2026-01-26T17:37:49.6153490+01:00" endTime="2026-01-26T17:37:49.6153490+01:00" testType="13cdc9d9-ddb5-4fa4-a97d-d965ccfc6d4b" outcome="Passed" testListId="8c84fa94-04c1-424b-9868-57a2d4851a1d" relativeResultsDirectory="d97d6b8b-ec4f-4f87-87db-2d0d2f51862f" />
    <UnitTestResult executionId="6ef8f00e-7e2c-45c8-87e3-67ffb6cf32d6" testId="6deab024-a2c8-56b8-9093-be81bbae8b41" testName="CRM.Tests.Utilities.UtilityTests.Currency_Formatting(amount: 1000, expected: &quot;1,000.00&quot;)" computerName="Abhisheks-MacBook-Pro" duration="00:00:00.0001455" startTime="2026-01-26T17:37:49.6575530+01:00" endTime="2026-01-26T17:37:49.6575530+01:00" testType="13cdc9d9-ddb5-4fa4-a97d-d965ccfc6d4b" outcome="Passed" testListId="8c84fa94-04c1-424b-9868-57a2d4851a1d" relativeResultsDirectory="6ef8f00e-7e2c-45c8-87e3-67ffb6cf32d6" />
    <UnitTestResult executionId="6ebb5b6e-2731-4d64-8fe9-b671be69abc3" testId="7bbae17b-1608-a63a-93c0-7b3c81934607" testName="CRM.Tests.Entities.CoreEntityTests.UserGroup_CanBeCreated_WithDefaults" computerName="Abhisheks-MacBook-Pro" duration="00:00:00.0007377" startTime="2026-01-26T17:37:49.5370780+01:00" endTime="2026-01-26T17:37:49.5370780+01:00" testType="13cdc9d9-ddb5-4fa4-a97d-d965ccfc6d4b" outcome="Passed" testListId="8c84fa94-04c1-424b-9868-57a2d4851a1d" relativeResultsDirectory="6ebb5b6e-2731-4d64-8fe9-b671be69abc3" />
    <UnitTestResult executionId="972862c3-c0bb-4c60-8b4a-ecc75d54e608" testId="bb79f01a-7fc1-736c-fbf5-e615a1e13e47" testName="CRM.Tests.Services.OpportunityServiceTests.GetTotalPipeline_HandlesLargeAmounts" computerName="Abhisheks-MacBook-Pro" duration="00:00:00.0004117" startTime="2026-01-26T17:37:49.5690600+01:00" endTime="2026-01-26T17:37:49.5690600+01:00" testType="13cdc9d9-ddb5-4fa4-a97d-d965ccfc6d4b" outcome="Passed" testListId="8c84fa94-04c1-424b-9868-57a2d4851a1d" relativeResultsDirectory="972862c3-c0bb-4c60-8b4a-ecc75d54e608" />
    <UnitTestResult executionId="6d064be2-67f0-4ccc-a112-dc4ad6b8d2f5" testId="375849ca-4f54-5cd4-51e4-60e75d27ecdf" testName="CRM.Tests.Utilities.UtilityTests.Collection_Sum_TotalAmount" computerName="Abhisheks-MacBook-Pro" duration="00:00:00.0013115" startTime="2026-01-26T17:37:49.6624280+01:00" endTime="2026-01-26T17:37:49.6624280+01:00" testType="13cdc9d9-ddb5-4fa4-a97d-d965ccfc6d4b" outcome="Passed" testListId="8c84fa94-04c1-424b-9868-57a2d4851a1d" relativeResultsDirectory="6d064be2-67f0-4ccc-a112-dc4ad6b8d2f5" />
    <UnitTestResult executionId="9d80bcf4-c85b-4814-bc04-b8f1c0e9e38a" testId="6b9d2075-048b-ff2a-e9e6-f68db91dff19" testName="CRM.Tests.Dtos.DtoMappingTests.SystemSettingsDto_Creation" computerName="Abhisheks-MacBook-Pro" duration="00:00:00.0063501" startTime="2026-01-26T17:37:49.5117510+01:00" endTime="2026-01-26T17:37:49.5117510+01:00" testType="13cdc9d9-ddb5-4fa4-a97d-d965ccfc6d4b" outcome="Passed" testListId="8c84fa94-04c1-424b-9868-57a2d4851a1d" relativeResultsDirectory="9d80bcf4-c85b-4814-bc04-b8f1c0e9e38a" />
    <UnitTestResult executionId="fb5ee652-dd7b-4f25-8632-df164654505b" testId="666c8b41-eaaa-d762-1b9d-b3a532aaae9d" testName="CRM.Tests.Utilities.UtilityTests.Percentage_WinRate" computerName="Abhisheks-MacBook-Pro" duration="00:00:00.0003433" startTime="2026-01-26T17:37:49.6837910+01:00" endTime="2026-01-26T17:37:49.6837910+01:00" testType="13cdc9d9-ddb5-4fa4-a97d-d965ccfc6d4b" outcome="Passed" testListId="8c84fa94-04c1-424b-9868-57a2d4851a1d" relativeResultsDirectory="fb5ee652-dd7b-4f25-8632-df164654505b" />
    <UnitTestResult executionId="6a57e369-0e34-4180-ad9f-1b65d1351225" testId="84fdf147-a0bb-1cf0-3ade-04cea2a0c8b7" testName="CRM.Tests.Entities.EnumTypeTests.AccountStatus_HasExpectedCount" computerName="Abhisheks-MacBook-Pro" duration="00:00:00.0009702" startTime="2026-01-26T17:37:49.5421500+01:00" endTime="2026-01-26T17:37:49.5421500+01:00" testType="13cdc9d9-ddb5-4fa4-a97d-d965ccfc6d4b" outcome="Passed" testListId="8c84fa94-04c1-424b-9868-57a2d4851a1d" relativeResultsDirectory="6a57e369-0e34-4180-ad9f-1b65d1351225" />
    <UnitTestResult executionId="bbcf3d87-76f9-4329-bb2b-504c6cd228e3" testId="0c3b73c2-ab47-b113-3628-3e9bc708565d" testName="CRM.Tests.Services.CustomerServiceTests.Customer_Timestamps_Work" computerName="Abhisheks-MacBook-Pro" duration="00:00:00.0017868" startTime="2026-01-26T17:37:49.6509290+01:00" endTime="2026-01-26T17:37:49.6509290+01:00" testType="13cdc9d9-ddb5-4fa4-a97d-d965ccfc6d4b" outcome="Passed" testListId="8c84fa94-04c1-424b-9868-57a2d4851a1d" relativeResultsDirectory="bbcf3d87-76f9-4329-bb2b-504c6cd228e3" />
    <UnitTestResult executionId="28ffc622-3f19-417b-abe6-71c5612706c7" testId="62acebf9-d266-c5d0-cff4-f7c0a55b8263" testName="CRM.Tests.BVT.CriticalPathBVTTests.BVT063_UserDto_Creation" computerName="Abhisheks-MacBook-Pro" duration="00:00:00.0001440" startTime="2026-01-26T17:37:49.5385800+01:00" endTime="2026-01-26T17:37:49.5385800+01:00" testType="13cdc9d9-ddb5-4fa4-a97d-d965ccfc6d4b" outcome="Passed" testListId="8c84fa94-04c1-424b-9868-57a2d4851a1d" relativeResultsDirectory="28ffc622-3f19-417b-abe6-71c5612706c7" />
    <UnitTestResult executionId="766b6ebe-9417-448a-8db8-7a97b0a28cbc" testId="779cb86c-9410-95ba-8c07-85c552564945" testName="CRM.Tests.BVT.CriticalPathBVTTests.BVT001_Customer_Creation_Individual" computerName="Abhisheks-MacBook-Pro" duration="00:00:00.0001377" startTime="2026-01-26T17:37:49.5377280+01:00" endTime="2026-01-26T17:37:49.5377290+01:00" testType="13cdc9d9-ddb5-4fa4-a97d-d965ccfc6d4b" outcome="Passed" testListId="8c84fa94-04c1-424b-9868-57a2d4851a1d" relativeResultsDirectory="766b6ebe-9417-448a-8db8-7a97b0a28cbc" />
    <UnitTestResult executionId="c60c76e6-c905-4963-a37f-02c6a1f3da91" testId="0e93ccff-9981-8c5a-0866-6d2f155ce637" testName="CRM.Tests.Entities.EntityValidationTests.Lead_IsNotOpen_WhenConverted" computerName="Abhisheks-MacBook-Pro" duration="00:00:00.0000419" startTime="2026-01-26T17:37:49.6316890+01:00" endTime="2026-01-26T17:37:49.6316890+01:00" testType="13cdc9d9-ddb5-4fa4-a97d-d965ccfc6d4b" outcome="Passed" testListId="8c84fa94-04c1-424b-9868-57a2d4851a1d" relativeResultsDirectory="c60c76e6-c905-4963-a37f-02c6a1f3da91" />
    <UnitTestResult executionId="9184ff55-d6e7-4bf3-b1b4-fb11d0125d62" testId="b0aede35-c161-f20c-5441-96b76007e6fe" testName="CRM.Tests.Services.OpportunityServiceTests.UpdateOpportunity_CanCloseAsLost" computerName="Abhisheks-MacBook-Pro" duration="00:00:00.0004204" startTime="2026-01-26T17:37:49.5837190+01:00" endTime="2026-01-26T17:37:49.5837190+01:00" testType="13cdc9d9-ddb5-4fa4-a97d-d965ccfc6d4b" outcome="Passed" testListId="8c84fa94-04c1-424b-9868-57a2d4851a1d" relativeResultsDirectory="9184ff55-d6e7-4bf3-b1b4-fb11d0125d62" />
    <UnitTestResult executionId="710c27a7-034d-49b9-946c-93cf163119b0" testId="eaad82fe-b8d8-ba41-127d-bb7b1bc0c6c8" testName="CRM.Tests.Services.LeadServiceTests.Lead_HighScore_IndicatesQuality" computerName="Abhisheks-MacBook-Pro" duration="00:00:00.0006994" startTime="2026-01-26T17:37:49.6146690+01:00" endTime="2026-01-26T17:37:49.6146690+01:00" testType="13cdc9d9-ddb5-4fa4-a97d-d965ccfc6d4b" outcome="Passed" testListId="8c84fa94-04c1-424b-9868-57a2d4851a1d" relativeResultsDirectory="710c27a7-034d-49b9-946c-93cf163119b0" />
    <UnitTestResult executionId="f3867b20-b704-4e31-9055-c3a65524cdae" testId="1362275a-79a6-87af-bec3-71ba04b83b9c" testName="CRM.Tests.Services.OpportunityServiceTests.Opportunity_TotalPipeline_Calculation" computerName="Abhisheks-MacBook-Pro" duration="00:00:00.0002163" startTime="2026-01-26T17:37:49.5724650+01:00" endTime="2026-01-26T17:37:49.5724650+01:00" testType="13cdc9d9-ddb5-4fa4-a97d-d965ccfc6d4b" outcome="Passed" testListId="8c84fa94-04c1-424b-9868-57a2d4851a1d" relativeResultsDirectory="f3867b20-b704-4e31-9055-c3a65524cdae" />
    <UnitTestResult executionId="38769450-51e0-4cc5-ac1d-5d9ee580f0df" testId="0813d803-9194-0e80-c95d-382d4110b0b8" testName="CRM.Tests.Utilities.UtilityTests.String_FullName_WithMiddle" computerName="Abhisheks-MacBook-Pro" duration="00:00:00.0003607" startTime="2026-01-26T17:37:49.6858890+01:00" endTime="2026-01-26T17:37:49.6858890+01:00" testType="13cdc9d9-ddb5-4fa4-a97d-d965ccfc6d4b" outcome="Passed" testListId="8c84fa94-04c1-424b-9868-57a2d4851a1d" relativeResultsDirectory="38769450-51e0-4cc5-ac1d-5d9ee580f0df" />
    <UnitTestResult executionId="c591ffea-6b31-4e82-903c-53d5fc39f774" testId="0cfd499b-3374-f911-7eab-17a465adc75e" testName="CRM.Tests.BusinessLogic.BusinessLogicTests.Lead_IsOpen_Nurturing" computerName="Abhisheks-MacBook-Pro" duration="00:00:00.0023635" startTime="2026-01-26T17:37:49.6488810+01:00" endTime="2026-01-26T17:37:49.6488810+01:00" testType="13cdc9d9-ddb5-4fa4-a97d-d965ccfc6d4b" outcome="Passed" testListId="8c84fa94-04c1-424b-9868-57a2d4851a1d" relativeResultsDirectory="c591ffea-6b31-4e82-903c-53d5fc39f774" />
    <UnitTestResult executionId="505b6a34-3975-40c3-8283-7a139be80a61" testId="0afda57e-f756-d855-f1d7-33cbae21cc0e" testName="CRM.Tests.Entities.EntityValidationTests.Lead_IsNotOpen_WhenDisqualified" computerName="Abhisheks-MacBook-Pro" duration="00:00:00.0001260" startTime="2026-01-26T17:37:49.6199650+01:00" endTime="2026-01-26T17:37:49.6199650+01:00" testType="13cdc9d9-ddb5-4fa4-a97d-d965ccfc6d4b" outcome="Passed" testListId="8c84fa94-04c1-424b-9868-57a2d4851a1d" relativeResultsDirectory="505b6a34-3975-40c3-8283-7a139be80a61" />
    <UnitTestResult executionId="61fd7063-e908-4de8-bc6c-4a99c1276fd4" testId="ed3a3ebd-6ece-a649-6986-86679f76f981" testName="CRM.Tests.BVT.CriticalPathBVTTests.BVT083_Pipeline_Value_Calculation" computerName="Abhisheks-MacBook-Pro" duration="00:00:00.0021313" startTime="2026-01-26T17:37:49.5368370+01:00" endTime="2026-01-26T17:37:49.5368370+01:00" testType="13cdc9d9-ddb5-4fa4-a97d-d965ccfc6d4b" outcome="Passed" testListId="8c84fa94-04c1-424b-9868-57a2d4851a1d" relativeResultsDirectory="61fd7063-e908-4de8-bc6c-4a99c1276fd4" />
    <UnitTestResult executionId="1ba13516-75ca-4ed6-837d-00ca110e52be" testId="1a4755a6-e920-6798-9bc6-c9bf649571b5" testName="CRM.Tests.Services.UserServiceTests.VerifyPasswordAsync_WithWrongPassword_ReturnsFalse" computerName="Abhisheks-MacBook-Pro" duration="00:00:00.7908252" startTime="2026-01-26T17:37:52.9670180+01:00" endTime="2026-01-26T17:37:52.9670180+01:00" testType="13cdc9d9-ddb5-4fa4-a97d-d965ccfc6d4b" outcome="Passed" testListId="8c84fa94-04c1-424b-9868-57a2d4851a1d" relativeResultsDirectory="1ba13516-75ca-4ed6-837d-00ca110e52be" />
    <UnitTestResult executionId="fc6bf2db-9a95-4497-9ac9-30a605cf1b11" testId="834b6b49-b922-6233-4187-b298c6b95af1" testName="CRM.Tests.Entities.EntityValidationTests.SystemSettings_FeatureFlags_DefaultValues" computerName="Abhisheks-MacBook-Pro" duration="00:00:00.0555119" startTime="2026-01-26T17:37:49.6111980+01:00" endTime="2026-01-26T17:37:49.6111980+01:00" testType="13cdc9d9-ddb5-4fa4-a97d-d965ccfc6d4b" outcome="Failed" testListId="8c84fa94-04c1-424b-9868-57a2d4851a1d" relativeResultsDirectory="fc6bf2db-9a95-4497-9ac9-30a605cf1b11">
      <Output>
        <ErrorInfo>
          <Message>Expected settings.CustomersEnabled to be false, but found True.</Message>
          <StackTrace>   at FluentAssertions.Execution.XUnit2TestFramework.Throw(String message)
   at FluentAssertions.Execution.TestFrameworkProvider.Throw(String message)
   at FluentAssertions.Execution.DefaultAssertionStrategy.HandleFailure(String message)
   at FluentAssertions.Execution.AssertionScope.FailWith(Func`1 failReasonFunc)
   at FluentAssertions.Execution.AssertionScope.FailWith(Func`1 failReasonFunc)
   at FluentAssertions.Execution.AssertionScope.FailWith(String message, Object[] args)
   at FluentAssertions.Primitives.BooleanAssertions`1.BeFalse(String because, Object[] becauseArgs)
   at CRM.Tests.Entities.EntityValidationTests.SystemSettings_FeatureFlags_DefaultValues() in /Users/alal/Code/Git CRM Solution/crm-solution/CRM.Backend/tests/Entities/EntityValidationTests.cs:line 556
   at System.RuntimeMethodHandle.InvokeMethod(Object target, Void** arguments, Signature sig, Boolean isConstructor)
   at System.Reflection.MethodBaseInvoker.InvokeWithNoArgs(Object obj, BindingFlags invokeAttr)</StackTrace>
        </ErrorInfo>
      </Output>
    </UnitTestResult>
    <UnitTestResult executionId="1044429b-d4b9-4897-a2a1-d60d2d5fea86" testId="276c435b-e591-9377-9eca-03f81a3ca9ac" testName="CRM.Tests.Services.AccountServiceTests.AccountStatus_AllStatusesValid(status: Current)" computerName="Abhisheks-MacBook-Pro" duration="00:00:00.0000784" startTime="2026-01-26T17:37:49.5471340+01:00" endTime="2026-01-26T17:37:49.5471340+01:00" testType="13cdc9d9-ddb5-4fa4-a97d-d965ccfc6d4b" outcome="Passed" testListId="8c84fa94-04c1-424b-9868-57a2d4851a1d" relativeResultsDirectory="1044429b-d4b9-4897-a2a1-d60d2d5fea86" />
    <UnitTestResult executionId="4570b61d-8f1a-4be7-9bd9-be6057504a01" testId="18de0fa2-8958-5b68-bfe6-ce96e5321d25" testName="CRM.Tests.Utilities.UtilityTests.Date_DaysSince_Past" computerName="Abhisheks-MacBook-Pro" duration="00:00:00.0014725" startTime="2026-01-26T17:37:49.6699280+01:00" endTime="2026-01-26T17:37:49.6699280+01:00" testType="13cdc9d9-ddb5-4fa4-a97d-d965ccfc6d4b" outcome="Passed" testListId="8c84fa94-04c1-424b-9868-57a2d4851a1d" relativeResultsDirectory="4570b61d-8f1a-4be7-9bd9-be6057504a01" />
    <UnitTestResult executionId="fec70e71-1864-43b6-afe5-7ce8d7bf48ef" testId="1117d9b2-2c56-727d-bf0b-a92565c3d5f5" testName="CRM.Tests.Models.ContactModelTests.Contact_PreferredContactMethod_AllValidValues(method: SMS)" computerName="Abhisheks-MacBook-Pro" duration="00:00:00.0000008" startTime="2026-01-26T17:37:49.6371070+01:00" endTime="2026-01-26T17:37:49.6371070+01:00" testType="13cdc9d9-ddb5-4fa4-a97d-d965ccfc6d4b" outcome="Passed" testListId="8c84fa94-04c1-424b-9868-57a2d4851a1d" relativeResultsDirectory="fec70e71-1864-43b6-afe5-7ce8d7bf48ef" />
    <UnitTestResult executionId="6bd2d95b-d610-4b24-8d1f-1d5a47bbb567" testId="7f642726-ecd1-0a0b-f70d-a4aa8eea7c5b" testName="CRM.Tests.Entities.EnumTypeTests.CustomerLifecycleStage_ToString_ReturnsCorrectValue(stage: Customer, expected: &quot;Customer&quot;)" computerName="Abhisheks-MacBook-Pro" duration="00:00:00.0000061" startTime="2026-01-26T17:37:49.5359690+01:00" endTime="2026-01-26T17:37:49.5359690+01:00" testType="13cdc9d9-ddb5-4fa4-a97d-d965ccfc6d4b" outcome="Passed" testListId="8c84fa94-04c1-424b-9868-57a2d4851a1d" relativeResultsDirectory="6bd2d95b-d610-4b24-8d1f-1d5a47bbb567" />
    <UnitTestResult executionId="8590ad12-3c76-4663-a3ed-fabe5aa8034e" testId="c137c11a-58bf-6532-5793-ef186ba34ca3" testName="CRM.Tests.Services.OpportunityServiceTests.GetOpportunityById_ReturnsOpportunity_WhenExists" computerName="Abhisheks-MacBook-Pro" duration="00:00:00.0016550" startTime="2026-01-26T17:37:49.5738150+01:00" endTime="2026-01-26T17:37:49.5738150+01:00" testType="13cdc9d9-ddb5-4fa4-a97d-d965ccfc6d4b" outcome="Passed" testListId="8c84fa94-04c1-424b-9868-57a2d4851a1d" relativeResultsDirectory="8590ad12-3c76-4663-a3ed-fabe5aa8034e" />
    <UnitTestResult executionId="1ea6ce41-4263-4ca6-ae6e-2efc2daff90e" testId="47a43ba2-ea8d-3268-3281-a43487f3a9b1" testName="CRM.Tests.Services.OpportunityServiceTests.UpdateOpportunity_UpdatesSuccessfully" computerName="Abhisheks-MacBook-Pro" duration="00:00:00.0045966" startTime="2026-01-26T17:37:49.5658330+01:00" endTime="2026-01-26T17:37:49.5658330+01:00" testType="13cdc9d9-ddb5-4fa4-a97d-d965ccfc6d4b" outcome="Passed" testListId="8c84fa94-04c1-424b-9868-57a2d4851a1d" relativeResultsDirectory="1ea6ce41-4263-4ca6-ae6e-2efc2daff90e" />
    <UnitTestResult executionId="da535c44-9312-4fd3-bb75-a36f32cb68f1" testId="4d1b8539-51fc-3d76-66a3-30ce3c6ba708" testName="CRM.Tests.Dtos.DtoMappingTests.RegisterRequest_Creation" computerName="Abhisheks-MacBook-Pro" duration="00:00:00.0004398" startTime="2026-01-26T17:37:49.5359110+01:00" endTime="2026-01-26T17:37:49.5359110+01:00" testType="13cdc9d9-ddb5-4fa4-a97d-d965ccfc6d4b" outcome="Passed" testListId="8c84fa94-04c1-424b-9868-57a2d4851a1d" relativeResultsDirectory="da535c44-9312-4fd3-bb75-a36f32cb68f1" />
    <UnitTestResult executionId="8a865669-c66d-45cc-9d35-3187ae8d3637" testId="c7df1f4f-1e72-95f5-17c5-17d37bc8bcab" testName="CRM.Tests.Services.ProductServiceTests.GetProductsByCategory_WithNullCategory_ReturnsEmpty" computerName="Abhisheks-MacBook-Pro" duration="00:00:00.0002913" startTime="2026-01-26T17:37:49.6363810+01:00" endTime="2026-01-26T17:37:49.6363810+01:00" testType="13cdc9d9-ddb5-4fa4-a97d-d965ccfc6d4b" outcome="Passed" testListId="8c84fa94-04c1-424b-9868-57a2d4851a1d" relativeResultsDirectory="8a865669-c66d-45cc-9d35-3187ae8d3637" />
    <UnitTestResult executionId="ef5aa94f-3caf-4f84-a4a4-8da634b0298c" testId="df5ff541-907e-afc7-7ea9-50a6aca14aff" testName="CRM.Tests.UserEntityTests.User_EmailShouldBeCaseSensitive" computerName="Abhisheks-MacBook-Pro" duration="00:00:00.0007678" startTime="2026-01-26T17:37:49.5903820+01:00" endTime="2026-01-26T17:37:49.5903820+01:00" testType="13cdc9d9-ddb5-4fa4-a97d-d965ccfc6d4b" outcome="Passed" testListId="8c84fa94-04c1-424b-9868-57a2d4851a1d" relativeResultsDirectory="ef5aa94f-3caf-4f84-a4a4-8da634b0298c" />
    <UnitTestResult executionId="ea4fe154-f012-4036-9faa-349cb5150437" testId="3c1f721f-7912-6105-29e2-e7831e6d5b31" testName="CRM.Tests.Entities.EntityValidationTests.Lead_IsOpen_WhenWorking" computerName="Abhisheks-MacBook-Pro" duration="00:00:00.0003965" startTime="2026-01-26T17:37:49.6164730+01:00" endTime="2026-01-26T17:37:49.6164730+01:00" testType="13cdc9d9-ddb5-4fa4-a97d-d965ccfc6d4b" outcome="Passed" testListId="8c84fa94-04c1-424b-9868-57a2d4851a1d" relativeResultsDirectory="ea4fe154-f012-4036-9faa-349cb5150437" />
    <UnitTestResult executionId="b0a92698-ed2e-4137-a67d-70a02f298691" testId="5abbbe63-e389-b84c-122f-f42c83c4ab21" testName="CRM.Tests.BVT.CriticalPathBVTTests.BVT012_User_RoleAssignment" computerName="Abhisheks-MacBook-Pro" duration="00:00:00.0002112" startTime="2026-01-26T17:37:49.5414920+01:00" endTime="2026-01-26T17:37:49.5414920+01:00" testType="13cdc9d9-ddb5-4fa4-a97d-d965ccfc6d4b" outcome="Passed" testListId="8c84fa94-04c1-424b-9868-57a2d4851a1d" relativeResultsDirectory="b0a92698-ed2e-4137-a67d-70a02f298691" />
    <UnitTestResult executionId="d091e20b-019b-4a09-8569-c68512b1692f" testId="fb03c52e-8bbf-b163-1c15-865538823963" testName="CRM.Tests.Services.CustomerServiceTests.CustomerLifecycleStage_AllStagesValid(stage: Opportunity)" computerName="Abhisheks-MacBook-Pro" duration="00:00:00.0001447" startTime="2026-01-26T17:37:49.6398710+01:00" endTime="2026-01-26T17:37:49.6398710+01:00" testType="13cdc9d9-ddb5-4fa4-a97d-d965ccfc6d4b" outcome="Passed" testListId="8c84fa94-04c1-424b-9868-57a2d4851a1d" relativeResultsDirectory="d091e20b-019b-4a09-8569-c68512b1692f" />
    <UnitTestResult executionId="cd3cabcc-9ff2-4b4c-ab9a-a4184f13afe1" testId="5b287a53-22f6-3e9d-2abd-499f952aaa81" testName="CRM.Tests.BVT.CriticalPathBVTTests.BVT075_SoftDelete_Default_False" computerName="Abhisheks-MacBook-Pro" duration="00:00:00.0001725" startTime="2026-01-26T17:37:49.5431670+01:00" endTime="2026-01-26T17:37:49.5431670+01:00" testType="13cdc9d9-ddb5-4fa4-a97d-d965ccfc6d4b" outcome="Passed" testListId="8c84fa94-04c1-424b-9868-57a2d4851a1d" relativeResultsDirectory="cd3cabcc-9ff2-4b4c-ab9a-a4184f13afe1" />
    <UnitTestResult executionId="6b7678cd-94f5-4c13-8271-1991b80fe3e3" testId="9afd0400-fb9f-a992-c35b-5d8470527e58" testName="CRM.Tests.Entities.CoreEntityTests.Customer_CanBeCreated_WithIndividualProperties" computerName="Abhisheks-MacBook-Pro" duration="00:00:00.0019838" startTime="2026-01-26T17:37:49.5354400+01:00" endTime="2026-01-26T17:37:49.5354400+01:00" testType="13cdc9d9-ddb5-4fa4-a97d-d965ccfc6d4b" outcome="Passed" testListId="8c84fa94-04c1-424b-9868-57a2d4851a1d" relativeResultsDirectory="6b7678cd-94f5-4c13-8271-1991b80fe3e3" />
    <UnitTestResult executionId="0ac14f0b-0d02-42bc-b342-67d626a103b9" testId="4040c943-356a-661f-23b0-bcb91ae06414" testName="CRM.Tests.BusinessLogic.BusinessLogicTests.Lead_Score_ValidRange(score: 0)" computerName="Abhisheks-MacBook-Pro" duration="00:00:00.0000342" startTime="2026-01-26T17:37:49.6317060+01:00" endTime="2026-01-26T17:37:49.6317060+01:00" testType="13cdc9d9-ddb5-4fa4-a97d-d965ccfc6d4b" outcome="Passed" testListId="8c84fa94-04c1-424b-9868-57a2d4851a1d" relativeResultsDirectory="0ac14f0b-0d02-42bc-b342-67d626a103b9" />
    <UnitTestResult executionId="38ccadef-a203-48ba-8b5c-b14cce3c3c70" testId="7c2696cb-a7a0-74d0-c3ed-f50f6ba57368" testName="CRM.Tests.BVT.CriticalPathBVTTests.BVT031_Lead_Creation" computerName="Abhisheks-MacBook-Pro" duration="00:00:00.0071421" startTime="2026-01-26T17:37:49.5079370+01:00" endTime="2026-01-26T17:37:49.5079720+01:00" testType="13cdc9d9-ddb5-4fa4-a97d-d965ccfc6d4b" outcome="Passed" testListId="8c84fa94-04c1-424b-9868-57a2d4851a1d" relativeResultsDirectory="38ccadef-a203-48ba-8b5c-b14cce3c3c70" />
    <UnitTestResult executionId="1e944de7-f121-4a21-8681-e73ad8c1e451" testId="bdf6086b-4148-03d1-755c-7213242b77a4" testName="CRM.Tests.Entities.EntityValidationTests.Opportunity_WeightedAmount_VariousScenarios(amount: 100000, probability: 25, expected: 25000)" computerName="Abhisheks-MacBook-Pro" duration="00:00:00.0001044" startTime="2026-01-26T17:37:49.6160050+01:00" endTime="2026-01-26T17:37:49.6160050+01:00" testType="13cdc9d9-ddb5-4fa4-a97d-d965ccfc6d4b" outcome="Passed" testListId="8c84fa94-04c1-424b-9868-57a2d4851a1d" relativeResultsDirectory="1e944de7-f121-4a21-8681-e73ad8c1e451" />
    <UnitTestResult executionId="0a1a75e5-0acd-4ec1-8a40-3738b8a500ae" testId="4ad8a7fc-9b5f-43f6-417a-bf6314476ebc" testName="CRM.Tests.Models.ContactModelTests.Contact_Status_AllValidValues(status: Archived)" computerName="Abhisheks-MacBook-Pro" duration="00:00:00.0000014" startTime="2026-01-26T17:37:49.6373560+01:00" endTime="2026-01-26T17:37:49.6373560+01:00" testType="13cdc9d9-ddb5-4fa4-a97d-d965ccfc6d4b" outcome="Passed" testListId="8c84fa94-04c1-424b-9868-57a2d4851a1d" relativeResultsDirectory="0a1a75e5-0acd-4ec1-8a40-3738b8a500ae" />
    <UnitTestResult executionId="b336c241-9df9-42e2-a5a8-c0c77cf93657" testId="5571ad13-4260-9f00-ff79-de90fd7c8600" testName="CRM.Tests.Services.OpportunityServiceTests.GetOpportunitiesByAccount_ReturnsEmpty_WhenNoOpportunities" computerName="Abhisheks-MacBook-Pro" duration="00:00:00.0003395" startTime="2026-01-26T17:37:49.5839590+01:00" endTime="2026-01-26T17:37:49.5839590+01:00" testType="13cdc9d9-ddb5-4fa4-a97d-d965ccfc6d4b" outcome="Passed" testListId="8c84fa94-04c1-424b-9868-57a2d4851a1d" relativeResultsDirectory="b336c241-9df9-42e2-a5a8-c0c77cf93657" />
    <UnitTestResult executionId="042ef7ab-c7a3-4565-8ff1-7e3b03b08462" testId="c5f6cce2-2b48-73fc-10c7-afeb9921146e" testName="CRM.Tests.BusinessLogic.BusinessLogicTests.Pipeline_TotalAmount_WithFiltering" computerName="Abhisheks-MacBook-Pro" duration="00:00:00.0016153" startTime="2026-01-26T17:37:49.6340890+01:00" endTime="2026-01-26T17:37:49.6340890+01:00" testType="13cdc9d9-ddb5-4fa4-a97d-d965ccfc6d4b" outcome="Passed" testListId="8c84fa94-04c1-424b-9868-57a2d4851a1d" relativeResultsDirectory="042ef7ab-c7a3-4565-8ff1-7e3b03b08462" />
    <UnitTestResult executionId="69a5bae8-5703-49ba-ba9c-f60c9cf2a9b4" testId="af70d1b5-a038-9641-2e6b-36a8b4d1b96d" testName="CRM.Tests.Models.ContactModelTests.Contact_Type_AllValidValues(type: Vendor)" computerName="Abhisheks-MacBook-Pro" duration="00:00:00.0000015" startTime="2026-01-26T17:37:49.6465800+01:00" endTime="2026-01-26T17:37:49.6465800+01:00" testType="13cdc9d9-ddb5-4fa4-a97d-d965ccfc6d4b" outcome="Passed" testListId="8c84fa94-04c1-424b-9868-57a2d4851a1d" relativeResultsDirectory="69a5bae8-5703-49ba-ba9c-f60c9cf2a9b4" />
    <UnitTestResult executionId="a81b48bc-0752-4ebc-8fca-590c4f50fd22" testId="685d7bae-b604-6405-0ffc-904fea89d854" testName="CRM.Tests.Entities.EnumTypeTests.LeadSource_CanParseCaseInsensitive(input: &quot;Partner&quot;, expected: Partner)" computerName="Abhisheks-MacBook-Pro" duration="00:00:00.0005599" startTime="2026-01-26T17:37:49.5372400+01:00" endTime="2026-01-26T17:37:49.5372400+01:00" testType="13cdc9d9-ddb5-4fa4-a97d-d965ccfc6d4b" outcome="Passed" testListId="8c84fa94-04c1-424b-9868-57a2d4851a1d" relativeResultsDirectory="a81b48bc-0752-4ebc-8fca-590c4f50fd22" />
    <UnitTestResult executionId="49c90fb5-bf19-4d98-93f4-90f85565a7e4" testId="568e5221-3f22-7679-4f20-cb79bcd61ccd" testName="CRM.Tests.Services.AccountServiceTests.Account_OneTimeFee_Tracked" computerName="Abhisheks-MacBook-Pro" duration="00:00:00.0004977" startTime="2026-01-26T17:37:49.5437130+01:00" endTime="2026-01-26T17:37:49.5437130+01:00" testType="13cdc9d9-ddb5-4fa4-a97d-d965ccfc6d4b" outcome="Passed" testListId="8c84fa94-04c1-424b-9868-57a2d4851a1d" relativeResultsDirectory="49c90fb5-bf19-4d98-93f4-90f85565a7e4" />
    <UnitTestResult executionId="4e070a4a-6c16-4396-9bb1-c19f4b15bd19" testId="31cc3a86-e5f8-33fb-06ab-e8a496259e10" testName="CRM.Tests.BusinessLogic.BusinessLogicTests.Lead_Score_ValidRange(score: 50)" computerName="Abhisheks-MacBook-Pro" duration="00:00:00.0001607" startTime="2026-01-26T17:37:49.6315070+01:00" endTime="2026-01-26T17:37:49.6315070+01:00" testType="13cdc9d9-ddb5-4fa4-a97d-d965ccfc6d4b" outcome="Passed" testListId="8c84fa94-04c1-424b-9868-57a2d4851a1d" relativeResultsDirectory="4e070a4a-6c16-4396-9bb1-c19f4b15bd19" />
    <UnitTestResult executionId="18e5f3fc-7668-495d-b134-4a55656b1163" testId="4fa67d4d-7cc5-d5d5-2f7d-4e8ad32851c7" testName="CRM.Tests.Utilities.UtilityTests.Account_CanTransition_CurrentToChurned" computerName="Abhisheks-MacBook-Pro" duration="00:00:00.0001795" startTime="2026-01-26T17:37:49.6818750+01:00" endTime="2026-01-26T17:37:49.6818750+01:00" testType="13cdc9d9-ddb5-4fa4-a97d-d965ccfc6d4b" outcome="Passed" testListId="8c84fa94-04c1-424b-9868-57a2d4851a1d" relativeResultsDirectory="18e5f3fc-7668-495d-b134-4a55656b1163" />
    <UnitTestResult executionId="071cbe7d-c014-4566-9d57-1a6908b6b96c" testId="6020544b-b416-2796-a4d0-281b199f4ed6" testName="CRM.Tests.Entities.EnumTypeTests.AccountStatus_ContainsOnlyExpectedValues" computerName="Abhisheks-MacBook-Pro" duration="00:00:00.0017741" startTime="2026-01-26T17:37:49.5474130+01:00" endTime="2026-01-26T17:37:49.5474130+01:00" testType="13cdc9d9-ddb5-4fa4-a97d-d965ccfc6d4b" outcome="Passed" testListId="8c84fa94-04c1-424b-9868-57a2d4851a1d" relativeResultsDirectory="071cbe7d-c014-4566-9d57-1a6908b6b96c" />
    <UnitTestResult executionId="c1da0e86-d351-4abf-8126-c54b0f97a541" testId="a7775517-236e-72ee-65c8-7e1e5de0a4df" testName="CRM.Tests.Services.LeadServiceTests.Lead_IsOpen_CorrectForEachStatus(status: Disqualified, expectedIsOpen: False)" computerName="Abhisheks-MacBook-Pro" duration="00:00:00.0000011" startTime="2026-01-26T17:37:49.6128200+01:00" endTime="2026-01-26T17:37:49.6128210+01:00" testType="13cdc9d9-ddb5-4fa4-a97d-d965ccfc6d4b" outcome="Passed" testListId="8c84fa94-04c1-424b-9868-57a2d4851a1d" relativeResultsDirectory="c1da0e86-d351-4abf-8126-c54b0f97a541" />
    <UnitTestResult executionId="2bfdae9e-d50c-445c-b52d-c9453e858e04" testId="ab0cf460-f6a5-4022-69e1-a32f7d429c39" testName="CRM.Tests.Services.LeadServiceTests.Lead_FitScore_CanBeSet" computerName="Abhisheks-MacBook-Pro" duration="00:00:00.0004882" startTime="2026-01-26T17:37:49.6114170+01:00" endTime="2026-01-26T17:37:49.6114170+01:00" testType="13cdc9d9-ddb5-4fa4-a97d-d965ccfc6d4b" outcome="Passed" testListId="8c84fa94-04c1-424b-9868-57a2d4851a1d" relativeResultsDirectory="2bfdae9e-d50c-445c-b52d-c9453e858e04" />
    <UnitTestResult executionId="b12ee833-563e-4d35-a6c1-e47d2516b4ee" testId="2c71b095-5747-644c-7a45-1ac50f19b912" testName="CRM.Tests.Functional.ApiEndpointFunctionalTests.FT095_Search_Accounts_Should_Work" computerName="Abhisheks-MacBook-Pro" duration="00:00:00.7386954" startTime="2026-01-26T17:37:59.4972810+01:00" endTime="2026-01-26T17:37:59.4972820+01:00" testType="13cdc9d9-ddb5-4fa4-a97d-d965ccfc6d4b" outcome="Passed" testListId="8c84fa94-04c1-424b-9868-57a2d4851a1d" relativeResultsDirectory="b12ee833-563e-4d35-a6c1-e47d2516b4ee">
      <Output>
        <StdOut>FT-095 PASSED: GET /api/accounts/search/test works correctly</StdOut>
      </Output>
    </UnitTestResult>
    <UnitTestResult executionId="08149d3a-0174-4bcb-8a49-0fa4618909f1" testId="e3168452-dfaa-8c59-37aa-6c505e652bfe" testName="CRM.Tests.BVT.CriticalPathBVTTests.BVT011_User_Creation_WithCredentials" computerName="Abhisheks-MacBook-Pro" duration="00:00:00.0001183" startTime="2026-01-26T17:37:49.5381890+01:00" endTime="2026-01-26T17:37:49.5381890+01:00" testType="13cdc9d9-ddb5-4fa4-a97d-d965ccfc6d4b" outcome="Passed" testListId="8c84fa94-04c1-424b-9868-57a2d4851a1d" relativeResultsDirectory="08149d3a-0174-4bcb-8a49-0fa4618909f1" />
    <UnitTestResult executionId="d3cfa213-1356-4c61-85a2-14f3423e1f37" testId="16969810-0ea3-ac8e-4286-e6e1e64b2d72" testName="CRM.Tests.Services.ProductServiceTests.CreateProduct_ReturnsNewId" computerName="Abhisheks-MacBook-Pro" duration="00:00:00.0021547" startTime="2026-01-26T17:37:49.6529340+01:00" endTime="2026-01-26T17:37:49.6529340+01:00" testType="13cdc9d9-ddb5-4fa4-a97d-d965ccfc6d4b" outcome="Passed" testListId="8c84fa94-04c1-424b-9868-57a2d4851a1d" relativeResultsDirectory="d3cfa213-1356-4c61-85a2-14f3423e1f37" />
    <UnitTestResult executionId="f544d435-4e90-447b-ab6c-e270eed6aef0" testId="ee1797e5-e491-d138-4c70-2a38e598e1ee" testName="CRM.Tests.Dtos.DtoMappingTests.UserDto_FromEntity_MapsCorrectly" computerName="Abhisheks-MacBook-Pro" duration="00:00:00.0005455" startTime="2026-01-26T17:37:49.5366010+01:00" endTime="2026-01-26T17:37:49.5366010+01:00" testType="13cdc9d9-ddb5-4fa4-a97d-d965ccfc6d4b" outcome="Passed" testListId="8c84fa94-04c1-424b-9868-57a2d4851a1d" relativeResultsDirectory="f544d435-4e90-447b-ab6c-e270eed6aef0" />
    <UnitTestResult executionId="a51a516e-7678-4642-8b93-f057a7641282" testId="ca42fa4d-a2b0-c514-3239-d787e5a8b23c" testName="CRM.Tests.Functional.ApiEndpointFunctionalTests.FT005_Protected_Endpoint_Without_Token_Should_Return_401" computerName="Abhisheks-MacBook-Pro" duration="00:00:00.0086757" startTime="2026-01-26T17:38:00.8713880+01:00" endTime="2026-01-26T17:38:00.8713890+01:00" testType="13cdc9d9-ddb5-4fa4-a97d-d965ccfc6d4b" outcome="Passed" testListId="8c84fa94-04c1-424b-9868-57a2d4851a1d" relativeResultsDirectory="a51a516e-7678-4642-8b93-f057a7641282">
      <Output>
        <StdOut>FT-005 PASSED: Protected endpoint returned 401 without token</StdOut>
      </Output>
    </UnitTestResult>
    <UnitTestResult executionId="6fd0d813-09f0-4bde-8b52-18f82a3c41ab" testId="cbe9d65b-777b-bf0a-59bc-3b216e305bb8" testName="CRM.Tests.Services.AccountServiceTests.Account_ChurnedAnalysis_Works" computerName="Abhisheks-MacBook-Pro" duration="00:00:00.0009471" startTime="2026-01-26T17:37:49.5482240+01:00" endTime="2026-01-26T17:37:49.5482240+01:00" testType="13cdc9d9-ddb5-4fa4-a97d-d965ccfc6d4b" outcome="Passed" testListId="8c84fa94-04c1-424b-9868-57a2d4851a1d" relativeResultsDirectory="6fd0d813-09f0-4bde-8b52-18f82a3c41ab" />
    <UnitTestResult executionId="8f7272fa-7b52-461a-9a7f-2df2ee3a7188" testId="2472df63-c30e-c2d0-b5ed-8750d3e4afb2" testName="CRM.Tests.Controllers.CustomersControllerTests.GetById_WithInvalidId_ReturnsNotFound" computerName="Abhisheks-MacBook-Pro" duration="00:00:00.0015051" startTime="2026-01-26T17:37:49.5735970+01:00" endTime="2026-01-26T17:37:49.5735970+01:00" testType="13cdc9d9-ddb5-4fa4-a97d-d965ccfc6d4b" outcome="Passed" testListId="8c84fa94-04c1-424b-9868-57a2d4851a1d" relativeResultsDirectory="8f7272fa-7b52-461a-9a7f-2df2ee3a7188" />
    <UnitTestResult executionId="305af0a7-708f-4314-8286-b2b7385b19d4" testId="1f93090f-d657-24ce-0010-b8db09312e66" testName="CRM.Tests.Entities.EntityValidationTests.Opportunity_IsWon_ByStage(stage: Discovery, expected: False)" computerName="Abhisheks-MacBook-Pro" duration="00:00:00.0001560" startTime="2026-01-26T17:37:49.6155400+01:00" endTime="2026-01-26T17:37:49.6155400+01:00" testType="13cdc9d9-ddb5-4fa4-a97d-d965ccfc6d4b" outcome="Passed" testListId="8c84fa94-04c1-424b-9868-57a2d4851a1d" relativeResultsDirectory="305af0a7-708f-4314-8286-b2b7385b19d4" />
    <UnitTestResult executionId="fadc8c83-7f1c-49cf-9d8c-eed5d93bd004" testId="7b03e360-0715-7ee7-f308-c5fc5770d042" testName="CRM.Tests.Models.ContactModelTests.Contact_Type_AllValidValues(type: Customer)" computerName="Abhisheks-MacBook-Pro" duration="00:00:00.0000855" startTime="2026-01-26T17:37:49.6465390+01:00" endTime="2026-01-26T17:37:49.6465390+01:00" testType="13cdc9d9-ddb5-4fa4-a97d-d965ccfc6d4b" outcome="Passed" testListId="8c84fa94-04c1-424b-9868-57a2d4851a1d" relativeResultsDirectory="fadc8c83-7f1c-49cf-9d8c-eed5d93bd004" />
    <UnitTestResult executionId="e0eb00e8-e997-42ea-9c80-d76ffb2bfa84" testId="39ef6f88-b15b-ea34-7bbe-642bd7261040" testName="CRM.Tests.Entities.EntityValidationTests.Account_BillingAddress_CanBeSet" computerName="Abhisheks-MacBook-Pro" duration="00:00:00.0001262" startTime="2026-01-26T17:37:49.6207830+01:00" endTime="2026-01-26T17:37:49.6207830+01:00" testType="13cdc9d9-ddb5-4fa4-a97d-d965ccfc6d4b" outcome="Passed" testListId="8c84fa94-04c1-424b-9868-57a2d4851a1d" relativeResultsDirectory="e0eb00e8-e997-42ea-9c80-d76ffb2bfa84" />
    <UnitTestResult executionId="ca6d91d1-3190-478f-b704-f041fb85b0c7" testId="2ce7126b-7f7b-9d26-15ce-adc86fc35fb8" testName="CRM.Tests.Services.LeadServiceTests.GetLeads_SortByScore_ReturnsSorted" computerName="Abhisheks-MacBook-Pro" duration="00:00:00.0005475" startTime="2026-01-26T17:37:49.6120310+01:00" endTime="2026-01-26T17:37:49.6120310+01:00" testType="13cdc9d9-ddb5-4fa4-a97d-d965ccfc6d4b" outcome="Passed" testListId="8c84fa94-04c1-424b-9868-57a2d4851a1d" relativeResultsDirectory="ca6d91d1-3190-478f-b704-f041fb85b0c7" />
    <UnitTestResult executionId="e0214cd8-aeaa-4002-8e76-582c4f3fa7c0" testId="e865444b-9cf4-be8a-bfa0-def4f911367d" testName="CRM.Tests.Services.UserServiceTests.UpdateUserAsync_WithValidData_UpdatesUser" computerName="Abhisheks-MacBook-Pro" duration="00:00:00.1463993" startTime="2026-01-26T17:37:54.5056450+01:00" endTime="2026-01-26T17:37:54.5056450+01:00" testType="13cdc9d9-ddb5-4fa4-a97d-d965ccfc6d4b" outcome="Passed" testListId="8c84fa94-04c1-424b-9868-57a2d4851a1d" relativeResultsDirectory="e0214cd8-aeaa-4002-8e76-582c4f3fa7c0" />
    <UnitTestResult executionId="8fb336b5-333a-4b07-873e-e9f0a8507264" testId="c0741176-e8df-a9db-1d0b-65c0154c3837" testName="CRM.Tests.Controllers.ProductsControllerTests.GetById_ReturnsNotFound_WhenProductDoesNotExist" computerName="Abhisheks-MacBook-Pro" duration="00:00:00.0028417" startTime="2026-01-26T17:37:49.6165810+01:00" endTime="2026-01-26T17:37:49.6165810+01:00" testType="13cdc9d9-ddb5-4fa4-a97d-d965ccfc6d4b" outcome="Passed" testListId="8c84fa94-04c1-424b-9868-57a2d4851a1d" relativeResultsDirectory="8fb336b5-333a-4b07-873e-e9f0a8507264" />
    <UnitTestResult executionId="13ddb8bf-9a88-4a44-a242-59434d4e6a5f" testId="e8684704-01af-6030-3b3d-3b990da80a6f" testName="CRM.Tests.BVT.CriticalPathBVTTests.BVT095_SystemSettings_Modules" computerName="Abhisheks-MacBook-Pro" duration="00:00:00.0001257" startTime="2026-01-26T17:37:49.5423270+01:00" endTime="2026-01-26T17:37:49.5423270+01:00" testType="13cdc9d9-ddb5-4fa4-a97d-d965ccfc6d4b" outcome="Passed" testListId="8c84fa94-04c1-424b-9868-57a2d4851a1d" relativeResultsDirectory="13ddb8bf-9a88-4a44-a242-59434d4e6a5f" />
    <UnitTestResult executionId="76e8e697-5dca-4771-b18b-3e1375b430f4" testId="9b7c820d-7424-bb0a-fbf5-44c3c2595ec1" testName="CRM.Tests.Entities.CoreEntityTests.AccountStatus_HasAllExpectedValues" computerName="Abhisheks-MacBook-Pro" duration="00:00:00.0000671" startTime="2026-01-26T17:37:49.6157620+01:00" endTime="2026-01-26T17:37:49.6157620+01:00" testType="13cdc9d9-ddb5-4fa4-a97d-d965ccfc6d4b" outcome="Passed" testListId="8c84fa94-04c1-424b-9868-57a2d4851a1d" relativeResultsDirectory="76e8e697-5dca-4771-b18b-3e1375b430f4" />
    <UnitTestResult executionId="435e365e-0b9c-48f4-82f8-60bc817fe58d" testId="a324e171-25bc-fcc4-9669-1a29e7c0c207" testName="CRM.Tests.BusinessLogic.BusinessLogicTests.Lead_FullName_Computed" computerName="Abhisheks-MacBook-Pro" duration="00:00:00.0001662" startTime="2026-01-26T17:37:49.6498970+01:00" endTime="2026-01-26T17:37:49.6498980+01:00" testType="13cdc9d9-ddb5-4fa4-a97d-d965ccfc6d4b" outcome="Passed" testListId="8c84fa94-04c1-424b-9868-57a2d4851a1d" relativeResultsDirectory="435e365e-0b9c-48f4-82f8-60bc817fe58d" />
    <UnitTestResult executionId="a089b0d9-4d70-447c-8ea8-739cea33d64b" testId="56987dc2-66dd-2ebb-f879-2ad3d29ef681" testName="CRM.Tests.BusinessLogic.BusinessLogicTests.Opportunity_WeightedAmount_VariousScenarios(amount: 10000, probability: 10, expected: 1000)" computerName="Abhisheks-MacBook-Pro" duration="00:00:00.0000618" startTime="2026-01-26T17:37:49.6341210+01:00" endTime="2026-01-26T17:37:49.6341210+01:00" testType="13cdc9d9-ddb5-4fa4-a97d-d965ccfc6d4b" outcome="Passed" testListId="8c84fa94-04c1-424b-9868-57a2d4851a1d" relativeResultsDirectory="a089b0d9-4d70-447c-8ea8-739cea33d64b" />
    <UnitTestResult executionId="06b1f21c-0535-4c9f-ad7a-3c231863ab34" testId="7d8045ff-7418-1304-ead9-a60e1584fa2a" testName="CRM.Tests.Performance.PerformanceTests.LoadTest_GetOpportunities_Should_HandleConcurrentUsers" computerName="Abhisheks-MacBook-Pro" duration="00:00:00.0010000" startTime="2026-01-26T17:37:55.5827500+01:00" endTime="2026-01-26T17:37:55.5827500+01:00" testType="13cdc9d9-ddb5-4fa4-a97d-d965ccfc6d4b" outcome="NotExecuted" testListId="8c84fa94-04c1-424b-9868-57a2d4851a1d" relativeResultsDirectory="06b1f21c-0535-4c9f-ad7a-3c231863ab34">
      <Output>
        <ErrorInfo>
          <Message>Performance test - run manually</Message>
        </ErrorInfo>
      </Output>
    </UnitTestResult>
    <UnitTestResult executionId="d52ced70-2e50-41ad-af8e-75766ff68fa3" testId="950d6f6b-6c8d-dcfa-82f2-66067ee126cd" testName="CRM.Tests.Services.LeadServiceTests.LeadSource_AllSourcesValid(source: Partner)" computerName="Abhisheks-MacBook-Pro" duration="00:00:00.0000073" startTime="2026-01-26T17:37:49.6053930+01:00" endTime="2026-01-26T17:37:49.6053930+01:00" testType="13cdc9d9-ddb5-4fa4-a97d-d965ccfc6d4b" outcome="Passed" testListId="8c84fa94-04c1-424b-9868-57a2d4851a1d" relativeResultsDirectory="d52ced70-2e50-41ad-af8e-75766ff68fa3" />
    <UnitTestResult executionId="f5e7be7b-2525-422a-accc-3945e90cd1b1" testId="ac15a999-da3d-feb7-1f8d-c299b6f2c16c" testName="CRM.Tests.BusinessLogic.BusinessLogicTests.Account_ContractDates_Valid" computerName="Abhisheks-MacBook-Pro" duration="00:00:00.0020157" startTime="2026-01-26T17:37:49.6377680+01:00" endTime="2026-01-26T17:37:49.6377680+01:00" testType="13cdc9d9-ddb5-4fa4-a97d-d965ccfc6d4b" outcome="Passed" testListId="8c84fa94-04c1-424b-9868-57a2d4851a1d" relativeResultsDirectory="f5e7be7b-2525-422a-accc-3945e90cd1b1" />
    <UnitTestResult executionId="95ce66a3-8adc-4aa0-908d-621391006cab" testId="4e95d19a-4243-eb3f-b477-51c1ec1296a3" testName="CRM.Tests.Entities.EntityValidationTests.Opportunity_IsOpen_ByStage(stage: Negotiation, expected: True)" computerName="Abhisheks-MacBook-Pro" duration="00:00:00.0000007" startTime="2026-01-26T17:37:49.6172630+01:00" endTime="2026-01-26T17:37:49.6172630+01:00" testType="13cdc9d9-ddb5-4fa4-a97d-d965ccfc6d4b" outcome="Passed" testListId="8c84fa94-04c1-424b-9868-57a2d4851a1d" relativeResultsDirectory="95ce66a3-8adc-4aa0-908d-621391006cab" />
    <UnitTestResult executionId="8d5a6226-01de-48b1-b2d4-6d7d76b6aa43" testId="769ef700-2d40-b12f-6a9f-d124cc615a7d" testName="CRM.Tests.Services.AuthenticationServiceTests.RefreshTokenAsync_WithInvalidToken_ThrowsException" computerName="Abhisheks-MacBook-Pro" duration="00:00:00.0025419" startTime="2026-01-26T17:37:52.5406800+01:00" endTime="2026-01-26T17:37:52.5406810+01:00" testType="13cdc9d9-ddb5-4fa4-a97d-d965ccfc6d4b" outcome="Passed" testListId="8c84fa94-04c1-424b-9868-57a2d4851a1d" relativeResultsDirectory="8d5a6226-01de-48b1-b2d4-6d7d76b6aa43" />
    <UnitTestResult executionId="6a6ce3da-c420-41dd-9305-4b7876e23e69" testId="d237b443-402c-fa4b-33e7-db8b73eb10f2" testName="CRM.Tests.Entities.CoreEntityTests.Opportunity_IsWon_ReturnsCorrectly" computerName="Abhisheks-MacBook-Pro" duration="00:00:00.0000901" startTime="2026-01-26T17:37:49.6147750+01:00" endTime="2026-01-26T17:37:49.6147750+01:00" testType="13cdc9d9-ddb5-4fa4-a97d-d965ccfc6d4b" outcome="Passed" testListId="8c84fa94-04c1-424b-9868-57a2d4851a1d" relativeResultsDirectory="6a6ce3da-c420-41dd-9305-4b7876e23e69" />
    <UnitTestResult executionId="61cfe520-2f10-4a31-8d29-bc32509229ed" testId="1feac360-b943-c2b9-8427-99651886ea80" testName="CRM.Tests.Services.AccountServiceTests.Account_ContractDocument_MetadataCanBeSet" computerName="Abhisheks-MacBook-Pro" duration="00:00:00.0018771" startTime="2026-01-26T17:37:49.5465920+01:00" endTime="2026-01-26T17:37:49.5465920+01:00" testType="13cdc9d9-ddb5-4fa4-a97d-d965ccfc6d4b" outcome="Passed" testListId="8c84fa94-04c1-424b-9868-57a2d4851a1d" relativeResultsDirectory="61cfe520-2f10-4a31-8d29-bc32509229ed" />
    <UnitTestResult executionId="680300ed-62a1-4e85-b888-d84610036657" testId="282df903-9741-1c1e-fde5-5f62d1b8ab52" testName="CRM.Tests.BVT.CriticalPathBVTTests.BVT005_Customer_AllTypes_Valid" computerName="Abhisheks-MacBook-Pro" duration="00:00:00.0008198" startTime="2026-01-26T17:37:49.5420560+01:00" endTime="2026-01-26T17:37:49.5420560+01:00" testType="13cdc9d9-ddb5-4fa4-a97d-d965ccfc6d4b" outcome="Passed" testListId="8c84fa94-04c1-424b-9868-57a2d4851a1d" relativeResultsDirectory="680300ed-62a1-4e85-b888-d84610036657" />
    <UnitTestResult executionId="33af13b9-5789-4a92-8dc9-70124a2e3a6e" testId="4624ab0e-5511-8818-61ae-238e954adf16" testName="CRM.Tests.Services.OpportunityServiceTests.Opportunity_WeightedAmount_ZeroProbability" computerName="Abhisheks-MacBook-Pro" duration="00:00:00.0002052" startTime="2026-01-26T17:37:49.5612320+01:00" endTime="2026-01-26T17:37:49.5612320+01:00" testType="13cdc9d9-ddb5-4fa4-a97d-d965ccfc6d4b" outcome="Passed" testListId="8c84fa94-04c1-424b-9868-57a2d4851a1d" relativeResultsDirectory="33af13b9-5789-4a92-8dc9-70124a2e3a6e" />
    <UnitTestResult executionId="464acc2a-6959-4a0b-b0aa-1d348441ee03" testId="bedad159-1578-75fe-0c28-3c00574dc60d" testName="CRM.Tests.BVT.CriticalPathBVTTests.BVT002_Customer_Creation_Organization" computerName="Abhisheks-MacBook-Pro" duration="00:00:00.0001608" startTime="2026-01-26T17:37:49.5415260+01:00" endTime="2026-01-26T17:37:49.5415260+01:00" testType="13cdc9d9-ddb5-4fa4-a97d-d965ccfc6d4b" outcome="Passed" testListId="8c84fa94-04c1-424b-9868-57a2d4851a1d" relativeResultsDirectory="464acc2a-6959-4a0b-b0aa-1d348441ee03" />
    <UnitTestResult executionId="8d60f385-4dec-4d3e-af0c-40f5622c75f4" testId="efcf9003-5137-9789-4712-9f5abc6bbf27" testName="CRM.Tests.BusinessLogic.BusinessLogicTests.Customer_Lifecycle_AllStages(stage: Customer)" computerName="Abhisheks-MacBook-Pro" duration="00:00:00.0000033" startTime="2026-01-26T17:37:49.6380420+01:00" endTime="2026-01-26T17:37:49.6380420+01:00" testType="13cdc9d9-ddb5-4fa4-a97d-d965ccfc6d4b" outcome="Passed" testListId="8c84fa94-04c1-424b-9868-57a2d4851a1d" relativeResultsDirectory="8d60f385-4dec-4d3e-af0c-40f5622c75f4" />
    <UnitTestResult executionId="78df9aa9-dca4-4e7b-a969-5296abcb9eec" testId="be10706a-20d8-69dd-7da9-d061b1493662" testName="CRM.Tests.BVT.CriticalPathBVTTests.BVT054_Account_AutoRenewal" computerName="Abhisheks-MacBook-Pro" duration="00:00:00.0000560" startTime="2026-01-26T17:37:49.5421330+01:00" endTime="2026-01-26T17:37:49.5421330+01:00" testType="13cdc9d9-ddb5-4fa4-a97d-d965ccfc6d4b" outcome="Passed" testListId="8c84fa94-04c1-424b-9868-57a2d4851a1d" relativeResultsDirectory="78df9aa9-dca4-4e7b-a969-5296abcb9eec" />
    <UnitTestResult executionId="07c8c1ba-754a-4c76-a1fe-8c9024f3474f" testId="b3787c2a-c812-13f7-312d-b73a98736934" testName="CRM.Tests.Entities.EntityValidationTests.Customer_Email_ValidationPatterns(email: &quot;&quot;, isValid: False)" computerName="Abhisheks-MacBook-Pro" duration="00:00:00.0000050" startTime="2026-01-26T17:37:49.6179500+01:00" endTime="2026-01-26T17:37:49.6179510+01:00" testType="13cdc9d9-ddb5-4fa4-a97d-d965ccfc6d4b" outcome="Passed" testListId="8c84fa94-04c1-424b-9868-57a2d4851a1d" relativeResultsDirectory="07c8c1ba-754a-4c76-a1fe-8c9024f3474f" />
    <UnitTestResult executionId="e5fef334-c5a7-442d-8873-74d9bb4a6651" testId="f8073acd-6e6e-3103-bdb3-445a5dfd9e5a" testName="CRM.Tests.Controllers.CustomersControllerTests.Delete_WithValidId_ReturnsOkResult" computerName="Abhisheks-MacBook-Pro" duration="00:00:00.0007358" startTime="2026-01-26T17:37:49.6038200+01:00" endTime="2026-01-26T17:37:49.6038200+01:00" testType="13cdc9d9-ddb5-4fa4-a97d-d965ccfc6d4b" outcome="Passed" testListId="8c84fa94-04c1-424b-9868-57a2d4851a1d" relativeResultsDirectory="e5fef334-c5a7-442d-8873-74d9bb4a6651" />
[...]
    <TestEntry testId="0b6feb99-4067-1f88-b3c9-161f22903c2e" executionId="c8f2bb22-0300-4ab0-87f1-aa1d31f24c2c" testListId="8c84fa94-04c1-424b-9868-57a2d4851a1d" />
    <TestEntry testId="0c62699f-fd41-e7c4-3d0c-09d118aa26bb" executionId="1160ad91-afbd-4803-8b11-de75fcac138a" testListId="8c84fa94-04c1-424b-9868-57a2d4851a1d" />
    <TestEntry testId="6209ae67-5153-7286-32c7-5035ea1d938b" executionId="9e9aab3f-3ba1-4c10-8cdb-90886d2f9d19" testListId="8c84fa94-04c1-424b-9868-57a2d4851a1d" />
    <TestEntry testId="df7a0518-5aff-fbd0-f064-a4dc8e3baf0e" executionId="04ee9deb-9389-4a84-8eb8-56f566e6dfab" testListId="8c84fa94-04c1-424b-9868-57a2d4851a1d" />
    <TestEntry testId="d9b122f7-2d06-5ee2-ded2-f8c0b3cf8454" executionId="70677e2e-7e23-4bcf-ba4e-e75378cb44b8" testListId="8c84fa94-04c1-424b-9868-57a2d4851a1d" />
    <TestEntry testId="dc39995c-c954-e2fc-7f64-109b7c082fd6" executionId="4e9f67ec-1598-43d9-8b1b-4d731ea57679" testListId="8c84fa94-04c1-424b-9868-57a2d4851a1d" />
    <TestEntry testId="a72e0b2d-b49d-bd5f-b84d-ed6e556c50b7" executionId="0a29eb10-0960-414a-b65a-cb0246ee6268" testListId="8c84fa94-04c1-424b-9868-57a2d4851a1d" />
    <TestEntry testId="a9ad6256-2d55-19e2-0140-122681f12036" executionId="f201d0a7-7b90-4edf-9ea6-a4dbaf9bad99" testListId="8c84fa94-04c1-424b-9868-57a2d4851a1d" />
    <TestEntry testId="6016319a-75c5-05dd-4c8b-eccb583dcf73" executionId="4af9d0d1-19f0-419c-bf0e-526837a43de3" testListId="8c84fa94-04c1-424b-9868-57a2d4851a1d" />
    <TestEntry testId="dc52b580-07d5-ed03-5e11-1b1433e675a1" executionId="8e0d6fa5-4745-41ed-8a9b-e467c62292df" testListId="8c84fa94-04c1-424b-9868-57a2d4851a1d" />
    <TestEntry testId="5c345928-c70c-3f22-5723-fd8abe29f786" executionId="0bfa9690-a5a9-4d07-9fb3-b503b66a1295" testListId="8c84fa94-04c1-424b-9868-57a2d4851a1d" />
    <TestEntry testId="ea880640-889b-5839-182b-8a956a1540c4" executionId="b5aff093-e91d-4491-9435-0cc6ad45ea6b" testListId="8c84fa94-04c1-424b-9868-57a2d4851a1d" />
    <TestEntry testId="314d20a6-fb36-67a3-e3e5-d29b1310f502" executionId="45c31197-311f-40d4-8ed4-a36973caaac8" testListId="8c84fa94-04c1-424b-9868-57a2d4851a1d" />
    <TestEntry testId="dd81931f-5b9c-816d-040d-649e49fb1ae2" executionId="e443252f-b3cc-48f6-84a5-9a17bbc6410b" testListId="8c84fa94-04c1-424b-9868-57a2d4851a1d" />
    <TestEntry testId="06186041-702a-fe1a-f8e9-2929299d5f86" executionId="8994f2aa-6391-44ba-9b39-64e80042bcbc" testListId="8c84fa94-04c1-424b-9868-57a2d4851a1d" />
    <TestEntry testId="43669aae-e84e-70db-b006-3ed546b38808" executionId="9ee57d87-434d-45ac-bdcb-e1c9bc93cf01" testListId="8c84fa94-04c1-424b-9868-57a2d4851a1d" />
    <TestEntry testId="011a98fe-efff-d4e6-0def-70f79146d711" executionId="d3c36bb3-60ff-43c9-b139-2422ad93119c" testListId="8c84fa94-04c1-424b-9868-57a2d4851a1d" />
  </TestEntries>
  <TestLists>
    <TestList name="Results Not in a List" id="8c84fa94-04c1-424b-9868-57a2d4851a1d" />
    <TestList name="All Loaded Results" id="19431567-8539-422a-85d7-44ee4e166bda" />
  </TestLists>
  <ResultSummary outcome="Failed">
    <Counters total="708" executed="700" passed="692" failed="8" error="0" timeout="0" aborted="0" inconclusive="0" passedButRunAborted="0" notRunnable="0" notExecuted="0" disconnected="0" warning="0" completed="0" inProgress="0" pending="0" />
    <Output>
      <StdOut>[xUnit.net 00:00:00.00] xUnit.net VSTest Adapter v2.5.1.1+5fe7eebc65 (64-bit .NET 8.0.23)
[xUnit.net 00:00:00.06]   Discovering: CRM.Tests
[xUnit.net 00:00:00.13]   Discovered:  CRM.Tests
[xUnit.net 00:00:00.14]   Starting:    CRM.Tests
[xUnit.net 00:00:00.27]       Expected product.Status to be ProductStatus.Draft {value: 0}, but found ProductStatus.Active {value: 1}.
[xUnit.net 00:00:00.27]       Stack Trace:
[xUnit.net 00:00:00.27]            at FluentAssertions.Execution.XUnit2TestFramework.Throw(String message)
[xUnit.net 00:00:00.27]            at FluentAssertions.Execution.TestFrameworkProvider.Throw(String message)
[xUnit.net 00:00:00.27]            at FluentAssertions.Execution.DefaultAssertionStrategy.HandleFailure(String message)
[xUnit.net 00:00:00.27]            at FluentAssertions.Execution.AssertionScope.FailWith(Func`1 failReasonFunc)
[xUnit.net 00:00:00.27]            at FluentAssertions.Execution.AssertionScope.FailWith(Func`1 failReasonFunc)
[xUnit.net 00:00:00.27]            at FluentAssertions.Execution.AssertionScope.FailWith(String message, Object[] args)
[xUnit.net 00:00:00.27]            at FluentAssertions.Primitives.EnumAssertions`2.Be(TEnum expected, String because, Object[] becauseArgs)
[xUnit.net 00:00:00.27]         /Users/alal/Code/Git CRM Solution/crm-solution/CRM.Backend/tests/Entities/CoreEntityTests.cs(551,0): at CRM.Tests.Entities.CoreEntityTests.Product_CanBeCreated_WithDefaults()
[xUnit.net 00:00:00.27]            at System.RuntimeMethodHandle.InvokeMethod(Object target, Void** arguments, Signature sig, Boolean isConstructor)
[xUnit.net 00:00:00.27]            at System.Reflection.MethodBaseInvoker.InvokeWithNoArgs(Object obj, BindingFlags invokeAttr)
[xUnit.net 00:00:00.27]       Expected settings.CustomersEnabled to be false, but found True.
[xUnit.net 00:00:00.27]       Stack Trace:
[xUnit.net 00:00:00.27]            at FluentAssertions.Execution.XUnit2TestFramework.Throw(String message)
[xUnit.net 00:00:00.27]            at FluentAssertions.Execution.TestFrameworkProvider.Throw(String message)
[xUnit.net 00:00:00.27]            at FluentAssertions.Execution.DefaultAssertionStrategy.HandleFailure(String message)
[xUnit.net 00:00:00.27]            at FluentAssertions.Execution.AssertionScope.FailWith(Func`1 failReasonFunc)
[xUnit.net 00:00:00.27]            at FluentAssertions.Execution.AssertionScope.FailWith(Func`1 failReasonFunc)
[xUnit.net 00:00:00.27]            at FluentAssertions.Execution.AssertionScope.FailWith(String message, Object[] args)
[xUnit.net 00:00:00.27]            at FluentAssertions.Primitives.BooleanAssertions`1.BeFalse(String because, Object[] becauseArgs)
[xUnit.net 00:00:00.27]         /Users/alal/Code/Git CRM Solution/crm-solution/CRM.Backend/tests/Entities/EntityValidationTests.cs(556,0): at CRM.Tests.Entities.EntityValidationTests.SystemSettings_FeatureFlags_DefaultValues()
[xUnit.net 00:00:00.27]            at System.RuntimeMethodHandle.InvokeMethod(Object target, Void** arguments, Signature sig, Boolean isConstructor)
[xUnit.net 00:00:00.27]            at System.Reflection.MethodBaseInvoker.InvokeWithNoArgs(Object obj, BindingFlags invokeAttr)
[xUnit.net 00:00:00.28]       Expected department.Description to be &lt;null&gt;, but found "".
[xUnit.net 00:00:00.28]       Stack Trace:
[xUnit.net 00:00:00.28]            at FluentAssertions.Execution.XUnit2TestFramework.Throw(String message)
[xUnit.net 00:00:00.28]            at FluentAssertions.Execution.TestFrameworkProvider.Throw(String message)
[xUnit.net 00:00:00.28]            at FluentAssertions.Execution.DefaultAssertionStrategy.HandleFailure(String message)
[xUnit.net 00:00:00.28]            at FluentAssertions.Execution.AssertionScope.FailWith(Func`1 failReasonFunc)
[xUnit.net 00:00:00.28]            at FluentAssertions.Execution.AssertionScope.FailWith(Func`1 failReasonFunc)
[xUnit.net 00:00:00.28]            at FluentAssertions.Execution.AssertionScope.FailWith(String message, Object[] args)
[xUnit.net 00:00:00.28]            at FluentAssertions.Primitives.ReferenceTypeAssertions`2.BeNull(String because, Object[] becauseArgs)
[xUnit.net 00:00:00.28]         /Users/alal/Code/Git CRM Solution/crm-solution/CRM.Backend/tests/Entities/EntityValidationTests.cs(503,0): at CRM.Tests.Entities.EntityValidationTests.Department_Description_IsOptional()
[xUnit.net 00:00:00.28]            at System.RuntimeMethodHandle.InvokeMethod(Object target, Void** arguments, Signature sig, Boolean isConstructor)
[xUnit.net 00:00:00.28]            at System.Reflection.MethodBaseInvoker.InvokeWithNoArgs(Object obj, BindingFlags invokeAttr)
[xUnit.net 00:00:00.28]       Expected lead.FullName to be " Doe" with a length of 4, but "Doe" has a length of 3, differs near "Doe" (index 0).
[xUnit.net 00:00:00.28]       Stack Trace:
[xUnit.net 00:00:00.28]            at FluentAssertions.Execution.XUnit2TestFramework.Throw(String message)
[xUnit.net 00:00:00.28]            at FluentAssertions.Execution.TestFrameworkProvider.Throw(String message)
[xUnit.net 00:00:00.28]            at FluentAssertions.Execution.DefaultAssertionStrategy.HandleFailure(String message)
[xUnit.net 00:00:00.28]            at FluentAssertions.Execution.AssertionScope.FailWith(Func`1 failReasonFunc)
[xUnit.net 00:00:00.28]            at FluentAssertions.Execution.AssertionScope.FailWith(Func`1 failReasonFunc)
[xUnit.net 00:00:00.28]            at FluentAssertions.Primitives.StringEqualityValidator.ValidateAgainstLengthDifferences()
[xUnit.net 00:00:00.28]            at FluentAssertions.Primitives.StringValidator.Validate()
[xUnit.net 00:00:00.28]            at FluentAssertions.Primitives.StringAssertions`1.Be(String expected, String because, Object[] becauseArgs)
[xUnit.net 00:00:00.28]         /Users/alal/Code/Git CRM Solution/crm-solution/CRM.Backend/tests/Entities/EntityValidationTests.cs(123,0): at CRM.Tests.Entities.EntityValidationTests.Lead_FullName_WithEmptyFirstName()
[xUnit.net 00:00:00.28]            at System.RuntimeMethodHandle.InvokeMethod(Object target, Void** arguments, Signature sig, Boolean isConstructor)
[xUnit.net 00:00:00.28]            at System.Reflection.MethodBaseInvoker.InvokeWithNoArgs(Object obj, BindingFlags invokeAttr)
✓ Authentication successful
━━━━━━━━━━━━━━━━━━━━━━━━━━━━━━━━━━━━━━━━━━━━━━━━━━━━━━━
Load Test: Single Request Baseline
Concurrent Users: 1, Requests/User: 10
━━━━━━━━━━━━━━━━━━━━━━━━━━━━━━━━━━━━━━━━━━━━━━━━━━━━━━━
[xUnit.net 00:00:05.75]       Expected success but got InternalServerError: Internal Server Error
[xUnit.net 00:00:05.75]       Stack Trace:
[xUnit.net 00:00:05.75]         /Users/alal/Code/Git CRM Solution/crm-solution/CRM.Backend/tests/Functional/FunctionalTestBase.cs(73,0): at CRM.Tests.Functional.FunctionalTestBase.AssertSuccess(HttpResponseMessage response)
[xUnit.net 00:00:05.75]         /Users/alal/Code/Git CRM Solution/crm-solution/CRM.Backend/tests/Functional/ApiEndpointFunctionalTests.cs(504,0): at CRM.Tests.Functional.ApiEndpointFunctionalTests.FT062_Get_System_Settings_Should_Return_Settings()
[xUnit.net 00:00:05.75]         --- End of stack trace from previous location ---
╔══════════════════════════════════════════════════════════════╗
║  Performance Test Results: Single Request Baseline          ║
╠══════════════════════════════════════════════════════════════╣
║  Duration:           3.80s                              ║
║  Concurrent Users:   1                                 ║
║  Total Requests:     10                                ║
║  Successful:         10         (100.0%)              ║
║  Failed:             0                                 ║
╠══════════════════════════════════════════════════════════════╣
║  THROUGHPUT                                                  ║
║  Requests/sec:       2.63                              ║
║  Data transferred:   53.84 KB                       ║
╠══════════════════════════════════════════════════════════════╣
║  LATENCY (ms)                                                ║
║  Min:                   125                              ║
║  Avg:                   240                              ║
║  Median:                168                              ║
║  Max:                   797                              ║
║  P90:                   797                              ║
║  P95:                   797                              ║
║  P99:                   797                              ║
╚══════════════════════════════════════════════════════════════╝
  Performance Grade: C+
[xUnit.net 00:00:06.24]       Performance test - run manually
[xUnit.net 00:00:06.24]       Performance test - run manually
[xUnit.net 00:00:06.24]       Performance test - run manually
[xUnit.net 00:00:06.24]       Performance test - run manually
[xUnit.net 00:00:06.24]       Performance test - run manually
[xUnit.net 00:00:06.24]       Performance test - run manually
Test 'CRM.Tests.Performance.PerformanceTests.EnduranceTest_SteadyLoad_Should_MaintainPerformance' was skipped in the test run.
Test 'CRM.Tests.Performance.PerformanceTests.LoadTest_Dashboard_Should_HandleConcurrentUsers' was skipped in the test run.
Test 'CRM.Tests.Performance.PerformanceTests.StressTest_MixedWorkload_Should_HandleGradualRampUp' was skipped in the test run.
Test 'CRM.Tests.Performance.PerformanceTests.StressTest_Authentication_Should_HandleBurstLoad' was skipped in the test run.
Test 'CRM.Tests.Performance.PerformanceTests.Benchmark_AllEndpoints_Should_MeetSLA' was skipped in the test run.
Test 'CRM.Tests.Performance.PerformanceTests.LoadTest_GetOpportunities_Should_HandleConcurrentUsers' was skipped in the test run.
[xUnit.net 00:00:06.24]       Performance test - run manually
[xUnit.net 00:00:06.24]       Performance test - run manually
Test 'CRM.Tests.Performance.PerformanceTests.LoadTest_GetContacts_Should_HandleConcurrentUsers' was skipped in the test run.
Test 'CRM.Tests.Performance.PerformanceTests.LoadTest_GetCustomers_Should_HandleConcurrentUsers' was skipped in the test run.
[xUnit.net 00:00:12.14]       Expected success but got NotFound: Not Found
[xUnit.net 00:00:12.14]       Stack Trace:
[xUnit.net 00:00:12.14]         /Users/alal/Code/Git CRM Solution/crm-solution/CRM.Backend/tests/Functional/FunctionalTestBase.cs(73,0): at CRM.Tests.Functional.FunctionalTestBase.AssertSuccess(HttpResponseMessage response)
[xUnit.net 00:00:12.14]         /Users/alal/Code/Git CRM Solution/crm-solution/CRM.Backend/tests/Functional/ApiEndpointFunctionalTests.cs(416,0): at CRM.Tests.Functional.ApiEndpointFunctionalTests.FT043_Get_Workflow_Tasks_Should_Return_List()
[xUnit.net 00:00:12.14]         --- End of stack trace from previous location ---
[xUnit.net 00:00:16.62]       Expected success but got NotFound: Not Found
[xUnit.net 00:00:16.62]       Stack Trace:
[xUnit.net 00:00:16.62]         /Users/alal/Code/Git CRM Solution/crm-solution/CRM.Backend/tests/Functional/FunctionalTestBase.cs(73,0): at CRM.Tests.Functional.FunctionalTestBase.AssertSuccess(HttpResponseMessage response)
[xUnit.net 00:00:16.62]         /Users/alal/Code/Git CRM Solution/crm-solution/CRM.Backend/tests/Functional/ApiEndpointFunctionalTests.cs(400,0): at CRM.Tests.Functional.ApiEndpointFunctionalTests.FT042_Get_Workflow_Instances_Should_Return_List()
[xUnit.net 00:00:16.62]         --- End of stack trace from previous location ---
[xUnit.net 00:00:20.12]       Expected success but got NotFound: Not Found
[xUnit.net 00:00:20.12]       Stack Trace:
[xUnit.net 00:00:20.12]         /Users/alal/Code/Git CRM Solution/crm-solution/CRM.Backend/tests/Functional/FunctionalTestBase.cs(73,0): at CRM.Tests.Functional.FunctionalTestBase.AssertSuccess(HttpResponseMessage response)
[xUnit.net 00:00:20.12]         /Users/alal/Code/Git CRM Solution/crm-solution/CRM.Backend/tests/Functional/ApiEndpointFunctionalTests.cs(384,0): at CRM.Tests.Functional.ApiEndpointFunctionalTests.FT041_Get_Workflow_Definitions_Should_Return_List()
[xUnit.net 00:00:20.12]         --- End of stack trace from previous location ---
[xUnit.net 00:00:35.63]   Finished:    CRM.Tests
</StdOut>
    </Output>
    <RunInfos>
      <RunInfo computerName="Abhisheks-MacBook-Pro" outcome="Error" timestamp="2026-01-26T17:37:49.6111230+01:00">
        <Text>[xUnit.net 00:00:00.27]     CRM.Tests.Entities.CoreEntityTests.Product_CanBeCreated_WithDefaults [FAIL]</Text>
      </RunInfo>
      <RunInfo computerName="Abhisheks-MacBook-Pro" outcome="Error" timestamp="2026-01-26T17:37:49.6124970+01:00">
        <Text>[xUnit.net 00:00:00.27]     CRM.Tests.Entities.EntityValidationTests.SystemSettings_FeatureFlags_DefaultValues [FAIL]</Text>
      </RunInfo>
      <RunInfo computerName="Abhisheks-MacBook-Pro" outcome="Error" timestamp="2026-01-26T17:37:49.6221960+01:00">
        <Text>[xUnit.net 00:00:00.28]     CRM.Tests.Entities.EntityValidationTests.Department_Description_IsOptional [FAIL]</Text>
      </RunInfo>
      <RunInfo computerName="Abhisheks-MacBook-Pro" outcome="Error" timestamp="2026-01-26T17:37:49.6225740+01:00">
        <Text>[xUnit.net 00:00:00.28]     CRM.Tests.Entities.EntityValidationTests.Lead_FullName_WithEmptyFirstName [FAIL]</Text>
      </RunInfo>
      <RunInfo computerName="Abhisheks-MacBook-Pro" outcome="Error" timestamp="2026-01-26T17:37:55.0874180+01:00">
        <Text>[xUnit.net 00:00:05.75]     CRM.Tests.Functional.ApiEndpointFunctionalTests.FT062_Get_System_Settings_Should_Return_Settings [FAIL]</Text>
      </RunInfo>
      <RunInfo computerName="Abhisheks-MacBook-Pro" outcome="Warning" timestamp="2026-01-26T17:37:55.5825110+01:00">
        <Text>[xUnit.net 00:00:06.24]     CRM.Tests.Performance.PerformanceTests.EnduranceTest_SteadyLoad_Should_MaintainPerformance [SKIP]</Text>
      </RunInfo>
      <RunInfo computerName="Abhisheks-MacBook-Pro" outcome="Warning" timestamp="2026-01-26T17:37:55.5830550+01:00">
        <Text>[xUnit.net 00:00:06.24]     CRM.Tests.Performance.PerformanceTests.LoadTest_Dashboard_Should_HandleConcurrentUsers [SKIP]</Text>
      </RunInfo>
      <RunInfo computerName="Abhisheks-MacBook-Pro" outcome="Warning" timestamp="2026-01-26T17:37:55.5830950+01:00">
        <Text>[xUnit.net 00:00:06.24]     CRM.Tests.Performance.PerformanceTests.StressTest_MixedWorkload_Should_HandleGradualRampUp [SKIP]</Text>
      </RunInfo>
      <RunInfo computerName="Abhisheks-MacBook-Pro" outcome="Warning" timestamp="2026-01-26T17:37:55.5831230+01:00">
        <Text>[xUnit.net 00:00:06.24]     CRM.Tests.Performance.PerformanceTests.StressTest_Authentication_Should_HandleBurstLoad [SKIP]</Text>
      </RunInfo>
      <RunInfo computerName="Abhisheks-MacBook-Pro" outcome="Warning" timestamp="2026-01-26T17:37:55.5832160+01:00">
        <Text>[xUnit.net 00:00:06.24]     CRM.Tests.Performance.PerformanceTests.Benchmark_AllEndpoints_Should_MeetSLA [SKIP]</Text>
      </RunInfo>
      <RunInfo computerName="Abhisheks-MacBook-Pro" outcome="Warning" timestamp="2026-01-26T17:37:55.5832520+01:00">
        <Text>[xUnit.net 00:00:06.24]     CRM.Tests.Performance.PerformanceTests.LoadTest_GetOpportunities_Should_HandleConcurrentUsers [SKIP]</Text>
      </RunInfo>
      <RunInfo computerName="Abhisheks-MacBook-Pro" outcome="Warning" timestamp="2026-01-26T17:37:55.5864260+01:00">
        <Text>[xUnit.net 00:00:06.24]     CRM.Tests.Performance.PerformanceTests.LoadTest_GetContacts_Should_HandleConcurrentUsers [SKIP]</Text>
      </RunInfo>
      <RunInfo computerName="Abhisheks-MacBook-Pro" outcome="Warning" timestamp="2026-01-26T17:37:55.5864360+01:00">
        <Text>[xUnit.net 00:00:06.24]     CRM.Tests.Performance.PerformanceTests.LoadTest_GetCustomers_Should_HandleConcurrentUsers [SKIP]</Text>
      </RunInfo>
      <RunInfo computerName="Abhisheks-MacBook-Pro" outcome="Error" timestamp="2026-01-26T17:38:01.4750350+01:00">
        <Text>[xUnit.net 00:00:12.14]     CRM.Tests.Functional.ApiEndpointFunctionalTests.FT043_Get_Workflow_Tasks_Should_Return_List [FAIL]</Text>
      </RunInfo>
      <RunInfo computerName="Abhisheks-MacBook-Pro" outcome="Error" timestamp="2026-01-26T17:38:05.9585550+01:00">
        <Text>[xUnit.net 00:00:16.62]     CRM.Tests.Functional.ApiEndpointFunctionalTests.FT042_Get_Workflow_Instances_Should_Return_List [FAIL]</Text>
      </RunInfo>
      <RunInfo computerName="Abhisheks-MacBook-Pro" outcome="Error" timestamp="2026-01-26T17:38:09.4546650+01:00">
        <Text>[xUnit.net 00:00:20.11]     CRM.Tests.Functional.ApiEndpointFunctionalTests.FT041_Get_Workflow_Definitions_Should_Return_List [FAIL]</Text>
      </RunInfo>
    </RunInfos>
  </ResultSummary>
</TestRun>