<?xml version="1.0" encoding="utf-8"?>
<TestRun id="7a780a27-8af1-48d9-8278-55a1d036e98a" name="@Abhisheks-MacBook-Pro 2026-02-22 22:21:17" xmlns="http://microsoft.com/schemas/VisualStudio/TeamTest/2010">
  <Times creation="2026-02-22T22:21:17.5153460+01:00" queuing="2026-02-22T22:21:17.5153460+01:00" start="2026-02-22T22:21:16.7819490+01:00" finish="2026-02-22T22:21:18.0451800+01:00" />
  <TestSettings name="default" id="0ec7c505-5e81-40b5-a6f0-4ee18ec8c7d2">
    <Deployment runDeploymentRoot="_Abhisheks-MacBook-Pro_2026-02-22_22_21_17" />
  </TestSettings>
  <Results>
    <UnitTestResult executionId="c6a58dbc-21ce-4ec0-928e-f48bcc411edd" testId="44cba47e-2607-2cb8-2737-235fe5cd8e73" testName="CRM.SystemModule.Tests.Services.PermissionCacheServiceTests.GetUserPermissionsFromCacheAsync_WhenNotCached_ReturnsEmptySet" computerName="Abhisheks-MacBook-Pro" duration="00:00:00.1067631" startTime="2026-02-22T22:21:17.9073320+01:00" endTime="2026-02-22T22:21:17.9073320+01:00" testType="13cdc9d9-ddb5-4fa4-a97d-d965ccfc6d4b" outcome="Passed" testListId="8c84fa94-04c1-424b-9868-57a2d4851a1d" relativeResultsDirectory="c6a58dbc-21ce-4ec0-928e-f48bcc411edd" />
    <UnitTestResult executionId="203f62db-4754-457c-b123-1e6ddbd93cb0" testId="841c6389-c8c2-9542-3129-994ffd5922da" testName="CRM.SystemModule.Tests.Controllers.UsersControllerTests.SearchUsersByEmail_WithPartialMatch_ReturnsResults" computerName="Abhisheks-MacBook-Pro" duration="00:00:00.2079728" startTime="2026-02-22T22:21:17.7614780+01:00" endTime="2026-02-22T22:21:17.7614780+01:00" testType="13cdc9d9-ddb5-4fa4-a97d-d965ccfc6d4b" outcome="Passed" testListId="8c84fa94-04c1-424b-9868-57a2d4851a1d" relativeResultsDirectory="203f62db-4754-457c-b123-1e6ddbd93cb0" />
    <UnitTestResult executionId="a37e99ea-3dd6-4822-980b-34822e2f4d7c" testId="e520665e-da77-0474-a20c-38c0dea4e163" testName="CRM.SystemModule.Tests.Services.UserServiceTests.GetAllAsync_ReturnsAllUsers" computerName="Abhisheks-MacBook-Pro" duration="00:00:00.0037989" startTime="2026-02-22T22:21:17.7955890+01:00" endTime="2026-02-22T22:21:17.7955890+01:00" testType="13cdc9d9-ddb5-4fa4-a97d-d965ccfc6d4b" outcome="Passed" testListId="8c84fa94-04c1-424b-9868-57a2d4851a1d" relativeResultsDirectory="a37e99ea-3dd6-4822-980b-34822e2f4d7c" />
    <UnitTestResult executionId="531fbb8a-a9d5-4d35-9d67-e4e161624bdb" testId="105c59e3-2577-434a-79a0-31bdb8b57574" testName="CRM.SystemModule.Tests.Services.UICustomizationServiceTests.SystemSettings_UseGroupHeaderColor_CanBeToggled" computerName="Abhisheks-MacBook-Pro" duration="00:00:00.0003333" startTime="2026-02-22T22:21:17.5245310+01:00" endTime="2026-02-22T22:21:17.5245310+01:00" testType="13cdc9d9-ddb5-4fa4-a97d-d965ccfc6d4b" outcome="Passed" testListId="8c84fa94-04c1-424b-9868-57a2d4851a1d" relativeResultsDirectory="531fbb8a-a9d5-4d35-9d67-e4e161624bdb" />
    <UnitTestResult executionId="43a0dcb9-2f31-4524-ab75-efe28ea372d3" testId="dcd938c7-f734-4e3e-1564-6b15065b418d" testName="CRM.SystemModule.Tests.Services.FeatureFlagServiceTests.ProviderFlags_WhenAllBuiltIn_ReturnsFalse" computerName="Abhisheks-MacBook-Pro" duration="00:00:00.0041558" startTime="2026-02-22T22:21:17.5265630+01:00" endTime="2026-02-22T22:21:17.5265630+01:00" testType="13cdc9d9-ddb5-4fa4-a97d-d965ccfc6d4b" outcome="Passed" testListId="8c84fa94-04c1-424b-9868-57a2d4851a1d" relativeResultsDirectory="43a0dcb9-2f31-4524-ab75-efe28ea372d3" />
    <UnitTestResult executionId="536e0e49-fb19-413a-a428-dbb5253ab097" testId="6ce0d71a-3687-2185-821b-3ade739b597c" testName="CRM.SystemModule.Tests.Services.AdminDashboardServiceTests.GetProviderHealthSummaryAsync_ReturnsSummary" computerName="Abhisheks-MacBook-Pro" duration="00:00:00.0028737" startTime="2026-02-22T22:21:17.9448900+01:00" endTime="2026-02-22T22:21:17.9448900+01:00" testType="13cdc9d9-ddb5-4fa4-a97d-d965ccfc6d4b" outcome="Passed" testListId="8c84fa94-04c1-424b-9868-57a2d4851a1d" relativeResultsDirectory="536e0e49-fb19-413a-a428-dbb5253ab097" />
    <UnitTestResult executionId="13c710d9-1546-4044-8840-d38a3ae638f1" testId="5b698bd0-e805-96c9-e333-98906824eb05" testName="CRM.SystemModule.Tests.Services.UserGroupServiceTests.GetActiveGroupsAsync_ReturnsOnlyActiveGroups" computerName="Abhisheks-MacBook-Pro" duration="00:00:00.3622255" startTime="2026-02-22T22:21:17.7440030+01:00" endTime="2026-02-22T22:21:17.7440030+01:00" testType="13cdc9d9-ddb5-4fa4-a97d-d965ccfc6d4b" outcome="Passed" testListId="8c84fa94-04c1-424b-9868-57a2d4851a1d" relativeResultsDirectory="13c710d9-1546-4044-8840-d38a3ae638f1" />
    <UnitTestResult executionId="02271a74-63c1-4bff-a682-aae1547abba4" testId="21adc977-4c02-8f45-4afb-0b54678c80f5" testName="CRM.SystemModule.Tests.Controllers.UserGroupsControllerTests.GetAllGroups_ReturnsAllUserGroups" computerName="Abhisheks-MacBook-Pro" duration="00:00:00.0121834" startTime="2026-02-22T22:21:17.8599140+01:00" endTime="2026-02-22T22:21:17.8599140+01:00" testType="13cdc9d9-ddb5-4fa4-a97d-d965ccfc6d4b" outcome="Passed" testListId="8c84fa94-04c1-424b-9868-57a2d4851a1d" relativeResultsDirectory="02271a74-63c1-4bff-a682-aae1547abba4" />
    <UnitTestResult executionId="7ca64600-8b79-49ca-a500-5a5682a7606b" testId="5b20d8f0-da25-d493-3448-cd4402b8f8d8" testName="CRM.SystemModule.Tests.Services.UserGroupServiceTests.GetAllGroupsAsync_ReturnsAllGroups" computerName="Abhisheks-MacBook-Pro" duration="00:00:00.0029465" startTime="2026-02-22T22:21:17.8768020+01:00" endTime="2026-02-22T22:21:17.8768020+01:00" testType="13cdc9d9-ddb5-4fa4-a97d-d965ccfc6d4b" outcome="Passed" testListId="8c84fa94-04c1-424b-9868-57a2d4851a1d" relativeResultsDirectory="7ca64600-8b79-49ca-a500-5a5682a7606b" />
    <UnitTestResult executionId="1d5b29a1-8fc7-45e9-b010-fd346d4ceaa0" testId="6f34bc37-0b46-fb61-8732-b88542b23691" testName="CRM.SystemModule.Tests.Controllers.PermissionsControllerTests.Permission_EntityCreation_IsValid" computerName="Abhisheks-MacBook-Pro" duration="00:00:00.0000997" startTime="2026-02-22T22:21:17.5465940+01:00" endTime="2026-02-22T22:21:17.5465940+01:00" testType="13cdc9d9-ddb5-4fa4-a97d-d965ccfc6d4b" outcome="Passed" testListId="8c84fa94-04c1-424b-9868-57a2d4851a1d" relativeResultsDirectory="1d5b29a1-8fc7-45e9-b010-fd346d4ceaa0" />
    <UnitTestResult executionId="7111a702-a43d-420c-a8a3-f030a3f3d0f5" testId="38a169b0-ed78-4a1e-8f39-af3149b7d246" testName="CRM.SystemModule.Tests.Services.FeatureFlagServiceTests.ModuleFlags_WhenConfigured_LoadsCorrectly" computerName="Abhisheks-MacBook-Pro" duration="00:00:00.0009181" startTime="2026-02-22T22:21:17.5269310+01:00" endTime="2026-02-22T22:21:17.5269310+01:00" testType="13cdc9d9-ddb5-4fa4-a97d-d965ccfc6d4b" outcome="Passed" testListId="8c84fa94-04c1-424b-9868-57a2d4851a1d" relativeResultsDirectory="7111a702-a43d-420c-a8a3-f030a3f3d0f5" />
    <UnitTestResult executionId="cadcc459-fc2f-42db-9472-4574df39fced" testId="9f92a97f-ca76-fb6a-e11b-ff8987e41594" testName="CRM.SystemModule.Tests.Services.FeatureFlagServiceTests.AllFeatureNames_AreValid" computerName="Abhisheks-MacBook-Pro" duration="00:00:00.0005280" startTime="2026-02-22T22:21:17.5272880+01:00" endTime="2026-02-22T22:21:17.5272880+01:00" testType="13cdc9d9-ddb5-4fa4-a97d-d965ccfc6d4b" outcome="Passed" testListId="8c84fa94-04c1-424b-9868-57a2d4851a1d" relativeResultsDirectory="cadcc459-fc2f-42db-9472-4574df39fced" />
    <UnitTestResult executionId="b1f177f5-4ed1-4825-8d9a-cef3bf294561" testId="354db19f-80ba-615c-5d12-4e34acedb71a" testName="CRM.SystemModule.Tests.Services.PerformanceMonitoringServiceTests.SystemPerformanceMetricsDto_ResourceMetrics_AreTracked" computerName="Abhisheks-MacBook-Pro" duration="00:00:00.0000915" startTime="2026-02-22T22:21:17.5227720+01:00" endTime="2026-02-22T22:21:17.5227720+01:00" testType="13cdc9d9-ddb5-4fa4-a97d-d965ccfc6d4b" outcome="Passed" testListId="8c84fa94-04c1-424b-9868-57a2d4851a1d" relativeResultsDirectory="b1f177f5-4ed1-4825-8d9a-cef3bf294561" />
    <UnitTestResult executionId="a4c90555-041b-46b4-ab43-0b35395daa2b" testId="04377a1e-9c9f-e388-c0fa-3b81e333565d" testName="CRM.SystemModule.Tests.Services.PerformanceMonitoringServiceTests.ErrorRatePercent_ShouldBePercentage" computerName="Abhisheks-MacBook-Pro" duration="00:00:00.0000847" startTime="2026-02-22T22:21:17.5223460+01:00" endTime="2026-02-22T22:21:17.5223460+01:00" testType="13cdc9d9-ddb5-4fa4-a97d-d965ccfc6d4b" outcome="Passed" testListId="8c84fa94-04c1-424b-9868-57a2d4851a1d" relativeResultsDirectory="a4c90555-041b-46b4-ab43-0b35395daa2b" />
    <UnitTestResult executionId="473d4e1f-2d9b-4968-b4bb-d4973943c5bb" testId="31eee4e1-1a4f-61fe-c978-83d4b8b2414e" testName="CRM.SystemModule.Tests.Services.PerformanceMonitoringServiceTests.EndpointPerformanceMetricsDto_TracksEndpoints" computerName="Abhisheks-MacBook-Pro" duration="00:00:00.0001647" startTime="2026-02-22T22:21:17.5234930+01:00" endTime="2026-02-22T22:21:17.5234930+01:00" testType="13cdc9d9-ddb5-4fa4-a97d-d965ccfc6d4b" outcome="Passed" testListId="8c84fa94-04c1-424b-9868-57a2d4851a1d" relativeResultsDirectory="473d4e1f-2d9b-4968-b4bb-d4973943c5bb" />
    <UnitTestResult executionId="e279e393-0e59-4a8d-a705-ffc558e6a38a" testId="e8670b06-754a-1f22-ca4d-2de20ba2f384" testName="CRM.SystemModule.Tests.Services.UICustomizationServiceTests.SystemSettings_CompanyCustomization_PropertiesExist" computerName="Abhisheks-MacBook-Pro" duration="00:00:00.0002502" startTime="2026-02-22T22:21:17.5257210+01:00" endTime="2026-02-22T22:21:17.5257220+01:00" testType="13cdc9d9-ddb5-4fa4-a97d-d965ccfc6d4b" outcome="Passed" testListId="8c84fa94-04c1-424b-9868-57a2d4851a1d" relativeResultsDirectory="e279e393-0e59-4a8d-a705-ffc558e6a38a" />
    <UnitTestResult executionId="5a87e2c5-b92e-43b9-83e4-4115a5e4291b" testId="e5e2fed6-8387-127a-963d-15514631336c" testName="CRM.SystemModule.Tests.Services.RBACServiceTests.CheckPermissionAsync_WithDeniedUser_ReturnsFalse" computerName="Abhisheks-MacBook-Pro" duration="00:00:00.0589845" startTime="2026-02-22T22:21:17.7612160+01:00" endTime="2026-02-22T22:21:17.7612160+01:00" testType="13cdc9d9-ddb5-4fa4-a97d-d965ccfc6d4b" outcome="Passed" testListId="8c84fa94-04c1-424b-9868-57a2d4851a1d" relativeResultsDirectory="5a87e2c5-b92e-43b9-83e4-4115a5e4291b" />
    <UnitTestResult executionId="c8dedf34-f3a1-4ab2-b18d-70e4642531da" testId="c9f163c4-8480-ee11-09d4-341560018007" testName="CRM.SystemModule.Tests.Controllers.AuthenticationControllerTests.RefreshToken_WithValidToken_ReturnsNewToken" computerName="Abhisheks-MacBook-Pro" duration="00:00:00.0000154" startTime="2026-02-22T22:21:17.4925520+01:00" endTime="2026-02-22T22:21:17.4925520+01:00" testType="13cdc9d9-ddb5-4fa4-a97d-d965ccfc6d4b" outcome="Passed" testListId="8c84fa94-04c1-424b-9868-57a2d4851a1d" relativeResultsDirectory="c8dedf34-f3a1-4ab2-b18d-70e4642531da" />
    <UnitTestResult executionId="56a08191-79bc-416f-bbdc-eb05dec82385" testId="2f3b872b-f1b7-d4ad-d939-d7b76de5f394" testName="CRM.SystemModule.Tests.DTOs.SystemModuleDtoTests.CreateUserDto_WithValidData_IsValid" computerName="Abhisheks-MacBook-Pro" duration="00:00:00.0028248" startTime="2026-02-22T22:21:17.4868490+01:00" endTime="2026-02-22T22:21:17.4868490+01:00" testType="13cdc9d9-ddb5-4fa4-a97d-d965ccfc6d4b" outcome="Passed" testListId="8c84fa94-04c1-424b-9868-57a2d4851a1d" relativeResultsDirectory="56a08191-79bc-416f-bbdc-eb05dec82385" />
    <UnitTestResult executionId="733cb496-7ab4-4ca1-aaea-8d88d090ba8b" testId="d3a0c950-297b-8626-7d57-3ad38cbedab3" testName="CRM.SystemModule.Tests.Services.UserServiceTests.IsUserActiveAsync_WithInactiveUser_ReturnsFalse" computerName="Abhisheks-MacBook-Pro" duration="00:00:00.3882802" startTime="2026-02-22T22:21:17.7592910+01:00" endTime="2026-02-22T22:21:17.7592910+01:00" testType="13cdc9d9-ddb5-4fa4-a97d-d965ccfc6d4b" outcome="Passed" testListId="8c84fa94-04c1-424b-9868-57a2d4851a1d" relativeResultsDirectory="733cb496-7ab4-4ca1-aaea-8d88d090ba8b" />
    <UnitTestResult executionId="83d8016a-43db-416d-b6df-4ba1240c4d89" testId="14fce4c6-a877-91ed-3d03-e598f0806954" testName="CRM.SystemModule.Tests.Controllers.AuthenticationControllerTests.Register_WithDuplicateEmail_ReturnsConflict" computerName="Abhisheks-MacBook-Pro" duration="00:00:00.0000144" startTime="2026-02-22T22:21:17.4943900+01:00" endTime="2026-02-22T22:21:17.4943900+01:00" testType="13cdc9d9-ddb5-4fa4-a97d-d965ccfc6d4b" outcome="Passed" testListId="8c84fa94-04c1-424b-9868-57a2d4851a1d" relativeResultsDirectory="83d8016a-43db-416d-b6df-4ba1240c4d89" />
    <UnitTestResult executionId="9dbf63ce-4692-49bd-9ade-de2a80dcc706" testId="7cea50e9-77ea-04fe-d0f0-b415b20fac57" testName="CRM.SystemModule.Tests.Controllers.RolesControllerTests.CheckUserPermission_WithGrantedPermission_ReturnsTrue" computerName="Abhisheks-MacBook-Pro" duration="00:00:00.0349738" startTime="2026-02-22T22:21:17.9056020+01:00" endTime="2026-02-22T22:21:17.9056020+01:00" testType="13cdc9d9-ddb5-4fa4-a97d-d965ccfc6d4b" outcome="Passed" testListId="8c84fa94-04c1-424b-9868-57a2d4851a1d" relativeResultsDirectory="9dbf63ce-4692-49bd-9ade-de2a80dcc706" />
    <UnitTestResult executionId="7b5331a1-d47b-412e-9c13-7999bc5b73da" testId="6d5dab92-a49a-3723-e50d-154fc1c3aa85" testName="CRM.SystemModule.Tests.Services.UICustomizationServiceTests.SystemSettings_SupportsDefaultValues" computerName="Abhisheks-MacBook-Pro" duration="00:00:00.0001357" startTime="2026-02-22T22:21:17.5241990+01:00" endTime="2026-02-22T22:21:17.5241990+01:00" testType="13cdc9d9-ddb5-4fa4-a97d-d965ccfc6d4b" outcome="Passed" testListId="8c84fa94-04c1-424b-9868-57a2d4851a1d" relativeResultsDirectory="7b5331a1-d47b-412e-9c13-7999bc5b73da" />
    <UnitTestResult executionId="6558513f-cf7e-422b-9c6c-8f56d0af2146" testId="1fd33423-cfcc-6cd0-7cd7-6bffc1cd1098" testName="CRM.SystemModule.Tests.Services.UserServiceTests.IsUserActiveAsync_WithActiveUser_ReturnsTrue" computerName="Abhisheks-MacBook-Pro" duration="00:00:00.0036902" startTime="2026-02-22T22:21:17.7908920+01:00" endTime="2026-02-22T22:21:17.7908920+01:00" testType="13cdc9d9-ddb5-4fa4-a97d-d965ccfc6d4b" outcome="Passed" testListId="8c84fa94-04c1-424b-9868-57a2d4851a1d" relativeResultsDirectory="6558513f-cf7e-422b-9c6c-8f56d0af2146" />
    <UnitTestResult executionId="abcdaa9d-5875-4a33-81da-c167ece0b332" testId="f9e55ed1-e644-e5d8-23a7-98cce313d8b5" testName="CRM.SystemModule.Tests.Controllers.AuthenticationControllerTests.Login_WithInvalidEmail_ReturnsUnauthorized" computerName="Abhisheks-MacBook-Pro" duration="00:00:00.0000188" startTime="2026-02-22T22:21:17.4918280+01:00" endTime="2026-02-22T22:21:17.4918280+01:00" testType="13cdc9d9-ddb5-4fa4-a97d-d965ccfc6d4b" outcome="Passed" testListId="8c84fa94-04c1-424b-9868-57a2d4851a1d" relativeResultsDirectory="abcdaa9d-5875-4a33-81da-c167ece0b332" />
    <UnitTestResult executionId="86350f25-dbb5-4d33-b34d-536551946ea4" testId="ad112ac1-a5af-f47c-33d0-39a9951a3309" testName="CRM.SystemModule.Tests.Services.PerformanceMonitoringServiceTests.DatabasePerformanceMetricsDto_TracksConnections" computerName="Abhisheks-MacBook-Pro" duration="00:00:00.0004218" startTime="2026-02-22T22:21:17.4976470+01:00" endTime="2026-02-22T22:21:17.4976470+01:00" testType="13cdc9d9-ddb5-4fa4-a97d-d965ccfc6d4b" outcome="Passed" testListId="8c84fa94-04c1-424b-9868-57a2d4851a1d" relativeResultsDirectory="86350f25-dbb5-4d33-b34d-536551946ea4" />
    <UnitTestResult executionId="e0676ca2-122d-48dc-868f-41127784a5ba" testId="9c5862c2-740d-459e-f73c-cb10e31e715c" testName="CRM.SystemModule.Tests.Controllers.PermissionsControllerTests.Permission_NameProperty_IsRequired" computerName="Abhisheks-MacBook-Pro" duration="00:00:00.0001637" startTime="2026-02-22T22:21:17.5462540+01:00" endTime="2026-02-22T22:21:17.5462540+01:00" testType="13cdc9d9-ddb5-4fa4-a97d-d965ccfc6d4b" outcome="Passed" testListId="8c84fa94-04c1-424b-9868-57a2d4851a1d" relativeResultsDirectory="e0676ca2-122d-48dc-868f-41127784a5ba" />
    <UnitTestResult executionId="578aa6f3-6512-40d4-8d3f-f540db1514a0" testId="4580c33b-6d82-31da-f47e-8a4114d0def6" testName="CRM.SystemModule.Tests.Services.UserGroupServiceTests.IsUserInGroupAsync_WithNonMember_ReturnsFalse" computerName="Abhisheks-MacBook-Pro" duration="00:00:00.0255106" startTime="2026-02-22T22:21:17.8261280+01:00" endTime="2026-02-22T22:21:17.8261290+01:00" testType="13cdc9d9-ddb5-4fa4-a97d-d965ccfc6d4b" outcome="Passed" testListId="8c84fa94-04c1-424b-9868-57a2d4851a1d" relativeResultsDirectory="578aa6f3-6512-40d4-8d3f-f540db1514a0" />
    <UnitTestResult executionId="338bd0b5-6016-4480-9252-96930ab17d78" testId="6c0a6dbe-7cbb-1351-60ae-d09a69cd64ee" testName="CRM.SystemModule.Tests.Services.PerformanceMonitoringServiceTests.ResponseTime_ShouldBeNonNegative" computerName="Abhisheks-MacBook-Pro" duration="00:00:00.0001085" startTime="2026-02-22T22:21:17.4987710+01:00" endTime="2026-02-22T22:21:17.4987720+01:00" testType="13cdc9d9-ddb5-4fa4-a97d-d965ccfc6d4b" outcome="Passed" testListId="8c84fa94-04c1-424b-9868-57a2d4851a1d" relativeResultsDirectory="338bd0b5-6016-4480-9252-96930ab17d78" />
    <UnitTestResult executionId="fc4832fc-aa06-4a95-b159-e977a8213c71" testId="a8bac065-33a6-b801-d64b-46186fb5d412" testName="CRM.SystemModule.Tests.Controllers.AuthenticationControllerTests.Login_WithValidCredentials_ReturnsToken" computerName="Abhisheks-MacBook-Pro" duration="00:00:00.0000165" startTime="2026-02-22T22:21:17.4964210+01:00" endTime="2026-02-22T22:21:17.4964210+01:00" testType="13cdc9d9-ddb5-4fa4-a97d-d965ccfc6d4b" outcome="Passed" testListId="8c84fa94-04c1-424b-9868-57a2d4851a1d" relativeResultsDirectory="fc4832fc-aa06-4a95-b159-e977a8213c71" />
    <UnitTestResult executionId="80a5e4cf-946c-4bdc-8198-e0275d3104d3" testId="8a028918-5cd4-c43f-707d-39e7e2d071ff" testName="CRM.SystemModule.Tests.Services.PermissionCacheServiceTests.CacheKeyFormat_IsConsistent" computerName="Abhisheks-MacBook-Pro" duration="00:00:00.0003111" startTime="2026-02-22T22:21:17.9121980+01:00" endTime="2026-02-22T22:21:17.9121980+01:00" testType="13cdc9d9-ddb5-4fa4-a97d-d965ccfc6d4b" outcome="Passed" testListId="8c84fa94-04c1-424b-9868-57a2d4851a1d" relativeResultsDirectory="80a5e4cf-946c-4bdc-8198-e0275d3104d3" />
    <UnitTestResult executionId="91b390be-464c-4c74-b666-e0889203f7c6" testId="717ef598-f126-6e43-8f48-3470e72f1809" testName="CRM.SystemModule.Tests.Services.PermissionCacheServiceTests.SetUserPermissionsInCacheAsync_StoresPermissionsInCache" computerName="Abhisheks-MacBook-Pro" duration="00:00:00.4276185" startTime="2026-02-22T22:21:17.7962220+01:00" endTime="2026-02-22T22:21:17.7962220+01:00" testType="13cdc9d9-ddb5-4fa4-a97d-d965ccfc6d4b" outcome="Passed" testListId="8c84fa94-04c1-424b-9868-57a2d4851a1d" relativeResultsDirectory="91b390be-464c-4c74-b666-e0889203f7c6" />
    <UnitTestResult executionId="90c59000-6df3-4068-b9bc-81657ea165cb" testId="c908aeab-7c7f-720f-b8e2-7bb43345daf2" testName="CRM.SystemModule.Tests.Services.AdminDashboardServiceTests.GetSystemStatisticsAsync_ReturnsValidStatistics" computerName="Abhisheks-MacBook-Pro" duration="00:00:00.0252770" startTime="2026-02-22T22:21:17.9817970+01:00" endTime="2026-02-22T22:21:17.9817970+01:00" testType="13cdc9d9-ddb5-4fa4-a97d-d965ccfc6d4b" outcome="Failed" testListId="8c84fa94-04c1-424b-9868-57a2d4851a1d" relativeResultsDirectory="90c59000-6df3-4068-b9bc-81657ea165cb">
      <Output>
        <ErrorInfo>
          <Message>System.ArgumentNullException : Value cannot be null. (Parameter 'source')</Message>
          <StackTrace>   at System.ArgumentNullException.Throw(String paramName)
   at System.ArgumentNullException.ThrowIfNull(Object argument, String paramName)
   at System.Linq.Queryable.Where[TSource](IQueryable`1 source, Expression`1 predicate)
   at CRM.Infrastructure.Services.AdminDashboardService.GetSystemStatisticsAsync(CancellationToken cancellationToken) in /Users/alal/Code/Git CRM Solution/crm-solution/CRM.Backend/src/CRM.Infrastructure/Services/AdminDashboardService.cs:line 85
   at CRM.SystemModule.Tests.Services.AdminDashboardServiceTests.GetSystemStatisticsAsync_ReturnsValidStatistics() in /Users/alal/Code/Git CRM Solution/crm-solution/CRM.Backend/tests/CRM.SystemModule.Tests/Services/AdminDashboardServiceTests.cs:line 90
--- End of stack trace from previous location ---</StackTrace>
        </ErrorInfo>
      </Output>
    </UnitTestResult>
    <UnitTestResult executionId="ffafb34b-b361-4b81-94b2-628ec8999162" testId="f2084afc-0858-83d5-0c8a-ffc7afa9c12b" testName="CRM.SystemModule.Tests.Controllers.UserGroupsControllerTests.GetGroupMembers_WithValidGroupId_ReturnsMembers" computerName="Abhisheks-MacBook-Pro" duration="00:00:00.0863177" startTime="2026-02-22T22:21:17.8468410+01:00" endTime="2026-02-22T22:21:17.8468410+01:00" testType="13cdc9d9-ddb5-4fa4-a97d-d965ccfc6d4b" outcome="Passed" testListId="8c84fa94-04c1-424b-9868-57a2d4851a1d" relativeResultsDirectory="ffafb34b-b361-4b81-94b2-628ec8999162" />
    <UnitTestResult executionId="bd829d29-c62d-45d6-9959-356c4f736bbd" testId="76878e2c-f4c9-2c5e-7a1f-be646f0386ee" testName="CRM.SystemModule.Tests.DTOs.SystemModuleDtoTests.AuthResponse_WithValidToken_IsValid" computerName="Abhisheks-MacBook-Pro" duration="00:00:00.0038568" startTime="2026-02-22T22:21:17.4866520+01:00" endTime="2026-02-22T22:21:17.4866520+01:00" testType="13cdc9d9-ddb5-4fa4-a97d-d965ccfc6d4b" outcome="Passed" testListId="8c84fa94-04c1-424b-9868-57a2d4851a1d" relativeResultsDirectory="bd829d29-c62d-45d6-9959-356c4f736bbd" />
    <UnitTestResult executionId="8c73a431-893b-405c-a1b2-875e5936886a" testId="7901d0d8-03d2-a50f-2343-5ec3becea7f5" testName="CRM.SystemModule.Tests.Controllers.FeatureFlagsControllerTests.ModuleSelection_WithMixedConfig_ReturnsCorrectValues" computerName="Abhisheks-MacBook-Pro" duration="00:00:00.0013653" startTime="2026-02-22T22:21:17.7812780+01:00" endTime="2026-02-22T22:21:17.7812780+01:00" testType="13cdc9d9-ddb5-4fa4-a97d-d965ccfc6d4b" outcome="Passed" testListId="8c84fa94-04c1-424b-9868-57a2d4851a1d" relativeResultsDirectory="8c73a431-893b-405c-a1b2-875e5936886a" />
    <UnitTestResult executionId="864e3af7-fa85-4f81-ad09-1b5277c7157c" testId="39679076-dd2e-9de3-83c4-8fb25049100d" testName="CRM.SystemModule.Tests.Controllers.FeatureFlagsControllerTests.GetFeatureFlag_WithValidName_ReturnsFlag" computerName="Abhisheks-MacBook-Pro" duration="00:00:00.0008508" startTime="2026-02-22T22:21:17.7819160+01:00" endTime="2026-02-22T22:21:17.7819160+01:00" testType="13cdc9d9-ddb5-4fa4-a97d-d965ccfc6d4b" outcome="Passed" testListId="8c84fa94-04c1-424b-9868-57a2d4851a1d" relativeResultsDirectory="864e3af7-fa85-4f81-ad09-1b5277c7157c" />
    <UnitTestResult executionId="9883ca34-af58-4542-9947-ba8a7dfeccd5" testId="7d1dc5f2-16db-fefc-4e89-99ed663f9da2" testName="CRM.SystemModule.Tests.Services.PerformanceMonitoringServiceTests.SystemPerformanceMetricsDto_CanStoreMetrics" computerName="Abhisheks-MacBook-Pro" duration="00:00:00.0091546" startTime="2026-02-22T22:21:17.5206640+01:00" endTime="2026-02-22T22:21:17.5206640+01:00" testType="13cdc9d9-ddb5-4fa4-a97d-d965ccfc6d4b" outcome="Passed" testListId="8c84fa94-04c1-424b-9868-57a2d4851a1d" relativeResultsDirectory="9883ca34-af58-4542-9947-ba8a7dfeccd5" />
    <UnitTestResult executionId="2c877d81-8409-4fcc-b6e2-42a4af5327ed" testId="16c4195d-92af-2662-24ba-b59b21503e39" testName="CRM.SystemModule.Tests.DTOs.SystemModuleDtoTests.PermissionDto_Creation_IsValid" computerName="Abhisheks-MacBook-Pro" duration="00:00:00.0001144" startTime="2026-02-22T22:21:17.4862280+01:00" endTime="2026-02-22T22:21:17.4862280+01:00" testType="13cdc9d9-ddb5-4fa4-a97d-d965ccfc6d4b" outcome="Passed" testListId="8c84fa94-04c1-424b-9868-57a2d4851a1d" relativeResultsDirectory="2c877d81-8409-4fcc-b6e2-42a4af5327ed" />
    <UnitTestResult executionId="3ce8cfa0-73db-4a0c-a835-4909158f7b92" testId="c2806488-120d-5d5a-21b6-38e28c5b3514" testName="CRM.SystemModule.Tests.Controllers.AuthenticationControllerTests.RefreshToken_WithExpiredToken_ReturnsUnauthorized" computerName="Abhisheks-MacBook-Pro" duration="00:00:00.0000152" startTime="2026-02-22T22:21:17.4935590+01:00" endTime="2026-02-22T22:21:17.4935590+01:00" testType="13cdc9d9-ddb5-4fa4-a97d-d965ccfc6d4b" outcome="Passed" testListId="8c84fa94-04c1-424b-9868-57a2d4851a1d" relativeResultsDirectory="3ce8cfa0-73db-4a0c-a835-4909158f7b92" />
    <UnitTestResult executionId="e178abdf-d21f-4fac-912a-28d2672b09e0" testId="b1aa859f-ec7c-0847-8cb6-f81ff6cb2028" testName="CRM.SystemModule.Tests.Services.AdminDashboardServiceTests.GetAllModuleStatusAsync_ReturnsModuleStatuses" computerName="Abhisheks-MacBook-Pro" duration="00:00:00.4740598" startTime="2026-02-22T22:21:17.9421310+01:00" endTime="2026-02-22T22:21:17.9421310+01:00" testType="13cdc9d9-ddb5-4fa4-a97d-d965ccfc6d4b" outcome="Passed" testListId="8c84fa94-04c1-424b-9868-57a2d4851a1d" relativeResultsDirectory="e178abdf-d21f-4fac-912a-28d2672b09e0" />
    <UnitTestResult executionId="d647c556-549d-4aa7-95c4-a2c9e53fc283" testId="0ffa0ffb-853e-fe74-1759-d99e34ee76f8" testName="CRM.SystemModule.Tests.Services.UICustomizationServiceTests.SystemSettings_CompanyLogo_CanBeSet" computerName="Abhisheks-MacBook-Pro" duration="00:00:00.0002181" startTime="2026-02-22T22:21:17.5248410+01:00" endTime="2026-02-22T22:21:17.5248410+01:00" testType="13cdc9d9-ddb5-4fa4-a97d-d965ccfc6d4b" outcome="Passed" testListId="8c84fa94-04c1-424b-9868-57a2d4851a1d" relativeResultsDirectory="d647c556-549d-4aa7-95c4-a2c9e53fc283" />
    <UnitTestResult executionId="daa2798e-a0d5-4a75-b52e-97b934d1aa1c" testId="c86dc497-2f04-89e9-3e42-e5e8024b2a40" testName="CRM.SystemModule.Tests.Services.UserGroupServiceTests.IsUserInGroupAsync_WithMember_ReturnsTrue" computerName="Abhisheks-MacBook-Pro" duration="00:00:00.0070318" startTime="2026-02-22T22:21:17.8741600+01:00" endTime="2026-02-22T22:21:17.8741600+01:00" testType="13cdc9d9-ddb5-4fa4-a97d-d965ccfc6d4b" outcome="Passed" testListId="8c84fa94-04c1-424b-9868-57a2d4851a1d" relativeResultsDirectory="daa2798e-a0d5-4a75-b52e-97b934d1aa1c" />
    <UnitTestResult executionId="90184ca3-a5e8-4979-acdd-0aaf333e5dd9" testId="175c01cd-9cad-0b6d-b95f-f4ae9255431f" testName="CRM.SystemModule.Tests.Services.UserGroupServiceTests.GetGroupMembersAsync_ReturnsGroupMembers" computerName="Abhisheks-MacBook-Pro" duration="00:00:00.0641448" startTime="2026-02-22T22:21:17.7936210+01:00" endTime="2026-02-22T22:21:17.7936210+01:00" testType="13cdc9d9-ddb5-4fa4-a97d-d965ccfc6d4b" outcome="Passed" testListId="8c84fa94-04c1-424b-9868-57a2d4851a1d" relativeResultsDirectory="90184ca3-a5e8-4979-acdd-0aaf333e5dd9" />
    <UnitTestResult executionId="c18ad1b5-9b52-4846-924a-c07f8c1d41e8" testId="24a76f8e-d3bf-e3b5-adb1-0f5b6f5f3abc" testName="CRM.SystemModule.Tests.DTOs.SystemModuleDtoTests.LoginRequest_WithValidCredentials_IsValid" computerName="Abhisheks-MacBook-Pro" duration="00:00:00.0006486" startTime="2026-02-22T22:21:17.4619250+01:00" endTime="2026-02-22T22:21:17.4619250+01:00" testType="13cdc9d9-ddb5-4fa4-a97d-d965ccfc6d4b" outcome="Passed" testListId="8c84fa94-04c1-424b-9868-57a2d4851a1d" relativeResultsDirectory="c18ad1b5-9b52-4846-924a-c07f8c1d41e8" />
    <UnitTestResult executionId="2ed2dd96-5f69-423e-b121-0d0df253e8ef" testId="25e9c472-cb99-1d58-0723-7b57a1e02a4c" testName="CRM.SystemModule.Tests.DTOs.SystemModuleDtoTests.UserDto_Creation_IsValid" computerName="Abhisheks-MacBook-Pro" duration="00:00:00.0090167" startTime="2026-02-22T22:21:17.4564520+01:00" endTime="2026-02-22T22:21:17.4564650+01:00" testType="13cdc9d9-ddb5-4fa4-a97d-d965ccfc6d4b" outcome="Passed" testListId="8c84fa94-04c1-424b-9868-57a2d4851a1d" relativeResultsDirectory="2ed2dd96-5f69-423e-b121-0d0df253e8ef" />
    <UnitTestResult executionId="63f673c8-a244-431d-bce3-66709672e680" testId="0b1afa3d-9fb1-454d-55ef-9781f97a4eb0" testName="CRM.SystemModule.Tests.Services.UserServiceTests.GetUserByIdAsync_WithValidId_ReturnsUser" computerName="Abhisheks-MacBook-Pro" duration="00:00:00.0020437" startTime="2026-02-22T22:21:17.7705600+01:00" endTime="2026-02-22T22:21:17.7705600+01:00" testType="13cdc9d9-ddb5-4fa4-a97d-d965ccfc6d4b" outcome="Passed" testListId="8c84fa94-04c1-424b-9868-57a2d4851a1d" relativeResultsDirectory="63f673c8-a244-431d-bce3-66709672e680" />
    <UnitTestResult executionId="1c4a1af8-5212-4cfc-9e4d-10596e687ddf" testId="67bb3071-5f65-f2d8-366a-684984aed9b3" testName="CRM.SystemModule.Tests.DTOs.SystemModuleDtoTests.AdminDashboardDto_Creation_IsValid" computerName="Abhisheks-MacBook-Pro" duration="00:00:00.0142752" startTime="2026-02-22T22:21:17.4883890+01:00" endTime="2026-02-22T22:21:17.4883900+01:00" testType="13cdc9d9-ddb5-4fa4-a97d-d965ccfc6d4b" outcome="Passed" testListId="8c84fa94-04c1-424b-9868-57a2d4851a1d" relativeResultsDirectory="1c4a1af8-5212-4cfc-9e4d-10596e687ddf" />
    <UnitTestResult executionId="2cc397de-89a9-4212-a7c6-4d4b54d4b616" testId="3b7cc839-ea74-727b-66cd-c20a3482e7ff" testName="CRM.SystemModule.Tests.DTOs.SystemModuleDtoTests.UserGroupDto_Creation_IsValid" computerName="Abhisheks-MacBook-Pro" duration="00:00:00.0001251" startTime="2026-02-22T22:21:17.4864520+01:00" endTime="2026-02-22T22:21:17.4864530+01:00" testType="13cdc9d9-ddb5-4fa4-a97d-d965ccfc6d4b" outcome="Passed" testListId="8c84fa94-04c1-424b-9868-57a2d4851a1d" relativeResultsDirectory="2cc397de-89a9-4212-a7c6-4d4b54d4b616" />
    <UnitTestResult executionId="18d3899c-3bbb-48b7-9bd8-2cdc13d03e29" testId="c270a43a-fd5a-00d0-69a9-30ef866224c9" testName="CRM.SystemModule.Tests.Controllers.UsersControllerTests.GetUser_WithValidId_ReturnsUser" computerName="Abhisheks-MacBook-Pro" duration="00:00:00.0050285" startTime="2026-02-22T22:21:17.7722270+01:00" endTime="2026-02-22T22:21:17.7722270+01:00" testType="13cdc9d9-ddb5-4fa4-a97d-d965ccfc6d4b" outcome="Passed" testListId="8c84fa94-04c1-424b-9868-57a2d4851a1d" relativeResultsDirectory="18d3899c-3bbb-48b7-9bd8-2cdc13d03e29" />
    <UnitTestResult executionId="cec9d7a3-0655-4799-8329-fd5d63aa307a" testId="4317e2e2-4f54-afdb-2c7d-c8fc5a3636c3" testName="CRM.SystemModule.Tests.Services.UserServiceTests.GetUserByUsernameAsync_WithValidUsername_ReturnsUser" computerName="Abhisheks-MacBook-Pro" duration="00:00:00.0323660" startTime="2026-02-22T22:21:17.8287580+01:00" endTime="2026-02-22T22:21:17.8287580+01:00" testType="13cdc9d9-ddb5-4fa4-a97d-d965ccfc6d4b" outcome="Passed" testListId="8c84fa94-04c1-424b-9868-57a2d4851a1d" relativeResultsDirectory="cec9d7a3-0655-4799-8329-fd5d63aa307a" />
    <UnitTestResult executionId="1083af42-386e-4841-902e-cb75213687c3" testId="c900df27-7f00-4d87-4b80-d7d10a358c81" testName="CRM.SystemModule.Tests.Services.UICustomizationServiceTests.SystemSettings_ColorValues_AreValidHexFormat" computerName="Abhisheks-MacBook-Pro" duration="00:00:00.0003428" startTime="2026-02-22T22:21:17.5254160+01:00" endTime="2026-02-22T22:21:17.5254160+01:00" testType="13cdc9d9-ddb5-4fa4-a97d-d965ccfc6d4b" outcome="Passed" testListId="8c84fa94-04c1-424b-9868-57a2d4851a1d" relativeResultsDirectory="1083af42-386e-4841-902e-cb75213687c3" />
    <UnitTestResult executionId="8204f634-6ffc-4a27-8aed-d0bd451d9f7c" testId="275b2ca5-a737-bb97-6493-6d04f6fb8648" testName="CRM.SystemModule.Tests.Controllers.FeatureFlagsControllerTests.GetFeatureFlags_ReturnsAllFlags" computerName="Abhisheks-MacBook-Pro" duration="00:00:00.0052528" startTime="2026-02-22T22:21:17.7863440+01:00" endTime="2026-02-22T22:21:17.7863440+01:00" testType="13cdc9d9-ddb5-4fa4-a97d-d965ccfc6d4b" outcome="Passed" testListId="8c84fa94-04c1-424b-9868-57a2d4851a1d" relativeResultsDirectory="8204f634-6ffc-4a27-8aed-d0bd451d9f7c" />
    <UnitTestResult executionId="1017ec43-8930-4c81-9e16-6836e3619c6b" testId="1006d4a8-e9d5-31d8-fb0e-ab622dc53acd" testName="CRM.SystemModule.Tests.Services.UserServiceTests.GetUserByEmailAsync_WithValidEmail_ReturnsUser" computerName="Abhisheks-MacBook-Pro" duration="00:00:00.0059131" startTime="2026-02-22T22:21:17.8337770+01:00" endTime="2026-02-22T22:21:17.8337770+01:00" testType="13cdc9d9-ddb5-4fa4-a97d-d965ccfc6d4b" outcome="Passed" testListId="8c84fa94-04c1-424b-9868-57a2d4851a1d" relativeResultsDirectory="1017ec43-8930-4c81-9e16-6836e3619c6b" />
    <UnitTestResult executionId="1fa8a018-223d-4a6c-ae94-7848db7bb428" testId="b37be606-a759-faa9-62a2-464e419ee390" testName="CRM.SystemModule.Tests.DTOs.SystemModuleDtoTests.UpdateUserDto_WithValidData_IsValid" computerName="Abhisheks-MacBook-Pro" duration="00:00:00.0001178" startTime="2026-02-22T22:21:17.4857990+01:00" endTime="2026-02-22T22:21:17.4857990+01:00" testType="13cdc9d9-ddb5-4fa4-a97d-d965ccfc6d4b" outcome="Passed" testListId="8c84fa94-04c1-424b-9868-57a2d4851a1d" relativeResultsDirectory="1fa8a018-223d-4a6c-ae94-7848db7bb428" />
    <UnitTestResult executionId="6a5c6e94-10e1-40f1-a284-a2922c79549c" testId="305b1fea-eb87-906f-169e-5d6c3266aeb1" testName="CRM.SystemModule.Tests.Services.UserGroupServiceTests.GetGroupByIdAsync_WithInvalidId_ReturnsNull" computerName="Abhisheks-MacBook-Pro" duration="00:00:00.0289647" startTime="2026-02-22T22:21:17.8670490+01:00" endTime="2026-02-22T22:21:17.8670500+01:00" testType="13cdc9d9-ddb5-4fa4-a97d-d965ccfc6d4b" outcome="Passed" testListId="8c84fa94-04c1-424b-9868-57a2d4851a1d" relativeResultsDirectory="6a5c6e94-10e1-40f1-a284-a2922c79549c" />
    <UnitTestResult executionId="1ab3be5d-9b88-4d5b-935f-4fcab8629a52" testId="b69c8dfc-6c13-452f-9ffd-37068bfba1b0" testName="CRM.SystemModule.Tests.Services.RBACServiceTests.CheckPermissionAsync_WithPermittedUser_ReturnsTrue" computerName="Abhisheks-MacBook-Pro" duration="00:00:00.3343867" startTime="2026-02-22T22:21:17.7052090+01:00" endTime="2026-02-22T22:21:17.7052090+01:00" testType="13cdc9d9-ddb5-4fa4-a97d-d965ccfc6d4b" outcome="Passed" testListId="8c84fa94-04c1-424b-9868-57a2d4851a1d" relativeResultsDirectory="1ab3be5d-9b88-4d5b-935f-4fcab8629a52" />
    <UnitTestResult executionId="b9c494d3-cbb3-4487-885c-22de1125c996" testId="a3f51ef7-a779-3d46-d220-c5e52973e884" testName="CRM.SystemModule.Tests.Controllers.RolesControllerTests.GetRolePermissions_WithValidRole_ReturnsPermissions" computerName="Abhisheks-MacBook-Pro" duration="00:00:00.0713312" startTime="2026-02-22T22:21:17.8696170+01:00" endTime="2026-02-22T22:21:17.8696170+01:00" testType="13cdc9d9-ddb5-4fa4-a97d-d965ccfc6d4b" outcome="Passed" testListId="8c84fa94-04c1-424b-9868-57a2d4851a1d" relativeResultsDirectory="b9c494d3-cbb3-4487-885c-22de1125c996" />
    <UnitTestResult executionId="dd204827-4c27-42cd-b019-831177aff4cc" testId="58a3b60d-ced6-67de-49bd-d1edcbce0672" testName="CRM.SystemModule.Tests.Services.FeatureFlagServiceTests.ProviderFlags_WhenAllExternal_ReturnsTrue" computerName="Abhisheks-MacBook-Pro" duration="00:00:00.0908472" startTime="2026-02-22T22:21:17.5261550+01:00" endTime="2026-02-22T22:21:17.5261550+01:00" testType="13cdc9d9-ddb5-4fa4-a97d-d965ccfc6d4b" outcome="Passed" testListId="8c84fa94-04c1-424b-9868-57a2d4851a1d" relativeResultsDirectory="dd204827-4c27-42cd-b019-831177aff4cc" />
    <UnitTestResult executionId="9c99ff63-8098-484c-8b99-31e0e28c7af4" testId="6d116f11-f15d-9669-1abd-a3a9004b878d" testName="CRM.SystemModule.Tests.Services.AdminDashboardServiceTests.IsSystemHealthyAsync_ReturnsHealthStatus" computerName="Abhisheks-MacBook-Pro" duration="00:00:00.0132053" startTime="2026-02-22T22:21:17.9910560+01:00" endTime="2026-02-22T22:21:17.9910560+01:00" testType="13cdc9d9-ddb5-4fa4-a97d-d965ccfc6d4b" outcome="Passed" testListId="8c84fa94-04c1-424b-9868-57a2d4851a1d" relativeResultsDirectory="9c99ff63-8098-484c-8b99-31e0e28c7af4" />
    <UnitTestResult executionId="46849e12-25a7-4ddc-9a8d-7d88f25d09bd" testId="75572589-65d2-7016-71d2-591304b5fef2" testName="CRM.SystemModule.Tests.Controllers.RolesControllerTests.GetUserRoles_WithValidUser_ReturnsRoles" computerName="Abhisheks-MacBook-Pro" duration="00:00:00.3750445" startTime="2026-02-22T22:21:17.7971390+01:00" endTime="2026-02-22T22:21:17.7971390+01:00" testType="13cdc9d9-ddb5-4fa4-a97d-d965ccfc6d4b" outcome="Passed" testListId="8c84fa94-04c1-424b-9868-57a2d4851a1d" relativeResultsDirectory="46849e12-25a7-4ddc-9a8d-7d88f25d09bd" />
    <UnitTestResult executionId="632579de-e1ae-4d82-a00a-d119769c1390" testId="524bd61e-defb-4d37-21d5-b49306becb7e" testName="CRM.SystemModule.Tests.DTOs.SystemModuleDtoTests.SystemSettingsDto_Creation_IsValid" computerName="Abhisheks-MacBook-Pro" duration="00:00:00.0005922" startTime="2026-02-22T22:21:17.4874750+01:00" endTime="2026-02-22T22:21:17.4874750+01:00" testType="13cdc9d9-ddb5-4fa4-a97d-d965ccfc6d4b" outcome="Passed" testListId="8c84fa94-04c1-424b-9868-57a2d4851a1d" relativeResultsDirectory="632579de-e1ae-4d82-a00a-d119769c1390" />
    <UnitTestResult executionId="1bc0d306-cd44-45cc-b945-469b44812dd8" testId="a26a3b7e-27ba-38e7-05c6-5800dcaa9d47" testName="CRM.SystemModule.Tests.Services.RBACServiceTests.GetUserRolesAsync_ReturnsAllUserRoles" computerName="Abhisheks-MacBook-Pro" duration="00:00:00.0284771" startTime="2026-02-22T22:21:17.7917880+01:00" endTime="2026-02-22T22:21:17.7917890+01:00" testType="13cdc9d9-ddb5-4fa4-a97d-d965ccfc6d4b" outcome="Passed" testListId="8c84fa94-04c1-424b-9868-57a2d4851a1d" relativeResultsDirectory="1bc0d306-cd44-45cc-b945-469b44812dd8" />
    <UnitTestResult executionId="d3e36353-9ef3-45c5-a0bd-a0f23563bd86" testId="b4801cb8-1293-2bea-914d-0b8238d3c408" testName="CRM.SystemModule.Tests.Controllers.FeatureFlagsControllerTests.ToggleFeatureFlag_ChangesState" computerName="Abhisheks-MacBook-Pro" duration="00:00:00.0008811" startTime="2026-02-22T22:21:17.7816180+01:00" endTime="2026-02-22T22:21:17.7816180+01:00" testType="13cdc9d9-ddb5-4fa4-a97d-d965ccfc6d4b" outcome="Passed" testListId="8c84fa94-04c1-424b-9868-57a2d4851a1d" relativeResultsDirectory="d3e36353-9ef3-45c5-a0bd-a0f23563bd86" />
    <UnitTestResult executionId="17ca7dc6-d29a-4215-8b78-50a9ea56135c" testId="ca3e3545-8130-8a2c-272f-9d5e8f8a164f" testName="CRM.SystemModule.Tests.Controllers.UserGroupsControllerTests.GetGroup_WithValidId_ReturnsGroup" computerName="Abhisheks-MacBook-Pro" duration="00:00:00.3904996" startTime="2026-02-22T22:21:17.7604300+01:00" endTime="2026-02-22T22:21:17.7604300+01:00" testType="13cdc9d9-ddb5-4fa4-a97d-d965ccfc6d4b" outcome="Passed" testListId="8c84fa94-04c1-424b-9868-57a2d4851a1d" relativeResultsDirectory="17ca7dc6-d29a-4215-8b78-50a9ea56135c" />
    <UnitTestResult executionId="7a3f9a34-a249-44ed-bc25-ec08c703deb8" testId="726c3b95-1783-e84d-3544-e75a904955d3" testName="CRM.SystemModule.Tests.Controllers.PermissionsControllerTests.GetAllPermissions_ReturnsAllPermissions" computerName="Abhisheks-MacBook-Pro" duration="00:00:00.0079025" startTime="2026-02-22T22:21:17.5530580+01:00" endTime="2026-02-22T22:21:17.5530580+01:00" testType="13cdc9d9-ddb5-4fa4-a97d-d965ccfc6d4b" outcome="Passed" testListId="8c84fa94-04c1-424b-9868-57a2d4851a1d" relativeResultsDirectory="7a3f9a34-a249-44ed-bc25-ec08c703deb8" />
    <UnitTestResult executionId="a9a7ee98-d498-428b-8d82-425ea4697030" testId="fd0a32e9-2bdc-e2c0-fd01-1c8ac373213c" testName="CRM.SystemModule.Tests.DTOs.SystemModuleDtoTests.RefreshTokenRequest_WithValidToken_IsValid" computerName="Abhisheks-MacBook-Pro" duration="00:00:00.0004704" startTime="2026-02-22T22:21:17.4893370+01:00" endTime="2026-02-22T22:21:17.4893370+01:00" testType="13cdc9d9-ddb5-4fa4-a97d-d965ccfc6d4b" outcome="Passed" testListId="8c84fa94-04c1-424b-9868-57a2d4851a1d" relativeResultsDirectory="a9a7ee98-d498-428b-8d82-425ea4697030" />
    <UnitTestResult executionId="987b15da-3f61-49d3-acfb-e0c78fc6a716" testId="730d7ccc-1714-43d6-dbba-56caf1861f92" testName="CRM.SystemModule.Tests.Controllers.PermissionsControllerTests.Permission_WithValidProperties_IsValid" computerName="Abhisheks-MacBook-Pro" duration="00:00:00.1757305" startTime="2026-02-22T22:21:17.5449810+01:00" endTime="2026-02-22T22:21:17.5449810+01:00" testType="13cdc9d9-ddb5-4fa4-a97d-d965ccfc6d4b" outcome="Passed" testListId="8c84fa94-04c1-424b-9868-57a2d4851a1d" relativeResultsDirectory="987b15da-3f61-49d3-acfb-e0c78fc6a716" />
    <UnitTestResult executionId="58a11c3e-4a9a-496b-93ac-03c7e9c993f4" testId="81b4a248-9fb7-b555-b4e8-76edd74072f7" testName="CRM.SystemModule.Tests.Controllers.AuthenticationControllerTests.Register_WithValidData_CreatesUser" computerName="Abhisheks-MacBook-Pro" duration="00:00:00.0000181" startTime="2026-02-22T22:21:17.4954410+01:00" endTime="2026-02-22T22:21:17.4954410+01:00" testType="13cdc9d9-ddb5-4fa4-a97d-d965ccfc6d4b" outcome="Passed" testListId="8c84fa94-04c1-424b-9868-57a2d4851a1d" relativeResultsDirectory="58a11c3e-4a9a-496b-93ac-03c7e9c993f4" />
    <UnitTestResult executionId="66fed484-8929-43a0-bd56-f693bee5b7d1" testId="3d0d2454-07ac-f0d4-0a4b-ccaa441a9230" testName="CRM.SystemModule.Tests.Services.UICustomizationServiceTests.SystemSettings_CanStoreBrandingPreferences" computerName="Abhisheks-MacBook-Pro" duration="00:00:00.0004789" startTime="2026-02-22T22:21:17.5238610+01:00" endTime="2026-02-22T22:21:17.5238610+01:00" testType="13cdc9d9-ddb5-4fa4-a97d-d965ccfc6d4b" outcome="Passed" testListId="8c84fa94-04c1-424b-9868-57a2d4851a1d" relativeResultsDirectory="66fed484-8929-43a0-bd56-f693bee5b7d1" />
    <UnitTestResult executionId="64bcb9fd-8527-4ec5-b3c2-2de5c636e78f" testId="ad842582-acff-10db-3d98-bef28ccdb5e2" testName="CRM.SystemModule.Tests.Controllers.UsersControllerTests.GetUser_WithInvalidId_ReturnsNull" computerName="Abhisheks-MacBook-Pro" duration="00:00:00.0043019" startTime="2026-02-22T22:21:17.7767870+01:00" endTime="2026-02-22T22:21:17.7767870+01:00" testType="13cdc9d9-ddb5-4fa4-a97d-d965ccfc6d4b" outcome="Passed" testListId="8c84fa94-04c1-424b-9868-57a2d4851a1d" relativeResultsDirectory="64bcb9fd-8527-4ec5-b3c2-2de5c636e78f" />
    <UnitTestResult executionId="1d7a3a28-0319-4215-b649-7bf334aa019c" testId="1251e7f0-9e5b-d43f-6235-7c5508e266cd" testName="CRM.SystemModule.Tests.Services.PermissionCacheServiceTests.InvalidateUserCacheAsync_RemovesUserCache" computerName="Abhisheks-MacBook-Pro" duration="00:00:00.0047674" startTime="2026-02-22T22:21:17.9118140+01:00" endTime="2026-02-22T22:21:17.9118140+01:00" testType="13cdc9d9-ddb5-4fa4-a97d-d965ccfc6d4b" outcome="Passed" testListId="8c84fa94-04c1-424b-9868-57a2d4851a1d" relativeResultsDirectory="1d7a3a28-0319-4215-b649-7bf334aa019c" />
    <UnitTestResult executionId="ec9ab2c1-0912-4b14-9d49-61c224ebf3a2" testId="f52a5d9c-f3a6-8594-862e-4e3d18c288a4" testName="CRM.SystemModule.Tests.Services.UserGroupServiceTests.GetGroupByIdAsync_WithValidId_ReturnsGroup" computerName="Abhisheks-MacBook-Pro" duration="00:00:00.0168914" startTime="2026-02-22T22:21:17.8376810+01:00" endTime="2026-02-22T22:21:17.8376810+01:00" testType="13cdc9d9-ddb5-4fa4-a97d-d965ccfc6d4b" outcome="Passed" testListId="8c84fa94-04c1-424b-9868-57a2d4851a1d" relativeResultsDirectory="ec9ab2c1-0912-4b14-9d49-61c224ebf3a2" />
    <UnitTestResult executionId="f4c3db0c-01d9-4ee3-9e0b-7f64c572c76b" testId="20b22f11-ff67-5ecf-7e28-92be2ae79051" testName="CRM.SystemModule.Tests.Services.RBACServiceTests.GetUserPermissionsAsync_WithCachedPermissions_ReturnsFromCache" computerName="Abhisheks-MacBook-Pro" duration="00:00:00.0022309" startTime="2026-02-22T22:21:17.7653270+01:00" endTime="2026-02-22T22:21:17.7653270+01:00" testType="13cdc9d9-ddb5-4fa4-a97d-d965ccfc6d4b" outcome="Passed" testListId="8c84fa94-04c1-424b-9868-57a2d4851a1d" relativeResultsDirectory="f4c3db0c-01d9-4ee3-9e0b-7f64c572c76b" />
    <UnitTestResult executionId="1b7d858e-524e-4884-a418-c6d8053701aa" testId="1576fdfb-bfaa-7f50-66a9-4c65258576f1" testName="CRM.SystemModule.Tests.Services.UserServiceTests.GetUserByEmailAsync_WithInvalidEmail_ReturnsNull" computerName="Abhisheks-MacBook-Pro" duration="00:00:00.0200490" startTime="2026-02-22T22:21:17.7869920+01:00" endTime="2026-02-22T22:21:17.7869920+01:00" testType="13cdc9d9-ddb5-4fa4-a97d-d965ccfc6d4b" outcome="Passed" testListId="8c84fa94-04c1-424b-9868-57a2d4851a1d" relativeResultsDirectory="1b7d858e-524e-4884-a418-c6d8053701aa" />
    <UnitTestResult executionId="3e65891c-378f-44a4-b01b-1b71dff83478" testId="757c2d12-06d7-3ad1-859f-fffab98b3ccd" testName="CRM.SystemModule.Tests.Services.PerformanceMonitoringServiceTests.SystemPerformanceMetricsDto_DefaultValues_AreValid" computerName="Abhisheks-MacBook-Pro" duration="00:00:00.0000488" startTime="2026-02-22T22:21:17.5231320+01:00" endTime="2026-02-22T22:21:17.5231320+01:00" testType="13cdc9d9-ddb5-4fa4-a97d-d965ccfc6d4b" outcome="Passed" testListId="8c84fa94-04c1-424b-9868-57a2d4851a1d" relativeResultsDirectory="3e65891c-378f-44a4-b01b-1b71dff83478" />
    <UnitTestResult executionId="bc9a8235-36b6-434a-863d-816bf5c51e94" testId="4d1c6204-6dd5-7fdd-982a-88f3e107b213" testName="CRM.SystemModule.Tests.Controllers.AuthenticationControllerTests.Logout_WithValidToken_ReturnsSuccess" computerName="Abhisheks-MacBook-Pro" duration="00:00:00.0000466" startTime="2026-02-22T22:21:17.4915020+01:00" endTime="2026-02-22T22:21:17.4915020+01:00" testType="13cdc9d9-ddb5-4fa4-a97d-d965ccfc6d4b" outcome="Passed" testListId="8c84fa94-04c1-424b-9868-57a2d4851a1d" relativeResultsDirectory="bc9a8235-36b6-434a-863d-816bf5c51e94" />
    <UnitTestResult executionId="7b64d22d-2c19-44c2-a01d-2d649bf1c0db" testId="5a8c3a06-f1fa-0523-be32-ed19202bc19b" testName="CRM.SystemModule.Tests.Controllers.RolesControllerTests.GetPermissions_ReturnsAllPermissions" computerName="Abhisheks-MacBook-Pro" duration="00:00:00.0030893" startTime="2026-02-22T22:21:17.9085120+01:00" endTime="2026-02-22T22:21:17.9085120+01:00" testType="13cdc9d9-ddb5-4fa4-a97d-d965ccfc6d4b" outcome="Passed" testListId="8c84fa94-04c1-424b-9868-57a2d4851a1d" relativeResultsDirectory="7b64d22d-2c19-44c2-a01d-2d649bf1c0db" />
    <UnitTestResult executionId="3ca9569e-d1ff-4ae7-9340-ea0544a3e5a6" testId="0a5de700-3b44-9eb3-b324-91f214ae8e7c" testName="CRM.SystemModule.Tests.Controllers.UsersControllerTests.GetAllUsers_ReturnsUserList" computerName="Abhisheks-MacBook-Pro" duration="00:00:00.0046524" startTime="2026-02-22T22:21:17.7678050+01:00" endTime="2026-02-22T22:21:17.7678050+01:00" testType="13cdc9d9-ddb5-4fa4-a97d-d965ccfc6d4b" outcome="Passed" testListId="8c84fa94-04c1-424b-9868-57a2d4851a1d" relativeResultsDirectory="3ca9569e-d1ff-4ae7-9340-ea0544a3e5a6" />
    <UnitTestResult executionId="6c421799-55aa-4fba-9d75-48996adfd50a" testId="ec1c4415-e358-c905-9b36-018bec2bd47f" testName="CRM.SystemModule.Tests.Controllers.PermissionsControllerTests.UserGroup_PermissionFlags_CanBeSet" computerName="Abhisheks-MacBook-Pro" duration="00:00:00.0004287" startTime="2026-02-22T22:21:17.5533560+01:00" endTime="2026-02-22T22:21:17.5533560+01:00" testType="13cdc9d9-ddb5-4fa4-a97d-d965ccfc6d4b" outcome="Passed" testListId="8c84fa94-04c1-424b-9868-57a2d4851a1d" relativeResultsDirectory="6c421799-55aa-4fba-9d75-48996adfd50a" />
    <UnitTestResult executionId="026ece59-f041-46e9-ac98-67f450e749ee" testId="fb64fb01-e2e8-1082-4c5a-ecb012e3f116" testName="CRM.SystemModule.Tests.Controllers.FeatureFlagsControllerTests.ProviderSelection_WithAllBuiltIn_ReturnsFalse" computerName="Abhisheks-MacBook-Pro" duration="00:00:00.0015372" startTime="2026-02-22T22:21:17.7791220+01:00" endTime="2026-02-22T22:21:17.7791220+01:00" testType="13cdc9d9-ddb5-4fa4-a97d-d965ccfc6d4b" outcome="Passed" testListId="8c84fa94-04c1-424b-9868-57a2d4851a1d" relativeResultsDirectory="026ece59-f041-46e9-ac98-67f450e749ee" />
    <UnitTestResult executionId="b44186c4-b704-4b23-b414-c881ec25023f" testId="55730007-41cc-9226-5b3a-89c566412027" testName="CRM.SystemModule.Tests.Services.UserServiceTests.GetUserByIdAsync_WithInvalidId_ReturnsNull" computerName="Abhisheks-MacBook-Pro" duration="00:00:00.0058104" startTime="2026-02-22T22:21:17.7666110+01:00" endTime="2026-02-22T22:21:17.7666120+01:00" testType="13cdc9d9-ddb5-4fa4-a97d-d965ccfc6d4b" outcome="Passed" testListId="8c84fa94-04c1-424b-9868-57a2d4851a1d" relativeResultsDirectory="b44186c4-b704-4b23-b414-c881ec25023f" />
    <UnitTestResult executionId="809be747-6596-4070-9ff2-e855c5ac37ee" testId="3be92778-a274-42af-b0d5-d82999d6f975" testName="CRM.SystemModule.Tests.DTOs.SystemModuleDtoTests.UserDto_WithAllProperties_IsValid" computerName="Abhisheks-MacBook-Pro" duration="00:00:00.0006897" startTime="2026-02-22T22:21:17.4870390+01:00" endTime="2026-02-22T22:21:17.4870400+01:00" testType="13cdc9d9-ddb5-4fa4-a97d-d965ccfc6d4b" outcome="Passed" testListId="8c84fa94-04c1-424b-9868-57a2d4851a1d" relativeResultsDirectory="809be747-6596-4070-9ff2-e855c5ac37ee" />
  </Results>
  <TestDefinitions>
    <UnitTest name="CRM.SystemModule.Tests.Services.RBACServiceTests.GetUserRolesAsync_ReturnsAllUserRoles" storage="/users/alal/code/git crm solution/crm-solution/crm.backend/tests/crm.systemmodule.tests/bin/release/net10.0/crm.systemmodule.tests.dll" id="a26a3b7e-27ba-38e7-05c6-5800dcaa9d47">
      <Execution id="1bc0d306-cd44-45cc-b945-469b44812dd8" />
      <TestMethod codeBase="/Users/alal/Code/Git CRM Solution/crm-solution/CRM.Backend/tests/CRM.SystemModule.Tests/bin/Release/net10.0/CRM.SystemModule.Tests.dll" adapterTypeName="executor://xunit/VsTestRunner2/netcoreapp" className="CRM.SystemModule.Tests.Services.RBACServiceTests" name="GetUserRolesAsync_ReturnsAllUserRoles" />
    </UnitTest>
    <UnitTest name="CRM.SystemModule.Tests.Controllers.AuthenticationControllerTests.RefreshToken_WithValidToken_ReturnsNewToken" storage="/users/alal/code/git crm solution/crm-solution/crm.backend/tests/crm.systemmodule.tests/bin/release/net10.0/crm.systemmodule.tests.dll" id="c9f163c4-8480-ee11-09d4-341560018007">
      <Execution id="c8dedf34-f3a1-4ab2-b18d-70e4642531da" />
      <TestMethod codeBase="/Users/alal/Code/Git CRM Solution/crm-solution/CRM.Backend/tests/CRM.SystemModule.Tests/bin/Release/net10.0/CRM.SystemModule.Tests.dll" adapterTypeName="executor://xunit/VsTestRunner2/netcoreapp" className="CRM.SystemModule.Tests.Controllers.AuthenticationControllerTests" name="RefreshToken_WithValidToken_ReturnsNewToken" />
    </UnitTest>
    <UnitTest name="CRM.SystemModule.Tests.Services.AdminDashboardServiceTests.IsSystemHealthyAsync_ReturnsHealthStatus" storage="/users/alal/code/git crm solution/crm-solution/crm.backend/tests/crm.systemmodule.tests/bin/release/net10.0/crm.systemmodule.tests.dll" id="6d116f11-f15d-9669-1abd-a3a9004b878d">
      <Execution id="9c99ff63-8098-484c-8b99-31e0e28c7af4" />
      <TestMethod codeBase="/Users/alal/Code/Git CRM Solution/crm-solution/CRM.Backend/tests/CRM.SystemModule.Tests/bin/Release/net10.0/CRM.SystemModule.Tests.dll" adapterTypeName="executor://xunit/VsTestRunner2/netcoreapp" className="CRM.SystemModule.Tests.Services.AdminDashboardServiceTests" name="IsSystemHealthyAsync_ReturnsHealthStatus" />
    </UnitTest>
    <UnitTest name="CRM.SystemModule.Tests.Services.FeatureFlagServiceTests.ProviderFlags_WhenAllBuiltIn_ReturnsFalse" storage="/users/alal/code/git crm solution/crm-solution/crm.backend/tests/crm.systemmodule.tests/bin/release/net10.0/crm.systemmodule.tests.dll" id="dcd938c7-f734-4e3e-1564-6b15065b418d">
      <Execution id="43a0dcb9-2f31-4524-ab75-efe28ea372d3" />
      <TestMethod codeBase="/Users/alal/Code/Git CRM Solution/crm-solution/CRM.Backend/tests/CRM.SystemModule.Tests/bin/Release/net10.0/CRM.SystemModule.Tests.dll" adapterTypeName="executor://xunit/VsTestRunner2/netcoreapp" className="CRM.SystemModule.Tests.Services.FeatureFlagServiceTests" name="ProviderFlags_WhenAllBuiltIn_ReturnsFalse" />
    </UnitTest>
    <UnitTest name="CRM.SystemModule.Tests.Services.FeatureFlagServiceTests.ProviderFlags_WhenAllExternal_ReturnsTrue" storage="/users/alal/code/git crm solution/crm-solution/crm.backend/tests/crm.systemmodule.tests/bin/release/net10.0/crm.systemmodule.tests.dll" id="58a3b60d-ced6-67de-49bd-d1edcbce0672">
      <Execution id="dd204827-4c27-42cd-b019-831177aff4cc" />
      <TestMethod codeBase="/Users/alal/Code/Git CRM Solution/crm-solution/CRM.Backend/tests/CRM.SystemModule.Tests/bin/Release/net10.0/CRM.SystemModule.Tests.dll" adapterTypeName="executor://xunit/VsTestRunner2/netcoreapp" className="CRM.SystemModule.Tests.Services.FeatureFlagServiceTests" name="ProviderFlags_WhenAllExternal_ReturnsTrue" />
    </UnitTest>
    <UnitTest name="CRM.SystemModule.Tests.Services.PerformanceMonitoringServiceTests.ErrorRatePercent_ShouldBePercentage" storage="/users/alal/code/git crm solution/crm-solution/crm.backend/tests/crm.systemmodule.tests/bin/release/net10.0/crm.systemmodule.tests.dll" id="04377a1e-9c9f-e388-c0fa-3b81e333565d">
      <Execution id="a4c90555-041b-46b4-ab43-0b35395daa2b" />
      <TestMethod codeBase="/Users/alal/Code/Git CRM Solution/crm-solution/CRM.Backend/tests/CRM.SystemModule.Tests/bin/Release/net10.0/CRM.SystemModule.Tests.dll" adapterTypeName="executor://xunit/VsTestRunner2/netcoreapp" className="CRM.SystemModule.Tests.Services.PerformanceMonitoringServiceTests" name="ErrorRatePercent_ShouldBePercentage" />
    </UnitTest>
    <UnitTest name="CRM.SystemModule.Tests.Services.FeatureFlagServiceTests.ModuleFlags_WhenConfigured_LoadsCorrectly" storage="/users/alal/code/git crm solution/crm-solution/crm.backend/tests/crm.systemmodule.tests/bin/release/net10.0/crm.systemmodule.tests.dll" id="38a169b0-ed78-4a1e-8f39-af3149b7d246">
      <Execution id="7111a702-a43d-420c-a8a3-f030a3f3d0f5" />
      <TestMethod codeBase="/Users/alal/Code/Git CRM Solution/crm-solution/CRM.Backend/tests/CRM.SystemModule.Tests/bin/Release/net10.0/CRM.SystemModule.Tests.dll" adapterTypeName="executor://xunit/VsTestRunner2/netcoreapp" className="CRM.SystemModule.Tests.Services.FeatureFlagServiceTests" name="ModuleFlags_WhenConfigured_LoadsCorrectly" />
    </UnitTest>
    <UnitTest name="CRM.SystemModule.Tests.Controllers.PermissionsControllerTests.GetAllPermissions_ReturnsAllPermissions" storage="/users/alal/code/git crm solution/crm-solution/crm.backend/tests/crm.systemmodule.tests/bin/release/net10.0/crm.systemmodule.tests.dll" id="726c3b95-1783-e84d-3544-e75a904955d3">
      <Execution id="7a3f9a34-a249-44ed-bc25-ec08c703deb8" />
      <TestMethod codeBase="/Users/alal/Code/Git CRM Solution/crm-solution/CRM.Backend/tests/CRM.SystemModule.Tests/bin/Release/net10.0/CRM.SystemModule.Tests.dll" adapterTypeName="executor://xunit/VsTestRunner2/netcoreapp" className="CRM.SystemModule.Tests.Controllers.PermissionsControllerTests" name="GetAllPermissions_ReturnsAllPermissions" />
    </UnitTest>
    <UnitTest name="CRM.SystemModule.Tests.Services.UserServiceTests.IsUserActiveAsync_WithInactiveUser_ReturnsFalse" storage="/users/alal/code/git crm solution/crm-solution/crm.backend/tests/crm.systemmodule.tests/bin/release/net10.0/crm.systemmodule.tests.dll" id="d3a0c950-297b-8626-7d57-3ad38cbedab3">
      <Execution id="733cb496-7ab4-4ca1-aaea-8d88d090ba8b" />
      <TestMethod codeBase="/Users/alal/Code/Git CRM Solution/crm-solution/CRM.Backend/tests/CRM.SystemModule.Tests/bin/Release/net10.0/CRM.SystemModule.Tests.dll" adapterTypeName="executor://xunit/VsTestRunner2/netcoreapp" className="CRM.SystemModule.Tests.Services.UserServiceTests" name="IsUserActiveAsync_WithInactiveUser_ReturnsFalse" />
    </UnitTest>
    <UnitTest name="CRM.SystemModule.Tests.Controllers.AuthenticationControllerTests.Login_WithInvalidEmail_ReturnsUnauthorized" storage="/users/alal/code/git crm solution/crm-solution/crm.backend/tests/crm.systemmodule.tests/bin/release/net10.0/crm.systemmodule.tests.dll" id="f9e55ed1-e644-e5d8-23a7-98cce313d8b5">
      <Execution id="abcdaa9d-5875-4a33-81da-c167ece0b332" />
      <TestMethod codeBase="/Users/alal/Code/Git CRM Solution/crm-solution/CRM.Backend/tests/CRM.SystemModule.Tests/bin/Release/net10.0/CRM.SystemModule.Tests.dll" adapterTypeName="executor://xunit/VsTestRunner2/netcoreapp" className="CRM.SystemModule.Tests.Controllers.AuthenticationControllerTests" name="Login_WithInvalidEmail_ReturnsUnauthorized" />
    </UnitTest>
    <UnitTest name="CRM.SystemModule.Tests.Services.UICustomizationServiceTests.SystemSettings_ColorValues_AreValidHexFormat" storage="/users/alal/code/git crm solution/crm-solution/crm.backend/tests/crm.systemmodule.tests/bin/release/net10.0/crm.systemmodule.tests.dll" id="c900df27-7f00-4d87-4b80-d7d10a358c81">
      <Execution id="1083af42-386e-4841-902e-cb75213687c3" />
      <TestMethod codeBase="/Users/alal/Code/Git CRM Solution/crm-solution/CRM.Backend/tests/CRM.SystemModule.Tests/bin/Release/net10.0/CRM.SystemModule.Tests.dll" adapterTypeName="executor://xunit/VsTestRunner2/netcoreapp" className="CRM.SystemModule.Tests.Services.UICustomizationServiceTests" name="SystemSettings_ColorValues_AreValidHexFormat" />
    </UnitTest>
    <UnitTest name="CRM.SystemModule.Tests.Controllers.FeatureFlagsControllerTests.GetFeatureFlags_ReturnsAllFlags" storage="/users/alal/code/git crm solution/crm-solution/crm.backend/tests/crm.systemmodule.tests/bin/release/net10.0/crm.systemmodule.tests.dll" id="275b2ca5-a737-bb97-6493-6d04f6fb8648">
      <Execution id="8204f634-6ffc-4a27-8aed-d0bd451d9f7c" />
      <TestMethod codeBase="/Users/alal/Code/Git CRM Solution/crm-solution/CRM.Backend/tests/CRM.SystemModule.Tests/bin/Release/net10.0/CRM.SystemModule.Tests.dll" adapterTypeName="executor://xunit/VsTestRunner2/netcoreapp" className="CRM.SystemModule.Tests.Controllers.FeatureFlagsControllerTests" name="GetFeatureFlags_ReturnsAllFlags" />
    </UnitTest>
    <UnitTest name="CRM.SystemModule.Tests.Controllers.FeatureFlagsControllerTests.ProviderSelection_WithAllBuiltIn_ReturnsFalse" storage="/users/alal/code/git crm solution/crm-solution/crm.backend/tests/crm.systemmodule.tests/bin/release/net10.0/crm.systemmodule.tests.dll" id="fb64fb01-e2e8-1082-4c5a-ecb012e3f116">
      <Execution id="026ece59-f041-46e9-ac98-67f450e749ee" />
      <TestMethod codeBase="/Users/alal/Code/Git CRM Solution/crm-solution/CRM.Backend/tests/CRM.SystemModule.Tests/bin/Release/net10.0/CRM.SystemModule.Tests.dll" adapterTypeName="executor://xunit/VsTestRunner2/netcoreapp" className="CRM.SystemModule.Tests.Controllers.FeatureFlagsControllerTests" name="ProviderSelection_WithAllBuiltIn_ReturnsFalse" />
    </UnitTest>
    <UnitTest name="CRM.SystemModule.Tests.Services.UICustomizationServiceTests.SystemSettings_CompanyCustomization_PropertiesExist" storage="/users/alal/code/git crm solution/crm-solution/crm.backend/tests/crm.systemmodule.tests/bin/release/net10.0/crm.systemmodule.tests.dll" id="e8670b06-754a-1f22-ca4d-2de20ba2f384">
      <Execution id="e279e393-0e59-4a8d-a705-ffc558e6a38a" />
      <TestMethod codeBase="/Users/alal/Code/Git CRM Solution/crm-solution/CRM.Backend/tests/CRM.SystemModule.Tests/bin/Release/net10.0/CRM.SystemModule.Tests.dll" adapterTypeName="executor://xunit/VsTestRunner2/netcoreapp" className="CRM.SystemModule.Tests.Services.UICustomizationServiceTests" name="SystemSettings_CompanyCustomization_PropertiesExist" />
    </UnitTest>
    <UnitTest name="CRM.SystemModule.Tests.DTOs.SystemModuleDtoTests.CreateUserDto_WithValidData_IsValid" storage="/users/alal/code/git crm solution/crm-solution/crm.backend/tests/crm.systemmodule.tests/bin/release/net10.0/crm.systemmodule.tests.dll" id="2f3b872b-f1b7-d4ad-d939-d7b76de5f394">
      <Execution id="56a08191-79bc-416f-bbdc-eb05dec82385" />
      <TestMethod codeBase="/Users/alal/Code/Git CRM Solution/crm-solution/CRM.Backend/tests/CRM.SystemModule.Tests/bin/Release/net10.0/CRM.SystemModule.Tests.dll" adapterTypeName="executor://xunit/VsTestRunner2/netcoreapp" className="CRM.SystemModule.Tests.DTOs.SystemModuleDtoTests" name="CreateUserDto_WithValidData_IsValid" />
    </UnitTest>
    <UnitTest name="CRM.SystemModule.Tests.Controllers.RolesControllerTests.GetRolePermissions_WithValidRole_ReturnsPermissions" storage="/users/alal/code/git crm solution/crm-solution/crm.backend/tests/crm.systemmodule.tests/bin/release/net10.0/crm.systemmodule.tests.dll" id="a3f51ef7-a779-3d46-d220-c5e52973e884">
      <Execution id="b9c494d3-cbb3-4487-885c-22de1125c996" />
      <TestMethod codeBase="/Users/alal/Code/Git CRM Solution/crm-solution/CRM.Backend/tests/CRM.SystemModule.Tests/bin/Release/net10.0/CRM.SystemModule.Tests.dll" adapterTypeName="executor://xunit/VsTestRunner2/netcoreapp" className="CRM.SystemModule.Tests.Controllers.RolesControllerTests" name="GetRolePermissions_WithValidRole_ReturnsPermissions" />
    </UnitTest>
    <UnitTest name="CRM.SystemModule.Tests.Services.UICustomizationServiceTests.SystemSettings_CompanyLogo_CanBeSet" storage="/users/alal/code/git crm solution/crm-solution/crm.backend/tests/crm.systemmodule.tests/bin/release/net10.0/crm.systemmodule.tests.dll" id="0ffa0ffb-853e-fe74-1759-d99e34ee76f8">
      <Execution id="d647c556-549d-4aa7-95c4-a2c9e53fc283" />
      <TestMethod codeBase="/Users/alal/Code/Git CRM Solution/crm-solution/CRM.Backend/tests/CRM.SystemModule.Tests/bin/Release/net10.0/CRM.SystemModule.Tests.dll" adapterTypeName="executor://xunit/VsTestRunner2/netcoreapp" className="CRM.SystemModule.Tests.Services.UICustomizationServiceTests" name="SystemSettings_CompanyLogo_CanBeSet" />
    </UnitTest>
    <UnitTest name="CRM.SystemModule.Tests.Services.UserServiceTests.GetUserByEmailAsync_WithValidEmail_ReturnsUser" storage="/users/alal/code/git crm solution/crm-solution/crm.backend/tests/crm.systemmodule.tests/bin/release/net10.0/crm.systemmodule.tests.dll" id="1006d4a8-e9d5-31d8-fb0e-ab622dc53acd">
      <Execution id="1017ec43-8930-4c81-9e16-6836e3619c6b" />
      <TestMethod codeBase="/Users/alal/Code/Git CRM Solution/crm-solution/CRM.Backend/tests/CRM.SystemModule.Tests/bin/Release/net10.0/CRM.SystemModule.Tests.dll" adapterTypeName="executor://xunit/VsTestRunner2/netcoreapp" className="CRM.SystemModule.Tests.Services.UserServiceTests" name="GetUserByEmailAsync_WithValidEmail_ReturnsUser" />
    </UnitTest>
    <UnitTest name="CRM.SystemModule.Tests.Controllers.AuthenticationControllerTests.Logout_WithValidToken_ReturnsSuccess" storage="/users/alal/code/git crm solution/crm-solution/crm.backend/tests/crm.systemmodule.tests/bin/release/net10.0/crm.systemmodule.tests.dll" id="4d1c6204-6dd5-7fdd-982a-88f3e107b213">
      <Execution id="bc9a8235-36b6-434a-863d-816bf5c51e94" />
      <TestMethod codeBase="/Users/alal/Code/Git CRM Solution/crm-solution/CRM.Backend/tests/CRM.SystemModule.Tests/bin/Release/net10.0/CRM.SystemModule.Tests.dll" adapterTypeName="executor://xunit/VsTestRunner2/netcoreapp" className="CRM.SystemModule.Tests.Controllers.AuthenticationControllerTests" name="Logout_WithValidToken_ReturnsSuccess" />
    </UnitTest>
    <UnitTest name="CRM.SystemModule.Tests.DTOs.SystemModuleDtoTests.SystemSettingsDto_Creation_IsValid" storage="/users/alal/code/git crm solution/crm-solution/crm.backend/tests/crm.systemmodule.tests/bin/release/net10.0/crm.systemmodule.tests.dll" id="524bd61e-defb-4d37-21d5-b49306becb7e">
      <Execution id="632579de-e1ae-4d82-a00a-d119769c1390" />
      <TestMethod codeBase="/Users/alal/Code/Git CRM Solution/crm-solution/CRM.Backend/tests/CRM.SystemModule.Tests/bin/Release/net10.0/CRM.SystemModule.Tests.dll" adapterTypeName="executor://xunit/VsTestRunner2/netcoreapp" className="CRM.SystemModule.Tests.DTOs.SystemModuleDtoTests" name="SystemSettingsDto_Creation_IsValid" />
    </UnitTest>
    <UnitTest name="CRM.SystemModule.Tests.Services.AdminDashboardServiceTests.GetProviderHealthSummaryAsync_ReturnsSummary" storage="/users/alal/code/git crm solution/crm-solution/crm.backend/tests/crm.systemmodule.tests/bin/release/net10.0/crm.systemmodule.tests.dll" id="6ce0d71a-3687-2185-821b-3ade739b597c">
      <Execution id="536e0e49-fb19-413a-a428-dbb5253ab097" />
      <TestMethod codeBase="/Users/alal/Code/Git CRM Solution/crm-solution/CRM.Backend/tests/CRM.SystemModule.Tests/bin/Release/net10.0/CRM.SystemModule.Tests.dll" adapterTypeName="executor://xunit/VsTestRunner2/netcoreapp" className="CRM.SystemModule.Tests.Services.AdminDashboardServiceTests" name="GetProviderHealthSummaryAsync_ReturnsSummary" />
    </UnitTest>
    <UnitTest name="CRM.SystemModule.Tests.Services.UICustomizationServiceTests.SystemSettings_SupportsDefaultValues" storage="/users/alal/code/git crm solution/crm-solution/crm.backend/tests/crm.systemmodule.tests/bin/release/net10.0/crm.systemmodule.tests.dll" id="6d5dab92-a49a-3723-e50d-154fc1c3aa85">
      <Execution id="7b5331a1-d47b-412e-9c13-7999bc5b73da" />
      <TestMethod codeBase="/Users/alal/Code/Git CRM Solution/crm-solution/CRM.Backend/tests/CRM.SystemModule.Tests/bin/Release/net10.0/CRM.SystemModule.Tests.dll" adapterTypeName="executor://xunit/VsTestRunner2/netcoreapp" className="CRM.SystemModule.Tests.Services.UICustomizationServiceTests" name="SystemSettings_SupportsDefaultValues" />
    </UnitTest>
    <UnitTest name="CRM.SystemModule.Tests.Services.PermissionCacheServiceTests.InvalidateUserCacheAsync_RemovesUserCache" storage="/users/alal/code/git crm solution/crm-solution/crm.backend/tests/crm.systemmodule.tests/bin/release/net10.0/crm.systemmodule.tests.dll" id="1251e7f0-9e5b-d43f-6235-7c5508e266cd">
      <Execution id="1d7a3a28-0319-4215-b649-7bf334aa019c" />
      <TestMethod codeBase="/Users/alal/Code/Git CRM Solution/crm-solution/CRM.Backend/tests/CRM.SystemModule.Tests/bin/Release/net10.0/CRM.SystemModule.Tests.dll" adapterTypeName="executor://xunit/VsTestRunner2/netcoreapp" className="CRM.SystemModule.Tests.Services.PermissionCacheServiceTests" name="InvalidateUserCacheAsync_RemovesUserCache" />
    </UnitTest>
    <UnitTest name="CRM.SystemModule.Tests.Controllers.UsersControllerTests.GetUser_WithValidId_ReturnsUser" storage="/users/alal/code/git crm solution/crm-solution/crm.backend/tests/crm.systemmodule.tests/bin/release/net10.0/crm.systemmodule.tests.dll" id="c270a43a-fd5a-00d0-69a9-30ef866224c9">
      <Execution id="18d3899c-3bbb-48b7-9bd8-2cdc13d03e29" />
      <TestMethod codeBase="/Users/alal/Code/Git CRM Solution/crm-solution/CRM.Backend/tests/CRM.SystemModule.Tests/bin/Release/net10.0/CRM.SystemModule.Tests.dll" adapterTypeName="executor://xunit/VsTestRunner2/netcoreapp" className="CRM.SystemModule.Tests.Controllers.UsersControllerTests" name="GetUser_WithValidId_ReturnsUser" />
    </UnitTest>
    <UnitTest name="CRM.SystemModule.Tests.Controllers.RolesControllerTests.GetUserRoles_WithValidUser_ReturnsRoles" storage="/users/alal/code/git crm solution/crm-solution/crm.backend/tests/crm.systemmodule.tests/bin/release/net10.0/crm.systemmodule.tests.dll" id="75572589-65d2-7016-71d2-591304b5fef2">
      <Execution id="46849e12-25a7-4ddc-9a8d-7d88f25d09bd" />
      <TestMethod codeBase="/Users/alal/Code/Git CRM Solution/crm-solution/CRM.Backend/tests/CRM.SystemModule.Tests/bin/Release/net10.0/CRM.SystemModule.Tests.dll" adapterTypeName="executor://xunit/VsTestRunner2/netcoreapp" className="CRM.SystemModule.Tests.Controllers.RolesControllerTests" name="GetUserRoles_WithValidUser_ReturnsRoles" />
    </UnitTest>
    <UnitTest name="CRM.SystemModule.Tests.Services.PermissionCacheServiceTests.SetUserPermissionsInCacheAsync_StoresPermissionsInCache" storage="/users/alal/code/git crm solution/crm-solution/crm.backend/tests/crm.systemmodule.tests/bin/release/net10.0/crm.systemmodule.tests.dll" id="717ef598-f126-6e43-8f48-3470e72f1809">
      <Execution id="91b390be-464c-4c74-b666-e0889203f7c6" />
      <TestMethod codeBase="/Users/alal/Code/Git CRM Solution/crm-solution/CRM.Backend/tests/CRM.SystemModule.Tests/bin/Release/net10.0/CRM.SystemModule.Tests.dll" adapterTypeName="executor://xunit/VsTestRunner2/netcoreapp" className="CRM.SystemModule.Tests.Services.PermissionCacheServiceTests" name="SetUserPermissionsInCacheAsync_StoresPermissionsInCache" />
    </UnitTest>
    <UnitTest name="CRM.SystemModule.Tests.Services.UserGroupServiceTests.GetGroupByIdAsync_WithInvalidId_ReturnsNull" storage="/users/alal/code/git crm solution/crm-solution/crm.backend/tests/crm.systemmodule.tests/bin/release/net10.0/crm.systemmodule.tests.dll" id="305b1fea-eb87-906f-169e-5d6c3266aeb1">
      <Execution id="6a5c6e94-10e1-40f1-a284-a2922c79549c" />
      <TestMethod codeBase="/Users/alal/Code/Git CRM Solution/crm-solution/CRM.Backend/tests/CRM.SystemModule.Tests/bin/Release/net10.0/CRM.SystemModule.Tests.dll" adapterTypeName="executor://xunit/VsTestRunner2/netcoreapp" className="CRM.SystemModule.Tests.Services.UserGroupServiceTests" name="GetGroupByIdAsync_WithInvalidId_ReturnsNull" />
    </UnitTest>
    <UnitTest name="CRM.SystemModule.Tests.Controllers.UserGroupsControllerTests.GetAllGroups_ReturnsAllUserGroups" storage="/users/alal/code/git crm solution/crm-solution/crm.backend/tests/crm.systemmodule.tests/bin/release/net10.0/crm.systemmodule.tests.dll" id="21adc977-4c02-8f45-4afb-0b54678c80f5">
      <Execution id="02271a74-63c1-4bff-a682-aae1547abba4" />
      <TestMethod codeBase="/Users/alal/Code/Git CRM Solution/crm-solution/CRM.Backend/tests/CRM.SystemModule.Tests/bin/Release/net10.0/CRM.SystemModule.Tests.dll" adapterTypeName="executor://xunit/VsTestRunner2/netcoreapp" className="CRM.SystemModule.Tests.Controllers.UserGroupsControllerTests" name="GetAllGroups_ReturnsAllUserGroups" />
    </UnitTest>
    <UnitTest name="CRM.SystemModule.Tests.Services.UserGroupServiceTests.IsUserInGroupAsync_WithMember_ReturnsTrue" storage="/users/alal/code/git crm solution/crm-solution/crm.backend/tests/crm.systemmodule.tests/bin/release/net10.0/crm.systemmodule.tests.dll" id="c86dc497-2f04-89e9-3e42-e5e8024b2a40">
      <Execution id="daa2798e-a0d5-4a75-b52e-97b934d1aa1c" />
      <TestMethod codeBase="/Users/alal/Code/Git CRM Solution/crm-solution/CRM.Backend/tests/CRM.SystemModule.Tests/bin/Release/net10.0/CRM.SystemModule.Tests.dll" adapterTypeName="executor://xunit/VsTestRunner2/netcoreapp" className="CRM.SystemModule.Tests.Services.UserGroupServiceTests" name="IsUserInGroupAsync_WithMember_ReturnsTrue" />
    </UnitTest>
    <UnitTest name="CRM.SystemModule.Tests.Controllers.PermissionsControllerTests.UserGroup_PermissionFlags_CanBeSet" storage="/users/alal/code/git crm solution/crm-solution/crm.backend/tests/crm.systemmodule.tests/bin/release/net10.0/crm.systemmodule.tests.dll" id="ec1c4415-e358-c905-9b36-018bec2bd47f">
      <Execution id="6c421799-55aa-4fba-9d75-48996adfd50a" />
      <TestMethod codeBase="/Users/alal/Code/Git CRM Solution/crm-solution/CRM.Backend/tests/CRM.SystemModule.Tests/bin/Release/net10.0/CRM.SystemModule.Tests.dll" adapterTypeName="executor://xunit/VsTestRunner2/netcoreapp" className="CRM.SystemModule.Tests.Controllers.PermissionsControllerTests" name="UserGroup_PermissionFlags_CanBeSet" />
    </UnitTest>
    <UnitTest name="CRM.SystemModule.Tests.Services.UserGroupServiceTests.GetActiveGroupsAsync_ReturnsOnlyActiveGroups" storage="/users/alal/code/git crm solution/crm-solution/crm.backend/tests/crm.systemmodule.tests/bin/release/net10.0/crm.systemmodule.tests.dll" id="5b698bd0-e805-96c9-e333-98906824eb05">
      <Execution id="13c710d9-1546-4044-8840-d38a3ae638f1" />
      <TestMethod codeBase="/Users/alal/Code/Git CRM Solution/crm-solution/CRM.Backend/tests/CRM.SystemModule.Tests/bin/Release/net10.0/CRM.SystemModule.Tests.dll" adapterTypeName="executor://xunit/VsTestRunner2/netcoreapp" className="CRM.SystemModule.Tests.Services.UserGroupServiceTests" name="GetActiveGroupsAsync_ReturnsOnlyActiveGroups" />
    </UnitTest>
    <UnitTest name="CRM.SystemModule.Tests.Controllers.PermissionsControllerTests.Permission_NameProperty_IsRequired" storage="/users/alal/code/git crm solution/crm-solution/crm.backend/tests/crm.systemmodule.tests/bin/release/net10.0/crm.systemmodule.tests.dll" id="9c5862c2-740d-459e-f73c-cb10e31e715c">
      <Execution id="e0676ca2-122d-48dc-868f-41127784a5ba" />
      <TestMethod codeBase="/Users/alal/Code/Git CRM Solution/crm-solution/CRM.Backend/tests/CRM.SystemModule.Tests/bin/Release/net10.0/CRM.SystemModule.Tests.dll" adapterTypeName="executor://xunit/VsTestRunner2/netcoreapp" className="CRM.SystemModule.Tests.Controllers.PermissionsControllerTests" name="Permission_NameProperty_IsRequired" />
    </UnitTest>
    <UnitTest name="CRM.SystemModule.Tests.Controllers.UserGroupsControllerTests.GetGroupMembers_WithValidGroupId_ReturnsMembers" storage="/users/alal/code/git crm solution/crm-solution/crm.backend/tests/crm.systemmodule.tests/bin/release/net10.0/crm.systemmodule.tests.dll" id="f2084afc-0858-83d5-0c8a-ffc7afa9c12b">
      <Execution id="ffafb34b-b361-4b81-94b2-628ec8999162" />
      <TestMethod codeBase="/Users/alal/Code/Git CRM Solution/crm-solution/CRM.Backend/tests/CRM.SystemModule.Tests/bin/Release/net10.0/CRM.SystemModule.Tests.dll" adapterTypeName="executor://xunit/VsTestRunner2/netcoreapp" className="CRM.SystemModule.Tests.Controllers.UserGroupsControllerTests" name="GetGroupMembers_WithValidGroupId_ReturnsMembers" />
    </UnitTest>
    <UnitTest name="CRM.SystemModule.Tests.Controllers.AuthenticationControllerTests.Register_WithValidData_CreatesUser" storage="/users/alal/code/git crm solution/crm-solution/crm.backend/tests/crm.systemmodule.tests/bin/release/net10.0/crm.systemmodule.tests.dll" id="81b4a248-9fb7-b555-b4e8-76edd74072f7">
      <Execution id="58a11c3e-4a9a-496b-93ac-03c7e9c993f4" />
      <TestMethod codeBase="/Users/alal/Code/Git CRM Solution/crm-solution/CRM.Backend/tests/CRM.SystemModule.Tests/bin/Release/net10.0/CRM.SystemModule.Tests.dll" adapterTypeName="executor://xunit/VsTestRunner2/netcoreapp" className="CRM.SystemModule.Tests.Controllers.AuthenticationControllerTests" name="Register_WithValidData_CreatesUser" />
    </UnitTest>
    <UnitTest name="CRM.SystemModule.Tests.Controllers.FeatureFlagsControllerTests.ToggleFeatureFlag_ChangesState" storage="/users/alal/code/git crm solution/crm-solution/crm.backend/tests/crm.systemmodule.tests/bin/release/net10.0/crm.systemmodule.tests.dll" id="b4801cb8-1293-2bea-914d-0b8238d3c408">
      <Execution id="d3e36353-9ef3-45c5-a0bd-a0f23563bd86" />
      <TestMethod codeBase="/Users/alal/Code/Git CRM Solution/crm-solution/CRM.Backend/tests/CRM.SystemModule.Tests/bin/Release/net10.0/CRM.SystemModule.Tests.dll" adapterTypeName="executor://xunit/VsTestRunner2/netcoreapp" className="CRM.SystemModule.Tests.Controllers.FeatureFlagsControllerTests" name="ToggleFeatureFlag_ChangesState" />
    </UnitTest>
    <UnitTest name="CRM.SystemModule.Tests.Services.AdminDashboardServiceTests.GetAllModuleStatusAsync_ReturnsModuleStatuses" storage="/users/alal/code/git crm solution/crm-solution/crm.backend/tests/crm.systemmodule.tests/bin/release/net10.0/crm.systemmodule.tests.dll" id="b1aa859f-ec7c-0847-8cb6-f81ff6cb2028">
      <Execution id="e178abdf-d21f-4fac-912a-28d2672b09e0" />
      <TestMethod codeBase="/Users/alal/Code/Git CRM Solution/crm-solution/CRM.Backend/tests/CRM.SystemModule.Tests/bin/Release/net10.0/CRM.SystemModule.Tests.dll" adapterTypeName="executor://xunit/VsTestRunner2/netcoreapp" className="CRM.SystemModule.Tests.Services.AdminDashboardServiceTests" name="GetAllModuleStatusAsync_ReturnsModuleStatuses" />
    </UnitTest>
    <UnitTest name="CRM.SystemModule.Tests.Services.PermissionCacheServiceTests.GetUserPermissionsFromCacheAsync_WhenNotCached_ReturnsEmptySet" storage="/users/alal/code/git crm solution/crm-solution/crm.backend/tests/crm.systemmodule.tests/bin/release/net10.0/crm.systemmodule.tests.dll" id="44cba47e-2607-2cb8-2737-235fe5cd8e73">
      <Execution id="c6a58dbc-21ce-4ec0-928e-f48bcc411edd" />
      <TestMethod codeBase="/Users/alal/Code/Git CRM Solution/crm-solution/CRM.Backend/tests/CRM.SystemModule.Tests/bin/Release/net10.0/CRM.SystemModule.Tests.dll" adapterTypeName="executor://xunit/VsTestRunner2/netcoreapp" className="CRM.SystemModule.Tests.Services.PermissionCacheServiceTests" name="GetUserPermissionsFromCacheAsync_WhenNotCached_ReturnsEmptySet" />
    </UnitTest>
    <UnitTest name="CRM.SystemModule.Tests.Services.UICustomizationServiceTests.SystemSettings_UseGroupHeaderColor_CanBeToggled" storage="/users/alal/code/git crm solution/crm-solution/crm.backend/tests/crm.systemmodule.tests/bin/release/net10.0/crm.systemmodule.tests.dll" id="105c59e3-2577-434a-79a0-31bdb8b57574">
      <Execution id="531fbb8a-a9d5-4d35-9d67-e4e161624bdb" />
      <TestMethod codeBase="/Users/alal/Code/Git CRM Solution/crm-solution/CRM.Backend/tests/CRM.SystemModule.Tests/bin/Release/net10.0/CRM.SystemModule.Tests.dll" adapterTypeName="executor://xunit/VsTestRunner2/netcoreapp" className="CRM.SystemModule.Tests.Services.UICustomizationServiceTests" name="SystemSettings_UseGroupHeaderColor_CanBeToggled" />
    </UnitTest>
    <UnitTest name="CRM.SystemModule.Tests.Services.RBACServiceTests.CheckPermissionAsync_WithPermittedUser_ReturnsTrue" storage="/users/alal/code/git crm solution/crm-solution/crm.backend/tests/crm.systemmodule.tests/bin/release/net10.0/crm.systemmodule.tests.dll" id="b69c8dfc-6c13-452f-9ffd-37068bfba1b0">
      <Execution id="1ab3be5d-9b88-4d5b-935f-4fcab8629a52" />
      <TestMethod codeBase="/Users/alal/Code/Git CRM Solution/crm-solution/CRM.Backend/tests/CRM.SystemModule.Tests/bin/Release/net10.0/CRM.SystemModule.Tests.dll" adapterTypeName="executor://xunit/VsTestRunner2/netcoreapp" className="CRM.SystemModule.Tests.Services.RBACServiceTests" name="CheckPermissionAsync_WithPermittedUser_ReturnsTrue" />
    </UnitTest>
    <UnitTest name="CRM.SystemModule.Tests.DTOs.SystemModuleDtoTests.RefreshTokenRequest_WithValidToken_IsValid" storage="/users/alal/code/git crm solution/crm-solution/crm.backend/tests/crm.systemmodule.tests/bin/release/net10.0/crm.systemmodule.tests.dll" id="fd0a32e9-2bdc-e2c0-fd01-1c8ac373213c">
      <Execution id="a9a7ee98-d498-428b-8d82-425ea4697030" />
      <TestMethod codeBase="/Users/alal/Code/Git CRM Solution/crm-solution/CRM.Backend/tests/CRM.SystemModule.Tests/bin/Release/net10.0/CRM.SystemModule.Tests.dll" adapterTypeName="executor://xunit/VsTestRunner2/netcoreapp" className="CRM.SystemModule.Tests.DTOs.SystemModuleDtoTests" name="RefreshTokenRequest_WithValidToken_IsValid" />
    </UnitTest>
    <UnitTest name="CRM.SystemModule.Tests.Services.UserGroupServiceTests.GetGroupMembersAsync_ReturnsGroupMembers" storage="/users/alal/code/git crm solution/crm-solution/crm.backend/tests/crm.systemmodule.tests/bin/release/net10.0/crm.systemmodule.tests.dll" id="175c01cd-9cad-0b6d-b95f-f4ae9255431f">
      <Execution id="90184ca3-a5e8-4979-acdd-0aaf333e5dd9" />
      <TestMethod codeBase="/Users/alal/Code/Git CRM Solution/crm-solution/CRM.Backend/tests/CRM.SystemModule.Tests/bin/Release/net10.0/CRM.SystemModule.Tests.dll" adapterTypeName="executor://xunit/VsTestRunner2/netcoreapp" className="CRM.SystemModule.Tests.Services.UserGroupServiceTests" name="GetGroupMembersAsync_ReturnsGroupMembers" />
    </UnitTest>
    <UnitTest name="CRM.SystemModule.Tests.Services.UserServiceTests.GetUserByIdAsync_WithInvalidId_ReturnsNull" storage="/users/alal/code/git crm solution/crm-solution/crm.backend/tests/crm.systemmodule.tests/bin/release/net10.0/crm.systemmodule.tests.dll" id="55730007-41cc-9226-5b3a-89c566412027">
      <Execution id="b44186c4-b704-4b23-b414-c881ec25023f" />
      <TestMethod codeBase="/Users/alal/Code/Git CRM Solution/crm-solution/CRM.Backend/tests/CRM.SystemModule.Tests/bin/Release/net10.0/CRM.SystemModule.Tests.dll" adapterTypeName="executor://xunit/VsTestRunner2/netcoreapp" className="CRM.SystemModule.Tests.Services.UserServiceTests" name="GetUserByIdAsync_WithInvalidId_ReturnsNull" />
    </UnitTest>
    <UnitTest name="CRM.SystemModule.Tests.Services.AdminDashboardServiceTests.GetSystemStatisticsAsync_ReturnsValidStatistics" storage="/users/alal/code/git crm solution/crm-solution/crm.backend/tests/crm.systemmodule.tests/bin/release/net10.0/crm.systemmodule.tests.dll" id="c908aeab-7c7f-720f-b8e2-7bb43345daf2">
      <Execution id="90c59000-6df3-4068-b9bc-81657ea165cb" />
      <TestMethod codeBase="/Users/alal/Code/Git CRM Solution/crm-solution/CRM.Backend/tests/CRM.SystemModule.Tests/bin/Release/net10.0/CRM.SystemModule.Tests.dll" adapterTypeName="executor://xunit/VsTestRunner2/netcoreapp" className="CRM.SystemModule.Tests.Services.AdminDashboardServiceTests" name="GetSystemStatisticsAsync_ReturnsValidStatistics" />
    </UnitTest>
[...]
    </UnitTest>
    <UnitTest name="CRM.SystemModule.Tests.DTOs.SystemModuleDtoTests.PermissionDto_Creation_IsValid" storage="/users/alal/code/git crm solution/crm-solution/crm.backend/tests/crm.systemmodule.tests/bin/release/net10.0/crm.systemmodule.tests.dll" id="16c4195d-92af-2662-24ba-b59b21503e39">
      <Execution id="2c877d81-8409-4fcc-b6e2-42a4af5327ed" />
      <TestMethod codeBase="/Users/alal/Code/Git CRM Solution/crm-solution/CRM.Backend/tests/CRM.SystemModule.Tests/bin/Release/net10.0/CRM.SystemModule.Tests.dll" adapterTypeName="executor://xunit/VsTestRunner2/netcoreapp" className="CRM.SystemModule.Tests.DTOs.SystemModuleDtoTests" name="PermissionDto_Creation_IsValid" />
    </UnitTest>
    <UnitTest name="CRM.SystemModule.Tests.Services.PermissionCacheServiceTests.CacheKeyFormat_IsConsistent" storage="/users/alal/code/git crm solution/crm-solution/crm.backend/tests/crm.systemmodule.tests/bin/release/net10.0/crm.systemmodule.tests.dll" id="8a028918-5cd4-c43f-707d-39e7e2d071ff">
      <Execution id="80a5e4cf-946c-4bdc-8198-e0275d3104d3" />
      <TestMethod codeBase="/Users/alal/Code/Git CRM Solution/crm-solution/CRM.Backend/tests/CRM.SystemModule.Tests/bin/Release/net10.0/CRM.SystemModule.Tests.dll" adapterTypeName="executor://xunit/VsTestRunner2/netcoreapp" className="CRM.SystemModule.Tests.Services.PermissionCacheServiceTests" name="CacheKeyFormat_IsConsistent" />
    </UnitTest>
    <UnitTest name="CRM.SystemModule.Tests.DTOs.SystemModuleDtoTests.AdminDashboardDto_Creation_IsValid" storage="/users/alal/code/git crm solution/crm-solution/crm.backend/tests/crm.systemmodule.tests/bin/release/net10.0/crm.systemmodule.tests.dll" id="67bb3071-5f65-f2d8-366a-684984aed9b3">
      <Execution id="1c4a1af8-5212-4cfc-9e4d-10596e687ddf" />
      <TestMethod codeBase="/Users/alal/Code/Git CRM Solution/crm-solution/CRM.Backend/tests/CRM.SystemModule.Tests/bin/Release/net10.0/CRM.SystemModule.Tests.dll" adapterTypeName="executor://xunit/VsTestRunner2/netcoreapp" className="CRM.SystemModule.Tests.DTOs.SystemModuleDtoTests" name="AdminDashboardDto_Creation_IsValid" />
    </UnitTest>
    <UnitTest name="CRM.SystemModule.Tests.Controllers.UsersControllerTests.GetUser_WithInvalidId_ReturnsNull" storage="/users/alal/code/git crm solution/crm-solution/crm.backend/tests/crm.systemmodule.tests/bin/release/net10.0/crm.systemmodule.tests.dll" id="ad842582-acff-10db-3d98-bef28ccdb5e2">
      <Execution id="64bcb9fd-8527-4ec5-b3c2-2de5c636e78f" />
      <TestMethod codeBase="/Users/alal/Code/Git CRM Solution/crm-solution/CRM.Backend/tests/CRM.SystemModule.Tests/bin/Release/net10.0/CRM.SystemModule.Tests.dll" adapterTypeName="executor://xunit/VsTestRunner2/netcoreapp" className="CRM.SystemModule.Tests.Controllers.UsersControllerTests" name="GetUser_WithInvalidId_ReturnsNull" />
    </UnitTest>
    <UnitTest name="CRM.SystemModule.Tests.Controllers.RolesControllerTests.CheckUserPermission_WithGrantedPermission_ReturnsTrue" storage="/users/alal/code/git crm solution/crm-solution/crm.backend/tests/crm.systemmodule.tests/bin/release/net10.0/crm.systemmodule.tests.dll" id="7cea50e9-77ea-04fe-d0f0-b415b20fac57">
      <Execution id="9dbf63ce-4692-49bd-9ade-de2a80dcc706" />
      <TestMethod codeBase="/Users/alal/Code/Git CRM Solution/crm-solution/CRM.Backend/tests/CRM.SystemModule.Tests/bin/Release/net10.0/CRM.SystemModule.Tests.dll" adapterTypeName="executor://xunit/VsTestRunner2/netcoreapp" className="CRM.SystemModule.Tests.Controllers.RolesControllerTests" name="CheckUserPermission_WithGrantedPermission_ReturnsTrue" />
    </UnitTest>
  </TestDefinitions>
  <TestEntries>
    <TestEntry testId="44cba47e-2607-2cb8-2737-235fe5cd8e73" executionId="c6a58dbc-21ce-4ec0-928e-f48bcc411edd" testListId="8c84fa94-04c1-424b-9868-57a2d4851a1d" />
    <TestEntry testId="841c6389-c8c2-9542-3129-994ffd5922da" executionId="203f62db-4754-457c-b123-1e6ddbd93cb0" testListId="8c84fa94-04c1-424b-9868-57a2d4851a1d" />
    <TestEntry testId="e520665e-da77-0474-a20c-38c0dea4e163" executionId="a37e99ea-3dd6-4822-980b-34822e2f4d7c" testListId="8c84fa94-04c1-424b-9868-57a2d4851a1d" />
    <TestEntry testId="105c59e3-2577-434a-79a0-31bdb8b57574" executionId="531fbb8a-a9d5-4d35-9d67-e4e161624bdb" testListId="8c84fa94-04c1-424b-9868-57a2d4851a1d" />
    <TestEntry testId="dcd938c7-f734-4e3e-1564-6b15065b418d" executionId="43a0dcb9-2f31-4524-ab75-efe28ea372d3" testListId="8c84fa94-04c1-424b-9868-57a2d4851a1d" />
    <TestEntry testId="6ce0d71a-3687-2185-821b-3ade739b597c" executionId="536e0e49-fb19-413a-a428-dbb5253ab097" testListId="8c84fa94-04c1-424b-9868-57a2d4851a1d" />
    <TestEntry testId="5b698bd0-e805-96c9-e333-98906824eb05" executionId="13c710d9-1546-4044-8840-d38a3ae638f1" testListId="8c84fa94-04c1-424b-9868-57a2d4851a1d" />
    <TestEntry testId="21adc977-4c02-8f45-4afb-0b54678c80f5" executionId="02271a74-63c1-4bff-a682-aae1547abba4" testListId="8c84fa94-04c1-424b-9868-57a2d4851a1d" />
    <TestEntry testId="5b20d8f0-da25-d493-3448-cd4402b8f8d8" executionId="7ca64600-8b79-49ca-a500-5a5682a7606b" testListId="8c84fa94-04c1-424b-9868-57a2d4851a1d" />
    <TestEntry testId="6f34bc37-0b46-fb61-8732-b88542b23691" executionId="1d5b29a1-8fc7-45e9-b010-fd346d4ceaa0" testListId="8c84fa94-04c1-424b-9868-57a2d4851a1d" />
    <TestEntry testId="38a169b0-ed78-4a1e-8f39-af3149b7d246" executionId="7111a702-a43d-420c-a8a3-f030a3f3d0f5" testListId="8c84fa94-04c1-424b-9868-57a2d4851a1d" />
    <TestEntry testId="9f92a97f-ca76-fb6a-e11b-ff8987e41594" executionId="cadcc459-fc2f-42db-9472-4574df39fced" testListId="8c84fa94-04c1-424b-9868-57a2d4851a1d" />
    <TestEntry testId="354db19f-80ba-615c-5d12-4e34acedb71a" executionId="b1f177f5-4ed1-4825-8d9a-cef3bf294561" testListId="8c84fa94-04c1-424b-9868-57a2d4851a1d" />
    <TestEntry testId="04377a1e-9c9f-e388-c0fa-3b81e333565d" executionId="a4c90555-041b-46b4-ab43-0b35395daa2b" testListId="8c84fa94-04c1-424b-9868-57a2d4851a1d" />
    <TestEntry testId="31eee4e1-1a4f-61fe-c978-83d4b8b2414e" executionId="473d4e1f-2d9b-4968-b4bb-d4973943c5bb" testListId="8c84fa94-04c1-424b-9868-57a2d4851a1d" />
    <TestEntry testId="e8670b06-754a-1f22-ca4d-2de20ba2f384" executionId="e279e393-0e59-4a8d-a705-ffc558e6a38a" testListId="8c84fa94-04c1-424b-9868-57a2d4851a1d" />
    <TestEntry testId="e5e2fed6-8387-127a-963d-15514631336c" executionId="5a87e2c5-b92e-43b9-83e4-4115a5e4291b" testListId="8c84fa94-04c1-424b-9868-57a2d4851a1d" />
    <TestEntry testId="c9f163c4-8480-ee11-09d4-341560018007" executionId="c8dedf34-f3a1-4ab2-b18d-70e4642531da" testListId="8c84fa94-04c1-424b-9868-57a2d4851a1d" />
    <TestEntry testId="2f3b872b-f1b7-d4ad-d939-d7b76de5f394" executionId="56a08191-79bc-416f-bbdc-eb05dec82385" testListId="8c84fa94-04c1-424b-9868-57a2d4851a1d" />
    <TestEntry testId="d3a0c950-297b-8626-7d57-3ad38cbedab3" executionId="733cb496-7ab4-4ca1-aaea-8d88d090ba8b" testListId="8c84fa94-04c1-424b-9868-57a2d4851a1d" />
    <TestEntry testId="14fce4c6-a877-91ed-3d03-e598f0806954" executionId="83d8016a-43db-416d-b6df-4ba1240c4d89" testListId="8c84fa94-04c1-424b-9868-57a2d4851a1d" />
    <TestEntry testId="7cea50e9-77ea-04fe-d0f0-b415b20fac57" executionId="9dbf63ce-4692-49bd-9ade-de2a80dcc706" testListId="8c84fa94-04c1-424b-9868-57a2d4851a1d" />
    <TestEntry testId="6d5dab92-a49a-3723-e50d-154fc1c3aa85" executionId="7b5331a1-d47b-412e-9c13-7999bc5b73da" testListId="8c84fa94-04c1-424b-9868-57a2d4851a1d" />
    <TestEntry testId="1fd33423-cfcc-6cd0-7cd7-6bffc1cd1098" executionId="6558513f-cf7e-422b-9c6c-8f56d0af2146" testListId="8c84fa94-04c1-424b-9868-57a2d4851a1d" />
    <TestEntry testId="f9e55ed1-e644-e5d8-23a7-98cce313d8b5" executionId="abcdaa9d-5875-4a33-81da-c167ece0b332" testListId="8c84fa94-04c1-424b-9868-57a2d4851a1d" />
    <TestEntry testId="ad112ac1-a5af-f47c-33d0-39a9951a3309" executionId="86350f25-dbb5-4d33-b34d-536551946ea4" testListId="8c84fa94-04c1-424b-9868-57a2d4851a1d" />
    <TestEntry testId="9c5862c2-740d-459e-f73c-cb10e31e715c" executionId="e0676ca2-122d-48dc-868f-41127784a5ba" testListId="8c84fa94-04c1-424b-9868-57a2d4851a1d" />
    <TestEntry testId="4580c33b-6d82-31da-f47e-8a4114d0def6" executionId="578aa6f3-6512-40d4-8d3f-f540db1514a0" testListId="8c84fa94-04c1-424b-9868-57a2d4851a1d" />
    <TestEntry testId="6c0a6dbe-7cbb-1351-60ae-d09a69cd64ee" executionId="338bd0b5-6016-4480-9252-96930ab17d78" testListId="8c84fa94-04c1-424b-9868-57a2d4851a1d" />
    <TestEntry testId="a8bac065-33a6-b801-d64b-46186fb5d412" executionId="fc4832fc-aa06-4a95-b159-e977a8213c71" testListId="8c84fa94-04c1-424b-9868-57a2d4851a1d" />
    <TestEntry testId="8a028918-5cd4-c43f-707d-39e7e2d071ff" executionId="80a5e4cf-946c-4bdc-8198-e0275d3104d3" testListId="8c84fa94-04c1-424b-9868-57a2d4851a1d" />
    <TestEntry testId="717ef598-f126-6e43-8f48-3470e72f1809" executionId="91b390be-464c-4c74-b666-e0889203f7c6" testListId="8c84fa94-04c1-424b-9868-57a2d4851a1d" />
    <TestEntry testId="c908aeab-7c7f-720f-b8e2-7bb43345daf2" executionId="90c59000-6df3-4068-b9bc-81657ea165cb" testListId="8c84fa94-04c1-424b-9868-57a2d4851a1d" />
    <TestEntry testId="f2084afc-0858-83d5-0c8a-ffc7afa9c12b" executionId="ffafb34b-b361-4b81-94b2-628ec8999162" testListId="8c84fa94-04c1-424b-9868-57a2d4851a1d" />
    <TestEntry testId="76878e2c-f4c9-2c5e-7a1f-be646f0386ee" executionId="bd829d29-c62d-45d6-9959-356c4f736bbd" testListId="8c84fa94-04c1-424b-9868-57a2d4851a1d" />
    <TestEntry testId="7901d0d8-03d2-a50f-2343-5ec3becea7f5" executionId="8c73a431-893b-405c-a1b2-875e5936886a" testListId="8c84fa94-04c1-424b-9868-57a2d4851a1d" />
    <TestEntry testId="39679076-dd2e-9de3-83c4-8fb25049100d" executionId="864e3af7-fa85-4f81-ad09-1b5277c7157c" testListId="8c84fa94-04c1-424b-9868-57a2d4851a1d" />
    <TestEntry testId="7d1dc5f2-16db-fefc-4e89-99ed663f9da2" executionId="9883ca34-af58-4542-9947-ba8a7dfeccd5" testListId="8c84fa94-04c1-424b-9868-57a2d4851a1d" />
    <TestEntry testId="16c4195d-92af-2662-24ba-b59b21503e39" executionId="2c877d81-8409-4fcc-b6e2-42a4af5327ed" testListId="8c84fa94-04c1-424b-9868-57a2d4851a1d" />
    <TestEntry testId="c2806488-120d-5d5a-21b6-38e28c5b3514" executionId="3ce8cfa0-73db-4a0c-a835-4909158f7b92" testListId="8c84fa94-04c1-424b-9868-57a2d4851a1d" />
    <TestEntry testId="b1aa859f-ec7c-0847-8cb6-f81ff6cb2028" executionId="e178abdf-d21f-4fac-912a-28d2672b09e0" testListId="8c84fa94-04c1-424b-9868-57a2d4851a1d" />
    <TestEntry testId="0ffa0ffb-853e-fe74-1759-d99e34ee76f8" executionId="d647c556-549d-4aa7-95c4-a2c9e53fc283" testListId="8c84fa94-04c1-424b-9868-57a2d4851a1d" />
    <TestEntry testId="c86dc497-2f04-89e9-3e42-e5e8024b2a40" executionId="daa2798e-a0d5-4a75-b52e-97b934d1aa1c" testListId="8c84fa94-04c1-424b-9868-57a2d4851a1d" />
    <TestEntry testId="175c01cd-9cad-0b6d-b95f-f4ae9255431f" executionId="90184ca3-a5e8-4979-acdd-0aaf333e5dd9" testListId="8c84fa94-04c1-424b-9868-57a2d4851a1d" />
    <TestEntry testId="24a76f8e-d3bf-e3b5-adb1-0f5b6f5f3abc" executionId="c18ad1b5-9b52-4846-924a-c07f8c1d41e8" testListId="8c84fa94-04c1-424b-9868-57a2d4851a1d" />
    <TestEntry testId="25e9c472-cb99-1d58-0723-7b57a1e02a4c" executionId="2ed2dd96-5f69-423e-b121-0d0df253e8ef" testListId="8c84fa94-04c1-424b-9868-57a2d4851a1d" />
    <TestEntry testId="0b1afa3d-9fb1-454d-55ef-9781f97a4eb0" executionId="63f673c8-a244-431d-bce3-66709672e680" testListId="8c84fa94-04c1-424b-9868-57a2d4851a1d" />
    <TestEntry testId="67bb3071-5f65-f2d8-366a-684984aed9b3" executionId="1c4a1af8-5212-4cfc-9e4d-10596e687ddf" testListId="8c84fa94-04c1-424b-9868-57a2d4851a1d" />
    <TestEntry testId="3b7cc839-ea74-727b-66cd-c20a3482e7ff" executionId="2cc397de-89a9-4212-a7c6-4d4b54d4b616" testListId="8c84fa94-04c1-424b-9868-57a2d4851a1d" />
    <TestEntry testId="c270a43a-fd5a-00d0-69a9-30ef866224c9" executionId="18d3899c-3bbb-48b7-9bd8-2cdc13d03e29" testListId="8c84fa94-04c1-424b-9868-57a2d4851a1d" />
    <TestEntry testId="4317e2e2-4f54-afdb-2c7d-c8fc5a3636c3" executionId="cec9d7a3-0655-4799-8329-fd5d63aa307a" testListId="8c84fa94-04c1-424b-9868-57a2d4851a1d" />
    <TestEntry testId="c900df27-7f00-4d87-4b80-d7d10a358c81" executionId="1083af42-386e-4841-902e-cb75213687c3" testListId="8c84fa94-04c1-424b-9868-57a2d4851a1d" />
    <TestEntry testId="275b2ca5-a737-bb97-6493-6d04f6fb8648" executionId="8204f634-6ffc-4a27-8aed-d0bd451d9f7c" testListId="8c84fa94-04c1-424b-9868-57a2d4851a1d" />
    <TestEntry testId="1006d4a8-e9d5-31d8-fb0e-ab622dc53acd" executionId="1017ec43-8930-4c81-9e16-6836e3619c6b" testListId="8c84fa94-04c1-424b-9868-57a2d4851a1d" />
    <TestEntry testId="b37be606-a759-faa9-62a2-464e419ee390" executionId="1fa8a018-223d-4a6c-ae94-7848db7bb428" testListId="8c84fa94-04c1-424b-9868-57a2d4851a1d" />
    <TestEntry testId="305b1fea-eb87-906f-169e-5d6c3266aeb1" executionId="6a5c6e94-10e1-40f1-a284-a2922c79549c" testListId="8c84fa94-04c1-424b-9868-57a2d4851a1d" />
    <TestEntry testId="b69c8dfc-6c13-452f-9ffd-37068bfba1b0" executionId="1ab3be5d-9b88-4d5b-935f-4fcab8629a52" testListId="8c84fa94-04c1-424b-9868-57a2d4851a1d" />
    <TestEntry testId="a3f51ef7-a779-3d46-d220-c5e52973e884" executionId="b9c494d3-cbb3-4487-885c-22de1125c996" testListId="8c84fa94-04c1-424b-9868-57a2d4851a1d" />
    <TestEntry testId="58a3b60d-ced6-67de-49bd-d1edcbce0672" executionId="dd204827-4c27-42cd-b019-831177aff4cc" testListId="8c84fa94-04c1-424b-9868-57a2d4851a1d" />
    <TestEntry testId="6d116f11-f15d-9669-1abd-a3a9004b878d" executionId="9c99ff63-8098-484c-8b99-31e0e28c7af4" testListId="8c84fa94-04c1-424b-9868-57a2d4851a1d" />
    <TestEntry testId="75572589-65d2-7016-71d2-591304b5fef2" executionId="46849e12-25a7-4ddc-9a8d-7d88f25d09bd" testListId="8c84fa94-04c1-424b-9868-57a2d4851a1d" />
    <TestEntry testId="524bd61e-defb-4d37-21d5-b49306becb7e" executionId="632579de-e1ae-4d82-a00a-d119769c1390" testListId="8c84fa94-04c1-424b-9868-57a2d4851a1d" />
    <TestEntry testId="a26a3b7e-27ba-38e7-05c6-5800dcaa9d47" executionId="1bc0d306-cd44-45cc-b945-469b44812dd8" testListId="8c84fa94-04c1-424b-9868-57a2d4851a1d" />
    <TestEntry testId="b4801cb8-1293-2bea-914d-0b8238d3c408" executionId="d3e36353-9ef3-45c5-a0bd-a0f23563bd86" testListId="8c84fa94-04c1-424b-9868-57a2d4851a1d" />
    <TestEntry testId="ca3e3545-8130-8a2c-272f-9d5e8f8a164f" executionId="17ca7dc6-d29a-4215-8b78-50a9ea56135c" testListId="8c84fa94-04c1-424b-9868-57a2d4851a1d" />
    <TestEntry testId="726c3b95-1783-e84d-3544-e75a904955d3" executionId="7a3f9a34-a249-44ed-bc25-ec08c703deb8" testListId="8c84fa94-04c1-424b-9868-57a2d4851a1d" />
    <TestEntry testId="fd0a32e9-2bdc-e2c0-fd01-1c8ac373213c" executionId="a9a7ee98-d498-428b-8d82-425ea4697030" testListId="8c84fa94-04c1-424b-9868-57a2d4851a1d" />
    <TestEntry testId="730d7ccc-1714-43d6-dbba-56caf1861f92" executionId="987b15da-3f61-49d3-acfb-e0c78fc6a716" testListId="8c84fa94-04c1-424b-9868-57a2d4851a1d" />
    <TestEntry testId="81b4a248-9fb7-b555-b4e8-76edd74072f7" executionId="58a11c3e-4a9a-496b-93ac-03c7e9c993f4" testListId="8c84fa94-04c1-424b-9868-57a2d4851a1d" />
    <TestEntry testId="3d0d2454-07ac-f0d4-0a4b-ccaa441a9230" executionId="66fed484-8929-43a0-bd56-f693bee5b7d1" testListId="8c84fa94-04c1-424b-9868-57a2d4851a1d" />
    <TestEntry testId="ad842582-acff-10db-3d98-bef28ccdb5e2" executionId="64bcb9fd-8527-4ec5-b3c2-2de5c636e78f" testListId="8c84fa94-04c1-424b-9868-57a2d4851a1d" />
    <TestEntry testId="1251e7f0-9e5b-d43f-6235-7c5508e266cd" executionId="1d7a3a28-0319-4215-b649-7bf334aa019c" testListId="8c84fa94-04c1-424b-9868-57a2d4851a1d" />
    <TestEntry testId="f52a5d9c-f3a6-8594-862e-4e3d18c288a4" executionId="ec9ab2c1-0912-4b14-9d49-61c224ebf3a2" testListId="8c84fa94-04c1-424b-9868-57a2d4851a1d" />
    <TestEntry testId="20b22f11-ff67-5ecf-7e28-92be2ae79051" executionId="f4c3db0c-01d9-4ee3-9e0b-7f64c572c76b" testListId="8c84fa94-04c1-424b-9868-57a2d4851a1d" />
    <TestEntry testId="1576fdfb-bfaa-7f50-66a9-4c65258576f1" executionId="1b7d858e-524e-4884-a418-c6d8053701aa" testListId="8c84fa94-04c1-424b-9868-57a2d4851a1d" />
    <TestEntry testId="757c2d12-06d7-3ad1-859f-fffab98b3ccd" executionId="3e65891c-378f-44a4-b01b-1b71dff83478" testListId="8c84fa94-04c1-424b-9868-57a2d4851a1d" />
    <TestEntry testId="4d1c6204-6dd5-7fdd-982a-88f3e107b213" executionId="bc9a8235-36b6-434a-863d-816bf5c51e94" testListId="8c84fa94-04c1-424b-9868-57a2d4851a1d" />
    <TestEntry testId="5a8c3a06-f1fa-0523-be32-ed19202bc19b" executionId="7b64d22d-2c19-44c2-a01d-2d649bf1c0db" testListId="8c84fa94-04c1-424b-9868-57a2d4851a1d" />
    <TestEntry testId="0a5de700-3b44-9eb3-b324-91f214ae8e7c" executionId="3ca9569e-d1ff-4ae7-9340-ea0544a3e5a6" testListId="8c84fa94-04c1-424b-9868-57a2d4851a1d" />
    <TestEntry testId="ec1c4415-e358-c905-9b36-018bec2bd47f" executionId="6c421799-55aa-4fba-9d75-48996adfd50a" testListId="8c84fa94-04c1-424b-9868-57a2d4851a1d" />
    <TestEntry testId="fb64fb01-e2e8-1082-4c5a-ecb012e3f116" executionId="026ece59-f041-46e9-ac98-67f450e749ee" testListId="8c84fa94-04c1-424b-9868-57a2d4851a1d" />
    <TestEntry testId="55730007-41cc-9226-5b3a-89c566412027" executionId="b44186c4-b704-4b23-b414-c881ec25023f" testListId="8c84fa94-04c1-424b-9868-57a2d4851a1d" />
    <TestEntry testId="3be92778-a274-42af-b0d5-d82999d6f975" executionId="809be747-6596-4070-9ff2-e855c5ac37ee" testListId="8c84fa94-04c1-424b-9868-57a2d4851a1d" />
  </TestEntries>
  <TestLists>
    <TestList name="Results Not in a List" id="8c84fa94-04c1-424b-9868-57a2d4851a1d" />
    <TestList name="All Loaded Results" id="19431567-8539-422a-85d7-44ee4e166bda" />
  </TestLists>
  <ResultSummary outcome="Failed">
    <Counters total="83" executed="83" passed="82" failed="1" error="0" timeout="0" aborted="0" inconclusive="0" passedButRunAborted="0" notRunnable="0" notExecuted="0" disconnected="0" warning="0" completed="0" inProgress="0" pending="0" />
    <Output>
      <StdOut>[xUnit.net 00:00:00.00] xUnit.net VSTest Adapter v2.5.1.1+5fe7eebc65 (64-bit .NET 10.0.3)
[xUnit.net 00:00:00.09]   Discovering: CRM.SystemModule.Tests
[xUnit.net 00:00:00.13]   Discovered:  CRM.SystemModule.Tests
[xUnit.net 00:00:00.13]   Starting:    CRM.SystemModule.Tests
[xUnit.net 00:00:00.80]       System.ArgumentNullException : Value cannot be null. (Parameter 'source')
[xUnit.net 00:00:00.80]       Stack Trace:
[xUnit.net 00:00:00.80]            at System.ArgumentNullException.Throw(String paramName)
[xUnit.net 00:00:00.80]            at System.ArgumentNullException.ThrowIfNull(Object argument, String paramName)
[xUnit.net 00:00:00.80]            at System.Linq.Queryable.Where[TSource](IQueryable`1 source, Expression`1 predicate)
[xUnit.net 00:00:00.80]         /Users/alal/Code/Git CRM Solution/crm-solution/CRM.Backend/src/CRM.Infrastructure/Services/AdminDashboardService.cs(85,0): at CRM.Infrastructure.Services.AdminDashboardService.GetSystemStatisticsAsync(CancellationToken cancellationToken)
[xUnit.net 00:00:00.80]         /Users/alal/Code/Git CRM Solution/crm-solution/CRM.Backend/tests/CRM.SystemModule.Tests/Services/AdminDashboardServiceTests.cs(90,0): at CRM.SystemModule.Tests.Services.AdminDashboardServiceTests.GetSystemStatisticsAsync_ReturnsValidStatistics()
[xUnit.net 00:00:00.80]         --- End of stack trace from previous location ---
[xUnit.net 00:00:00.81]   Finished:    CRM.SystemModule.Tests
</StdOut>
    </Output>
    <RunInfos>
      <RunInfo computerName="Abhisheks-MacBook-Pro" outcome="Error" timestamp="2026-02-22T22:21:17.9811140+01:00">
        <Text>[xUnit.net 00:00:00.80]     CRM.SystemModule.Tests.Services.AdminDashboardServiceTests.GetSystemStatisticsAsync_ReturnsValidStatistics [FAIL]</Text>
      </RunInfo>
    </RunInfos>
  </ResultSummary>
</TestRun>