<?xml version="1.0" encoding="utf-8"?>
<TestRun id="3dd99c5e-fde7-40f9-8f1d-44c05a46299c" name="@Abhisheks-MacBook-Pro 2026-02-23 00:05:41" xmlns="http://microsoft.com/schemas/VisualStudio/TeamTest/2010">
  <Times creation="2026-02-23T00:05:41.2602870+01:00" queuing="2026-02-23T00:05:41.2602870+01:00" start="2026-02-23T00:05:40.4660420+01:00" finish="2026-02-23T00:05:42.0415000+01:00" />
  <TestSettings name="default" id="8807eb84-4b40-45f7-a24d-3a699135c935">
    <Deployment runDeploymentRoot="_Abhisheks-MacBook-Pro_2026-02-23_00_05_41" />
  </TestSettings>
  <Results>
    <UnitTestResult executionId="0582b4ba-f0bf-43c9-ae5d-38067d155e3d" testId="1251e7f0-9e5b-d43f-6235-7c5508e266cd" testName="CRM.SystemModule.Tests.Services.PermissionCacheServiceTests.InvalidateUserCacheAsync_RemovesUserCache" computerName="Abhisheks-MacBook-Pro" duration="00:00:00.0042646" startTime="2026-02-23T00:05:41.6837060+01:00" endTime="2026-02-23T00:05:41.6837060+01:00" testType="13cdc9d9-ddb5-4fa4-a97d-d965ccfc6d4b" outcome="Passed" testListId="8c84fa94-04c1-424b-9868-57a2d4851a1d" relativeResultsDirectory="0582b4ba-f0bf-43c9-ae5d-38067d155e3d" />
    <UnitTestResult executionId="f8edec71-484e-4e29-a968-667f44fda1a2" testId="a3f51ef7-a779-3d46-d220-c5e52973e884" testName="CRM.SystemModule.Tests.Controllers.RolesControllerTests.GetRolePermissions_WithValidRole_ReturnsPermissions" computerName="Abhisheks-MacBook-Pro" duration="00:00:00.0767020" startTime="2026-02-23T00:05:41.7322970+01:00" endTime="2026-02-23T00:05:41.7322970+01:00" testType="13cdc9d9-ddb5-4fa4-a97d-d965ccfc6d4b" outcome="Passed" testListId="8c84fa94-04c1-424b-9868-57a2d4851a1d" relativeResultsDirectory="f8edec71-484e-4e29-a968-667f44fda1a2" />
    <UnitTestResult executionId="a2c3b696-8d59-4d7d-97c2-68db605c8235" testId="f52a5d9c-f3a6-8594-862e-4e3d18c288a4" testName="CRM.SystemModule.Tests.Services.UserGroupServiceTests.GetGroupByIdAsync_WithValidId_ReturnsGroup" computerName="Abhisheks-MacBook-Pro" duration="00:00:00.0030231" startTime="2026-02-23T00:05:41.6443290+01:00" endTime="2026-02-23T00:05:41.6443290+01:00" testType="13cdc9d9-ddb5-4fa4-a97d-d965ccfc6d4b" outcome="Passed" testListId="8c84fa94-04c1-424b-9868-57a2d4851a1d" relativeResultsDirectory="a2c3b696-8d59-4d7d-97c2-68db605c8235" />
    <UnitTestResult executionId="1575d907-0629-4776-b443-e98aeb823d2f" testId="354db19f-80ba-615c-5d12-4e34acedb71a" testName="CRM.SystemModule.Tests.Services.PerformanceMonitoringServiceTests.SystemPerformanceMetricsDto_ResourceMetrics_AreTracked" computerName="Abhisheks-MacBook-Pro" duration="00:00:00.0001241" startTime="2026-02-23T00:05:41.2285480+01:00" endTime="2026-02-23T00:05:41.2285480+01:00" testType="13cdc9d9-ddb5-4fa4-a97d-d965ccfc6d4b" outcome="Passed" testListId="8c84fa94-04c1-424b-9868-57a2d4851a1d" relativeResultsDirectory="1575d907-0629-4776-b443-e98aeb823d2f" />
    <UnitTestResult executionId="3da431c8-09a3-430c-a9a4-ce5e50ee720b" testId="9c5862c2-740d-459e-f73c-cb10e31e715c" testName="CRM.SystemModule.Tests.Controllers.PermissionsControllerTests.Permission_NameProperty_IsRequired" computerName="Abhisheks-MacBook-Pro" duration="00:00:00.0227565" startTime="2026-02-23T00:05:41.4631930+01:00" endTime="2026-02-23T00:05:41.4631930+01:00" testType="13cdc9d9-ddb5-4fa4-a97d-d965ccfc6d4b" outcome="Passed" testListId="8c84fa94-04c1-424b-9868-57a2d4851a1d" relativeResultsDirectory="3da431c8-09a3-430c-a9a4-ce5e50ee720b" />
    <UnitTestResult executionId="2c35ad08-cfbe-4f60-9a8d-7051f5155f94" testId="5b698bd0-e805-96c9-e333-98906824eb05" testName="CRM.SystemModule.Tests.Services.UserGroupServiceTests.GetActiveGroupsAsync_ReturnsOnlyActiveGroups" computerName="Abhisheks-MacBook-Pro" duration="00:00:00.4496828" startTime="2026-02-23T00:05:41.5478780+01:00" endTime="2026-02-23T00:05:41.5478780+01:00" testType="13cdc9d9-ddb5-4fa4-a97d-d965ccfc6d4b" outcome="Passed" testListId="8c84fa94-04c1-424b-9868-57a2d4851a1d" relativeResultsDirectory="2c35ad08-cfbe-4f60-9a8d-7051f5155f94" />
    <UnitTestResult executionId="9c4f8027-c99f-4aea-8433-134b59f9f3a9" testId="0a5de700-3b44-9eb3-b324-91f214ae8e7c" testName="CRM.SystemModule.Tests.Controllers.UsersControllerTests.GetAllUsers_ReturnsUserList" computerName="Abhisheks-MacBook-Pro" duration="00:00:00.0221227" startTime="2026-02-23T00:05:41.5228800+01:00" endTime="2026-02-23T00:05:41.5228800+01:00" testType="13cdc9d9-ddb5-4fa4-a97d-d965ccfc6d4b" outcome="Passed" testListId="8c84fa94-04c1-424b-9868-57a2d4851a1d" relativeResultsDirectory="9c4f8027-c99f-4aea-8433-134b59f9f3a9" />
    <UnitTestResult executionId="15d05abb-1ac2-4dd0-b94f-05789fe24cfc" testId="726c3b95-1783-e84d-3544-e75a904955d3" testName="CRM.SystemModule.Tests.Controllers.PermissionsControllerTests.GetAllPermissions_ReturnsAllPermissions" computerName="Abhisheks-MacBook-Pro" duration="00:00:00.0068307" startTime="2026-02-23T00:05:41.4692170+01:00" endTime="2026-02-23T00:05:41.4692170+01:00" testType="13cdc9d9-ddb5-4fa4-a97d-d965ccfc6d4b" outcome="Passed" testListId="8c84fa94-04c1-424b-9868-57a2d4851a1d" relativeResultsDirectory="15d05abb-1ac2-4dd0-b94f-05789fe24cfc" />
    <UnitTestResult executionId="d20892df-1e43-491e-be6c-77e8f7f9fe11" testId="c908aeab-7c7f-720f-b8e2-7bb43345daf2" testName="CRM.SystemModule.Tests.Services.AdminDashboardServiceTests.GetSystemStatisticsAsync_ReturnsValidStatistics" computerName="Abhisheks-MacBook-Pro" duration="00:00:00.0284884" startTime="2026-02-23T00:05:41.9301800+01:00" endTime="2026-02-23T00:05:41.9301800+01:00" testType="13cdc9d9-ddb5-4fa4-a97d-d965ccfc6d4b" outcome="Passed" testListId="8c84fa94-04c1-424b-9868-57a2d4851a1d" relativeResultsDirectory="d20892df-1e43-491e-be6c-77e8f7f9fe11" />
    <UnitTestResult executionId="25740945-72f1-4ecf-9804-a18056bf3b81" testId="dcd938c7-f734-4e3e-1564-6b15065b418d" testName="CRM.SystemModule.Tests.Services.FeatureFlagServiceTests.ProviderFlags_WhenAllBuiltIn_ReturnsFalse" computerName="Abhisheks-MacBook-Pro" duration="00:00:00.0041571" startTime="2026-02-23T00:05:41.2337540+01:00" endTime="2026-02-23T00:05:41.2337540+01:00" testType="13cdc9d9-ddb5-4fa4-a97d-d965ccfc6d4b" outcome="Passed" testListId="8c84fa94-04c1-424b-9868-57a2d4851a1d" relativeResultsDirectory="25740945-72f1-4ecf-9804-a18056bf3b81" />
    <UnitTestResult executionId="888858ee-afb3-42ac-9294-679d23fdff13" testId="81b4a248-9fb7-b555-b4e8-76edd74072f7" testName="CRM.SystemModule.Tests.Controllers.AuthenticationControllerTests.Register_WithValidData_CreatesUser" computerName="Abhisheks-MacBook-Pro" duration="00:00:00.0000548" startTime="2026-02-23T00:05:41.2252360+01:00" endTime="2026-02-23T00:05:41.2252370+01:00" testType="13cdc9d9-ddb5-4fa4-a97d-d965ccfc6d4b" outcome="Passed" testListId="8c84fa94-04c1-424b-9868-57a2d4851a1d" relativeResultsDirectory="888858ee-afb3-42ac-9294-679d23fdff13" />
    <UnitTestResult executionId="9917fefb-9f5c-47b4-82bf-950e5e0588d5" testId="20b22f11-ff67-5ecf-7e28-92be2ae79051" testName="CRM.SystemModule.Tests.Services.RBACServiceTests.GetUserPermissionsAsync_WithCachedPermissions_ReturnsFromCache" computerName="Abhisheks-MacBook-Pro" duration="00:00:00.0011061" startTime="2026-02-23T00:05:41.5795720+01:00" endTime="2026-02-23T00:05:41.5795730+01:00" testType="13cdc9d9-ddb5-4fa4-a97d-d965ccfc6d4b" outcome="Passed" testListId="8c84fa94-04c1-424b-9868-57a2d4851a1d" relativeResultsDirectory="9917fefb-9f5c-47b4-82bf-950e5e0588d5" />
    <UnitTestResult executionId="985b0de2-2bf3-45cd-81b6-9a05d1d4d215" testId="b69c8dfc-6c13-452f-9ffd-37068bfba1b0" testName="CRM.SystemModule.Tests.Services.RBACServiceTests.CheckPermissionAsync_WithPermittedUser_ReturnsTrue" computerName="Abhisheks-MacBook-Pro" duration="00:00:00.0709533" startTime="2026-02-23T00:05:41.5452880+01:00" endTime="2026-02-23T00:05:41.5452880+01:00" testType="13cdc9d9-ddb5-4fa4-a97d-d965ccfc6d4b" outcome="Passed" testListId="8c84fa94-04c1-424b-9868-57a2d4851a1d" relativeResultsDirectory="985b0de2-2bf3-45cd-81b6-9a05d1d4d215" />
    <UnitTestResult executionId="c651b9a6-ecab-41ab-a57c-b2220e07bcf3" testId="f9e55ed1-e644-e5d8-23a7-98cce313d8b5" testName="CRM.SystemModule.Tests.Controllers.AuthenticationControllerTests.Login_WithInvalidEmail_ReturnsUnauthorized" computerName="Abhisheks-MacBook-Pro" duration="00:00:00.0001365" startTime="2026-02-23T00:05:41.2230630+01:00" endTime="2026-02-23T00:05:41.2230630+01:00" testType="13cdc9d9-ddb5-4fa4-a97d-d965ccfc6d4b" outcome="Passed" testListId="8c84fa94-04c1-424b-9868-57a2d4851a1d" relativeResultsDirectory="c651b9a6-ecab-41ab-a57c-b2220e07bcf3" />
    <UnitTestResult executionId="2a239c3d-786e-42f4-871a-ef9212c2dd54" testId="105c59e3-2577-434a-79a0-31bdb8b57574" testName="CRM.SystemModule.Tests.Services.UICustomizationServiceTests.SystemSettings_UseGroupHeaderColor_CanBeToggled" computerName="Abhisheks-MacBook-Pro" duration="00:00:00.0006103" startTime="2026-02-23T00:05:41.2223470+01:00" endTime="2026-02-23T00:05:41.2223470+01:00" testType="13cdc9d9-ddb5-4fa4-a97d-d965ccfc6d4b" outcome="Passed" testListId="8c84fa94-04c1-424b-9868-57a2d4851a1d" relativeResultsDirectory="2a239c3d-786e-42f4-871a-ef9212c2dd54" />
    <UnitTestResult executionId="09eff7a5-593e-42fc-9aaf-3c6236f399bf" testId="0b1afa3d-9fb1-454d-55ef-9781f97a4eb0" testName="CRM.SystemModule.Tests.Services.UserServiceTests.GetUserByIdAsync_WithValidId_ReturnsUser" computerName="Abhisheks-MacBook-Pro" duration="00:00:00.0019230" startTime="2026-02-23T00:05:41.5065110+01:00" endTime="2026-02-23T00:05:41.5065110+01:00" testType="13cdc9d9-ddb5-4fa4-a97d-d965ccfc6d4b" outcome="Passed" testListId="8c84fa94-04c1-424b-9868-57a2d4851a1d" relativeResultsDirectory="09eff7a5-593e-42fc-9aaf-3c6236f399bf" />
    <UnitTestResult executionId="f07de694-7086-434f-9da5-cbcc96c880d1" testId="2f3b872b-f1b7-d4ad-d939-d7b76de5f394" testName="CRM.SystemModule.Tests.DTOs.SystemModuleDtoTests.CreateUserDto_WithValidData_IsValid" computerName="Abhisheks-MacBook-Pro" duration="00:00:00.0009372" startTime="2026-02-23T00:05:41.2308230+01:00" endTime="2026-02-23T00:05:41.2308230+01:00" testType="13cdc9d9-ddb5-4fa4-a97d-d965ccfc6d4b" outcome="Passed" testListId="8c84fa94-04c1-424b-9868-57a2d4851a1d" relativeResultsDirectory="f07de694-7086-434f-9da5-cbcc96c880d1" />
    <UnitTestResult executionId="1ba18501-b33c-4173-89c3-c1a171d878e7" testId="524bd61e-defb-4d37-21d5-b49306becb7e" testName="CRM.SystemModule.Tests.DTOs.SystemModuleDtoTests.SystemSettingsDto_Creation_IsValid" computerName="Abhisheks-MacBook-Pro" duration="00:00:00.0002384" startTime="2026-02-23T00:05:41.2321970+01:00" endTime="2026-02-23T00:05:41.2321980+01:00" testType="13cdc9d9-ddb5-4fa4-a97d-d965ccfc6d4b" outcome="Passed" testListId="8c84fa94-04c1-424b-9868-57a2d4851a1d" relativeResultsDirectory="1ba18501-b33c-4173-89c3-c1a171d878e7" />
    <UnitTestResult executionId="11c96e0c-15f4-424e-b213-9b489a7db840" testId="7d1dc5f2-16db-fefc-4e89-99ed663f9da2" testName="CRM.SystemModule.Tests.Services.PerformanceMonitoringServiceTests.SystemPerformanceMetricsDto_CanStoreMetrics" computerName="Abhisheks-MacBook-Pro" duration="00:00:00.0071259" startTime="2026-02-23T00:05:41.2275360+01:00" endTime="2026-02-23T00:05:41.2275360+01:00" testType="13cdc9d9-ddb5-4fa4-a97d-d965ccfc6d4b" outcome="Passed" testListId="8c84fa94-04c1-424b-9868-57a2d4851a1d" relativeResultsDirectory="11c96e0c-15f4-424e-b213-9b489a7db840" />
    <UnitTestResult executionId="267ce7a3-c3a5-47ec-8317-5c0702ea2145" testId="9f92a97f-ca76-fb6a-e11b-ff8987e41594" testName="CRM.SystemModule.Tests.Services.FeatureFlagServiceTests.AllFeatureNames_AreValid" computerName="Abhisheks-MacBook-Pro" duration="00:00:00.0006440" startTime="2026-02-23T00:05:41.2344910+01:00" endTime="2026-02-23T00:05:41.2344910+01:00" testType="13cdc9d9-ddb5-4fa4-a97d-d965ccfc6d4b" outcome="Passed" testListId="8c84fa94-04c1-424b-9868-57a2d4851a1d" relativeResultsDirectory="267ce7a3-c3a5-47ec-8317-5c0702ea2145" />
    <UnitTestResult executionId="efcfef63-2e5a-4960-ae0e-661426230cdb" testId="c900df27-7f00-4d87-4b80-d7d10a358c81" testName="CRM.SystemModule.Tests.Services.UICustomizationServiceTests.SystemSettings_ColorValues_AreValidHexFormat" computerName="Abhisheks-MacBook-Pro" duration="00:00:00.0032542" startTime="2026-02-23T00:05:41.2258110+01:00" endTime="2026-02-23T00:05:41.2258110+01:00" testType="13cdc9d9-ddb5-4fa4-a97d-d965ccfc6d4b" outcome="Passed" testListId="8c84fa94-04c1-424b-9868-57a2d4851a1d" relativeResultsDirectory="efcfef63-2e5a-4960-ae0e-661426230cdb" />
    <UnitTestResult executionId="b15d7167-bc78-4290-bfb6-75e4c6b116a1" testId="c9f163c4-8480-ee11-09d4-341560018007" testName="CRM.SystemModule.Tests.Controllers.AuthenticationControllerTests.RefreshToken_WithValidToken_ReturnsNewToken" computerName="Abhisheks-MacBook-Pro" duration="00:00:00.0001632" startTime="2026-02-23T00:05:41.2234520+01:00" endTime="2026-02-23T00:05:41.2234520+01:00" testType="13cdc9d9-ddb5-4fa4-a97d-d965ccfc6d4b" outcome="Passed" testListId="8c84fa94-04c1-424b-9868-57a2d4851a1d" relativeResultsDirectory="b15d7167-bc78-4290-bfb6-75e4c6b116a1" />
    <UnitTestResult executionId="5ffabc21-7cc5-4b9e-8783-78b9365694ea" testId="21adc977-4c02-8f45-4afb-0b54678c80f5" testName="CRM.SystemModule.Tests.Controllers.UserGroupsControllerTests.GetAllGroups_ReturnsAllUserGroups" computerName="Abhisheks-MacBook-Pro" duration="00:00:00.0024761" startTime="2026-02-23T00:05:41.6408600+01:00" endTime="2026-02-23T00:05:41.6408600+01:00" testType="13cdc9d9-ddb5-4fa4-a97d-d965ccfc6d4b" outcome="Passed" testListId="8c84fa94-04c1-424b-9868-57a2d4851a1d" relativeResultsDirectory="5ffabc21-7cc5-4b9e-8783-78b9365694ea" />
    <UnitTestResult executionId="a117a5d3-8124-4994-af6f-9627f99fb8ea" testId="ca3e3545-8130-8a2c-272f-9d5e8f8a164f" testName="CRM.SystemModule.Tests.Controllers.UserGroupsControllerTests.GetGroup_WithValidId_ReturnsGroup" computerName="Abhisheks-MacBook-Pro" duration="00:00:00.4471797" startTime="2026-02-23T00:05:41.5456070+01:00" endTime="2026-02-23T00:05:41.5456070+01:00" testType="13cdc9d9-ddb5-4fa4-a97d-d965ccfc6d4b" outcome="Passed" testListId="8c84fa94-04c1-424b-9868-57a2d4851a1d" relativeResultsDirectory="a117a5d3-8124-4994-af6f-9627f99fb8ea" />
    <UnitTestResult executionId="3a893656-0658-4a96-8932-86152e3d2957" testId="1006d4a8-e9d5-31d8-fb0e-ab622dc53acd" testName="CRM.SystemModule.Tests.Services.UserServiceTests.GetUserByEmailAsync_WithValidEmail_ReturnsUser" computerName="Abhisheks-MacBook-Pro" duration="00:00:00.0034499" startTime="2026-02-23T00:05:41.5329200+01:00" endTime="2026-02-23T00:05:41.5329200+01:00" testType="13cdc9d9-ddb5-4fa4-a97d-d965ccfc6d4b" outcome="Passed" testListId="8c84fa94-04c1-424b-9868-57a2d4851a1d" relativeResultsDirectory="3a893656-0658-4a96-8932-86152e3d2957" />
    <UnitTestResult executionId="28dff0bf-c108-4316-b920-0d9bc890b75c" testId="e5e2fed6-8387-127a-963d-15514631336c" testName="CRM.SystemModule.Tests.Services.RBACServiceTests.CheckPermissionAsync_WithDeniedUser_ReturnsFalse" computerName="Abhisheks-MacBook-Pro" duration="00:00:00.0326679" startTime="2026-02-23T00:05:41.5779440+01:00" endTime="2026-02-23T00:05:41.5779440+01:00" testType="13cdc9d9-ddb5-4fa4-a97d-d965ccfc6d4b" outcome="Passed" testListId="8c84fa94-04c1-424b-9868-57a2d4851a1d" relativeResultsDirectory="28dff0bf-c108-4316-b920-0d9bc890b75c" />
    <UnitTestResult executionId="f95d58af-586a-43f5-b66c-a790dc3587e0" testId="6ce0d71a-3687-2185-821b-3ade739b597c" testName="CRM.SystemModule.Tests.Services.AdminDashboardServiceTests.GetProviderHealthSummaryAsync_ReturnsSummary" computerName="Abhisheks-MacBook-Pro" duration="00:00:00.0049423" startTime="2026-02-23T00:05:41.9020610+01:00" endTime="2026-02-23T00:05:41.9020610+01:00" testType="13cdc9d9-ddb5-4fa4-a97d-d965ccfc6d4b" outcome="Passed" testListId="8c84fa94-04c1-424b-9868-57a2d4851a1d" relativeResultsDirectory="f95d58af-586a-43f5-b66c-a790dc3587e0" />
    <UnitTestResult executionId="928f178d-7ab2-4742-bbcb-68c6a436bd94" testId="31eee4e1-1a4f-61fe-c978-83d4b8b2414e" testName="CRM.SystemModule.Tests.Services.PerformanceMonitoringServiceTests.EndpointPerformanceMetricsDto_TracksEndpoints" computerName="Abhisheks-MacBook-Pro" duration="00:00:00.0001847" startTime="2026-02-23T00:05:41.2296410+01:00" endTime="2026-02-23T00:05:41.2296410+01:00" testType="13cdc9d9-ddb5-4fa4-a97d-d965ccfc6d4b" outcome="Passed" testListId="8c84fa94-04c1-424b-9868-57a2d4851a1d" relativeResultsDirectory="928f178d-7ab2-4742-bbcb-68c6a436bd94" />
    <UnitTestResult executionId="a0a2f7f1-99e6-4dee-889c-5ecaaa05a968" testId="f2084afc-0858-83d5-0c8a-ffc7afa9c12b" testName="CRM.SystemModule.Tests.Controllers.UserGroupsControllerTests.GetGroupMembers_WithValidGroupId_ReturnsMembers" computerName="Abhisheks-MacBook-Pro" duration="00:00:00.0909753" startTime="2026-02-23T00:05:41.6391090+01:00" endTime="2026-02-23T00:05:41.6391090+01:00" testType="13cdc9d9-ddb5-4fa4-a97d-d965ccfc6d4b" outcome="Passed" testListId="8c84fa94-04c1-424b-9868-57a2d4851a1d" relativeResultsDirectory="a0a2f7f1-99e6-4dee-889c-5ecaaa05a968" />
    <UnitTestResult executionId="e14f0345-c76f-4e71-8a80-0fc2ced18e0b" testId="4317e2e2-4f54-afdb-2c7d-c8fc5a3636c3" testName="CRM.SystemModule.Tests.Services.UserServiceTests.GetUserByUsernameAsync_WithValidUsername_ReturnsUser" computerName="Abhisheks-MacBook-Pro" duration="00:00:00.0055935" startTime="2026-02-23T00:05:41.5317630+01:00" endTime="2026-02-23T00:05:41.5317640+01:00" testType="13cdc9d9-ddb5-4fa4-a97d-d965ccfc6d4b" outcome="Passed" testListId="8c84fa94-04c1-424b-9868-57a2d4851a1d" relativeResultsDirectory="e14f0345-c76f-4e71-8a80-0fc2ced18e0b" />
    <UnitTestResult executionId="c7d33567-315d-4f88-866d-3279f6cd022a" testId="5a8c3a06-f1fa-0523-be32-ed19202bc19b" testName="CRM.SystemModule.Tests.Controllers.RolesControllerTests.GetPermissions_ReturnsAllPermissions" computerName="Abhisheks-MacBook-Pro" duration="00:00:00.0133406" startTime="2026-02-23T00:05:41.7875220+01:00" endTime="2026-02-23T00:05:41.7875220+01:00" testType="13cdc9d9-ddb5-4fa4-a97d-d965ccfc6d4b" outcome="Passed" testListId="8c84fa94-04c1-424b-9868-57a2d4851a1d" relativeResultsDirectory="c7d33567-315d-4f88-866d-3279f6cd022a" />
    <UnitTestResult executionId="477a65a3-e2e1-4ca0-97b7-c2b45f38327b" testId="3d0d2454-07ac-f0d4-0a4b-ccaa441a9230" testName="CRM.SystemModule.Tests.Services.UICustomizationServiceTests.SystemSettings_CanStoreBrandingPreferences" computerName="Abhisheks-MacBook-Pro" duration="00:00:00.0068983" startTime="2026-02-23T00:05:41.1743930+01:00" endTime="2026-02-23T00:05:41.1743930+01:00" testType="13cdc9d9-ddb5-4fa4-a97d-d965ccfc6d4b" outcome="Passed" testListId="8c84fa94-04c1-424b-9868-57a2d4851a1d" relativeResultsDirectory="477a65a3-e2e1-4ca0-97b7-c2b45f38327b" />
    <UnitTestResult executionId="19aedcc1-7241-41e1-b7e0-7178c1c4a20c" testId="a8bac065-33a6-b801-d64b-46186fb5d412" testName="CRM.SystemModule.Tests.Controllers.AuthenticationControllerTests.Login_WithValidCredentials_ReturnsToken" computerName="Abhisheks-MacBook-Pro" duration="00:00:00.0000526" startTime="2026-02-23T00:05:41.2255300+01:00" endTime="2026-02-23T00:05:41.2255300+01:00" testType="13cdc9d9-ddb5-4fa4-a97d-d965ccfc6d4b" outcome="Passed" testListId="8c84fa94-04c1-424b-9868-57a2d4851a1d" relativeResultsDirectory="19aedcc1-7241-41e1-b7e0-7178c1c4a20c" />
    <UnitTestResult executionId="fd4b2adc-c7da-41db-8be2-087418c072b2" testId="04377a1e-9c9f-e388-c0fa-3b81e333565d" testName="CRM.SystemModule.Tests.Services.PerformanceMonitoringServiceTests.ErrorRatePercent_ShouldBePercentage" computerName="Abhisheks-MacBook-Pro" duration="00:00:00.0000834" startTime="2026-02-23T00:05:41.2281630+01:00" endTime="2026-02-23T00:05:41.2281630+01:00" testType="13cdc9d9-ddb5-4fa4-a97d-d965ccfc6d4b" outcome="Passed" testListId="8c84fa94-04c1-424b-9868-57a2d4851a1d" relativeResultsDirectory="fd4b2adc-c7da-41db-8be2-087418c072b2" />
    <UnitTestResult executionId="90a3dae7-cff6-4db9-8d09-9d73e11c4577" testId="275b2ca5-a737-bb97-6493-6d04f6fb8648" testName="CRM.SystemModule.Tests.Controllers.FeatureFlagsControllerTests.GetFeatureFlags_ReturnsAllFlags" computerName="Abhisheks-MacBook-Pro" duration="00:00:00.0043065" startTime="2026-02-23T00:05:41.5349240+01:00" endTime="2026-02-23T00:05:41.5349240+01:00" testType="13cdc9d9-ddb5-4fa4-a97d-d965ccfc6d4b" outcome="Passed" testListId="8c84fa94-04c1-424b-9868-57a2d4851a1d" relativeResultsDirectory="90a3dae7-cff6-4db9-8d09-9d73e11c4577" />
    <UnitTestResult executionId="3cefcac7-f342-4199-bec6-26e67bdec3a2" testId="ad112ac1-a5af-f47c-33d0-39a9951a3309" testName="CRM.SystemModule.Tests.Services.PerformanceMonitoringServiceTests.DatabasePerformanceMetricsDto_TracksConnections" computerName="Abhisheks-MacBook-Pro" duration="00:00:00.0057152" startTime="2026-02-23T00:05:41.1720290+01:00" endTime="2026-02-23T00:05:41.1720410+01:00" testType="13cdc9d9-ddb5-4fa4-a97d-d965ccfc6d4b" outcome="Passed" testListId="8c84fa94-04c1-424b-9868-57a2d4851a1d" relativeResultsDirectory="3cefcac7-f342-4199-bec6-26e67bdec3a2" />
    <UnitTestResult executionId="7f8f464a-ce6a-4f87-a8b6-85503532a030" testId="305b1fea-eb87-906f-169e-5d6c3266aeb1" testName="CRM.SystemModule.Tests.Services.UserGroupServiceTests.GetGroupByIdAsync_WithInvalidId_ReturnsNull" computerName="Abhisheks-MacBook-Pro" duration="00:00:00.0019583" startTime="2026-02-23T00:05:41.6463700+01:00" endTime="2026-02-23T00:05:41.6463700+01:00" testType="13cdc9d9-ddb5-4fa4-a97d-d965ccfc6d4b" outcome="Passed" testListId="8c84fa94-04c1-424b-9868-57a2d4851a1d" relativeResultsDirectory="7f8f464a-ce6a-4f87-a8b6-85503532a030" />
    <UnitTestResult executionId="396e6411-e7f5-4ee5-88a6-5af0ebc01943" testId="3b7cc839-ea74-727b-66cd-c20a3482e7ff" testName="CRM.SystemModule.Tests.DTOs.SystemModuleDtoTests.UserGroupDto_Creation_IsValid" computerName="Abhisheks-MacBook-Pro" duration="00:00:00.0018374" startTime="2026-02-23T00:05:41.2300360+01:00" endTime="2026-02-23T00:05:41.2300360+01:00" testType="13cdc9d9-ddb5-4fa4-a97d-d965ccfc6d4b" outcome="Passed" testListId="8c84fa94-04c1-424b-9868-57a2d4851a1d" relativeResultsDirectory="396e6411-e7f5-4ee5-88a6-5af0ebc01943" />
    <UnitTestResult executionId="43dacb51-6c5f-4f22-b127-d91684553fab" testId="6f34bc37-0b46-fb61-8732-b88542b23691" testName="CRM.SystemModule.Tests.Controllers.PermissionsControllerTests.Permission_EntityCreation_IsValid" computerName="Abhisheks-MacBook-Pro" duration="00:00:00.0000652" startTime="2026-02-23T00:05:41.4636680+01:00" endTime="2026-02-23T00:05:41.4636680+01:00" testType="13cdc9d9-ddb5-4fa4-a97d-d965ccfc6d4b" outcome="Passed" testListId="8c84fa94-04c1-424b-9868-57a2d4851a1d" relativeResultsDirectory="43dacb51-6c5f-4f22-b127-d91684553fab" />
    <UnitTestResult executionId="59cff2eb-dd8a-432c-bd99-5c8028a262a8" testId="b1aa859f-ec7c-0847-8cb6-f81ff6cb2028" testName="CRM.SystemModule.Tests.Services.AdminDashboardServiceTests.GetAllModuleStatusAsync_ReturnsModuleStatuses" computerName="Abhisheks-MacBook-Pro" duration="00:00:00.7983357" startTime="2026-02-23T00:05:41.8974360+01:00" endTime="2026-02-23T00:05:41.8974360+01:00" testType="13cdc9d9-ddb5-4fa4-a97d-d965ccfc6d4b" outcome="Passed" testListId="8c84fa94-04c1-424b-9868-57a2d4851a1d" relativeResultsDirectory="59cff2eb-dd8a-432c-bd99-5c8028a262a8" />
    <UnitTestResult executionId="2ba478d2-8f26-4293-adbc-4505a70768bd" testId="75572589-65d2-7016-71d2-591304b5fef2" testName="CRM.SystemModule.Tests.Controllers.RolesControllerTests.GetUserRoles_WithValidUser_ReturnsRoles" computerName="Abhisheks-MacBook-Pro" duration="00:00:00.4662710" startTime="2026-02-23T00:05:41.6547860+01:00" endTime="2026-02-23T00:05:41.6547860+01:00" testType="13cdc9d9-ddb5-4fa4-a97d-d965ccfc6d4b" outcome="Passed" testListId="8c84fa94-04c1-424b-9868-57a2d4851a1d" relativeResultsDirectory="2ba478d2-8f26-4293-adbc-4505a70768bd" />
    <UnitTestResult executionId="5882eb32-682d-4864-9a22-a7372eb01f2c" testId="4d1c6204-6dd5-7fdd-982a-88f3e107b213" testName="CRM.SystemModule.Tests.Controllers.AuthenticationControllerTests.Logout_WithValidToken_ReturnsSuccess" computerName="Abhisheks-MacBook-Pro" duration="00:00:00.0056424" startTime="2026-02-23T00:05:41.2227890+01:00" endTime="2026-02-23T00:05:41.2227890+01:00" testType="13cdc9d9-ddb5-4fa4-a97d-d965ccfc6d4b" outcome="Passed" testListId="8c84fa94-04c1-424b-9868-57a2d4851a1d" relativeResultsDirectory="5882eb32-682d-4864-9a22-a7372eb01f2c" />
    <UnitTestResult executionId="2ab75c3a-9e6f-4221-ad8b-96ac22c28559" testId="76878e2c-f4c9-2c5e-7a1f-be646f0386ee" testName="CRM.SystemModule.Tests.DTOs.SystemModuleDtoTests.AuthResponse_WithValidToken_IsValid" computerName="Abhisheks-MacBook-Pro" duration="00:00:00.0027815" startTime="2026-02-23T00:05:41.2304120+01:00" endTime="2026-02-23T00:05:41.2304120+01:00" testType="13cdc9d9-ddb5-4fa4-a97d-d965ccfc6d4b" outcome="Passed" testListId="8c84fa94-04c1-424b-9868-57a2d4851a1d" relativeResultsDirectory="2ab75c3a-9e6f-4221-ad8b-96ac22c28559" />
    <UnitTestResult executionId="b82e1abb-e408-4ab7-954c-b47dcfa40ccc" testId="fd0a32e9-2bdc-e2c0-fd01-1c8ac373213c" testName="CRM.SystemModule.Tests.DTOs.SystemModuleDtoTests.RefreshTokenRequest_WithValidToken_IsValid" computerName="Abhisheks-MacBook-Pro" duration="00:00:00.0005431" startTime="2026-02-23T00:05:41.2329540+01:00" endTime="2026-02-23T00:05:41.2329550+01:00" testType="13cdc9d9-ddb5-4fa4-a97d-d965ccfc6d4b" outcome="Passed" testListId="8c84fa94-04c1-424b-9868-57a2d4851a1d" relativeResultsDirectory="b82e1abb-e408-4ab7-954c-b47dcfa40ccc" />
    <UnitTestResult executionId="c81d5869-786a-4f76-b812-75c946a7167d" testId="730d7ccc-1714-43d6-dbba-56caf1861f92" testName="CRM.SystemModule.Tests.Controllers.PermissionsControllerTests.Permission_WithValidProperties_IsValid" computerName="Abhisheks-MacBook-Pro" duration="00:00:00.3416640" startTime="2026-02-23T00:05:41.4454790+01:00" endTime="2026-02-23T00:05:41.4454790+01:00" testType="13cdc9d9-ddb5-4fa4-a97d-d965ccfc6d4b" outcome="Passed" testListId="8c84fa94-04c1-424b-9868-57a2d4851a1d" relativeResultsDirectory="c81d5869-786a-4f76-b812-75c946a7167d" />
    <UnitTestResult executionId="f9fdd944-89c5-43de-a27b-47bdf2433414" testId="6d5dab92-a49a-3723-e50d-154fc1c3aa85" testName="CRM.SystemModule.Tests.Services.UICustomizationServiceTests.SystemSettings_SupportsDefaultValues" computerName="Abhisheks-MacBook-Pro" duration="00:00:00.0002148" startTime="2026-02-23T00:05:41.2213020+01:00" endTime="2026-02-23T00:05:41.2213020+01:00" testType="13cdc9d9-ddb5-4fa4-a97d-d965ccfc6d4b" outcome="Passed" testListId="8c84fa94-04c1-424b-9868-57a2d4851a1d" relativeResultsDirectory="f9fdd944-89c5-43de-a27b-47bdf2433414" />
    <UnitTestResult executionId="1b7c7363-84f9-4568-8a11-c66d1eee3bf8" testId="175c01cd-9cad-0b6d-b95f-f4ae9255431f" testName="CRM.SystemModule.Tests.Services.UserGroupServiceTests.GetGroupMembersAsync_ReturnsGroupMembers" computerName="Abhisheks-MacBook-Pro" duration="00:00:00.0871746" startTime="2026-02-23T00:05:41.6368090+01:00" endTime="2026-02-23T00:05:41.6368090+01:00" testType="13cdc9d9-ddb5-4fa4-a97d-d965ccfc6d4b" outcome="Passed" testListId="8c84fa94-04c1-424b-9868-57a2d4851a1d" relativeResultsDirectory="1b7c7363-84f9-4568-8a11-c66d1eee3bf8" />
    <UnitTestResult executionId="28a534b9-2a72-4ab0-8aca-eb944e23a328" testId="c270a43a-fd5a-00d0-69a9-30ef866224c9" testName="CRM.SystemModule.Tests.Controllers.UsersControllerTests.GetUser_WithValidId_ReturnsUser" computerName="Abhisheks-MacBook-Pro" duration="00:00:00.0170062" startTime="2026-02-23T00:05:41.5345990+01:00" endTime="2026-02-23T00:05:41.5345990+01:00" testType="13cdc9d9-ddb5-4fa4-a97d-d965ccfc6d4b" outcome="Passed" testListId="8c84fa94-04c1-424b-9868-57a2d4851a1d" relativeResultsDirectory="28a534b9-2a72-4ab0-8aca-eb944e23a328" />
    <UnitTestResult executionId="46eb9484-1cd8-4187-964b-f2a1278bf400" testId="717ef598-f126-6e43-8f48-3470e72f1809" testName="CRM.SystemModule.Tests.Services.PermissionCacheServiceTests.SetUserPermissionsInCacheAsync_StoresPermissionsInCache" computerName="Abhisheks-MacBook-Pro" duration="00:00:00.4620565" startTime="2026-02-23T00:05:41.5880290+01:00" endTime="2026-02-23T00:05:41.5880290+01:00" testType="13cdc9d9-ddb5-4fa4-a97d-d965ccfc6d4b" outcome="Passed" testListId="8c84fa94-04c1-424b-9868-57a2d4851a1d" relativeResultsDirectory="46eb9484-1cd8-4187-964b-f2a1278bf400" />
    <UnitTestResult executionId="08fca1e4-7161-4d64-b8ad-191f2aca0712" testId="0ffa0ffb-853e-fe74-1759-d99e34ee76f8" testName="CRM.SystemModule.Tests.Services.UICustomizationServiceTests.SystemSettings_CompanyLogo_CanBeSet" computerName="Abhisheks-MacBook-Pro" duration="00:00:00.0003044" startTime="2026-02-23T00:05:41.2226100+01:00" endTime="2026-02-23T00:05:41.2226100+01:00" testType="13cdc9d9-ddb5-4fa4-a97d-d965ccfc6d4b" outcome="Passed" testListId="8c84fa94-04c1-424b-9868-57a2d4851a1d" relativeResultsDirectory="08fca1e4-7161-4d64-b8ad-191f2aca0712" />
    <UnitTestResult executionId="071cfb58-b1e9-487d-b862-6999a2687d56" testId="5b20d8f0-da25-d493-3448-cd4402b8f8d8" testName="CRM.SystemModule.Tests.Services.UserGroupServiceTests.GetAllGroupsAsync_ReturnsAllGroups" computerName="Abhisheks-MacBook-Pro" duration="00:00:00.0025096" startTime="2026-02-23T00:05:41.6503180+01:00" endTime="2026-02-23T00:05:41.6503180+01:00" testType="13cdc9d9-ddb5-4fa4-a97d-d965ccfc6d4b" outcome="Passed" testListId="8c84fa94-04c1-424b-9868-57a2d4851a1d" relativeResultsDirectory="071cfb58-b1e9-487d-b862-6999a2687d56" />
    <UnitTestResult executionId="d9259759-6684-472e-911b-3a654733ef36" testId="39679076-dd2e-9de3-83c4-8fb25049100d" testName="CRM.SystemModule.Tests.Controllers.FeatureFlagsControllerTests.GetFeatureFlag_WithValidName_ReturnsFlag" computerName="Abhisheks-MacBook-Pro" duration="00:00:00.0003945" startTime="2026-02-23T00:05:41.5342980+01:00" endTime="2026-02-23T00:05:41.5342980+01:00" testType="13cdc9d9-ddb5-4fa4-a97d-d965ccfc6d4b" outcome="Passed" testListId="8c84fa94-04c1-424b-9868-57a2d4851a1d" relativeResultsDirectory="d9259759-6684-472e-911b-3a654733ef36" />
    <UnitTestResult executionId="6f497476-ee4a-43c8-a4e3-8246f08a1b3f" testId="4580c33b-6d82-31da-f47e-8a4114d0def6" testName="CRM.SystemModule.Tests.Services.UserGroupServiceTests.IsUserInGroupAsync_WithNonMember_ReturnsFalse" computerName="Abhisheks-MacBook-Pro" duration="00:00:00.0059999" startTime="2026-02-23T00:05:41.6412500+01:00" endTime="2026-02-23T00:05:41.6412500+01:00" testType="13cdc9d9-ddb5-4fa4-a97d-d965ccfc6d4b" outcome="Passed" testListId="8c84fa94-04c1-424b-9868-57a2d4851a1d" relativeResultsDirectory="6f497476-ee4a-43c8-a4e3-8246f08a1b3f" />
    <UnitTestResult executionId="a4c150e1-ba3d-4569-939a-34c75897045b" testId="7901d0d8-03d2-a50f-2343-5ec3becea7f5" testName="CRM.SystemModule.Tests.Controllers.FeatureFlagsControllerTests.ModuleSelection_WithMixedConfig_ReturnsCorrectValues" computerName="Abhisheks-MacBook-Pro" duration="00:00:00.0019770" startTime="2026-02-23T00:05:41.5337870+01:00" endTime="2026-02-23T00:05:41.5337870+01:00" testType="13cdc9d9-ddb5-4fa4-a97d-d965ccfc6d4b" outcome="Passed" testListId="8c84fa94-04c1-424b-9868-57a2d4851a1d" relativeResultsDirectory="a4c150e1-ba3d-4569-939a-34c75897045b" />
    <UnitTestResult executionId="1342cb19-9387-4d4c-b25b-ffa774ec59be" testId="b4801cb8-1293-2bea-914d-0b8238d3c408" testName="CRM.SystemModule.Tests.Controllers.FeatureFlagsControllerTests.ToggleFeatureFlag_ChangesState" computerName="Abhisheks-MacBook-Pro" duration="00:00:00.0010723" startTime="2026-02-23T00:05:41.5340430+01:00" endTime="2026-02-23T00:05:41.5340430+01:00" testType="13cdc9d9-ddb5-4fa4-a97d-d965ccfc6d4b" outcome="Passed" testListId="8c84fa94-04c1-424b-9868-57a2d4851a1d" relativeResultsDirectory="1342cb19-9387-4d4c-b25b-ffa774ec59be" />
    <UnitTestResult executionId="85c6b97c-9d1c-47cf-a9f8-4a71a3620b46" testId="6c0a6dbe-7cbb-1351-60ae-d09a69cd64ee" testName="CRM.SystemModule.Tests.Services.PerformanceMonitoringServiceTests.ResponseTime_ShouldBeNonNegative" computerName="Abhisheks-MacBook-Pro" duration="00:00:00.0001738" startTime="2026-02-23T00:05:41.1770390+01:00" endTime="2026-02-23T00:05:41.1770400+01:00" testType="13cdc9d9-ddb5-4fa4-a97d-d965ccfc6d4b" outcome="Passed" testListId="8c84fa94-04c1-424b-9868-57a2d4851a1d" relativeResultsDirectory="85c6b97c-9d1c-47cf-a9f8-4a71a3620b46" />
    <UnitTestResult executionId="ee4a652a-bf39-4319-82ca-f7bb6b72c117" testId="1576fdfb-bfaa-7f50-66a9-4c65258576f1" testName="CRM.SystemModule.Tests.Services.UserServiceTests.GetUserByEmailAsync_WithInvalidEmail_ReturnsNull" computerName="Abhisheks-MacBook-Pro" duration="00:00:00.0123824" startTime="2026-02-23T00:05:41.5188090+01:00" endTime="2026-02-23T00:05:41.5188090+01:00" testType="13cdc9d9-ddb5-4fa4-a97d-d965ccfc6d4b" outcome="Passed" testListId="8c84fa94-04c1-424b-9868-57a2d4851a1d" relativeResultsDirectory="ee4a652a-bf39-4319-82ca-f7bb6b72c117" />
    <UnitTestResult executionId="761372d3-6326-44a6-818c-ceab858b36f8" testId="ad842582-acff-10db-3d98-bef28ccdb5e2" testName="CRM.SystemModule.Tests.Controllers.UsersControllerTests.GetUser_WithInvalidId_ReturnsNull" computerName="Abhisheks-MacBook-Pro" duration="00:00:00.0358006" startTime="2026-02-23T00:05:41.5670050+01:00" endTime="2026-02-23T00:05:41.5670050+01:00" testType="13cdc9d9-ddb5-4fa4-a97d-d965ccfc6d4b" outcome="Passed" testListId="8c84fa94-04c1-424b-9868-57a2d4851a1d" relativeResultsDirectory="761372d3-6326-44a6-818c-ceab858b36f8" />
    <UnitTestResult executionId="6006db30-165c-44cf-bc5a-0c8edb533101" testId="44cba47e-2607-2cb8-2737-235fe5cd8e73" testName="CRM.SystemModule.Tests.Services.PermissionCacheServiceTests.GetUserPermissionsFromCacheAsync_WhenNotCached_ReturnsEmptySet" computerName="Abhisheks-MacBook-Pro" duration="00:00:00.0908566" startTime="2026-02-23T00:05:41.6783330+01:00" endTime="2026-02-23T00:05:41.6783330+01:00" testType="13cdc9d9-ddb5-4fa4-a97d-d965ccfc6d4b" outcome="Passed" testListId="8c84fa94-04c1-424b-9868-57a2d4851a1d" relativeResultsDirectory="6006db30-165c-44cf-bc5a-0c8edb533101" />
    <UnitTestResult executionId="a5082a5f-b0e5-4600-b18a-36ec9de073b1" testId="25e9c472-cb99-1d58-0723-7b57a1e02a4c" testName="CRM.SystemModule.Tests.DTOs.SystemModuleDtoTests.UserDto_Creation_IsValid" computerName="Abhisheks-MacBook-Pro" duration="00:00:00.0002614" startTime="2026-02-23T00:05:41.2264500+01:00" endTime="2026-02-23T00:05:41.2264500+01:00" testType="13cdc9d9-ddb5-4fa4-a97d-d965ccfc6d4b" outcome="Passed" testListId="8c84fa94-04c1-424b-9868-57a2d4851a1d" relativeResultsDirectory="a5082a5f-b0e5-4600-b18a-36ec9de073b1" />
    <UnitTestResult executionId="24a23e22-c068-4dea-a28c-05a2a72b49b4" testId="841c6389-c8c2-9542-3129-994ffd5922da" testName="CRM.SystemModule.Tests.Controllers.UsersControllerTests.SearchUsersByEmail_WithPartialMatch_ReturnsResults" computerName="Abhisheks-MacBook-Pro" duration="00:00:00.3722873" startTime="2026-02-23T00:05:41.4920000+01:00" endTime="2026-02-23T00:05:41.4920000+01:00" testType="13cdc9d9-ddb5-4fa4-a97d-d965ccfc6d4b" outcome="Passed" testListId="8c84fa94-04c1-424b-9868-57a2d4851a1d" relativeResultsDirectory="24a23e22-c068-4dea-a28c-05a2a72b49b4" />
    <UnitTestResult executionId="68173983-c1a0-4b31-be23-618315eef697" testId="757c2d12-06d7-3ad1-859f-fffab98b3ccd" testName="CRM.SystemModule.Tests.Services.PerformanceMonitoringServiceTests.SystemPerformanceMetricsDto_DefaultValues_AreValid" computerName="Abhisheks-MacBook-Pro" duration="00:00:00.0000516" startTime="2026-02-23T00:05:41.2289160+01:00" endTime="2026-02-23T00:05:41.2289160+01:00" testType="13cdc9d9-ddb5-4fa4-a97d-d965ccfc6d4b" outcome="Passed" testListId="8c84fa94-04c1-424b-9868-57a2d4851a1d" relativeResultsDirectory="68173983-c1a0-4b31-be23-618315eef697" />
    <UnitTestResult executionId="076a0dde-c4ae-477e-91b0-c46aaf1f1f84" testId="8a028918-5cd4-c43f-707d-39e7e2d071ff" testName="CRM.SystemModule.Tests.Services.PermissionCacheServiceTests.CacheKeyFormat_IsConsistent" computerName="Abhisheks-MacBook-Pro" duration="00:00:00.0064958" startTime="2026-02-23T00:05:41.6906750+01:00" endTime="2026-02-23T00:05:41.6906760+01:00" testType="13cdc9d9-ddb5-4fa4-a97d-d965ccfc6d4b" outcome="Passed" testListId="8c84fa94-04c1-424b-9868-57a2d4851a1d" relativeResultsDirectory="076a0dde-c4ae-477e-91b0-c46aaf1f1f84" />
    <UnitTestResult executionId="e215c1d4-0126-4c3b-bb66-11d0456277bf" testId="c86dc497-2f04-89e9-3e42-e5e8024b2a40" testName="CRM.SystemModule.Tests.Services.UserGroupServiceTests.IsUserInGroupAsync_WithMember_ReturnsTrue" computerName="Abhisheks-MacBook-Pro" duration="00:00:00.0012483" startTime="2026-02-23T00:05:41.6475410+01:00" endTime="2026-02-23T00:05:41.6475410+01:00" testType="13cdc9d9-ddb5-4fa4-a97d-d965ccfc6d4b" outcome="Passed" testListId="8c84fa94-04c1-424b-9868-57a2d4851a1d" relativeResultsDirectory="e215c1d4-0126-4c3b-bb66-11d0456277bf" />
    <UnitTestResult executionId="6570eea6-996f-4434-b771-b501d0ccd799" testId="58a3b60d-ced6-67de-49bd-d1edcbce0672" testName="CRM.SystemModule.Tests.Services.FeatureFlagServiceTests.ProviderFlags_WhenAllExternal_ReturnsTrue" computerName="Abhisheks-MacBook-Pro" duration="00:00:00.0665071" startTime="2026-02-23T00:05:41.2333510+01:00" endTime="2026-02-23T00:05:41.2333510+01:00" testType="13cdc9d9-ddb5-4fa4-a97d-d965ccfc6d4b" outcome="Passed" testListId="8c84fa94-04c1-424b-9868-57a2d4851a1d" relativeResultsDirectory="6570eea6-996f-4434-b771-b501d0ccd799" />
    <UnitTestResult executionId="e0e09644-f0e4-43ff-8341-e9c45ae2355a" testId="b37be606-a759-faa9-62a2-464e419ee390" testName="CRM.SystemModule.Tests.DTOs.SystemModuleDtoTests.UpdateUserDto_WithValidData_IsValid" computerName="Abhisheks-MacBook-Pro" duration="00:00:00.0003222" startTime="2026-02-23T00:05:41.2271690+01:00" endTime="2026-02-23T00:05:41.2271690+01:00" testType="13cdc9d9-ddb5-4fa4-a97d-d965ccfc6d4b" outcome="Passed" testListId="8c84fa94-04c1-424b-9868-57a2d4851a1d" relativeResultsDirectory="e0e09644-f0e4-43ff-8341-e9c45ae2355a" />
    <UnitTestResult executionId="21c4f968-54d6-413b-b60a-36a3fe72f0ea" testId="e520665e-da77-0474-a20c-38c0dea4e163" testName="CRM.SystemModule.Tests.Services.UserServiceTests.GetAllAsync_ReturnsAllUsers" computerName="Abhisheks-MacBook-Pro" duration="00:00:00.0017994" startTime="2026-02-23T00:05:41.5307850+01:00" endTime="2026-02-23T00:05:41.5307850+01:00" testType="13cdc9d9-ddb5-4fa4-a97d-d965ccfc6d4b" outcome="Passed" testListId="8c84fa94-04c1-424b-9868-57a2d4851a1d" relativeResultsDirectory="21c4f968-54d6-413b-b60a-36a3fe72f0ea" />
    <UnitTestResult executionId="a5af04c6-e738-41bb-a673-034c8f68a16f" testId="67bb3071-5f65-f2d8-366a-684984aed9b3" testName="CRM.SystemModule.Tests.DTOs.SystemModuleDtoTests.AdminDashboardDto_Creation_IsValid" computerName="Abhisheks-MacBook-Pro" duration="00:00:00.0008801" startTime="2026-02-23T00:05:41.2325840+01:00" endTime="2026-02-23T00:05:41.2325840+01:00" testType="13cdc9d9-ddb5-4fa4-a97d-d965ccfc6d4b" outcome="Passed" testListId="8c84fa94-04c1-424b-9868-57a2d4851a1d" relativeResultsDirectory="a5af04c6-e738-41bb-a673-034c8f68a16f" />
    <UnitTestResult executionId="d5687ed8-d6a4-4725-9909-debdfdbe01f7" testId="c2806488-120d-5d5a-21b6-38e28c5b3514" testName="CRM.SystemModule.Tests.Controllers.AuthenticationControllerTests.RefreshToken_WithExpiredToken_ReturnsUnauthorized" computerName="Abhisheks-MacBook-Pro" duration="00:00:00.0000551" startTime="2026-02-23T00:05:41.2237500+01:00" endTime="2026-02-23T00:05:41.2237500+01:00" testType="13cdc9d9-ddb5-4fa4-a97d-d965ccfc6d4b" outcome="Passed" testListId="8c84fa94-04c1-424b-9868-57a2d4851a1d" relativeResultsDirectory="d5687ed8-d6a4-4725-9909-debdfdbe01f7" />
    <UnitTestResult executionId="8ef7a478-bb40-4e45-9999-80b47824c448" testId="24a76f8e-d3bf-e3b5-adb1-0f5b6f5f3abc" testName="CRM.SystemModule.Tests.DTOs.SystemModuleDtoTests.LoginRequest_WithValidCredentials_IsValid" computerName="Abhisheks-MacBook-Pro" duration="00:00:00.0002963" startTime="2026-02-23T00:05:41.2267810+01:00" endTime="2026-02-23T00:05:41.2267810+01:00" testType="13cdc9d9-ddb5-4fa4-a97d-d965ccfc6d4b" outcome="Passed" testListId="8c84fa94-04c1-424b-9868-57a2d4851a1d" relativeResultsDirectory="8ef7a478-bb40-4e45-9999-80b47824c448" />
    <UnitTestResult executionId="0ab83d06-57d4-448a-9f78-50e185eb765b" testId="55730007-41cc-9226-5b3a-89c566412027" testName="CRM.SystemModule.Tests.Services.UserServiceTests.GetUserByIdAsync_WithInvalidId_ReturnsNull" computerName="Abhisheks-MacBook-Pro" duration="00:00:00.0028786" startTime="2026-02-23T00:05:41.4967820+01:00" endTime="2026-02-23T00:05:41.4967820+01:00" testType="13cdc9d9-ddb5-4fa4-a97d-d965ccfc6d4b" outcome="Passed" testListId="8c84fa94-04c1-424b-9868-57a2d4851a1d" relativeResultsDirectory="0ab83d06-57d4-448a-9f78-50e185eb765b" />
    <UnitTestResult executionId="4d9226d8-c9a6-40a2-ab2b-40acb335137a" testId="ec1c4415-e358-c905-9b36-018bec2bd47f" testName="CRM.SystemModule.Tests.Controllers.PermissionsControllerTests.UserGroup_PermissionFlags_CanBeSet" computerName="Abhisheks-MacBook-Pro" duration="00:00:00.0002405" startTime="2026-02-23T00:05:41.4695280+01:00" endTime="2026-02-23T00:05:41.4695280+01:00" testType="13cdc9d9-ddb5-4fa4-a97d-d965ccfc6d4b" outcome="Passed" testListId="8c84fa94-04c1-424b-9868-57a2d4851a1d" relativeResultsDirectory="4d9226d8-c9a6-40a2-ab2b-40acb335137a" />
    <UnitTestResult executionId="babfa38e-60f1-4742-826a-4cef2a101870" testId="14fce4c6-a877-91ed-3d03-e598f0806954" testName="CRM.SystemModule.Tests.Controllers.AuthenticationControllerTests.Register_WithDuplicateEmail_ReturnsConflict" computerName="Abhisheks-MacBook-Pro" duration="00:00:00.0000454" startTime="2026-02-23T00:05:41.2240170+01:00" endTime="2026-02-23T00:05:41.2240170+01:00" testType="13cdc9d9-ddb5-4fa4-a97d-d965ccfc6d4b" outcome="Passed" testListId="8c84fa94-04c1-424b-9868-57a2d4851a1d" relativeResultsDirectory="babfa38e-60f1-4742-826a-4cef2a101870" />
    <UnitTestResult executionId="20c302f3-f394-429d-9798-8ae59dddf155" testId="3be92778-a274-42af-b0d5-d82999d6f975" testName="CRM.SystemModule.Tests.DTOs.SystemModuleDtoTests.UserDto_WithAllProperties_IsValid" computerName="Abhisheks-MacBook-Pro" duration="00:00:00.0006732" startTime="2026-02-23T00:05:41.2317250+01:00" endTime="2026-02-23T00:05:41.2317250+01:00" testType="13cdc9d9-ddb5-4fa4-a97d-d965ccfc6d4b" outcome="Passed" testListId="8c84fa94-04c1-424b-9868-57a2d4851a1d" relativeResultsDirectory="20c302f3-f394-429d-9798-8ae59dddf155" />
    <UnitTestResult executionId="13b21449-d240-4723-83af-cebb3d8a6883" testId="e8670b06-754a-1f22-ca4d-2de20ba2f384" testName="CRM.SystemModule.Tests.Services.UICustomizationServiceTests.SystemSettings_CompanyCustomization_PropertiesExist" computerName="Abhisheks-MacBook-Pro" duration="00:00:00.0004148" startTime="2026-02-23T00:05:41.2260960+01:00" endTime="2026-02-23T00:05:41.2260960+01:00" testType="13cdc9d9-ddb5-4fa4-a97d-d965ccfc6d4b" outcome="Passed" testListId="8c84fa94-04c1-424b-9868-57a2d4851a1d" relativeResultsDirectory="13b21449-d240-4723-83af-cebb3d8a6883" />
    <UnitTestResult executionId="62392136-eead-4ae9-90f2-ff6b09a48d6c" testId="7cea50e9-77ea-04fe-d0f0-b415b20fac57" testName="CRM.SystemModule.Tests.Controllers.RolesControllerTests.CheckUserPermission_WithGrantedPermission_ReturnsTrue" computerName="Abhisheks-MacBook-Pro" duration="00:00:00.0418648" startTime="2026-02-23T00:05:41.7767300+01:00" endTime="2026-02-23T00:05:41.7767300+01:00" testType="13cdc9d9-ddb5-4fa4-a97d-d965ccfc6d4b" outcome="Passed" testListId="8c84fa94-04c1-424b-9868-57a2d4851a1d" relativeResultsDirectory="62392136-eead-4ae9-90f2-ff6b09a48d6c" />
    <UnitTestResult executionId="10f3b989-2c01-4ed2-b549-b56047268f77" testId="a26a3b7e-27ba-38e7-05c6-5800dcaa9d47" testName="CRM.SystemModule.Tests.Services.RBACServiceTests.GetUserRolesAsync_ReturnsAllUserRoles" computerName="Abhisheks-MacBook-Pro" duration="00:00:00.0564814" startTime="2026-02-23T00:05:41.6379910+01:00" endTime="2026-02-23T00:05:41.6379910+01:00" testType="13cdc9d9-ddb5-4fa4-a97d-d965ccfc6d4b" outcome="Passed" testListId="8c84fa94-04c1-424b-9868-57a2d4851a1d" relativeResultsDirectory="10f3b989-2c01-4ed2-b549-b56047268f77" />
    <UnitTestResult executionId="781f5da2-fdcb-4be7-9880-2d9b833c6304" testId="38a169b0-ed78-4a1e-8f39-af3149b7d246" testName="CRM.SystemModule.Tests.Services.FeatureFlagServiceTests.ModuleFlags_WhenConfigured_LoadsCorrectly" computerName="Abhisheks-MacBook-Pro" duration="00:00:00.0016182" startTime="2026-02-23T00:05:41.2341260+01:00" endTime="2026-02-23T00:05:41.2341260+01:00" testType="13cdc9d9-ddb5-4fa4-a97d-d965ccfc6d4b" outcome="Passed" testListId="8c84fa94-04c1-424b-9868-57a2d4851a1d" relativeResultsDirectory="781f5da2-fdcb-4be7-9880-2d9b833c6304" />
    <UnitTestResult executionId="837d7e85-5d77-4ab0-8383-d2553093c7b5" testId="16c4195d-92af-2662-24ba-b59b21503e39" testName="CRM.SystemModule.Tests.DTOs.SystemModuleDtoTests.PermissionDto_Creation_IsValid" computerName="Abhisheks-MacBook-Pro" duration="00:00:00.0004851" startTime="2026-02-23T00:05:41.2292760+01:00" endTime="2026-02-23T00:05:41.2292760+01:00" testType="13cdc9d9-ddb5-4fa4-a97d-d965ccfc6d4b" outcome="Passed" testListId="8c84fa94-04c1-424b-9868-57a2d4851a1d" relativeResultsDirectory="837d7e85-5d77-4ab0-8383-d2553093c7b5" />
    <UnitTestResult executionId="4ee97e1d-2b71-4959-bd04-d8b875a45746" testId="1fd33423-cfcc-6cd0-7cd7-6bffc1cd1098" testName="CRM.SystemModule.Tests.Services.UserServiceTests.IsUserActiveAsync_WithActiveUser_ReturnsTrue" computerName="Abhisheks-MacBook-Pro" duration="00:00:00.0025647" startTime="2026-02-23T00:05:41.5299130+01:00" endTime="2026-02-23T00:05:41.5299130+01:00" testType="13cdc9d9-ddb5-4fa4-a97d-d965ccfc6d4b" outcome="Passed" testListId="8c84fa94-04c1-424b-9868-57a2d4851a1d" relativeResultsDirectory="4ee97e1d-2b71-4959-bd04-d8b875a45746" />
    <UnitTestResult executionId="e329a061-69a5-41d8-ade0-68ae642095bc" testId="fb64fb01-e2e8-1082-4c5a-ecb012e3f116" testName="CRM.SystemModule.Tests.Controllers.FeatureFlagsControllerTests.ProviderSelection_WithAllBuiltIn_ReturnsFalse" computerName="Abhisheks-MacBook-Pro" duration="00:00:00.0012141" startTime="2026-02-23T00:05:41.5335080+01:00" endTime="2026-02-23T00:05:41.5335080+01:00" testType="13cdc9d9-ddb5-4fa4-a97d-d965ccfc6d4b" outcome="Passed" testListId="8c84fa94-04c1-424b-9868-57a2d4851a1d" relativeResultsDirectory="e329a061-69a5-41d8-ade0-68ae642095bc" />
    <UnitTestResult executionId="fd5c93df-d24a-48ab-84cb-721f672ec6c6" testId="6d116f11-f15d-9669-1abd-a3a9004b878d" testName="CRM.SystemModule.Tests.Services.AdminDashboardServiceTests.IsSystemHealthyAsync_ReturnsHealthStatus" computerName="Abhisheks-MacBook-Pro" duration="00:00:00.0532538" startTime="2026-02-23T00:05:41.9840790+01:00" endTime="2026-02-23T00:05:41.9840790+01:00" testType="13cdc9d9-ddb5-4fa4-a97d-d965ccfc6d4b" outcome="Passed" testListId="8c84fa94-04c1-424b-9868-57a2d4851a1d" relativeResultsDirectory="fd5c93df-d24a-48ab-84cb-721f672ec6c6" />
    <UnitTestResult executionId="c4c89e0d-5c40-4b9e-858c-5b80ab9acd44" testId="d3a0c950-297b-8626-7d57-3ad38cbedab3" testName="CRM.SystemModule.Tests.Services.UserServiceTests.IsUserActiveAsync_WithInactiveUser_ReturnsFalse" computerName="Abhisheks-MacBook-Pro" duration="00:00:00.3955716" startTime="2026-02-23T00:05:41.4932400+01:00" endTime="2026-02-23T00:05:41.4932400+01:00" testType="13cdc9d9-ddb5-4fa4-a97d-d965ccfc6d4b" outcome="Passed" testListId="8c84fa94-04c1-424b-9868-57a2d4851a1d" relativeResultsDirectory="c4c89e0d-5c40-4b9e-858c-5b80ab9acd44" />
  </Results>
  <TestDefinitions>
    <UnitTest name="CRM.SystemModule.Tests.Services.RBACServiceTests.GetUserRolesAsync_ReturnsAllUserRoles" storage="/users/alal/code/git crm solution/crm-solution/crm.backend/tests/crm.systemmodule.tests/bin/release/net10.0/crm.systemmodule.tests.dll" id="a26a3b7e-27ba-38e7-05c6-5800dcaa9d47">
      <Execution id="10f3b989-2c01-4ed2-b549-b56047268f77" />
      <TestMethod codeBase="/Users/alal/Code/Git CRM Solution/crm-solution/CRM.Backend/tests/CRM.SystemModule.Tests/bin/Release/net10.0/CRM.SystemModule.Tests.dll" adapterTypeName="executor://xunit/VsTestRunner2/netcoreapp" className="CRM.SystemModule.Tests.Services.RBACServiceTests" name="GetUserRolesAsync_ReturnsAllUserRoles" />
    </UnitTest>
    <UnitTest name="CRM.SystemModule.Tests.Controllers.AuthenticationControllerTests.RefreshToken_WithValidToken_ReturnsNewToken" storage="/users/alal/code/git crm solution/crm-solution/crm.backend/tests/crm.systemmodule.tests/bin/release/net10.0/crm.systemmodule.tests.dll" id="c9f163c4-8480-ee11-09d4-341560018007">
      <Execution id="b15d7167-bc78-4290-bfb6-75e4c6b116a1" />
      <TestMethod codeBase="/Users/alal/Code/Git CRM Solution/crm-solution/CRM.Backend/tests/CRM.SystemModule.Tests/bin/Release/net10.0/CRM.SystemModule.Tests.dll" adapterTypeName="executor://xunit/VsTestRunner2/netcoreapp" className="CRM.SystemModule.Tests.Controllers.AuthenticationControllerTests" name="RefreshToken_WithValidToken_ReturnsNewToken" />
    </UnitTest>
    <UnitTest name="CRM.SystemModule.Tests.Services.AdminDashboardServiceTests.IsSystemHealthyAsync_ReturnsHealthStatus" storage="/users/alal/code/git crm solution/crm-solution/crm.backend/tests/crm.systemmodule.tests/bin/release/net10.0/crm.systemmodule.tests.dll" id="6d116f11-f15d-9669-1abd-a3a9004b878d">
      <Execution id="fd5c93df-d24a-48ab-84cb-721f672ec6c6" />
      <TestMethod codeBase="/Users/alal/Code/Git CRM Solution/crm-solution/CRM.Backend/tests/CRM.SystemModule.Tests/bin/Release/net10.0/CRM.SystemModule.Tests.dll" adapterTypeName="executor://xunit/VsTestRunner2/netcoreapp" className="CRM.SystemModule.Tests.Services.AdminDashboardServiceTests" name="IsSystemHealthyAsync_ReturnsHealthStatus" />
    </UnitTest>
    <UnitTest name="CRM.SystemModule.Tests.Services.FeatureFlagServiceTests.ProviderFlags_WhenAllBuiltIn_ReturnsFalse" storage="/users/alal/code/git crm solution/crm-solution/crm.backend/tests/crm.systemmodule.tests/bin/release/net10.0/crm.systemmodule.tests.dll" id="dcd938c7-f734-4e3e-1564-6b15065b418d">
      <Execution id="25740945-72f1-4ecf-9804-a18056bf3b81" />
      <TestMethod codeBase="/Users/alal/Code/Git CRM Solution/crm-solution/CRM.Backend/tests/CRM.SystemModule.Tests/bin/Release/net10.0/CRM.SystemModule.Tests.dll" adapterTypeName="executor://xunit/VsTestRunner2/netcoreapp" className="CRM.SystemModule.Tests.Services.FeatureFlagServiceTests" name="ProviderFlags_WhenAllBuiltIn_ReturnsFalse" />
    </UnitTest>
    <UnitTest name="CRM.SystemModule.Tests.Services.FeatureFlagServiceTests.ProviderFlags_WhenAllExternal_ReturnsTrue" storage="/users/alal/code/git crm solution/crm-solution/crm.backend/tests/crm.systemmodule.tests/bin/release/net10.0/crm.systemmodule.tests.dll" id="58a3b60d-ced6-67de-49bd-d1edcbce0672">
      <Execution id="6570eea6-996f-4434-b771-b501d0ccd799" />
      <TestMethod codeBase="/Users/alal/Code/Git CRM Solution/crm-solution/CRM.Backend/tests/CRM.SystemModule.Tests/bin/Release/net10.0/CRM.SystemModule.Tests.dll" adapterTypeName="executor://xunit/VsTestRunner2/netcoreapp" className="CRM.SystemModule.Tests.Services.FeatureFlagServiceTests" name="ProviderFlags_WhenAllExternal_ReturnsTrue" />
    </UnitTest>
    <UnitTest name="CRM.SystemModule.Tests.Services.PerformanceMonitoringServiceTests.ErrorRatePercent_ShouldBePercentage" storage="/users/alal/code/git crm solution/crm-solution/crm.backend/tests/crm.systemmodule.tests/bin/release/net10.0/crm.systemmodule.tests.dll" id="04377a1e-9c9f-e388-c0fa-3b81e333565d">
      <Execution id="fd4b2adc-c7da-41db-8be2-087418c072b2" />
      <TestMethod codeBase="/Users/alal/Code/Git CRM Solution/crm-solution/CRM.Backend/tests/CRM.SystemModule.Tests/bin/Release/net10.0/CRM.SystemModule.Tests.dll" adapterTypeName="executor://xunit/VsTestRunner2/netcoreapp" className="CRM.SystemModule.Tests.Services.PerformanceMonitoringServiceTests" name="ErrorRatePercent_ShouldBePercentage" />
    </UnitTest>
    <UnitTest name="CRM.SystemModule.Tests.Services.FeatureFlagServiceTests.ModuleFlags_WhenConfigured_LoadsCorrectly" storage="/users/alal/code/git crm solution/crm-solution/crm.backend/tests/crm.systemmodule.tests/bin/release/net10.0/crm.systemmodule.tests.dll" id="38a169b0-ed78-4a1e-8f39-af3149b7d246">
      <Execution id="781f5da2-fdcb-4be7-9880-2d9b833c6304" />
      <TestMethod codeBase="/Users/alal/Code/Git CRM Solution/crm-solution/CRM.Backend/tests/CRM.SystemModule.Tests/bin/Release/net10.0/CRM.SystemModule.Tests.dll" adapterTypeName="executor://xunit/VsTestRunner2/netcoreapp" className="CRM.SystemModule.Tests.Services.FeatureFlagServiceTests" name="ModuleFlags_WhenConfigured_LoadsCorrectly" />
    </UnitTest>
    <UnitTest name="CRM.SystemModule.Tests.Controllers.PermissionsControllerTests.GetAllPermissions_ReturnsAllPermissions" storage="/users/alal/code/git crm solution/crm-solution/crm.backend/tests/crm.systemmodule.tests/bin/release/net10.0/crm.systemmodule.tests.dll" id="726c3b95-1783-e84d-3544-e75a904955d3">
      <Execution id="15d05abb-1ac2-4dd0-b94f-05789fe24cfc" />
      <TestMethod codeBase="/Users/alal/Code/Git CRM Solution/crm-solution/CRM.Backend/tests/CRM.SystemModule.Tests/bin/Release/net10.0/CRM.SystemModule.Tests.dll" adapterTypeName="executor://xunit/VsTestRunner2/netcoreapp" className="CRM.SystemModule.Tests.Controllers.PermissionsControllerTests" name="GetAllPermissions_ReturnsAllPermissions" />
    </UnitTest>
    <UnitTest name="CRM.SystemModule.Tests.Services.UserServiceTests.IsUserActiveAsync_WithInactiveUser_ReturnsFalse" storage="/users/alal/code/git crm solution/crm-solution/crm.backend/tests/crm.systemmodule.tests/bin/release/net10.0/crm.systemmodule.tests.dll" id="d3a0c950-297b-8626-7d57-3ad38cbedab3">
      <Execution id="c4c89e0d-5c40-4b9e-858c-5b80ab9acd44" />
      <TestMethod codeBase="/Users/alal/Code/Git CRM Solution/crm-solution/CRM.Backend/tests/CRM.SystemModule.Tests/bin/Release/net10.0/CRM.SystemModule.Tests.dll" adapterTypeName="executor://xunit/VsTestRunner2/netcoreapp" className="CRM.SystemModule.Tests.Services.UserServiceTests" name="IsUserActiveAsync_WithInactiveUser_ReturnsFalse" />
    </UnitTest>
    <UnitTest name="CRM.SystemModule.Tests.Controllers.AuthenticationControllerTests.Login_WithInvalidEmail_ReturnsUnauthorized" storage="/users/alal/code/git crm solution/crm-solution/crm.backend/tests/crm.systemmodule.tests/bin/release/net10.0/crm.systemmodule.tests.dll" id="f9e55ed1-e644-e5d8-23a7-98cce313d8b5">
      <Execution id="c651b9a6-ecab-41ab-a57c-b2220e07bcf3" />
      <TestMethod codeBase="/Users/alal/Code/Git CRM Solution/crm-solution/CRM.Backend/tests/CRM.SystemModule.Tests/bin/Release/net10.0/CRM.SystemModule.Tests.dll" adapterTypeName="executor://xunit/VsTestRunner2/netcoreapp" className="CRM.SystemModule.Tests.Controllers.AuthenticationControllerTests" name="Login_WithInvalidEmail_ReturnsUnauthorized" />
    </UnitTest>
    <UnitTest name="CRM.SystemModule.Tests.Services.UICustomizationServiceTests.SystemSettings_ColorValues_AreValidHexFormat" storage="/users/alal/code/git crm solution/crm-solution/crm.backend/tests/crm.systemmodule.tests/bin/release/net10.0/crm.systemmodule.tests.dll" id="c900df27-7f00-4d87-4b80-d7d10a358c81">
      <Execution id="efcfef63-2e5a-4960-ae0e-661426230cdb" />
      <TestMethod codeBase="/Users/alal/Code/Git CRM Solution/crm-solution/CRM.Backend/tests/CRM.SystemModule.Tests/bin/Release/net10.0/CRM.SystemModule.Tests.dll" adapterTypeName="executor://xunit/VsTestRunner2/netcoreapp" className="CRM.SystemModule.Tests.Services.UICustomizationServiceTests" name="SystemSettings_ColorValues_AreValidHexFormat" />
    </UnitTest>
    <UnitTest name="CRM.SystemModule.Tests.Controllers.FeatureFlagsControllerTests.GetFeatureFlags_ReturnsAllFlags" storage="/users/alal/code/git crm solution/crm-solution/crm.backend/tests/crm.systemmodule.tests/bin/release/net10.0/crm.systemmodule.tests.dll" id="275b2ca5-a737-bb97-6493-6d04f6fb8648">
      <Execution id="90a3dae7-cff6-4db9-8d09-9d73e11c4577" />
      <TestMethod codeBase="/Users/alal/Code/Git CRM Solution/crm-solution/CRM.Backend/tests/CRM.SystemModule.Tests/bin/Release/net10.0/CRM.SystemModule.Tests.dll" adapterTypeName="executor://xunit/VsTestRunner2/netcoreapp" className="CRM.SystemModule.Tests.Controllers.FeatureFlagsControllerTests" name="GetFeatureFlags_ReturnsAllFlags" />
    </UnitTest>
    <UnitTest name="CRM.SystemModule.Tests.Controllers.FeatureFlagsControllerTests.ProviderSelection_WithAllBuiltIn_ReturnsFalse" storage="/users/alal/code/git crm solution/crm-solution/crm.backend/tests/crm.systemmodule.tests/bin/release/net10.0/crm.systemmodule.tests.dll" id="fb64fb01-e2e8-1082-4c5a-ecb012e3f116">
      <Execution id="e329a061-69a5-41d8-ade0-68ae642095bc" />
      <TestMethod codeBase="/Users/alal/Code/Git CRM Solution/crm-solution/CRM.Backend/tests/CRM.SystemModule.Tests/bin/Release/net10.0/CRM.SystemModule.Tests.dll" adapterTypeName="executor://xunit/VsTestRunner2/netcoreapp" className="CRM.SystemModule.Tests.Controllers.FeatureFlagsControllerTests" name="ProviderSelection_WithAllBuiltIn_ReturnsFalse" />
    </UnitTest>
    <UnitTest name="CRM.SystemModule.Tests.Services.UICustomizationServiceTests.SystemSettings_CompanyCustomization_PropertiesExist" storage="/users/alal/code/git crm solution/crm-solution/crm.backend/tests/crm.systemmodule.tests/bin/release/net10.0/crm.systemmodule.tests.dll" id="e8670b06-754a-1f22-ca4d-2de20ba2f384">
      <Execution id="13b21449-d240-4723-83af-cebb3d8a6883" />
      <TestMethod codeBase="/Users/alal/Code/Git CRM Solution/crm-solution/CRM.Backend/tests/CRM.SystemModule.Tests/bin/Release/net10.0/CRM.SystemModule.Tests.dll" adapterTypeName="executor://xunit/VsTestRunner2/netcoreapp" className="CRM.SystemModule.Tests.Services.UICustomizationServiceTests" name="SystemSettings_CompanyCustomization_PropertiesExist" />
    </UnitTest>
    <UnitTest name="CRM.SystemModule.Tests.DTOs.SystemModuleDtoTests.CreateUserDto_WithValidData_IsValid" storage="/users/alal/code/git crm solution/crm-solution/crm.backend/tests/crm.systemmodule.tests/bin/release/net10.0/crm.systemmodule.tests.dll" id="2f3b872b-f1b7-d4ad-d939-d7b76de5f394">
      <Execution id="f07de694-7086-434f-9da5-cbcc96c880d1" />
      <TestMethod codeBase="/Users/alal/Code/Git CRM Solution/crm-solution/CRM.Backend/tests/CRM.SystemModule.Tests/bin/Release/net10.0/CRM.SystemModule.Tests.dll" adapterTypeName="executor://xunit/VsTestRunner2/netcoreapp" className="CRM.SystemModule.Tests.DTOs.SystemModuleDtoTests" name="CreateUserDto_WithValidData_IsValid" />
    </UnitTest>
    <UnitTest name="CRM.SystemModule.Tests.Controllers.RolesControllerTests.GetRolePermissions_WithValidRole_ReturnsPermissions" storage="/users/alal/code/git crm solution/crm-solution/crm.backend/tests/crm.systemmodule.tests/bin/release/net10.0/crm.systemmodule.tests.dll" id="a3f51ef7-a779-3d46-d220-c5e52973e884">
      <Execution id="f8edec71-484e-4e29-a968-667f44fda1a2" />
      <TestMethod codeBase="/Users/alal/Code/Git CRM Solution/crm-solution/CRM.Backend/tests/CRM.SystemModule.Tests/bin/Release/net10.0/CRM.SystemModule.Tests.dll" adapterTypeName="executor://xunit/VsTestRunner2/netcoreapp" className="CRM.SystemModule.Tests.Controllers.RolesControllerTests" name="GetRolePermissions_WithValidRole_ReturnsPermissions" />
    </UnitTest>
    <UnitTest name="CRM.SystemModule.Tests.Services.UICustomizationServiceTests.SystemSettings_CompanyLogo_CanBeSet" storage="/users/alal/code/git crm solution/crm-solution/crm.backend/tests/crm.systemmodule.tests/bin/release/net10.0/crm.systemmodule.tests.dll" id="0ffa0ffb-853e-fe74-1759-d99e34ee76f8">
      <Execution id="08fca1e4-7161-4d64-b8ad-191f2aca0712" />
      <TestMethod codeBase="/Users/alal/Code/Git CRM Solution/crm-solution/CRM.Backend/tests/CRM.SystemModule.Tests/bin/Release/net10.0/CRM.SystemModule.Tests.dll" adapterTypeName="executor://xunit/VsTestRunner2/netcoreapp" className="CRM.SystemModule.Tests.Services.UICustomizationServiceTests" name="SystemSettings_CompanyLogo_CanBeSet" />
    </UnitTest>
    <UnitTest name="CRM.SystemModule.Tests.Services.UserServiceTests.GetUserByEmailAsync_WithValidEmail_ReturnsUser" storage="/users/alal/code/git crm solution/crm-solution/crm.backend/tests/crm.systemmodule.tests/bin/release/net10.0/crm.systemmodule.tests.dll" id="1006d4a8-e9d5-31d8-fb0e-ab622dc53acd">
      <Execution id="3a893656-0658-4a96-8932-86152e3d2957" />
      <TestMethod codeBase="/Users/alal/Code/Git CRM Solution/crm-solution/CRM.Backend/tests/CRM.SystemModule.Tests/bin/Release/net10.0/CRM.SystemModule.Tests.dll" adapterTypeName="executor://xunit/VsTestRunner2/netcoreapp" className="CRM.SystemModule.Tests.Services.UserServiceTests" name="GetUserByEmailAsync_WithValidEmail_ReturnsUser" />
    </UnitTest>
    <UnitTest name="CRM.SystemModule.Tests.Controllers.AuthenticationControllerTests.Logout_WithValidToken_ReturnsSuccess" storage="/users/alal/code/git crm solution/crm-solution/crm.backend/tests/crm.systemmodule.tests/bin/release/net10.0/crm.systemmodule.tests.dll" id="4d1c6204-6dd5-7fdd-982a-88f3e107b213">
      <Execution id="5882eb32-682d-4864-9a22-a7372eb01f2c" />
      <TestMethod codeBase="/Users/alal/Code/Git CRM Solution/crm-solution/CRM.Backend/tests/CRM.SystemModule.Tests/bin/Release/net10.0/CRM.SystemModule.Tests.dll" adapterTypeName="executor://xunit/VsTestRunner2/netcoreapp" className="CRM.SystemModule.Tests.Controllers.AuthenticationControllerTests" name="Logout_WithValidToken_ReturnsSuccess" />
    </UnitTest>
    <UnitTest name="CRM.SystemModule.Tests.DTOs.SystemModuleDtoTests.SystemSettingsDto_Creation_IsValid" storage="/users/alal/code/git crm solution/crm-solution/crm.backend/tests/crm.systemmodule.tests/bin/release/net10.0/crm.systemmodule.tests.dll" id="524bd61e-defb-4d37-21d5-b49306becb7e">
      <Execution id="1ba18501-b33c-4173-89c3-c1a171d878e7" />
      <TestMethod codeBase="/Users/alal/Code/Git CRM Solution/crm-solution/CRM.Backend/tests/CRM.SystemModule.Tests/bin/Release/net10.0/CRM.SystemModule.Tests.dll" adapterTypeName="executor://xunit/VsTestRunner2/netcoreapp" className="CRM.SystemModule.Tests.DTOs.SystemModuleDtoTests" name="SystemSettingsDto_Creation_IsValid" />
    </UnitTest>
    <UnitTest name="CRM.SystemModule.Tests.Services.AdminDashboardServiceTests.GetProviderHealthSummaryAsync_ReturnsSummary" storage="/users/alal/code/git crm solution/crm-solution/crm.backend/tests/crm.systemmodule.tests/bin/release/net10.0/crm.systemmodule.tests.dll" id="6ce0d71a-3687-2185-821b-3ade739b597c">
      <Execution id="f95d58af-586a-43f5-b66c-a790dc3587e0" />
      <TestMethod codeBase="/Users/alal/Code/Git CRM Solution/crm-solution/CRM.Backend/tests/CRM.SystemModule.Tests/bin/Release/net10.0/CRM.SystemModule.Tests.dll" adapterTypeName="executor://xunit/VsTestRunner2/netcoreapp" className="CRM.SystemModule.Tests.Services.AdminDashboardServiceTests" name="GetProviderHealthSummaryAsync_ReturnsSummary" />
    </UnitTest>
    <UnitTest name="CRM.SystemModule.Tests.Services.UICustomizationServiceTests.SystemSettings_SupportsDefaultValues" storage="/users/alal/code/git crm solution/crm-solution/crm.backend/tests/crm.systemmodule.tests/bin/release/net10.0/crm.systemmodule.tests.dll" id="6d5dab92-a49a-3723-e50d-154fc1c3aa85">
      <Execution id="f9fdd944-89c5-43de-a27b-47bdf2433414" />
      <TestMethod codeBase="/Users/alal/Code/Git CRM Solution/crm-solution/CRM.Backend/tests/CRM.SystemModule.Tests/bin/Release/net10.0/CRM.SystemModule.Tests.dll" adapterTypeName="executor://xunit/VsTestRunner2/netcoreapp" className="CRM.SystemModule.Tests.Services.UICustomizationServiceTests" name="SystemSettings_SupportsDefaultValues" />
    </UnitTest>
    <UnitTest name="CRM.SystemModule.Tests.Services.PermissionCacheServiceTests.InvalidateUserCacheAsync_RemovesUserCache" storage="/users/alal/code/git crm solution/crm-solution/crm.backend/tests/crm.systemmodule.tests/bin/release/net10.0/crm.systemmodule.tests.dll" id="1251e7f0-9e5b-d43f-6235-7c5508e266cd">
      <Execution id="0582b4ba-f0bf-43c9-ae5d-38067d155e3d" />
      <TestMethod codeBase="/Users/alal/Code/Git CRM Solution/crm-solution/CRM.Backend/tests/CRM.SystemModule.Tests/bin/Release/net10.0/CRM.SystemModule.Tests.dll" adapterTypeName="executor://xunit/VsTestRunner2/netcoreapp" className="CRM.SystemModule.Tests.Services.PermissionCacheServiceTests" name="InvalidateUserCacheAsync_RemovesUserCache" />
    </UnitTest>
    <UnitTest name="CRM.SystemModule.Tests.Controllers.UsersControllerTests.GetUser_WithValidId_ReturnsUser" storage="/users/alal/code/git crm solution/crm-solution/crm.backend/tests/crm.systemmodule.tests/bin/release/net10.0/crm.systemmodule.tests.dll" id="c270a43a-fd5a-00d0-69a9-30ef866224c9">
      <Execution id="28a534b9-2a72-4ab0-8aca-eb944e23a328" />
      <TestMethod codeBase="/Users/alal/Code/Git CRM Solution/crm-solution/CRM.Backend/tests/CRM.SystemModule.Tests/bin/Release/net10.0/CRM.SystemModule.Tests.dll" adapterTypeName="executor://xunit/VsTestRunner2/netcoreapp" className="CRM.SystemModule.Tests.Controllers.UsersControllerTests" name="GetUser_WithValidId_ReturnsUser" />
    </UnitTest>
    <UnitTest name="CRM.SystemModule.Tests.Controllers.RolesControllerTests.GetUserRoles_WithValidUser_ReturnsRoles" storage="/users/alal/code/git crm solution/crm-solution/crm.backend/tests/crm.systemmodule.tests/bin/release/net10.0/crm.systemmodule.tests.dll" id="75572589-65d2-7016-71d2-591304b5fef2">
      <Execution id="2ba478d2-8f26-4293-adbc-4505a70768bd" />
      <TestMethod codeBase="/Users/alal/Code/Git CRM Solution/crm-solution/CRM.Backend/tests/CRM.SystemModule.Tests/bin/Release/net10.0/CRM.SystemModule.Tests.dll" adapterTypeName="executor://xunit/VsTestRunner2/netcoreapp" className="CRM.SystemModule.Tests.Controllers.RolesControllerTests" name="GetUserRoles_WithValidUser_ReturnsRoles" />
    </UnitTest>
    <UnitTest name="CRM.SystemModule.Tests.Services.PermissionCacheServiceTests.SetUserPermissionsInCacheAsync_StoresPermissionsInCache" storage="/users/alal/code/git crm solution/crm-solution/crm.backend/tests/crm.systemmodule.tests/bin/release/net10.0/crm.systemmodule.tests.dll" id="717ef598-f126-6e43-8f48-3470e72f1809">
      <Execution id="46eb9484-1cd8-4187-964b-f2a1278bf400" />
      <TestMethod codeBase="/Users/alal/Code/Git CRM Solution/crm-solution/CRM.Backend/tests/CRM.SystemModule.Tests/bin/Release/net10.0/CRM.SystemModule.Tests.dll" adapterTypeName="executor://xunit/VsTestRunner2/netcoreapp" className="CRM.SystemModule.Tests.Services.PermissionCacheServiceTests" name="SetUserPermissionsInCacheAsync_StoresPermissionsInCache" />
    </UnitTest>
    <UnitTest name="CRM.SystemModule.Tests.Services.UserGroupServiceTests.GetGroupByIdAsync_WithInvalidId_ReturnsNull" storage="/users/alal/code/git crm solution/crm-solution/crm.backend/tests/crm.systemmodule.tests/bin/release/net10.0/crm.systemmodule.tests.dll" id="305b1fea-eb87-906f-169e-5d6c3266aeb1">
      <Execution id="7f8f464a-ce6a-4f87-a8b6-85503532a030" />
      <TestMethod codeBase="/Users/alal/Code/Git CRM Solution/crm-solution/CRM.Backend/tests/CRM.SystemModule.Tests/bin/Release/net10.0/CRM.SystemModule.Tests.dll" adapterTypeName="executor://xunit/VsTestRunner2/netcoreapp" className="CRM.SystemModule.Tests.Services.UserGroupServiceTests" name="GetGroupByIdAsync_WithInvalidId_ReturnsNull" />
    </UnitTest>
    <UnitTest name="CRM.SystemModule.Tests.Controllers.UserGroupsControllerTests.GetAllGroups_ReturnsAllUserGroups" storage="/users/alal/code/git crm solution/crm-solution/crm.backend/tests/crm.systemmodule.tests/bin/release/net10.0/crm.systemmodule.tests.dll" id="21adc977-4c02-8f45-4afb-0b54678c80f5">
      <Execution id="5ffabc21-7cc5-4b9e-8783-78b9365694ea" />
      <TestMethod codeBase="/Users/alal/Code/Git CRM Solution/crm-solution/CRM.Backend/tests/CRM.SystemModule.Tests/bin/Release/net10.0/CRM.SystemModule.Tests.dll" adapterTypeName="executor://xunit/VsTestRunner2/netcoreapp" className="CRM.SystemModule.Tests.Controllers.UserGroupsControllerTests" name="GetAllGroups_ReturnsAllUserGroups" />
    </UnitTest>
    <UnitTest name="CRM.SystemModule.Tests.Services.UserGroupServiceTests.IsUserInGroupAsync_WithMember_ReturnsTrue" storage="/users/alal/code/git crm solution/crm-solution/crm.backend/tests/crm.systemmodule.tests/bin/release/net10.0/crm.systemmodule.tests.dll" id="c86dc497-2f04-89e9-3e42-e5e8024b2a40">
      <Execution id="e215c1d4-0126-4c3b-bb66-11d0456277bf" />
      <TestMethod codeBase="/Users/alal/Code/Git CRM Solution/crm-solution/CRM.Backend/tests/CRM.SystemModule.Tests/bin/Release/net10.0/CRM.SystemModule.Tests.dll" adapterTypeName="executor://xunit/VsTestRunner2/netcoreapp" className="CRM.SystemModule.Tests.Services.UserGroupServiceTests" name="IsUserInGroupAsync_WithMember_ReturnsTrue" />
    </UnitTest>
    <UnitTest name="CRM.SystemModule.Tests.Controllers.PermissionsControllerTests.UserGroup_PermissionFlags_CanBeSet" storage="/users/alal/code/git crm solution/crm-solution/crm.backend/tests/crm.systemmodule.tests/bin/release/net10.0/crm.systemmodule.tests.dll" id="ec1c4415-e358-c905-9b36-018bec2bd47f">
      <Execution id="4d9226d8-c9a6-40a2-ab2b-40acb335137a" />
      <TestMethod codeBase="/Users/alal/Code/Git CRM Solution/crm-solution/CRM.Backend/tests/CRM.SystemModule.Tests/bin/Release/net10.0/CRM.SystemModule.Tests.dll" adapterTypeName="executor://xunit/VsTestRunner2/netcoreapp" className="CRM.SystemModule.Tests.Controllers.PermissionsControllerTests" name="UserGroup_PermissionFlags_CanBeSet" />
    </UnitTest>
    <UnitTest name="CRM.SystemModule.Tests.Services.UserGroupServiceTests.GetActiveGroupsAsync_ReturnsOnlyActiveGroups" storage="/users/alal/code/git crm solution/crm-solution/crm.backend/tests/crm.systemmodule.tests/bin/release/net10.0/crm.systemmodule.tests.dll" id="5b698bd0-e805-96c9-e333-98906824eb05">
      <Execution id="2c35ad08-cfbe-4f60-9a8d-7051f5155f94" />
      <TestMethod codeBase="/Users/alal/Code/Git CRM Solution/crm-solution/CRM.Backend/tests/CRM.SystemModule.Tests/bin/Release/net10.0/CRM.SystemModule.Tests.dll" adapterTypeName="executor://xunit/VsTestRunner2/netcoreapp" className="CRM.SystemModule.Tests.Services.UserGroupServiceTests" name="GetActiveGroupsAsync_ReturnsOnlyActiveGroups" />
    </UnitTest>
    <UnitTest name="CRM.SystemModule.Tests.Controllers.PermissionsControllerTests.Permission_NameProperty_IsRequired" storage="/users/alal/code/git crm solution/crm-solution/crm.backend/tests/crm.systemmodule.tests/bin/release/net10.0/crm.systemmodule.tests.dll" id="9c5862c2-740d-459e-f73c-cb10e31e715c">
      <Execution id="3da431c8-09a3-430c-a9a4-ce5e50ee720b" />
      <TestMethod codeBase="/Users/alal/Code/Git CRM Solution/crm-solution/CRM.Backend/tests/CRM.SystemModule.Tests/bin/Release/net10.0/CRM.SystemModule.Tests.dll" adapterTypeName="executor://xunit/VsTestRunner2/netcoreapp" className="CRM.SystemModule.Tests.Controllers.PermissionsControllerTests" name="Permission_NameProperty_IsRequired" />
    </UnitTest>
    <UnitTest name="CRM.SystemModule.Tests.Controllers.UserGroupsControllerTests.GetGroupMembers_WithValidGroupId_ReturnsMembers" storage="/users/alal/code/git crm solution/crm-solution/crm.backend/tests/crm.systemmodule.tests/bin/release/net10.0/crm.systemmodule.tests.dll" id="f2084afc-0858-83d5-0c8a-ffc7afa9c12b">
      <Execution id="a0a2f7f1-99e6-4dee-889c-5ecaaa05a968" />
      <TestMethod codeBase="/Users/alal/Code/Git CRM Solution/crm-solution/CRM.Backend/tests/CRM.SystemModule.Tests/bin/Release/net10.0/CRM.SystemModule.Tests.dll" adapterTypeName="executor://xunit/VsTestRunner2/netcoreapp" className="CRM.SystemModule.Tests.Controllers.UserGroupsControllerTests" name="GetGroupMembers_WithValidGroupId_ReturnsMembers" />
    </UnitTest>
    <UnitTest name="CRM.SystemModule.Tests.Controllers.AuthenticationControllerTests.Register_WithValidData_CreatesUser" storage="/users/alal/code/git crm solution/crm-solution/crm.backend/tests/crm.systemmodule.tests/bin/release/net10.0/crm.systemmodule.tests.dll" id="81b4a248-9fb7-b555-b4e8-76edd74072f7">
      <Execution id="888858ee-afb3-42ac-9294-679d23fdff13" />
      <TestMethod codeBase="/Users/alal/Code/Git CRM Solution/crm-solution/CRM.Backend/tests/CRM.SystemModule.Tests/bin/Release/net10.0/CRM.SystemModule.Tests.dll" adapterTypeName="executor://xunit/VsTestRunner2/netcoreapp" className="CRM.SystemModule.Tests.Controllers.AuthenticationControllerTests" name="Register_WithValidData_CreatesUser" />
    </UnitTest>
    <UnitTest name="CRM.SystemModule.Tests.Controllers.FeatureFlagsControllerTests.ToggleFeatureFlag_ChangesState" storage="/users/alal/code/git crm solution/crm-solution/crm.backend/tests/crm.systemmodule.tests/bin/release/net10.0/crm.systemmodule.tests.dll" id="b4801cb8-1293-2bea-914d-0b8238d3c408">
      <Execution id="1342cb19-9387-4d4c-b25b-ffa774ec59be" />
      <TestMethod codeBase="/Users/alal/Code/Git CRM Solution/crm-solution/CRM.Backend/tests/CRM.SystemModule.Tests/bin/Release/net10.0/CRM.SystemModule.Tests.dll" adapterTypeName="executor://xunit/VsTestRunner2/netcoreapp" className="CRM.SystemModule.Tests.Controllers.FeatureFlagsControllerTests" name="ToggleFeatureFlag_ChangesState" />
    </UnitTest>
    <UnitTest name="CRM.SystemModule.Tests.Services.AdminDashboardServiceTests.GetAllModuleStatusAsync_ReturnsModuleStatuses" storage="/users/alal/code/git crm solution/crm-solution/crm.backend/tests/crm.systemmodule.tests/bin/release/net10.0/crm.systemmodule.tests.dll" id="b1aa859f-ec7c-0847-8cb6-f81ff6cb2028">
      <Execution id="59cff2eb-dd8a-432c-bd99-5c8028a262a8" />
      <TestMethod codeBase="/Users/alal/Code/Git CRM Solution/crm-solution/CRM.Backend/tests/CRM.SystemModule.Tests/bin/Release/net10.0/CRM.SystemModule.Tests.dll" adapterTypeName="executor://xunit/VsTestRunner2/netcoreapp" className="CRM.SystemModule.Tests.Services.AdminDashboardServiceTests" name="GetAllModuleStatusAsync_ReturnsModuleStatuses" />
    </UnitTest>
    <UnitTest name="CRM.SystemModule.Tests.Services.PermissionCacheServiceTests.GetUserPermissionsFromCacheAsync_WhenNotCached_ReturnsEmptySet" storage="/users/alal/code/git crm solution/crm-solution/crm.backend/tests/crm.systemmodule.tests/bin/release/net10.0/crm.systemmodule.tests.dll" id="44cba47e-2607-2cb8-2737-235fe5cd8e73">
      <Execution id="6006db30-165c-44cf-bc5a-0c8edb533101" />
      <TestMethod codeBase="/Users/alal/Code/Git CRM Solution/crm-solution/CRM.Backend/tests/CRM.SystemModule.Tests/bin/Release/net10.0/CRM.SystemModule.Tests.dll" adapterTypeName="executor://xunit/VsTestRunner2/netcoreapp" className="CRM.SystemModule.Tests.Services.PermissionCacheServiceTests" name="GetUserPermissionsFromCacheAsync_WhenNotCached_ReturnsEmptySet" />
    </UnitTest>
    <UnitTest name="CRM.SystemModule.Tests.Services.UICustomizationServiceTests.SystemSettings_UseGroupHeaderColor_CanBeToggled" storage="/users/alal/code/git crm solution/crm-solution/crm.backend/tests/crm.systemmodule.tests/bin/release/net10.0/crm.systemmodule.tests.dll" id="105c59e3-2577-434a-79a0-31bdb8b57574">
      <Execution id="2a239c3d-786e-42f4-871a-ef9212c2dd54" />
      <TestMethod codeBase="/Users/alal/Code/Git CRM Solution/crm-solution/CRM.Backend/tests/CRM.SystemModule.Tests/bin/Release/net10.0/CRM.SystemModule.Tests.dll" adapterTypeName="executor://xunit/VsTestRunner2/netcoreapp" className="CRM.SystemModule.Tests.Services.UICustomizationServiceTests" name="SystemSettings_UseGroupHeaderColor_CanBeToggled" />
    </UnitTest>
    <UnitTest name="CRM.SystemModule.Tests.Services.RBACServiceTests.CheckPermissionAsync_WithPermittedUser_ReturnsTrue" storage="/users/alal/code/git crm solution/crm-solution/crm.backend/tests/crm.systemmodule.tests/bin/release/net10.0/crm.systemmodule.tests.dll" id="b69c8dfc-6c13-452f-9ffd-37068bfba1b0">
      <Execution id="985b0de2-2bf3-45cd-81b6-9a05d1d4d215" />
      <TestMethod codeBase="/Users/alal/Code/Git CRM Solution/crm-solution/CRM.Backend/tests/CRM.SystemModule.Tests/bin/Release/net10.0/CRM.SystemModule.Tests.dll" adapterTypeName="executor://xunit/VsTestRunner2/netcoreapp" className="CRM.SystemModule.Tests.Services.RBACServiceTests" name="CheckPermissionAsync_WithPermittedUser_ReturnsTrue" />
    </UnitTest>
    <UnitTest name="CRM.SystemModule.Tests.DTOs.SystemModuleDtoTests.RefreshTokenRequest_WithValidToken_IsValid" storage="/users/alal/code/git crm solution/crm-solution/crm.backend/tests/crm.systemmodule.tests/bin/release/net10.0/crm.systemmodule.tests.dll" id="fd0a32e9-2bdc-e2c0-fd01-1c8ac373213c">
      <Execution id="b82e1abb-e408-4ab7-954c-b47dcfa40ccc" />
      <TestMethod codeBase="/Users/alal/Code/Git CRM Solution/crm-solution/CRM.Backend/tests/CRM.SystemModule.Tests/bin/Release/net10.0/CRM.SystemModule.Tests.dll" adapterTypeName="executor://xunit/VsTestRunner2/netcoreapp" className="CRM.SystemModule.Tests.DTOs.SystemModuleDtoTests" name="RefreshTokenRequest_WithValidToken_IsValid" />
    </UnitTest>
    <UnitTest name="CRM.SystemModule.Tests.Services.UserGroupServiceTests.GetGroupMembersAsync_ReturnsGroupMembers" storage="/users/alal/code/git crm solution/crm-solution/crm.backend/tests/crm.systemmodule.tests/bin/release/net10.0/crm.systemmodule.tests.dll" id="175c01cd-9cad-0b6d-b95f-f4ae9255431f">
      <Execution id="1b7c7363-84f9-4568-8a11-c66d1eee3bf8" />
      <TestMethod codeBase="/Users/alal/Code/Git CRM Solution/crm-solution/CRM.Backend/tests/CRM.SystemModule.Tests/bin/Release/net10.0/CRM.SystemModule.Tests.dll" adapterTypeName="executor://xunit/VsTestRunner2/netcoreapp" className="CRM.SystemModule.Tests.Services.UserGroupServiceTests" name="GetGroupMembersAsync_ReturnsGroupMembers" />
    </UnitTest>
    <UnitTest name="CRM.SystemModule.Tests.Services.UserServiceTests.GetUserByIdAsync_WithInvalidId_ReturnsNull" storage="/users/alal/code/git crm solution/crm-solution/crm.backend/tests/crm.systemmodule.tests/bin/release/net10.0/crm.systemmodule.tests.dll" id="55730007-41cc-9226-5b3a-89c566412027">
      <Execution id="0ab83d06-57d4-448a-9f78-50e185eb765b" />
      <TestMethod codeBase="/Users/alal/Code/Git CRM Solution/crm-solution/CRM.Backend/tests/CRM.SystemModule.Tests/bin/Release/net10.0/CRM.SystemModule.Tests.dll" adapterTypeName="executor://xunit/VsTestRunner2/netcoreapp" className="CRM.SystemModule.Tests.Services.UserServiceTests" name="GetUserByIdAsync_WithInvalidId_ReturnsNull" />
    </UnitTest>
    <UnitTest name="CRM.SystemModule.Tests.Services.AdminDashboardServiceTests.GetSystemStatisticsAsync_ReturnsValidStatistics" storage="/users/alal/code/git crm solution/crm-solution/crm.backend/tests/crm.systemmodule.tests/bin/release/net10.0/crm.systemmodule.tests.dll" id="c908aeab-7c7f-720f-b8e2-7bb43345daf2">
      <Execution id="d20892df-1e43-491e-be6c-77e8f7f9fe11" />
      <TestMethod codeBase="/Users/alal/Code/Git CRM Solution/crm-solution/CRM.Backend/tests/CRM.SystemModule.Tests/bin/Release/net10.0/CRM.SystemModule.Tests.dll" adapterTypeName="executor://xunit/VsTestRunner2/netcoreapp" className="CRM.SystemModule.Tests.Services.AdminDashboardServiceTests" name="GetSystemStatisticsAsync_ReturnsValidStatistics" />
    </UnitTest>
    <UnitTest name="CRM.SystemModule.Tests.Services.RBACServiceTests.CheckPermissionAsync_WithDeniedUser_ReturnsFalse" storage="/users/alal/code/git crm solution/crm-solution/crm.backend/tests/crm.systemmodule.tests/bin/release/net10.0/crm.systemmodule.tests.dll" id="e5e2fed6-8387-127a-963d-15514631336c">
      <Execution id="28dff0bf-c108-4316-b920-0d9bc890b75c" />
      <TestMethod codeBase="/Users/alal/Code/Git CRM Solution/crm-solution/CRM.Backend/tests/CRM.SystemModule.Tests/bin/Release/net10.0/CRM.SystemModule.Tests.dll" adapterTypeName="executor://xunit/VsTestRunner2/netcoreapp" className="CRM.SystemModule.Tests.Services.RBACServiceTests" name="CheckPermissionAsync_WithDeniedUser_ReturnsFalse" />
    </UnitTest>
    <UnitTest name="CRM.SystemModule.Tests.Services.RBACServiceTests.GetUserPermissionsAsync_WithCachedPermissions_ReturnsFromCache" storage="/users/alal/code/git crm solution/crm-solution/crm.backend/tests/crm.systemmodule.tests/bin/release/net10.0/crm.systemmodule.tests.dll" id="20b22f11-ff67-5ecf-7e28-92be2ae79051">
[...]
    </UnitTest>
    <UnitTest name="CRM.SystemModule.Tests.Services.UserServiceTests.GetUserByIdAsync_WithValidId_ReturnsUser" storage="/users/alal/code/git crm solution/crm-solution/crm.backend/tests/crm.systemmodule.tests/bin/release/net10.0/crm.systemmodule.tests.dll" id="0b1afa3d-9fb1-454d-55ef-9781f97a4eb0">
      <Execution id="09eff7a5-593e-42fc-9aaf-3c6236f399bf" />
      <TestMethod codeBase="/Users/alal/Code/Git CRM Solution/crm-solution/CRM.Backend/tests/CRM.SystemModule.Tests/bin/Release/net10.0/CRM.SystemModule.Tests.dll" adapterTypeName="executor://xunit/VsTestRunner2/netcoreapp" className="CRM.SystemModule.Tests.Services.UserServiceTests" name="GetUserByIdAsync_WithValidId_ReturnsUser" />
    </UnitTest>
    <UnitTest name="CRM.SystemModule.Tests.Controllers.PermissionsControllerTests.Permission_EntityCreation_IsValid" storage="/users/alal/code/git crm solution/crm-solution/crm.backend/tests/crm.systemmodule.tests/bin/release/net10.0/crm.systemmodule.tests.dll" id="6f34bc37-0b46-fb61-8732-b88542b23691">
      <Execution id="43dacb51-6c5f-4f22-b127-d91684553fab" />
      <TestMethod codeBase="/Users/alal/Code/Git CRM Solution/crm-solution/CRM.Backend/tests/CRM.SystemModule.Tests/bin/Release/net10.0/CRM.SystemModule.Tests.dll" adapterTypeName="executor://xunit/VsTestRunner2/netcoreapp" className="CRM.SystemModule.Tests.Controllers.PermissionsControllerTests" name="Permission_EntityCreation_IsValid" />
    </UnitTest>
    <UnitTest name="CRM.SystemModule.Tests.DTOs.SystemModuleDtoTests.PermissionDto_Creation_IsValid" storage="/users/alal/code/git crm solution/crm-solution/crm.backend/tests/crm.systemmodule.tests/bin/release/net10.0/crm.systemmodule.tests.dll" id="16c4195d-92af-2662-24ba-b59b21503e39">
      <Execution id="837d7e85-5d77-4ab0-8383-d2553093c7b5" />
      <TestMethod codeBase="/Users/alal/Code/Git CRM Solution/crm-solution/CRM.Backend/tests/CRM.SystemModule.Tests/bin/Release/net10.0/CRM.SystemModule.Tests.dll" adapterTypeName="executor://xunit/VsTestRunner2/netcoreapp" className="CRM.SystemModule.Tests.DTOs.SystemModuleDtoTests" name="PermissionDto_Creation_IsValid" />
    </UnitTest>
    <UnitTest name="CRM.SystemModule.Tests.Services.PermissionCacheServiceTests.CacheKeyFormat_IsConsistent" storage="/users/alal/code/git crm solution/crm-solution/crm.backend/tests/crm.systemmodule.tests/bin/release/net10.0/crm.systemmodule.tests.dll" id="8a028918-5cd4-c43f-707d-39e7e2d071ff">
      <Execution id="076a0dde-c4ae-477e-91b0-c46aaf1f1f84" />
      <TestMethod codeBase="/Users/alal/Code/Git CRM Solution/crm-solution/CRM.Backend/tests/CRM.SystemModule.Tests/bin/Release/net10.0/CRM.SystemModule.Tests.dll" adapterTypeName="executor://xunit/VsTestRunner2/netcoreapp" className="CRM.SystemModule.Tests.Services.PermissionCacheServiceTests" name="CacheKeyFormat_IsConsistent" />
    </UnitTest>
    <UnitTest name="CRM.SystemModule.Tests.DTOs.SystemModuleDtoTests.AdminDashboardDto_Creation_IsValid" storage="/users/alal/code/git crm solution/crm-solution/crm.backend/tests/crm.systemmodule.tests/bin/release/net10.0/crm.systemmodule.tests.dll" id="67bb3071-5f65-f2d8-366a-684984aed9b3">
      <Execution id="a5af04c6-e738-41bb-a673-034c8f68a16f" />
      <TestMethod codeBase="/Users/alal/Code/Git CRM Solution/crm-solution/CRM.Backend/tests/CRM.SystemModule.Tests/bin/Release/net10.0/CRM.SystemModule.Tests.dll" adapterTypeName="executor://xunit/VsTestRunner2/netcoreapp" className="CRM.SystemModule.Tests.DTOs.SystemModuleDtoTests" name="AdminDashboardDto_Creation_IsValid" />
    </UnitTest>
    <UnitTest name="CRM.SystemModule.Tests.Controllers.UsersControllerTests.GetUser_WithInvalidId_ReturnsNull" storage="/users/alal/code/git crm solution/crm-solution/crm.backend/tests/crm.systemmodule.tests/bin/release/net10.0/crm.systemmodule.tests.dll" id="ad842582-acff-10db-3d98-bef28ccdb5e2">
      <Execution id="761372d3-6326-44a6-818c-ceab858b36f8" />
      <TestMethod codeBase="/Users/alal/Code/Git CRM Solution/crm-solution/CRM.Backend/tests/CRM.SystemModule.Tests/bin/Release/net10.0/CRM.SystemModule.Tests.dll" adapterTypeName="executor://xunit/VsTestRunner2/netcoreapp" className="CRM.SystemModule.Tests.Controllers.UsersControllerTests" name="GetUser_WithInvalidId_ReturnsNull" />
    </UnitTest>
    <UnitTest name="CRM.SystemModule.Tests.Controllers.RolesControllerTests.CheckUserPermission_WithGrantedPermission_ReturnsTrue" storage="/users/alal/code/git crm solution/crm-solution/crm.backend/tests/crm.systemmodule.tests/bin/release/net10.0/crm.systemmodule.tests.dll" id="7cea50e9-77ea-04fe-d0f0-b415b20fac57">
      <Execution id="62392136-eead-4ae9-90f2-ff6b09a48d6c" />
      <TestMethod codeBase="/Users/alal/Code/Git CRM Solution/crm-solution/CRM.Backend/tests/CRM.SystemModule.Tests/bin/Release/net10.0/CRM.SystemModule.Tests.dll" adapterTypeName="executor://xunit/VsTestRunner2/netcoreapp" className="CRM.SystemModule.Tests.Controllers.RolesControllerTests" name="CheckUserPermission_WithGrantedPermission_ReturnsTrue" />
    </UnitTest>
  </TestDefinitions>
  <TestEntries>
    <TestEntry testId="1251e7f0-9e5b-d43f-6235-7c5508e266cd" executionId="0582b4ba-f0bf-43c9-ae5d-38067d155e3d" testListId="8c84fa94-04c1-424b-9868-57a2d4851a1d" />
    <TestEntry testId="a3f51ef7-a779-3d46-d220-c5e52973e884" executionId="f8edec71-484e-4e29-a968-667f44fda1a2" testListId="8c84fa94-04c1-424b-9868-57a2d4851a1d" />
    <TestEntry testId="f52a5d9c-f3a6-8594-862e-4e3d18c288a4" executionId="a2c3b696-8d59-4d7d-97c2-68db605c8235" testListId="8c84fa94-04c1-424b-9868-57a2d4851a1d" />
    <TestEntry testId="354db19f-80ba-615c-5d12-4e34acedb71a" executionId="1575d907-0629-4776-b443-e98aeb823d2f" testListId="8c84fa94-04c1-424b-9868-57a2d4851a1d" />
    <TestEntry testId="9c5862c2-740d-459e-f73c-cb10e31e715c" executionId="3da431c8-09a3-430c-a9a4-ce5e50ee720b" testListId="8c84fa94-04c1-424b-9868-57a2d4851a1d" />
    <TestEntry testId="5b698bd0-e805-96c9-e333-98906824eb05" executionId="2c35ad08-cfbe-4f60-9a8d-7051f5155f94" testListId="8c84fa94-04c1-424b-9868-57a2d4851a1d" />
    <TestEntry testId="0a5de700-3b44-9eb3-b324-91f214ae8e7c" executionId="9c4f8027-c99f-4aea-8433-134b59f9f3a9" testListId="8c84fa94-04c1-424b-9868-57a2d4851a1d" />
    <TestEntry testId="726c3b95-1783-e84d-3544-e75a904955d3" executionId="15d05abb-1ac2-4dd0-b94f-05789fe24cfc" testListId="8c84fa94-04c1-424b-9868-57a2d4851a1d" />
    <TestEntry testId="c908aeab-7c7f-720f-b8e2-7bb43345daf2" executionId="d20892df-1e43-491e-be6c-77e8f7f9fe11" testListId="8c84fa94-04c1-424b-9868-57a2d4851a1d" />
    <TestEntry testId="dcd938c7-f734-4e3e-1564-6b15065b418d" executionId="25740945-72f1-4ecf-9804-a18056bf3b81" testListId="8c84fa94-04c1-424b-9868-57a2d4851a1d" />
    <TestEntry testId="81b4a248-9fb7-b555-b4e8-76edd74072f7" executionId="888858ee-afb3-42ac-9294-679d23fdff13" testListId="8c84fa94-04c1-424b-9868-57a2d4851a1d" />
    <TestEntry testId="20b22f11-ff67-5ecf-7e28-92be2ae79051" executionId="9917fefb-9f5c-47b4-82bf-950e5e0588d5" testListId="8c84fa94-04c1-424b-9868-57a2d4851a1d" />
    <TestEntry testId="b69c8dfc-6c13-452f-9ffd-37068bfba1b0" executionId="985b0de2-2bf3-45cd-81b6-9a05d1d4d215" testListId="8c84fa94-04c1-424b-9868-57a2d4851a1d" />
    <TestEntry testId="f9e55ed1-e644-e5d8-23a7-98cce313d8b5" executionId="c651b9a6-ecab-41ab-a57c-b2220e07bcf3" testListId="8c84fa94-04c1-424b-9868-57a2d4851a1d" />
    <TestEntry testId="105c59e3-2577-434a-79a0-31bdb8b57574" executionId="2a239c3d-786e-42f4-871a-ef9212c2dd54" testListId="8c84fa94-04c1-424b-9868-57a2d4851a1d" />
    <TestEntry testId="0b1afa3d-9fb1-454d-55ef-9781f97a4eb0" executionId="09eff7a5-593e-42fc-9aaf-3c6236f399bf" testListId="8c84fa94-04c1-424b-9868-57a2d4851a1d" />
    <TestEntry testId="2f3b872b-f1b7-d4ad-d939-d7b76de5f394" executionId="f07de694-7086-434f-9da5-cbcc96c880d1" testListId="8c84fa94-04c1-424b-9868-57a2d4851a1d" />
    <TestEntry testId="524bd61e-defb-4d37-21d5-b49306becb7e" executionId="1ba18501-b33c-4173-89c3-c1a171d878e7" testListId="8c84fa94-04c1-424b-9868-57a2d4851a1d" />
    <TestEntry testId="7d1dc5f2-16db-fefc-4e89-99ed663f9da2" executionId="11c96e0c-15f4-424e-b213-9b489a7db840" testListId="8c84fa94-04c1-424b-9868-57a2d4851a1d" />
    <TestEntry testId="9f92a97f-ca76-fb6a-e11b-ff8987e41594" executionId="267ce7a3-c3a5-47ec-8317-5c0702ea2145" testListId="8c84fa94-04c1-424b-9868-57a2d4851a1d" />
    <TestEntry testId="c900df27-7f00-4d87-4b80-d7d10a358c81" executionId="efcfef63-2e5a-4960-ae0e-661426230cdb" testListId="8c84fa94-04c1-424b-9868-57a2d4851a1d" />
    <TestEntry testId="c9f163c4-8480-ee11-09d4-341560018007" executionId="b15d7167-bc78-4290-bfb6-75e4c6b116a1" testListId="8c84fa94-04c1-424b-9868-57a2d4851a1d" />
    <TestEntry testId="21adc977-4c02-8f45-4afb-0b54678c80f5" executionId="5ffabc21-7cc5-4b9e-8783-78b9365694ea" testListId="8c84fa94-04c1-424b-9868-57a2d4851a1d" />
    <TestEntry testId="ca3e3545-8130-8a2c-272f-9d5e8f8a164f" executionId="a117a5d3-8124-4994-af6f-9627f99fb8ea" testListId="8c84fa94-04c1-424b-9868-57a2d4851a1d" />
    <TestEntry testId="1006d4a8-e9d5-31d8-fb0e-ab622dc53acd" executionId="3a893656-0658-4a96-8932-86152e3d2957" testListId="8c84fa94-04c1-424b-9868-57a2d4851a1d" />
    <TestEntry testId="e5e2fed6-8387-127a-963d-15514631336c" executionId="28dff0bf-c108-4316-b920-0d9bc890b75c" testListId="8c84fa94-04c1-424b-9868-57a2d4851a1d" />
    <TestEntry testId="6ce0d71a-3687-2185-821b-3ade739b597c" executionId="f95d58af-586a-43f5-b66c-a790dc3587e0" testListId="8c84fa94-04c1-424b-9868-57a2d4851a1d" />
    <TestEntry testId="31eee4e1-1a4f-61fe-c978-83d4b8b2414e" executionId="928f178d-7ab2-4742-bbcb-68c6a436bd94" testListId="8c84fa94-04c1-424b-9868-57a2d4851a1d" />
    <TestEntry testId="f2084afc-0858-83d5-0c8a-ffc7afa9c12b" executionId="a0a2f7f1-99e6-4dee-889c-5ecaaa05a968" testListId="8c84fa94-04c1-424b-9868-57a2d4851a1d" />
    <TestEntry testId="4317e2e2-4f54-afdb-2c7d-c8fc5a3636c3" executionId="e14f0345-c76f-4e71-8a80-0fc2ced18e0b" testListId="8c84fa94-04c1-424b-9868-57a2d4851a1d" />
    <TestEntry testId="5a8c3a06-f1fa-0523-be32-ed19202bc19b" executionId="c7d33567-315d-4f88-866d-3279f6cd022a" testListId="8c84fa94-04c1-424b-9868-57a2d4851a1d" />
    <TestEntry testId="3d0d2454-07ac-f0d4-0a4b-ccaa441a9230" executionId="477a65a3-e2e1-4ca0-97b7-c2b45f38327b" testListId="8c84fa94-04c1-424b-9868-57a2d4851a1d" />
    <TestEntry testId="a8bac065-33a6-b801-d64b-46186fb5d412" executionId="19aedcc1-7241-41e1-b7e0-7178c1c4a20c" testListId="8c84fa94-04c1-424b-9868-57a2d4851a1d" />
    <TestEntry testId="04377a1e-9c9f-e388-c0fa-3b81e333565d" executionId="fd4b2adc-c7da-41db-8be2-087418c072b2" testListId="8c84fa94-04c1-424b-9868-57a2d4851a1d" />
    <TestEntry testId="275b2ca5-a737-bb97-6493-6d04f6fb8648" executionId="90a3dae7-cff6-4db9-8d09-9d73e11c4577" testListId="8c84fa94-04c1-424b-9868-57a2d4851a1d" />
    <TestEntry testId="ad112ac1-a5af-f47c-33d0-39a9951a3309" executionId="3cefcac7-f342-4199-bec6-26e67bdec3a2" testListId="8c84fa94-04c1-424b-9868-57a2d4851a1d" />
    <TestEntry testId="305b1fea-eb87-906f-169e-5d6c3266aeb1" executionId="7f8f464a-ce6a-4f87-a8b6-85503532a030" testListId="8c84fa94-04c1-424b-9868-57a2d4851a1d" />
    <TestEntry testId="3b7cc839-ea74-727b-66cd-c20a3482e7ff" executionId="396e6411-e7f5-4ee5-88a6-5af0ebc01943" testListId="8c84fa94-04c1-424b-9868-57a2d4851a1d" />
    <TestEntry testId="6f34bc37-0b46-fb61-8732-b88542b23691" executionId="43dacb51-6c5f-4f22-b127-d91684553fab" testListId="8c84fa94-04c1-424b-9868-57a2d4851a1d" />
    <TestEntry testId="b1aa859f-ec7c-0847-8cb6-f81ff6cb2028" executionId="59cff2eb-dd8a-432c-bd99-5c8028a262a8" testListId="8c84fa94-04c1-424b-9868-57a2d4851a1d" />
    <TestEntry testId="75572589-65d2-7016-71d2-591304b5fef2" executionId="2ba478d2-8f26-4293-adbc-4505a70768bd" testListId="8c84fa94-04c1-424b-9868-57a2d4851a1d" />
    <TestEntry testId="4d1c6204-6dd5-7fdd-982a-88f3e107b213" executionId="5882eb32-682d-4864-9a22-a7372eb01f2c" testListId="8c84fa94-04c1-424b-9868-57a2d4851a1d" />
    <TestEntry testId="76878e2c-f4c9-2c5e-7a1f-be646f0386ee" executionId="2ab75c3a-9e6f-4221-ad8b-96ac22c28559" testListId="8c84fa94-04c1-424b-9868-57a2d4851a1d" />
    <TestEntry testId="fd0a32e9-2bdc-e2c0-fd01-1c8ac373213c" executionId="b82e1abb-e408-4ab7-954c-b47dcfa40ccc" testListId="8c84fa94-04c1-424b-9868-57a2d4851a1d" />
    <TestEntry testId="730d7ccc-1714-43d6-dbba-56caf1861f92" executionId="c81d5869-786a-4f76-b812-75c946a7167d" testListId="8c84fa94-04c1-424b-9868-57a2d4851a1d" />
    <TestEntry testId="6d5dab92-a49a-3723-e50d-154fc1c3aa85" executionId="f9fdd944-89c5-43de-a27b-47bdf2433414" testListId="8c84fa94-04c1-424b-9868-57a2d4851a1d" />
    <TestEntry testId="175c01cd-9cad-0b6d-b95f-f4ae9255431f" executionId="1b7c7363-84f9-4568-8a11-c66d1eee3bf8" testListId="8c84fa94-04c1-424b-9868-57a2d4851a1d" />
    <TestEntry testId="c270a43a-fd5a-00d0-69a9-30ef866224c9" executionId="28a534b9-2a72-4ab0-8aca-eb944e23a328" testListId="8c84fa94-04c1-424b-9868-57a2d4851a1d" />
    <TestEntry testId="717ef598-f126-6e43-8f48-3470e72f1809" executionId="46eb9484-1cd8-4187-964b-f2a1278bf400" testListId="8c84fa94-04c1-424b-9868-57a2d4851a1d" />
    <TestEntry testId="0ffa0ffb-853e-fe74-1759-d99e34ee76f8" executionId="08fca1e4-7161-4d64-b8ad-191f2aca0712" testListId="8c84fa94-04c1-424b-9868-57a2d4851a1d" />
    <TestEntry testId="5b20d8f0-da25-d493-3448-cd4402b8f8d8" executionId="071cfb58-b1e9-487d-b862-6999a2687d56" testListId="8c84fa94-04c1-424b-9868-57a2d4851a1d" />
    <TestEntry testId="39679076-dd2e-9de3-83c4-8fb25049100d" executionId="d9259759-6684-472e-911b-3a654733ef36" testListId="8c84fa94-04c1-424b-9868-57a2d4851a1d" />
    <TestEntry testId="4580c33b-6d82-31da-f47e-8a4114d0def6" executionId="6f497476-ee4a-43c8-a4e3-8246f08a1b3f" testListId="8c84fa94-04c1-424b-9868-57a2d4851a1d" />
    <TestEntry testId="7901d0d8-03d2-a50f-2343-5ec3becea7f5" executionId="a4c150e1-ba3d-4569-939a-34c75897045b" testListId="8c84fa94-04c1-424b-9868-57a2d4851a1d" />
    <TestEntry testId="b4801cb8-1293-2bea-914d-0b8238d3c408" executionId="1342cb19-9387-4d4c-b25b-ffa774ec59be" testListId="8c84fa94-04c1-424b-9868-57a2d4851a1d" />
    <TestEntry testId="6c0a6dbe-7cbb-1351-60ae-d09a69cd64ee" executionId="85c6b97c-9d1c-47cf-a9f8-4a71a3620b46" testListId="8c84fa94-04c1-424b-9868-57a2d4851a1d" />
    <TestEntry testId="1576fdfb-bfaa-7f50-66a9-4c65258576f1" executionId="ee4a652a-bf39-4319-82ca-f7bb6b72c117" testListId="8c84fa94-04c1-424b-9868-57a2d4851a1d" />
    <TestEntry testId="ad842582-acff-10db-3d98-bef28ccdb5e2" executionId="761372d3-6326-44a6-818c-ceab858b36f8" testListId="8c84fa94-04c1-424b-9868-57a2d4851a1d" />
    <TestEntry testId="44cba47e-2607-2cb8-2737-235fe5cd8e73" executionId="6006db30-165c-44cf-bc5a-0c8edb533101" testListId="8c84fa94-04c1-424b-9868-57a2d4851a1d" />
    <TestEntry testId="25e9c472-cb99-1d58-0723-7b57a1e02a4c" executionId="a5082a5f-b0e5-4600-b18a-36ec9de073b1" testListId="8c84fa94-04c1-424b-9868-57a2d4851a1d" />
    <TestEntry testId="841c6389-c8c2-9542-3129-994ffd5922da" executionId="24a23e22-c068-4dea-a28c-05a2a72b49b4" testListId="8c84fa94-04c1-424b-9868-57a2d4851a1d" />
    <TestEntry testId="757c2d12-06d7-3ad1-859f-fffab98b3ccd" executionId="68173983-c1a0-4b31-be23-618315eef697" testListId="8c84fa94-04c1-424b-9868-57a2d4851a1d" />
    <TestEntry testId="8a028918-5cd4-c43f-707d-39e7e2d071ff" executionId="076a0dde-c4ae-477e-91b0-c46aaf1f1f84" testListId="8c84fa94-04c1-424b-9868-57a2d4851a1d" />
    <TestEntry testId="c86dc497-2f04-89e9-3e42-e5e8024b2a40" executionId="e215c1d4-0126-4c3b-bb66-11d0456277bf" testListId="8c84fa94-04c1-424b-9868-57a2d4851a1d" />
    <TestEntry testId="58a3b60d-ced6-67de-49bd-d1edcbce0672" executionId="6570eea6-996f-4434-b771-b501d0ccd799" testListId="8c84fa94-04c1-424b-9868-57a2d4851a1d" />
    <TestEntry testId="b37be606-a759-faa9-62a2-464e419ee390" executionId="e0e09644-f0e4-43ff-8341-e9c45ae2355a" testListId="8c84fa94-04c1-424b-9868-57a2d4851a1d" />
    <TestEntry testId="e520665e-da77-0474-a20c-38c0dea4e163" executionId="21c4f968-54d6-413b-b60a-36a3fe72f0ea" testListId="8c84fa94-04c1-424b-9868-57a2d4851a1d" />
    <TestEntry testId="67bb3071-5f65-f2d8-366a-684984aed9b3" executionId="a5af04c6-e738-41bb-a673-034c8f68a16f" testListId="8c84fa94-04c1-424b-9868-57a2d4851a1d" />
    <TestEntry testId="c2806488-120d-5d5a-21b6-38e28c5b3514" executionId="d5687ed8-d6a4-4725-9909-debdfdbe01f7" testListId="8c84fa94-04c1-424b-9868-57a2d4851a1d" />
    <TestEntry testId="24a76f8e-d3bf-e3b5-adb1-0f5b6f5f3abc" executionId="8ef7a478-bb40-4e45-9999-80b47824c448" testListId="8c84fa94-04c1-424b-9868-57a2d4851a1d" />
    <TestEntry testId="55730007-41cc-9226-5b3a-89c566412027" executionId="0ab83d06-57d4-448a-9f78-50e185eb765b" testListId="8c84fa94-04c1-424b-9868-57a2d4851a1d" />
    <TestEntry testId="ec1c4415-e358-c905-9b36-018bec2bd47f" executionId="4d9226d8-c9a6-40a2-ab2b-40acb335137a" testListId="8c84fa94-04c1-424b-9868-57a2d4851a1d" />
    <TestEntry testId="14fce4c6-a877-91ed-3d03-e598f0806954" executionId="babfa38e-60f1-4742-826a-4cef2a101870" testListId="8c84fa94-04c1-424b-9868-57a2d4851a1d" />
    <TestEntry testId="3be92778-a274-42af-b0d5-d82999d6f975" executionId="20c302f3-f394-429d-9798-8ae59dddf155" testListId="8c84fa94-04c1-424b-9868-57a2d4851a1d" />
    <TestEntry testId="e8670b06-754a-1f22-ca4d-2de20ba2f384" executionId="13b21449-d240-4723-83af-cebb3d8a6883" testListId="8c84fa94-04c1-424b-9868-57a2d4851a1d" />
    <TestEntry testId="7cea50e9-77ea-04fe-d0f0-b415b20fac57" executionId="62392136-eead-4ae9-90f2-ff6b09a48d6c" testListId="8c84fa94-04c1-424b-9868-57a2d4851a1d" />
    <TestEntry testId="a26a3b7e-27ba-38e7-05c6-5800dcaa9d47" executionId="10f3b989-2c01-4ed2-b549-b56047268f77" testListId="8c84fa94-04c1-424b-9868-57a2d4851a1d" />
    <TestEntry testId="38a169b0-ed78-4a1e-8f39-af3149b7d246" executionId="781f5da2-fdcb-4be7-9880-2d9b833c6304" testListId="8c84fa94-04c1-424b-9868-57a2d4851a1d" />
    <TestEntry testId="16c4195d-92af-2662-24ba-b59b21503e39" executionId="837d7e85-5d77-4ab0-8383-d2553093c7b5" testListId="8c84fa94-04c1-424b-9868-57a2d4851a1d" />
    <TestEntry testId="1fd33423-cfcc-6cd0-7cd7-6bffc1cd1098" executionId="4ee97e1d-2b71-4959-bd04-d8b875a45746" testListId="8c84fa94-04c1-424b-9868-57a2d4851a1d" />
    <TestEntry testId="fb64fb01-e2e8-1082-4c5a-ecb012e3f116" executionId="e329a061-69a5-41d8-ade0-68ae642095bc" testListId="8c84fa94-04c1-424b-9868-57a2d4851a1d" />
    <TestEntry testId="6d116f11-f15d-9669-1abd-a3a9004b878d" executionId="fd5c93df-d24a-48ab-84cb-721f672ec6c6" testListId="8c84fa94-04c1-424b-9868-57a2d4851a1d" />
    <TestEntry testId="d3a0c950-297b-8626-7d57-3ad38cbedab3" executionId="c4c89e0d-5c40-4b9e-858c-5b80ab9acd44" testListId="8c84fa94-04c1-424b-9868-57a2d4851a1d" />
  </TestEntries>
  <TestLists>
    <TestList name="Results Not in a List" id="8c84fa94-04c1-424b-9868-57a2d4851a1d" />
    <TestList name="All Loaded Results" id="19431567-8539-422a-85d7-44ee4e166bda" />
  </TestLists>
  <ResultSummary outcome="Completed">
    <Counters total="83" executed="83" passed="83" failed="0" error="0" timeout="0" aborted="0" inconclusive="0" passedButRunAborted="0" notRunnable="0" notExecuted="0" disconnected="0" warning="0" completed="0" inProgress="0" pending="0" />
    <Output>
      <StdOut>[xUnit.net 00:00:00.00] xUnit.net VSTest Adapter v2.5.1.1+5fe7eebc65 (64-bit .NET 10.0.3)
[xUnit.net 00:00:00.07]   Discovering: CRM.SystemModule.Tests
[xUnit.net 00:00:00.10]   Discovered:  CRM.SystemModule.Tests
[xUnit.net 00:00:00.10]   Starting:    CRM.SystemModule.Tests
[xUnit.net 00:00:01.03]   Finished:    CRM.SystemModule.Tests
</StdOut>
    </Output>
  </ResultSummary>
</TestRun>