{"/Users/alal/Code/Git CRM Solution/crm-solution/CRM.Frontend/src/App.tsx": {"path":"/Users/alal/Code/Git CRM Solution/crm-solution/CRM.Frontend/src/App.tsx","statementMap":{"0":{"start":{"line":33,"column":2},"end":{"line":214,"column":4}}},"fnMap":{"0":{"name":"App","decl":{"start":{"line":32,"column":9},"end":{"line":32,"column":12}},"loc":{"start":{"line":32,"column":15},"end":{"line":215,"column":1}},"line":32}},"branchMap":{},"s":{"0":0},"f":{"0":0},"b":{}}
,"/Users/alal/Code/Git CRM Solution/crm-solution/CRM.Frontend/src/index.js": {"path":"/Users/alal/Code/Git CRM Solution/crm-solution/CRM.Frontend/src/index.js","statementMap":{"0":{"start":{"line":6,"column":13},"end":{"line":6,"column":65}},"1":{"start":{"line":7,"column":0},"end":{"line":11,"column":2}}},"fnMap":{},"branchMap":{},"s":{"0":0,"1":0},"f":{},"b":{}}
,"/Users/alal/Code/Git CRM Solution/crm-solution/CRM.Frontend/src/main.tsx": {"path":"/Users/alal/Code/Git CRM Solution/crm-solution/CRM.Frontend/src/main.tsx","statementMap":{"0":{"start":{"line":6,"column":0},"end":{"line":10,"column":2}}},"fnMap":{},"branchMap":{},"s":{"0":0},"f":{},"b":{}}
,"/Users/alal/Code/Git CRM Solution/crm-solution/CRM.Frontend/src/components/Breadcrumbs.tsx": {"path":"/Users/alal/Code/Git CRM Solution/crm-solution/CRM.Frontend/src/components/Breadcrumbs.tsx","statementMap":{"0":{"start":{"line":13,"column":88},"end":{"line":27,"column":1}},"1":{"start":{"line":30,"column":19},"end":{"line":30,"column":32}},"2":{"start":{"line":31,"column":20},"end":{"line":31,"column":65}},"3":{"start":{"line":31,"column":63},"end":{"line":31,"column":64}},"4":{"start":{"line":34,"column":2},"end":{"line":36,"column":3}},"5":{"start":{"line":35,"column":4},"end":{"line":35,"column":16}},"6":{"start":{"line":38,"column":22},"end":{"line":54,"column":3}},"7":{"start":{"line":56,"column":20},"end":{"line":56,"column":22}},"8":{"start":{"line":57,"column":2},"end":{"line":90,"column":5}},"9":{"start":{"line":58,"column":4},"end":{"line":58,"column":34}},"10":{"start":{"line":59,"column":19},"end":{"line":59,"column":49}},"11":{"start":{"line":60,"column":27},"end":{"line":60,"column":57}},"12":{"start":{"line":61,"column":18},"end":{"line":61,"column":95}},"13":{"start":{"line":62,"column":17},"end":{"line":62,"column":37}},"14":{"start":{"line":64,"column":4},"end":{"line":89,"column":5}},"15":{"start":{"line":65,"column":6},"end":{"line":70,"column":8}},"16":{"start":{"line":72,"column":6},"end":{"line":88,"column":8}},"17":{"start":{"line":92,"column":2},"end":{"line":106,"column":4}}},"fnMap":{"0":{"name":"BreadcrumbsComponent","decl":{"start":{"line":29,"column":9},"end":{"line":29,"column":29}},"loc":{"start":{"line":29,"column":32},"end":{"line":107,"column":1}},"line":29},"1":{"name":"(anonymous_1)","decl":{"start":{"line":31,"column":56},"end":{"line":31,"column":57}},"loc":{"start":{"line":31,"column":63},"end":{"line":31,"column":64}},"line":31},"2":{"name":"(anonymous_2)","decl":{"start":{"line":57,"column":20},"end":{"line":57,"column":21}},"loc":{"start":{"line":57,"column":41},"end":{"line":90,"column":3}},"line":57}},"branchMap":{"0":{"loc":{"start":{"line":34,"column":2},"end":{"line":36,"column":3}},"type":"if","locations":[{"start":{"line":34,"column":2},"end":{"line":36,"column":3}},{"start":{},"end":{}}],"line":34},"1":{"loc":{"start":{"line":34,"column":6},"end":{"line":34,"column":116}},"type":"binary-expr","locations":[{"start":{"line":34,"column":6},"end":{"line":34,"column":36}},{"start":{"line":34,"column":40},"end":{"line":34,"column":73}},{"start":{"line":34,"column":77},"end":{"line":34,"column":116}}],"line":34},"2":{"loc":{"start":{"line":61,"column":18},"end":{"line":61,"column":95}},"type":"binary-expr","locations":[{"start":{"line":61,"column":18},"end":{"line":61,"column":39}},{"start":{"line":61,"column":43},"end":{"line":61,"column":95}}],"line":61},"3":{"loc":{"start":{"line":64,"column":4},"end":{"line":89,"column":5}},"type":"if","locations":[{"start":{"line":64,"column":4},"end":{"line":89,"column":5}},{"start":{"line":71,"column":11},"end":{"line":89,"column":5}}],"line":64}},"s":{"0":0,"1":0,"2":0,"3":0,"4":0,"5":0,"6":0,"7":0,"8":0,"9":0,"10":0,"11":0,"12":0,"13":0,"14":0,"15":0,"16":0,"17":0},"f":{"0":0,"1":0,"2":0},"b":{"0":[0,0],"1":[0,0,0],"2":[0,0],"3":[0,0]}}
,"/Users/alal/Code/Git CRM Solution/crm-solution/CRM.Frontend/src/components/Footer.tsx": {"path":"/Users/alal/Code/Git CRM Solution/crm-solution/CRM.Frontend/src/components/Footer.tsx","statementMap":{"0":{"start":{"line":15,"column":36},"end":{"line":15,"column":78}},"1":{"start":{"line":16,"column":34},"end":{"line":16,"column":76}},"2":{"start":{"line":17,"column":28},"end":{"line":17,"column":55}},"3":{"start":{"line":18,"column":22},"end":{"line":21,"column":4}},"4":{"start":{"line":23,"column":2},"end":{"line":26,"column":9}},"5":{"start":{"line":25,"column":4},"end":{"line":25,"column":32}},"6":{"start":{"line":28,"column":2},"end":{"line":61,"column":9}},"7":{"start":{"line":29,"column":24},"end":{"line":54,"column":5}},"8":{"start":{"line":30,"column":6},"end":{"line":53,"column":7}},"9":{"start":{"line":31,"column":26},"end":{"line":31,"column":45}},"10":{"start":{"line":33,"column":8},"end":{"line":33,"column":60}},"11":{"start":{"line":35,"column":25},"end":{"line":37,"column":10}},"12":{"start":{"line":39,"column":8},"end":{"line":39,"column":57}},"13":{"start":{"line":41,"column":8},"end":{"line":45,"column":9}},"14":{"start":{"line":42,"column":10},"end":{"line":42,"column":77}},"15":{"start":{"line":44,"column":10},"end":{"line":44,"column":40}},"16":{"start":{"line":47,"column":8},"end":{"line":50,"column":11}},"17":{"start":{"line":51,"column":8},"end":{"line":51,"column":41}},"18":{"start":{"line":52,"column":8},"end":{"line":52,"column":40}},"19":{"start":{"line":57,"column":4},"end":{"line":57,"column":18}},"20":{"start":{"line":58,"column":21},"end":{"line":58,"column":52}},"21":{"start":{"line":60,"column":4},"end":{"line":60,"column":41}},"22":{"start":{"line":60,"column":17},"end":{"line":60,"column":40}},"23":{"start":{"line":63,"column":25},"end":{"line":65,"column":3}},"24":{"start":{"line":64,"column":4},"end":{"line":64,"column":57}},"25":{"start":{"line":67,"column":24},"end":{"line":69,"column":3}},"26":{"start":{"line":68,"column":4},"end":{"line":68,"column":54}},"27":{"start":{"line":71,"column":2},"end":{"line":110,"column":4}}},"fnMap":{"0":{"name":"Footer","decl":{"start":{"line":14,"column":9},"end":{"line":14,"column":15}},"loc":{"start":{"line":14,"column":18},"end":{"line":111,"column":1}},"line":14},"1":{"name":"(anonymous_1)","decl":{"start":{"line":23,"column":12},"end":{"line":23,"column":13}},"loc":{"start":{"line":23,"column":18},"end":{"line":26,"column":3}},"line":23},"2":{"name":"(anonymous_2)","decl":{"start":{"line":28,"column":12},"end":{"line":28,"column":13}},"loc":{"start":{"line":28,"column":18},"end":{"line":61,"column":3}},"line":28},"3":{"name":"(anonymous_3)","decl":{"start":{"line":29,"column":24},"end":{"line":29,"column":25}},"loc":{"start":{"line":29,"column":36},"end":{"line":54,"column":5}},"line":29},"4":{"name":"(anonymous_4)","decl":{"start":{"line":60,"column":11},"end":{"line":60,"column":12}},"loc":{"start":{"line":60,"column":17},"end":{"line":60,"column":40}},"line":60},"5":{"name":"(anonymous_5)","decl":{"start":{"line":63,"column":25},"end":{"line":63,"column":26}},"loc":{"start":{"line":63,"column":52},"end":{"line":65,"column":3}},"line":63},"6":{"name":"(anonymous_6)","decl":{"start":{"line":67,"column":24},"end":{"line":67,"column":25}},"loc":{"start":{"line":67,"column":51},"end":{"line":69,"column":3}},"line":67}},"branchMap":{"0":{"loc":{"start":{"line":19,"column":13},"end":{"line":19,"column":53}},"type":"binary-expr","locations":[{"start":{"line":19,"column":13},"end":{"line":19,"column":42}},{"start":{"line":19,"column":46},"end":{"line":19,"column":53}}],"line":19},"1":{"loc":{"start":{"line":20,"column":15},"end":{"line":20,"column":89}},"type":"binary-expr","locations":[{"start":{"line":20,"column":15},"end":{"line":20,"column":47}},{"start":{"line":20,"column":51},"end":{"line":20,"column":89}}],"line":20},"2":{"loc":{"start":{"line":41,"column":8},"end":{"line":45,"column":9}},"type":"if","locations":[{"start":{"line":41,"column":8},"end":{"line":45,"column":9}},{"start":{},"end":{}}],"line":41},"3":{"loc":{"start":{"line":64,"column":11},"end":{"line":64,"column":56}},"type":"cond-expr","locations":[{"start":{"line":64,"column":29},"end":{"line":64,"column":40}},{"start":{"line":64,"column":43},"end":{"line":64,"column":56}}],"line":64},"4":{"loc":{"start":{"line":68,"column":11},"end":{"line":68,"column":53}},"type":"cond-expr","locations":[{"start":{"line":68,"column":29},"end":{"line":68,"column":39}},{"start":{"line":68,"column":42},"end":{"line":68,"column":53}}],"line":68}},"s":{"0":0,"1":0,"2":0,"3":0,"4":0,"5":0,"6":0,"7":0,"8":0,"9":0,"10":0,"11":0,"12":0,"13":0,"14":0,"15":0,"16":0,"17":0,"18":0,"19":0,"20":0,"21":0,"22":0,"23":0,"24":0,"25":0,"26":0,"27":0},"f":{"0":0,"1":0,"2":0,"3":0,"4":0,"5":0,"6":0},"b":{"0":[0,0],"1":[0,0],"2":[0,0],"3":[0,0],"4":[0,0]}}
,"/Users/alal/Code/Git CRM Solution/crm-solution/CRM.Frontend/src/components/Navigation.tsx": {"path":"/Users/alal/Code/Git CRM Solution/crm-solution/CRM.Frontend/src/components/Navigation.tsx","statementMap":{"0":{"start":{"line":39,"column":44},"end":{"line":39,"column":53}},"1":{"start":{"line":40,"column":52},"end":{"line":40,"column":64}},"2":{"start":{"line":41,"column":19},"end":{"line":41,"column":32}},"3":{"start":{"line":42,"column":34},"end":{"line":42,"column":68}},"4":{"start":{"line":43,"column":38},"end":{"line":43,"column":53}},"5":{"start":{"line":45,"column":25},"end":{"line":47,"column":3}},"6":{"start":{"line":46,"column":4},"end":{"line":46,"column":37}},"7":{"start":{"line":49,"column":26},"end":{"line":51,"column":3}},"8":{"start":{"line":50,"column":4},"end":{"line":50,"column":22}},"9":{"start":{"line":53,"column":23},"end":{"line":57,"column":3}},"10":{"start":{"line":54,"column":4},"end":{"line":54,"column":13}},"11":{"start":{"line":55,"column":4},"end":{"line":55,"column":22}},"12":{"start":{"line":56,"column":4},"end":{"line":56,"column":23}},"13":{"start":{"line":59,"column":2},"end":{"line":61,"column":3}},"14":{"start":{"line":60,"column":4},"end":{"line":60,"column":16}},"15":{"start":{"line":63,"column":19},"end":{"line":72,"column":3}},"16":{"start":{"line":74,"column":21},"end":{"line":77,"column":3}},"17":{"start":{"line":79,"column":2},"end":{"line":228,"column":4}},"18":{"start":{"line":88,"column":29},"end":{"line":88,"column":48}},"19":{"start":{"line":155,"column":23},"end":{"line":155,"column":43}},"20":{"start":{"line":174,"column":12},"end":{"line":190,"column":23}},"21":{"start":{"line":179,"column":29},"end":{"line":179,"column":49}},"22":{"start":{"line":204,"column":16},"end":{"line":221,"column":27}},"23":{"start":{"line":209,"column":33},"end":{"line":209,"column":53}},"24":{"start":{"line":232,"column":30},"end":{"line":232,"column":39}},"25":{"start":{"line":234,"column":2},"end":{"line":234,"column":56}}},"fnMap":{"0":{"name":"NavigationContent","decl":{"start":{"line":38,"column":9},"end":{"line":38,"column":26}},"loc":{"start":{"line":38,"column":29},"end":{"line":229,"column":1}},"line":38},"1":{"name":"(anonymous_1)","decl":{"start":{"line":45,"column":25},"end":{"line":45,"column":26}},"loc":{"start":{"line":45,"column":67},"end":{"line":47,"column":3}},"line":45},"2":{"name":"(anonymous_2)","decl":{"start":{"line":49,"column":26},"end":{"line":49,"column":27}},"loc":{"start":{"line":49,"column":32},"end":{"line":51,"column":3}},"line":49},"3":{"name":"(anonymous_3)","decl":{"start":{"line":53,"column":23},"end":{"line":53,"column":24}},"loc":{"start":{"line":53,"column":29},"end":{"line":57,"column":3}},"line":53},"4":{"name":"(anonymous_4)","decl":{"start":{"line":88,"column":23},"end":{"line":88,"column":24}},"loc":{"start":{"line":88,"column":29},"end":{"line":88,"column":48}},"line":88},"5":{"name":"(anonymous_5)","decl":{"start":{"line":155,"column":17},"end":{"line":155,"column":18}},"loc":{"start":{"line":155,"column":23},"end":{"line":155,"column":43}},"line":155},"6":{"name":"(anonymous_6)","decl":{"start":{"line":173,"column":24},"end":{"line":173,"column":25}},"loc":{"start":{"line":174,"column":12},"end":{"line":190,"column":23}},"line":174},"7":{"name":"(anonymous_7)","decl":{"start":{"line":179,"column":23},"end":{"line":179,"column":24}},"loc":{"start":{"line":179,"column":29},"end":{"line":179,"column":49}},"line":179},"8":{"name":"(anonymous_8)","decl":{"start":{"line":203,"column":30},"end":{"line":203,"column":31}},"loc":{"start":{"line":204,"column":16},"end":{"line":221,"column":27}},"line":204},"9":{"name":"(anonymous_9)","decl":{"start":{"line":209,"column":27},"end":{"line":209,"column":28}},"loc":{"start":{"line":209,"column":33},"end":{"line":209,"column":53}},"line":209},"10":{"name":"Navigation","decl":{"start":{"line":231,"column":9},"end":{"line":231,"column":19}},"loc":{"start":{"line":231,"column":22},"end":{"line":235,"column":1}},"line":231}},"branchMap":{"0":{"loc":{"start":{"line":59,"column":2},"end":{"line":61,"column":3}},"type":"if","locations":[{"start":{"line":59,"column":2},"end":{"line":61,"column":3}},{"start":{},"end":{}}],"line":59},"1":{"loc":{"start":{"line":118,"column":15},"end":{"line":128,"column":15}},"type":"binary-expr","locations":[{"start":{"line":118,"column":15},"end":{"line":118,"column":22}},{"start":{"line":119,"column":16},"end":{"line":127,"column":19}}],"line":118},"2":{"loc":{"start":{"line":123,"column":37},"end":{"line":123,"column":68}},"type":"binary-expr","locations":[{"start":{"line":123,"column":37},"end":{"line":123,"column":59}},{"start":{"line":123,"column":63},"end":{"line":123,"column":68}}],"line":123},"3":{"loc":{"start":{"line":194,"column":9},"end":{"line":225,"column":9}},"type":"binary-expr","locations":[{"start":{"line":194,"column":10},"end":{"line":194,"column":32}},{"start":{"line":194,"column":36},"end":{"line":194,"column":52}},{"start":{"line":194,"column":56},"end":{"line":194,"column":74}},{"start":{"line":194,"column":78},"end":{"line":194,"column":109}},{"start":{"line":195,"column":10},"end":{"line":224,"column":13}}],"line":194},"4":{"loc":{"start":{"line":234,"column":9},"end":{"line":234,"column":55}},"type":"cond-expr","locations":[{"start":{"line":234,"column":27},"end":{"line":234,"column":48}},{"start":{"line":234,"column":51},"end":{"line":234,"column":55}}],"line":234}},"s":{"0":0,"1":0,"2":0,"3":0,"4":0,"5":0,"6":0,"7":0,"8":0,"9":0,"10":0,"11":0,"12":0,"13":0,"14":0,"15":0,"16":0,"17":0,"18":0,"19":0,"20":0,"21":0,"22":0,"23":0,"24":0,"25":0},"f":{"0":0,"1":0,"2":0,"3":0,"4":0,"5":0,"6":0,"7":0,"8":0,"9":0,"10":0},"b":{"0":[0,0],"1":[0,0],"2":[0,0],"3":[0,0,0,0,0],"4":[0,0]}}
,"/Users/alal/Code/Git CRM Solution/crm-solution/CRM.Frontend/src/components/ProtectedRoute.tsx": {"path":"/Users/alal/Code/Git CRM Solution/crm-solution/CRM.Frontend/src/components/ProtectedRoute.tsx","statementMap":{"0":{"start":{"line":10,"column":30},"end":{"line":10,"column":39}},"1":{"start":{"line":12,"column":2},"end":{"line":14,"column":3}},"2":{"start":{"line":13,"column":4},"end":{"line":13,"column":44}},"3":{"start":{"line":16,"column":2},"end":{"line":16,"column":25}}},"fnMap":{"0":{"name":"ProtectedRoute","decl":{"start":{"line":9,"column":9},"end":{"line":9,"column":23}},"loc":{"start":{"line":9,"column":59},"end":{"line":17,"column":1}},"line":9}},"branchMap":{"0":{"loc":{"start":{"line":12,"column":2},"end":{"line":14,"column":3}},"type":"if","locations":[{"start":{"line":12,"column":2},"end":{"line":14,"column":3}},{"start":{},"end":{}}],"line":12}},"s":{"0":0,"1":0,"2":0,"3":0},"f":{"0":0},"b":{"0":[0,0]}}
,"/Users/alal/Code/Git CRM Solution/crm-solution/CRM.Frontend/src/components/RoleBasedRoute.tsx": {"path":"/Users/alal/Code/Git CRM Solution/crm-solution/CRM.Frontend/src/components/RoleBasedRoute.tsx","statementMap":{"0":{"start":{"line":22,"column":30},"end":{"line":22,"column":39}},"1":{"start":{"line":23,"column":52},"end":{"line":23,"column":64}},"2":{"start":{"line":26,"column":2},"end":{"line":28,"column":3}},"3":{"start":{"line":27,"column":4},"end":{"line":27,"column":44}},"4":{"start":{"line":32,"column":2},"end":{"line":34,"column":3}},"5":{"start":{"line":33,"column":4},"end":{"line":33,"column":27}},"6":{"start":{"line":37,"column":2},"end":{"line":47,"column":3}},"7":{"start":{"line":38,"column":4},"end":{"line":46,"column":6}},"8":{"start":{"line":50,"column":2},"end":{"line":62,"column":3}},"9":{"start":{"line":51,"column":26},"end":{"line":51,"column":51}},"10":{"start":{"line":52,"column":4},"end":{"line":61,"column":5}},"11":{"start":{"line":53,"column":6},"end":{"line":60,"column":8}},"12":{"start":{"line":64,"column":2},"end":{"line":64,"column":25}}},"fnMap":{"0":{"name":"RoleBasedRoute","decl":{"start":{"line":17,"column":9},"end":{"line":17,"column":23}},"loc":{"start":{"line":21,"column":24},"end":{"line":65,"column":1}},"line":21}},"branchMap":{"0":{"loc":{"start":{"line":26,"column":2},"end":{"line":28,"column":3}},"type":"if","locations":[{"start":{"line":26,"column":2},"end":{"line":28,"column":3}},{"start":{},"end":{}}],"line":26},"1":{"loc":{"start":{"line":32,"column":2},"end":{"line":34,"column":3}},"type":"if","locations":[{"start":{"line":32,"column":2},"end":{"line":34,"column":3}},{"start":{},"end":{}}],"line":32},"2":{"loc":{"start":{"line":37,"column":2},"end":{"line":47,"column":3}},"type":"if","locations":[{"start":{"line":37,"column":2},"end":{"line":47,"column":3}},{"start":{},"end":{}}],"line":37},"3":{"loc":{"start":{"line":37,"column":6},"end":{"line":37,"column":50}},"type":"binary-expr","locations":[{"start":{"line":37,"column":6},"end":{"line":37,"column":18}},{"start":{"line":37,"column":22},"end":{"line":37,"column":50}}],"line":37},"4":{"loc":{"start":{"line":43,"column":28},"end":{"line":43,"column":69}},"type":"binary-expr","locations":[{"start":{"line":43,"column":28},"end":{"line":43,"column":51}},{"start":{"line":43,"column":55},"end":{"line":43,"column":69}}],"line":43},"5":{"loc":{"start":{"line":50,"column":2},"end":{"line":62,"column":3}},"type":"if","locations":[{"start":{"line":50,"column":2},"end":{"line":62,"column":3}},{"start":{},"end":{}}],"line":50},"6":{"loc":{"start":{"line":52,"column":4},"end":{"line":61,"column":5}},"type":"if","locations":[{"start":{"line":52,"column":4},"end":{"line":61,"column":5}},{"start":{},"end":{}}],"line":52}},"s":{"0":0,"1":0,"2":0,"3":0,"4":0,"5":0,"6":0,"7":0,"8":0,"9":0,"10":0,"11":0,"12":0},"f":{"0":0},"b":{"0":[0,0],"1":[0,0],"2":[0,0],"3":[0,0],"4":[0,0],"5":[0,0],"6":[0,0]}}
,"/Users/alal/Code/Git CRM Solution/crm-solution/CRM.Frontend/src/components/settings/DatabaseSettingsTab.tsx": {"path":"/Users/alal/Code/Git CRM Solution/crm-solution/CRM.Frontend/src/components/settings/DatabaseSettingsTab.tsx","statementMap":{"0":{"start":{"line":4,"column":2},"end":{"line":48,"column":4}}},"fnMap":{"0":{"name":"DatabaseSettingsTab","decl":{"start":{"line":3,"column":9},"end":{"line":3,"column":28}},"loc":{"start":{"line":3,"column":31},"end":{"line":49,"column":1}},"line":3}},"branchMap":{},"s":{"0":0},"f":{"0":0},"b":{}}
,"/Users/alal/Code/Git CRM Solution/crm-solution/CRM.Frontend/src/components/settings/GroupManagementTab.tsx": {"path":"/Users/alal/Code/Git CRM Solution/crm-solution/CRM.Frontend/src/components/settings/GroupManagementTab.tsx","statementMap":{"0":{"start":{"line":4,"column":2},"end":{"line":33,"column":4}}},"fnMap":{"0":{"name":"GroupManagementTab","decl":{"start":{"line":3,"column":9},"end":{"line":3,"column":27}},"loc":{"start":{"line":3,"column":30},"end":{"line":34,"column":1}},"line":3}},"branchMap":{},"s":{"0":0},"f":{"0":0},"b":{}}
,"/Users/alal/Code/Git CRM Solution/crm-solution/CRM.Frontend/src/components/settings/UserApprovalTab.tsx": {"path":"/Users/alal/Code/Git CRM Solution/crm-solution/CRM.Frontend/src/components/settings/UserApprovalTab.tsx","statementMap":{"0":{"start":{"line":4,"column":2},"end":{"line":29,"column":4}}},"fnMap":{"0":{"name":"UserApprovalTab","decl":{"start":{"line":3,"column":9},"end":{"line":3,"column":24}},"loc":{"start":{"line":3,"column":27},"end":{"line":30,"column":1}},"line":3}},"branchMap":{},"s":{"0":0},"f":{"0":0},"b":{}}
,"/Users/alal/Code/Git CRM Solution/crm-solution/CRM.Frontend/src/config/ports.ts": {"path":"/Users/alal/Code/Git CRM Solution/crm-solution/CRM.Frontend/src/config/ports.ts","statementMap":{"0":{"start":{"line":14,"column":36},"end":{"line":19,"column":1}},"1":{"start":{"line":25,"column":31},"end":{"line":32,"column":1}},"2":{"start":{"line":26,"column":2},"end":{"line":31,"column":4}},"3":{"start":{"line":38,"column":29},"end":{"line":51,"column":1}},"4":{"start":{"line":39,"column":16},"end":{"line":39,"column":33}},"5":{"start":{"line":40,"column":22},"end":{"line":42,"column":69}},"6":{"start":{"line":44,"column":2},"end":{"line":47,"column":3}},"7":{"start":{"line":46,"column":4},"end":{"line":46,"column":69}},"8":{"start":{"line":50,"column":2},"end":{"line":50,"column":68}},"9":{"start":{"line":57,"column":33},"end":{"line":60,"column":1}},"10":{"start":{"line":58,"column":18},"end":{"line":58,"column":33}},"11":{"start":{"line":59,"column":2},"end":{"line":59,"column":29}},"12":{"start":{"line":67,"column":30},"end":{"line":71,"column":1}},"13":{"start":{"line":68,"column":18},"end":{"line":68,"column":33}},"14":{"start":{"line":69,"column":18},"end":{"line":69,"column":24}},"15":{"start":{"line":70,"column":2},"end":{"line":70,"column":75}}},"fnMap":{"0":{"name":"(anonymous_0)","decl":{"start":{"line":25,"column":31},"end":{"line":25,"column":32}},"loc":{"start":{"line":25,"column":51},"end":{"line":32,"column":1}},"line":25},"1":{"name":"(anonymous_1)","decl":{"start":{"line":38,"column":29},"end":{"line":38,"column":30}},"loc":{"start":{"line":38,"column":43},"end":{"line":51,"column":1}},"line":38},"2":{"name":"(anonymous_2)","decl":{"start":{"line":57,"column":33},"end":{"line":57,"column":34}},"loc":{"start":{"line":57,"column":47},"end":{"line":60,"column":1}},"line":57},"3":{"name":"(anonymous_3)","decl":{"start":{"line":67,"column":30},"end":{"line":67,"column":31}},"loc":{"start":{"line":67,"column":56},"end":{"line":71,"column":1}},"line":67}},"branchMap":{"0":{"loc":{"start":{"line":27,"column":18},"end":{"line":27,"column":77}},"type":"binary-expr","locations":[{"start":{"line":27,"column":18},"end":{"line":27,"column":48}},{"start":{"line":27,"column":52},"end":{"line":27,"column":77}}],"line":27},"1":{"loc":{"start":{"line":28,"column":26},"end":{"line":28,"column":102}},"type":"binary-expr","locations":[{"start":{"line":28,"column":26},"end":{"line":28,"column":65}},{"start":{"line":28,"column":69},"end":{"line":28,"column":102}}],"line":28},"2":{"loc":{"start":{"line":29,"column":23},"end":{"line":29,"column":86}},"type":"binary-expr","locations":[{"start":{"line":29,"column":23},"end":{"line":29,"column":52}},{"start":{"line":29,"column":56},"end":{"line":29,"column":86}}],"line":29},"3":{"loc":{"start":{"line":30,"column":23},"end":{"line":30,"column":92}},"type":"binary-expr","locations":[{"start":{"line":30,"column":23},"end":{"line":30,"column":58}},{"start":{"line":30,"column":62},"end":{"line":30,"column":92}}],"line":30},"4":{"loc":{"start":{"line":40,"column":22},"end":{"line":42,"column":69}},"type":"binary-expr","locations":[{"start":{"line":40,"column":22},"end":{"line":40,"column":62}},{"start":{"line":41,"column":22},"end":{"line":41,"column":62}},{"start":{"line":42,"column":22},"end":{"line":42,"column":69}}],"line":40},"5":{"loc":{"start":{"line":44,"column":2},"end":{"line":47,"column":3}},"type":"if","locations":[{"start":{"line":44,"column":2},"end":{"line":47,"column":3}},{"start":{},"end":{}}],"line":44},"6":{"loc":{"start":{"line":50,"column":9},"end":{"line":50,"column":67}},"type":"binary-expr","locations":[{"start":{"line":50,"column":9},"end":{"line":50,"column":38}},{"start":{"line":50,"column":42},"end":{"line":50,"column":67}}],"line":50},"7":{"loc":{"start":{"line":70,"column":32},"end":{"line":70,"column":72}},"type":"cond-expr","locations":[{"start":{"line":70,"column":55},"end":{"line":70,"column":59}},{"start":{"line":70,"column":62},"end":{"line":70,"column":72}}],"line":70}},"s":{"0":0,"1":0,"2":0,"3":0,"4":0,"5":0,"6":0,"7":0,"8":0,"9":0,"10":0,"11":0,"12":0,"13":0,"14":0,"15":0},"f":{"0":0,"1":0,"2":0,"3":0},"b":{"0":[0,0],"1":[0,0],"2":[0,0],"3":[0,0],"4":[0,0,0],"5":[0,0],"6":[0,0],"7":[0,0]}}
,"/Users/alal/Code/Git CRM Solution/crm-solution/CRM.Frontend/src/contexts/AuthContext.tsx": {"path":"/Users/alal/Code/Git CRM Solution/crm-solution/CRM.Frontend/src/contexts/AuthContext.tsx","statementMap":{"0":{"start":{"line":6,"column":18},"end":{"line":11,"column":1}},"1":{"start":{"line":7,"column":15},"end":{"line":7,"column":25}},"2":{"start":{"line":8,"column":2},"end":{"line":8,"column":60}},"3":{"start":{"line":9,"column":18},"end":{"line":9,"column":49}},"4":{"start":{"line":10,"column":2},"end":{"line":10,"column":93}},"5":{"start":{"line":13,"column":18},"end":{"line":23,"column":1}},"6":{"start":{"line":14,"column":17},"end":{"line":14,"column":27}},"7":{"start":{"line":15,"column":18},"end":{"line":15,"column":44}},"8":{"start":{"line":16,"column":2},"end":{"line":21,"column":3}},"9":{"start":{"line":17,"column":4},"end":{"line":17,"column":27}},"10":{"start":{"line":18,"column":4},"end":{"line":20,"column":5}},"11":{"start":{"line":19,"column":6},"end":{"line":19,"column":65}},"12":{"start":{"line":22,"column":2},"end":{"line":22,"column":14}},"13":{"start":{"line":25,"column":21},"end":{"line":27,"column":1}},"14":{"start":{"line":26,"column":2},"end":{"line":26,"column":77}},"15":{"start":{"line":45,"column":20},"end":{"line":45,"column":73}},"16":{"start":{"line":47,"column":69},"end":{"line":302,"column":1}},"17":{"start":{"line":48,"column":48},"end":{"line":48,"column":63}},"18":{"start":{"line":49,"column":26},"end":{"line":49,"column":40}},"19":{"start":{"line":51,"column":2},"end":{"line":88,"column":9}},"20":{"start":{"line":53,"column":16},"end":{"line":53,"column":51}},"21":{"start":{"line":56,"column":4},"end":{"line":78,"column":5}},"22":{"start":{"line":57,"column":25},"end":{"line":57,"column":52}},"23":{"start":{"line":58,"column":24},"end":{"line":58,"column":50}},"24":{"start":{"line":60,"column":6},"end":{"line":77,"column":7}},"25":{"start":{"line":61,"column":8},"end":{"line":76,"column":9}},"26":{"start":{"line":62,"column":27},"end":{"line":62,"column":48}},"27":{"start":{"line":63,"column":10},"end":{"line":63,"column":58}},"28":{"start":{"line":64,"column":10},"end":{"line":64,"column":85}},"29":{"start":{"line":65,"column":10},"end":{"line":65,"column":85}},"30":{"start":{"line":66,"column":10},"end":{"line":66,"column":28}},"31":{"start":{"line":67,"column":10},"end":{"line":67,"column":35}},"32":{"start":{"line":68,"column":10},"end":{"line":68,"column":29}},"33":{"start":{"line":69,"column":10},"end":{"line":69,"column":80}},"34":{"start":{"line":71,"column":10},"end":{"line":71,"column":71}},"35":{"start":{"line":72,"column":10},"end":{"line":72,"column":41}},"36":{"start":{"line":73,"column":10},"end":{"line":73,"column":40}},"37":{"start":{"line":74,"column":10},"end":{"line":74,"column":44}},"38":{"start":{"line":75,"column":10},"end":{"line":75,"column":43}},"39":{"start":{"line":80,"column":4},"end":{"line":84,"column":5}},"40":{"start":{"line":81,"column":6},"end":{"line":81,"column":31}},"41":{"start":{"line":83,"column":6},"end":{"line":83,"column":30}},"42":{"start":{"line":87,"column":4},"end":{"line":87,"column":29}},"43":{"start":{"line":90,"column":33},"end":{"line":103,"column":3}},"44":{"start":{"line":92,"column":19},"end":{"line":92,"column":62}},"45":{"start":{"line":93,"column":17},"end":{"line":93,"column":35}},"46":{"start":{"line":94,"column":18},"end":{"line":94,"column":37}},"47":{"start":{"line":96,"column":4},"end":{"line":102,"column":5}},"48":{"start":{"line":98,"column":6},"end":{"line":98,"column":53}},"49":{"start":{"line":99,"column":6},"end":{"line":99,"column":55}},"50":{"start":{"line":101,"column":6},"end":{"line":101,"column":80}},"51":{"start":{"line":105,"column":27},"end":{"line":122,"column":3}},"52":{"start":{"line":106,"column":4},"end":{"line":121,"column":5}},"53":{"start":{"line":107,"column":6},"end":{"line":107,"column":82}},"54":{"start":{"line":108,"column":23},"end":{"line":110,"column":8}},"55":{"start":{"line":111,"column":6},"end":{"line":111,"column":69}},"56":{"start":{"line":112,"column":6},"end":{"line":112,"column":29}},"57":{"start":{"line":114,"column":6},"end":{"line":118,"column":9}},"58":{"start":{"line":119,"column":6},"end":{"line":119,"column":45}},"59":{"start":{"line":120,"column":6},"end":{"line":120,"column":32}},"60":{"start":{"line":124,"column":16},"end":{"line":176,"column":3}},"61":{"start":{"line":125,"column":4},"end":{"line":175,"column":5}},"62":{"start":{"line":126,"column":23},"end":{"line":126,"column":36}},"63":{"start":{"line":127,"column":6},"end":{"line":127,"column":70}},"64":{"start":{"line":128,"column":6},"end":{"line":128,"column":53}},"65":{"start":{"line":130,"column":23},"end":{"line":130,"column":78}},"66":{"start":{"line":131,"column":6},"end":{"line":131,"column":119}},"67":{"start":{"line":132,"column":6},"end":{"line":132,"column":97}},"68":{"start":{"line":134,"column":26},"end":{"line":134,"column":51}},"69":{"start":{"line":135,"column":27},"end":{"line":135,"column":53}},"70":{"start":{"line":137,"column":6},"end":{"line":137,"column":55}},"71":{"start":{"line":138,"column":6},"end":{"line":138,"column":57}},"72":{"start":{"line":141,"column":6},"end":{"line":141,"column":51}},"73":{"start":{"line":142,"column":6},"end":{"line":142,"column":55}},"74":{"start":{"line":143,"column":6},"end":{"line":143,"column":68}},"75":{"start":{"line":146,"column":26},"end":{"line":153,"column":7}},"76":{"start":{"line":154,"column":6},"end":{"line":154,"column":71}},"77":{"start":{"line":155,"column":6},"end":{"line":155,"column":69}},"78":{"start":{"line":157,"column":6},"end":{"line":157,"column":29}},"79":{"start":{"line":158,"column":6},"end":{"line":158,"column":31}},"80":{"start":{"line":159,"column":6},"end":{"line":159,"column":70}},"81":{"start":{"line":161,"column":6},"end":{"line":167,"column":9}},"82":{"start":{"line":168,"column":6},"end":{"line":173,"column":9}},"83":{"start":{"line":174,"column":6},"end":{"line":174,"column":18}},"84":{"start":{"line":178,"column":19},"end":{"line":210,"column":3}},"85":{"start":{"line":179,"column":4},"end":{"line":209,"column":5}},"86":{"start":{"line":180,"column":23},"end":{"line":180,"column":71}},"87":{"start":{"line":181,"column":26},"end":{"line":181,"column":51}},"88":{"start":{"line":182,"column":27},"end":{"line":182,"column":53}},"89":{"start":{"line":184,"column":6},"end":{"line":184,"column":55}},"90":{"start":{"line":185,"column":6},"end":{"line":185,"column":57}},"91":{"start":{"line":188,"column":6},"end":{"line":188,"column":51}},"92":{"start":{"line":189,"column":6},"end":{"line":189,"column":55}},"93":{"start":{"line":190,"column":6},"end":{"line":190,"column":68}},"94":{"start":{"line":193,"column":26},"end":{"line":200,"column":7}},"95":{"start":{"line":201,"column":6},"end":{"line":201,"column":71}},"96":{"start":{"line":202,"column":6},"end":{"line":202,"column":69}},"97":{"start":{"line":204,"column":6},"end":{"line":204,"column":29}},"98":{"start":{"line":205,"column":6},"end":{"line":205,"column":31}},"99":{"start":{"line":207,"column":6},"end":{"line":207,"column":50}},"100":{"start":{"line":208,"column":6},"end":{"line":208,"column":18}},"101":{"start":{"line":212,"column":22},"end":{"line":251,"column":3}},"102":{"start":{"line":213,"column":27},"end":{"line":213,"column":65}},"103":{"start":{"line":214,"column":4},"end":{"line":216,"column":5}},"104":{"start":{"line":215,"column":6},"end":{"line":215,"column":87}},"105":{"start":{"line":217,"column":4},"end":{"line":250,"column":5}},"106":{"start":{"line":218,"column":23},"end":{"line":221,"column":8}},"107":{"start":{"line":222,"column":26},"end":{"line":222,"column":51}},"108":{"start":{"line":223,"column":27},"end":{"line":223,"column":53}},"109":{"start":{"line":225,"column":6},"end":{"line":225,"column":55}},"110":{"start":{"line":226,"column":6},"end":{"line":226,"column":57}},"111":{"start":{"line":229,"column":6},"end":{"line":229,"column":51}},"112":{"start":{"line":230,"column":6},"end":{"line":230,"column":55}},"113":{"start":{"line":231,"column":6},"end":{"line":231,"column":68}},"114":{"start":{"line":234,"column":26},"end":{"line":241,"column":7}},"115":{"start":{"line":242,"column":6},"end":{"line":242,"column":71}},"116":{"start":{"line":243,"column":6},"end":{"line":243,"column":69}},"117":{"start":{"line":245,"column":6},"end":{"line":245,"column":29}},"118":{"start":{"line":246,"column":6},"end":{"line":246,"column":31}},"119":{"start":{"line":248,"column":6},"end":{"line":248,"column":50}},"120":{"start":{"line":249,"column":6},"end":{"line":249,"column":18}},"121":{"start":{"line":253,"column":33},"end":{"line":276,"column":3}},"122":{"start":{"line":255,"column":21},"end":{"line":255,"column":62}},"123":{"start":{"line":256,"column":21},"end":{"line":256,"column":62}},"124":{"start":{"line":258,"column":4},"end":{"line":260,"column":5}},"125":{"start":{"line":259,"column":6},"end":{"line":259,"column":90}},"126":{"start":{"line":262,"column":24},"end":{"line":262,"column":57}},"127":{"start":{"line":263,"column":25},"end":{"line":263,"column":31}},"128":{"start":{"line":264,"column":18},"end":{"line":264,"column":40}},"129":{"start":{"line":267,"column":20},"end":{"line":272,"column":76}},"130":{"start":{"line":275,"column":4},"end":{"line":275,"column":35}},"131":{"start":{"line":278,"column":17},"end":{"line":295,"column":3}},"132":{"start":{"line":280,"column":4},"end":{"line":280,"column":43}},"133":{"start":{"line":281,"column":4},"end":{"line":281,"column":44}},"134":{"start":{"line":282,"column":4},"end":{"line":282,"column":43}},"135":{"start":{"line":283,"column":4},"end":{"line":283,"column":48}},"136":{"start":{"line":284,"column":4},"end":{"line":284,"column":49}},"137":{"start":{"line":287,"column":4},"end":{"line":287,"column":35}},"138":{"start":{"line":288,"column":4},"end":{"line":288,"column":38}},"139":{"start":{"line":289,"column":4},"end":{"line":289,"column":34}},"140":{"start":{"line":290,"column":4},"end":{"line":290,"column":37}},"141":{"start":{"line":292,"column":4},"end":{"line":292,"column":45}},"142":{"start":{"line":293,"column":4},"end":{"line":293,"column":18}},"143":{"start":{"line":294,"column":4},"end":{"line":294,"column":30}},"144":{"start":{"line":297,"column":2},"end":{"line":301,"column":4}},"145":{"start":{"line":304,"column":23},"end":{"line":310,"column":1}},"146":{"start":{"line":305,"column":18},"end":{"line":305,"column":41}},"147":{"start":{"line":306,"column":2},"end":{"line":308,"column":3}},"148":{"start":{"line":307,"column":4},"end":{"line":307,"column":64}},"149":{"start":{"line":309,"column":2},"end":{"line":309,"column":17}}},"fnMap":{"0":{"name":"(anonymous_0)","decl":{"start":{"line":6,"column":18},"end":{"line":6,"column":19}},"loc":{"start":{"line":6,"column":70},"end":{"line":11,"column":1}},"line":6},"1":{"name":"(anonymous_1)","decl":{"start":{"line":13,"column":18},"end":{"line":13,"column":19}},"loc":{"start":{"line":13,"column":51},"end":{"line":23,"column":1}},"line":13},"2":{"name":"(anonymous_2)","decl":{"start":{"line":25,"column":21},"end":{"line":25,"column":22}},"loc":{"start":{"line":25,"column":39},"end":{"line":27,"column":1}},"line":25},"3":{"name":"(anonymous_3)","decl":{"start":{"line":47,"column":69},"end":{"line":47,"column":70}},"loc":{"start":{"line":47,"column":87},"end":{"line":302,"column":1}},"line":47},"4":{"name":"(anonymous_4)","decl":{"start":{"line":51,"column":12},"end":{"line":51,"column":13}},"loc":{"start":{"line":51,"column":18},"end":{"line":88,"column":3}},"line":51},"5":{"name":"(anonymous_5)","decl":{"start":{"line":90,"column":33},"end":{"line":90,"column":34}},"loc":{"start":{"line":90,"column":39},"end":{"line":103,"column":3}},"line":90},"6":{"name":"(anonymous_6)","decl":{"start":{"line":105,"column":27},"end":{"line":105,"column":28}},"loc":{"start":{"line":105,"column":52},"end":{"line":122,"column":3}},"line":105},"7":{"name":"(anonymous_7)","decl":{"start":{"line":124,"column":16},"end":{"line":124,"column":17}},"loc":{"start":{"line":124,"column":59},"end":{"line":176,"column":3}},"line":124},"8":{"name":"(anonymous_8)","decl":{"start":{"line":178,"column":19},"end":{"line":178,"column":20}},"loc":{"start":{"line":178,"column":40},"end":{"line":210,"column":3}},"line":178},"9":{"name":"(anonymous_9)","decl":{"start":{"line":212,"column":22},"end":{"line":212,"column":23}},"loc":{"start":{"line":212,"column":49},"end":{"line":251,"column":3}},"line":212},"10":{"name":"(anonymous_10)","decl":{"start":{"line":253,"column":33},"end":{"line":253,"column":34}},"loc":{"start":{"line":253,"column":39},"end":{"line":276,"column":3}},"line":253},"11":{"name":"(anonymous_11)","decl":{"start":{"line":278,"column":17},"end":{"line":278,"column":18}},"loc":{"start":{"line":278,"column":23},"end":{"line":295,"column":3}},"line":278},"12":{"name":"(anonymous_12)","decl":{"start":{"line":304,"column":23},"end":{"line":304,"column":24}},"loc":{"start":{"line":304,"column":29},"end":{"line":310,"column":1}},"line":304}},"branchMap":{"0":{"loc":{"start":{"line":6,"column":48},"end":{"line":6,"column":65}},"type":"default-arg","locations":[{"start":{"line":6,"column":63},"end":{"line":6,"column":65}}],"line":6},"1":{"loc":{"start":{"line":18,"column":4},"end":{"line":20,"column":5}},"type":"if","locations":[{"start":{"line":18,"column":4},"end":{"line":20,"column":5}},{"start":{},"end":{}}],"line":18},"2":{"loc":{"start":{"line":56,"column":4},"end":{"line":78,"column":5}},"type":"if","locations":[{"start":{"line":56,"column":4},"end":{"line":78,"column":5}},{"start":{},"end":{}}],"line":56},"3":{"loc":{"start":{"line":60,"column":6},"end":{"line":77,"column":7}},"type":"if","locations":[{"start":{"line":60,"column":6},"end":{"line":77,"column":7}},{"start":{},"end":{}}],"line":60},"4":{"loc":{"start":{"line":60,"column":10},"end":{"line":60,"column":33}},"type":"binary-expr","locations":[{"start":{"line":60,"column":10},"end":{"line":60,"column":20}},{"start":{"line":60,"column":24},"end":{"line":60,"column":33}}],"line":60},"5":{"loc":{"start":{"line":64,"column":47},"end":{"line":64,"column":83}},"type":"binary-expr","locations":[{"start":{"line":64,"column":47},"end":{"line":64,"column":77}},{"start":{"line":64,"column":81},"end":{"line":64,"column":83}}],"line":64},"6":{"loc":{"start":{"line":65,"column":46},"end":{"line":65,"column":83}},"type":"binary-expr","locations":[{"start":{"line":65,"column":46},"end":{"line":65,"column":75}},{"start":{"line":65,"column":79},"end":{"line":65,"column":83}}],"line":65},"7":{"loc":{"start":{"line":80,"column":4},"end":{"line":84,"column":5}},"type":"if","locations":[{"start":{"line":80,"column":4},"end":{"line":84,"column":5}},{"start":{},"end":{}}],"line":80},"8":{"loc":{"start":{"line":96,"column":4},"end":{"line":102,"column":5}},"type":"if","locations":[{"start":{"line":96,"column":4},"end":{"line":102,"column":5}},{"start":{},"end":{}}],"line":96},"9":{"loc":{"start":{"line":96,"column":8},"end":{"line":96,"column":21}},"type":"binary-expr","locations":[{"start":{"line":96,"column":8},"end":{"line":96,"column":12}},{"start":{"line":96,"column":16},"end":{"line":96,"column":21}}],"line":96},"10":{"loc":{"start":{"line":107,"column":49},"end":{"line":107,"column":78}},"type":"cond-expr","locations":[{"start":{"line":107,"column":57},"end":{"line":107,"column":66}},{"start":{"line":107,"column":69},"end":{"line":107,"column":78}}],"line":107},"11":{"loc":{"start":{"line":151,"column":25},"end":{"line":151,"column":60}},"type":"binary-expr","locations":[{"start":{"line":151,"column":25},"end":{"line":151,"column":54}},{"start":{"line":151,"column":58},"end":{"line":151,"column":60}}],"line":151},"12":{"loc":{"start":{"line":152,"column":21},"end":{"line":152,"column":52}},"type":"binary-expr","locations":[{"start":{"line":152,"column":21},"end":{"line":152,"column":46}},{"start":{"line":152,"column":50},"end":{"line":152,"column":52}}],"line":152},"13":{"loc":{"start":{"line":198,"column":25},"end":{"line":198,"column":60}},"type":"binary-expr","locations":[{"start":{"line":198,"column":25},"end":{"line":198,"column":54}},{"start":{"line":198,"column":58},"end":{"line":198,"column":60}}],"line":198},"14":{"loc":{"start":{"line":199,"column":21},"end":{"line":199,"column":52}},"type":"binary-expr","locations":[{"start":{"line":199,"column":21},"end":{"line":199,"column":46}},{"start":{"line":199,"column":50},"end":{"line":199,"column":52}}],"line":199},"15":{"loc":{"start":{"line":214,"column":4},"end":{"line":216,"column":5}},"type":"if","locations":[{"start":{"line":214,"column":4},"end":{"line":216,"column":5}},{"start":{},"end":{}}],"line":214},"16":{"loc":{"start":{"line":239,"column":25},"end":{"line":239,"column":60}},"type":"binary-expr","locations":[{"start":{"line":239,"column":25},"end":{"line":239,"column":54}},{"start":{"line":239,"column":58},"end":{"line":239,"column":60}}],"line":239},"17":{"loc":{"start":{"line":240,"column":21},"end":{"line":240,"column":52}},"type":"binary-expr","locations":[{"start":{"line":240,"column":21},"end":{"line":240,"column":46}},{"start":{"line":240,"column":50},"end":{"line":240,"column":52}}],"line":240},"18":{"loc":{"start":{"line":258,"column":4},"end":{"line":260,"column":5}},"type":"if","locations":[{"start":{"line":258,"column":4},"end":{"line":260,"column":5}},{"start":{},"end":{}}],"line":258},"19":{"loc":{"start":{"line":258,"column":8},"end":{"line":258,"column":30}},"type":"binary-expr","locations":[{"start":{"line":258,"column":8},"end":{"line":258,"column":17}},{"start":{"line":258,"column":21},"end":{"line":258,"column":30}}],"line":258},"20":{"loc":{"start":{"line":306,"column":2},"end":{"line":308,"column":3}},"type":"if","locations":[{"start":{"line":306,"column":2},"end":{"line":308,"column":3}},{"start":{},"end":{}}],"line":306}},"s":{"0":0,"1":0,"2":0,"3":0,"4":0,"5":0,"6":0,"7":0,"8":0,"9":0,"10":0,"11":0,"12":0,"13":0,"14":0,"15":0,"16":0,"17":0,"18":0,"19":0,"20":0,"21":0,"22":0,"23":0,"24":0,"25":0,"26":0,"27":0,"28":0,"29":0,"30":0,"31":0,"32":0,"33":0,"34":0,"35":0,"36":0,"37":0,"38":0,"39":0,"40":0,"41":0,"42":0,"43":0,"44":0,"45":0,"46":0,"47":0,"48":0,"49":0,"50":0,"51":0,"52":0,"53":0,"54":0,"55":0,"56":0,"57":0,"58":0,"59":0,"60":0,"61":0,"62":0,"63":0,"64":0,"65":0,"66":0,"67":0,"68":0,"69":0,"70":0,"71":0,"72":0,"73":0,"74":0,"75":0,"76":0,"77":0,"78":0,"79":0,"80":0,"81":0,"82":0,"83":0,"84":0,"85":0,"86":0,"87":0,"88":0,"89":0,"90":0,"91":0,"92":0,"93":0,"94":0,"95":0,"96":0,"97":0,"98":0,"99":0,"100":0,"101":0,"102":0,"103":0,"104":0,"105":0,"106":0,"107":0,"108":0,"109":0,"110":0,"111":0,"112":0,"113":0,"114":0,"115":0,"116":0,"117":0,"118":0,"119":0,"120":0,"121":0,"122":0,"123":0,"124":0,"125":0,"126":0,"127":0,"128":0,"129":0,"130":0,"131":0,"132":0,"133":0,"134":0,"135":0,"136":0,"137":0,"138":0,"139":0,"140":0,"141":0,"142":0,"143":0,"144":0,"145":0,"146":0,"147":0,"148":0,"149":0},"f":{"0":0,"1":0,"2":0,"3":0,"4":0,"5":0,"6":0,"7":0,"8":0,"9":0,"10":0,"11":0,"12":0},"b":{"0":[0],"1":[0,0],"2":[0,0],"3":[0,0],"4":[0,0],"5":[0,0],"6":[0,0],"7":[0,0],"8":[0,0],"9":[0,0],"10":[0,0],"11":[0,0],"12":[0,0],"13":[0,0],"14":[0,0],"15":[0,0],"16":[0,0],"17":[0,0],"18":[0,0],"19":[0,0],"20":[0,0]}}
,"/Users/alal/Code/Git CRM Solution/crm-solution/CRM.Frontend/src/contexts/LayoutContext.tsx": {"path":"/Users/alal/Code/Git CRM Solution/crm-solution/CRM.Frontend/src/contexts/LayoutContext.tsx","statementMap":{"0":{"start":{"line":8,"column":22},"end":{"line":8,"column":77}},"1":{"start":{"line":10,"column":65},"end":{"line":47,"column":1}},"2":{"start":{"line":11,"column":46},"end":{"line":11,"column":61}},"3":{"start":{"line":14,"column":2},"end":{"line":26,"column":9}},"4":{"start":{"line":15,"column":24},"end":{"line":15,"column":58}},"5":{"start":{"line":19,"column":4},"end":{"line":25,"column":5}},"6":{"start":{"line":20,"column":6},"end":{"line":20,"column":30}},"7":{"start":{"line":21,"column":6},"end":{"line":21,"column":62}},"8":{"start":{"line":23,"column":6},"end":{"line":23,"column":31}},"9":{"start":{"line":24,"column":6},"end":{"line":24,"column":65}},"10":{"start":{"line":28,"column":23},"end":{"line":40,"column":3}},"11":{"start":{"line":29,"column":4},"end":{"line":39,"column":7}},"12":{"start":{"line":30,"column":23},"end":{"line":30,"column":28}},"13":{"start":{"line":31,"column":25},"end":{"line":31,"column":56}},"14":{"start":{"line":32,"column":6},"end":{"line":32,"column":53}},"15":{"start":{"line":33,"column":6},"end":{"line":37,"column":7}},"16":{"start":{"line":34,"column":8},"end":{"line":34,"column":64}},"17":{"start":{"line":36,"column":8},"end":{"line":36,"column":67}},"18":{"start":{"line":38,"column":6},"end":{"line":38,"column":22}},"19":{"start":{"line":42,"column":2},"end":{"line":46,"column":4}},"20":{"start":{"line":49,"column":25},"end":{"line":55,"column":1}},"21":{"start":{"line":50,"column":18},"end":{"line":50,"column":43}},"22":{"start":{"line":51,"column":2},"end":{"line":53,"column":3}},"23":{"start":{"line":52,"column":4},"end":{"line":52,"column":70}},"24":{"start":{"line":54,"column":2},"end":{"line":54,"column":17}}},"fnMap":{"0":{"name":"(anonymous_0)","decl":{"start":{"line":10,"column":65},"end":{"line":10,"column":66}},"loc":{"start":{"line":10,"column":83},"end":{"line":47,"column":1}},"line":10},"1":{"name":"(anonymous_1)","decl":{"start":{"line":14,"column":12},"end":{"line":14,"column":13}},"loc":{"start":{"line":14,"column":18},"end":{"line":26,"column":3}},"line":14},"2":{"name":"(anonymous_2)","decl":{"start":{"line":28,"column":23},"end":{"line":28,"column":24}},"loc":{"start":{"line":28,"column":29},"end":{"line":40,"column":3}},"line":28},"3":{"name":"(anonymous_3)","decl":{"start":{"line":29,"column":22},"end":{"line":29,"column":23}},"loc":{"start":{"line":29,"column":32},"end":{"line":39,"column":5}},"line":29},"4":{"name":"(anonymous_4)","decl":{"start":{"line":49,"column":25},"end":{"line":49,"column":26}},"loc":{"start":{"line":49,"column":31},"end":{"line":55,"column":1}},"line":49}},"branchMap":{"0":{"loc":{"start":{"line":19,"column":4},"end":{"line":25,"column":5}},"type":"if","locations":[{"start":{"line":19,"column":4},"end":{"line":25,"column":5}},{"start":{"line":22,"column":11},"end":{"line":25,"column":5}}],"line":19},"1":{"loc":{"start":{"line":31,"column":25},"end":{"line":31,"column":56}},"type":"cond-expr","locations":[{"start":{"line":31,"column":36},"end":{"line":31,"column":44}},{"start":{"line":31,"column":47},"end":{"line":31,"column":56}}],"line":31},"2":{"loc":{"start":{"line":33,"column":6},"end":{"line":37,"column":7}},"type":"if","locations":[{"start":{"line":33,"column":6},"end":{"line":37,"column":7}},{"start":{"line":35,"column":13},"end":{"line":37,"column":7}}],"line":33},"3":{"loc":{"start":{"line":51,"column":2},"end":{"line":53,"column":3}},"type":"if","locations":[{"start":{"line":51,"column":2},"end":{"line":53,"column":3}},{"start":{},"end":{}}],"line":51}},"s":{"0":0,"1":0,"2":0,"3":0,"4":0,"5":0,"6":0,"7":0,"8":0,"9":0,"10":0,"11":0,"12":0,"13":0,"14":0,"15":0,"16":0,"17":0,"18":0,"19":0,"20":0,"21":0,"22":0,"23":0,"24":0},"f":{"0":0,"1":0,"2":0,"3":0,"4":0},"b":{"0":[0,0],"1":[0,0],"2":[0,0],"3":[0,0]}}
,"/Users/alal/Code/Git CRM Solution/crm-solution/CRM.Frontend/src/contexts/ProfileContext.tsx": {"path":"/Users/alal/Code/Git CRM Solution/crm-solution/CRM.Frontend/src/contexts/ProfileContext.tsx","statementMap":{"0":{"start":{"line":35,"column":23},"end":{"line":35,"column":79}},"1":{"start":{"line":37,"column":72},"end":{"line":93,"column":1}},"2":{"start":{"line":38,"column":32},"end":{"line":38,"column":66}},"3":{"start":{"line":39,"column":36},"end":{"line":39,"column":51}},"4":{"start":{"line":41,"column":2},"end":{"line":44,"column":9}},"5":{"start":{"line":43,"column":4},"end":{"line":43,"column":29}},"6":{"start":{"line":46,"column":33},"end":{"line":55,"column":3}},"7":{"start":{"line":47,"column":4},"end":{"line":54,"column":5}},"8":{"start":{"line":48,"column":28},"end":{"line":48,"column":63}},"9":{"start":{"line":49,"column":6},"end":{"line":51,"column":7}},"10":{"start":{"line":50,"column":8},"end":{"line":50,"column":46}},"11":{"start":{"line":53,"column":6},"end":{"line":53,"column":66}},"12":{"start":{"line":57,"column":24},"end":{"line":64,"column":3}},"13":{"start":{"line":59,"column":4},"end":{"line":59,"column":30}},"14":{"start":{"line":59,"column":18},"end":{"line":59,"column":30}},"15":{"start":{"line":61,"column":4},"end":{"line":61,"column":58}},"16":{"start":{"line":61,"column":46},"end":{"line":61,"column":58}},"17":{"start":{"line":63,"column":4},"end":{"line":63,"column":54}},"18":{"start":{"line":66,"column":24},"end":{"line":69,"column":3}},"19":{"start":{"line":67,"column":4},"end":{"line":67,"column":31}},"20":{"start":{"line":67,"column":18},"end":{"line":67,"column":31}},"21":{"start":{"line":68,"column":4},"end":{"line":68,"column":52}},"22":{"start":{"line":71,"column":24},"end":{"line":78,"column":3}},"23":{"start":{"line":72,"column":4},"end":{"line":72,"column":27}},"24":{"start":{"line":73,"column":4},"end":{"line":77,"column":5}},"25":{"start":{"line":74,"column":6},"end":{"line":74,"column":70}},"26":{"start":{"line":76,"column":6},"end":{"line":76,"column":64}},"27":{"start":{"line":80,"column":36},"end":{"line":86,"column":3}},"28":{"start":{"line":88,"column":2},"end":{"line":92,"column":4}},"29":{"start":{"line":95,"column":26},"end":{"line":101,"column":1}},"30":{"start":{"line":96,"column":18},"end":{"line":96,"column":44}},"31":{"start":{"line":97,"column":2},"end":{"line":99,"column":3}},"32":{"start":{"line":98,"column":4},"end":{"line":98,"column":72}},"33":{"start":{"line":100,"column":2},"end":{"line":100,"column":17}}},"fnMap":{"0":{"name":"(anonymous_0)","decl":{"start":{"line":37,"column":72},"end":{"line":37,"column":73}},"loc":{"start":{"line":37,"column":90},"end":{"line":93,"column":1}},"line":37},"1":{"name":"(anonymous_1)","decl":{"start":{"line":41,"column":12},"end":{"line":41,"column":13}},"loc":{"start":{"line":41,"column":18},"end":{"line":44,"column":3}},"line":41},"2":{"name":"(anonymous_2)","decl":{"start":{"line":46,"column":33},"end":{"line":46,"column":34}},"loc":{"start":{"line":46,"column":39},"end":{"line":55,"column":3}},"line":46},"3":{"name":"(anonymous_3)","decl":{"start":{"line":57,"column":24},"end":{"line":57,"column":25}},"loc":{"start":{"line":57,"column":55},"end":{"line":64,"column":3}},"line":57},"4":{"name":"(anonymous_4)","decl":{"start":{"line":66,"column":24},"end":{"line":66,"column":25}},"loc":{"start":{"line":66,"column":72},"end":{"line":69,"column":3}},"line":66},"5":{"name":"(anonymous_5)","decl":{"start":{"line":71,"column":24},"end":{"line":71,"column":25}},"loc":{"start":{"line":71,"column":53},"end":{"line":78,"column":3}},"line":71},"6":{"name":"(anonymous_6)","decl":{"start":{"line":95,"column":26},"end":{"line":95,"column":27}},"loc":{"start":{"line":95,"column":32},"end":{"line":101,"column":1}},"line":95}},"branchMap":{"0":{"loc":{"start":{"line":49,"column":6},"end":{"line":51,"column":7}},"type":"if","locations":[{"start":{"line":49,"column":6},"end":{"line":51,"column":7}},{"start":{},"end":{}}],"line":49},"1":{"loc":{"start":{"line":59,"column":4},"end":{"line":59,"column":30}},"type":"if","locations":[{"start":{"line":59,"column":4},"end":{"line":59,"column":30}},{"start":{},"end":{}}],"line":59},"2":{"loc":{"start":{"line":61,"column":4},"end":{"line":61,"column":58}},"type":"if","locations":[{"start":{"line":61,"column":4},"end":{"line":61,"column":58}},{"start":{},"end":{}}],"line":61},"3":{"loc":{"start":{"line":67,"column":4},"end":{"line":67,"column":31}},"type":"if","locations":[{"start":{"line":67,"column":4},"end":{"line":67,"column":31}},{"start":{},"end":{}}],"line":67},"4":{"loc":{"start":{"line":68,"column":11},"end":{"line":68,"column":51}},"type":"binary-expr","locations":[{"start":{"line":68,"column":11},"end":{"line":68,"column":42}},{"start":{"line":68,"column":46},"end":{"line":68,"column":51}}],"line":68},"5":{"loc":{"start":{"line":97,"column":2},"end":{"line":99,"column":3}},"type":"if","locations":[{"start":{"line":97,"column":2},"end":{"line":99,"column":3}},{"start":{},"end":{}}],"line":97}},"s":{"0":0,"1":0,"2":0,"3":0,"4":0,"5":0,"6":0,"7":0,"8":0,"9":0,"10":0,"11":0,"12":0,"13":0,"14":0,"15":0,"16":0,"17":0,"18":0,"19":0,"20":0,"21":0,"22":0,"23":0,"24":0,"25":0,"26":0,"27":0,"28":0,"29":0,"30":0,"31":0,"32":0,"33":0},"f":{"0":0,"1":0,"2":0,"3":0,"4":0,"5":0,"6":0},"b":{"0":[0,0],"1":[0,0],"2":[0,0],"3":[0,0],"4":[0,0],"5":[0,0]}}
,"/Users/alal/Code/Git CRM Solution/crm-solution/CRM.Frontend/src/pages/CampaignsPage.tsx": {"path":"/Users/alal/Code/Git CRM Solution/crm-solution/CRM.Frontend/src/pages/CampaignsPage.tsx","statementMap":{"0":{"start":{"line":49,"column":36},"end":{"line":49,"column":60}},"1":{"start":{"line":50,"column":32},"end":{"line":50,"column":46}},"2":{"start":{"line":51,"column":28},"end":{"line":51,"column":57}},"3":{"start":{"line":52,"column":46},"end":{"line":52,"column":75}},"4":{"start":{"line":53,"column":38},"end":{"line":53,"column":53}},"5":{"start":{"line":54,"column":36},"end":{"line":54,"column":65}},"6":{"start":{"line":55,"column":34},"end":{"line":61,"column":4}},"7":{"start":{"line":63,"column":2},"end":{"line":65,"column":9}},"8":{"start":{"line":64,"column":4},"end":{"line":64,"column":21}},"9":{"start":{"line":67,"column":25},"end":{"line":79,"column":3}},"10":{"start":{"line":68,"column":4},"end":{"line":78,"column":5}},"11":{"start":{"line":69,"column":6},"end":{"line":69,"column":23}},"12":{"start":{"line":70,"column":23},"end":{"line":70,"column":56}},"13":{"start":{"line":71,"column":6},"end":{"line":71,"column":34}},"14":{"start":{"line":72,"column":6},"end":{"line":72,"column":21}},"15":{"start":{"line":74,"column":6},"end":{"line":74,"column":75}},"16":{"start":{"line":75,"column":6},"end":{"line":75,"column":54}},"17":{"start":{"line":77,"column":6},"end":{"line":77,"column":24}},"18":{"start":{"line":81,"column":27},"end":{"line":102,"column":3}},"19":{"start":{"line":82,"column":4},"end":{"line":100,"column":5}},"20":{"start":{"line":83,"column":6},"end":{"line":83,"column":32}},"21":{"start":{"line":84,"column":6},"end":{"line":90,"column":9}},"22":{"start":{"line":92,"column":6},"end":{"line":92,"column":25}},"23":{"start":{"line":93,"column":6},"end":{"line":99,"column":9}},"24":{"start":{"line":101,"column":4},"end":{"line":101,"column":24}},"25":{"start":{"line":104,"column":28},"end":{"line":107,"column":3}},"26":{"start":{"line":105,"column":4},"end":{"line":105,"column":25}},"27":{"start":{"line":106,"column":4},"end":{"line":106,"column":23}},"28":{"start":{"line":109,"column":28},"end":{"line":115,"column":3}},"29":{"start":{"line":110,"column":28},"end":{"line":110,"column":36}},"30":{"start":{"line":111,"column":4},"end":{"line":114,"column":8}},"31":{"start":{"line":111,"column":25},"end":{"line":114,"column":5}},"32":{"start":{"line":117,"column":29},"end":{"line":137,"column":3}},"33":{"start":{"line":118,"column":4},"end":{"line":121,"column":5}},"34":{"start":{"line":119,"column":6},"end":{"line":119,"column":78}},"35":{"start":{"line":120,"column":6},"end":{"line":120,"column":13}},"36":{"start":{"line":123,"column":4},"end":{"line":136,"column":5}},"37":{"start":{"line":124,"column":6},"end":{"line":130,"column":7}},"38":{"start":{"line":125,"column":8},"end":{"line":125,"column":65}},"39":{"start":{"line":126,"column":8},"end":{"line":126,"column":59}},"40":{"start":{"line":128,"column":8},"end":{"line":128,"column":53}},"41":{"start":{"line":129,"column":8},"end":{"line":129,"column":59}},"42":{"start":{"line":131,"column":6},"end":{"line":131,"column":26}},"43":{"start":{"line":132,"column":6},"end":{"line":132,"column":23}},"44":{"start":{"line":134,"column":6},"end":{"line":134,"column":73}},"45":{"start":{"line":135,"column":6},"end":{"line":135,"column":51}},"46":{"start":{"line":139,"column":31},"end":{"line":150,"column":3}},"47":{"start":{"line":140,"column":4},"end":{"line":149,"column":5}},"48":{"start":{"line":141,"column":6},"end":{"line":148,"column":7}},"49":{"start":{"line":142,"column":8},"end":{"line":142,"column":51}},"50":{"start":{"line":143,"column":8},"end":{"line":143,"column":59}},"51":{"start":{"line":144,"column":8},"end":{"line":144,"column":25}},"52":{"start":{"line":146,"column":8},"end":{"line":146,"column":77}},"53":{"start":{"line":147,"column":8},"end":{"line":147,"column":55}},"54":{"start":{"line":152,"column":2},"end":{"line":158,"column":3}},"55":{"start":{"line":153,"column":4},"end":{"line":157,"column":6}},"56":{"start":{"line":160,"column":2},"end":{"line":300,"column":4}},"57":{"start":{"line":172,"column":27},"end":{"line":172,"column":45}},"58":{"start":{"line":197,"column":18},"end":{"line":222,"column":29}},"59":{"start":{"line":208,"column":39},"end":{"line":208,"column":65}},"60":{"start":{"line":217,"column":39},"end":{"line":217,"column":72}}},"fnMap":{"0":{"name":"CampaignsPage","decl":{"start":{"line":48,"column":9},"end":{"line":48,"column":22}},"loc":{"start":{"line":48,"column":25},"end":{"line":301,"column":1}},"line":48},"1":{"name":"(anonymous_1)","decl":{"start":{"line":63,"column":12},"end":{"line":63,"column":13}},"loc":{"start":{"line":63,"column":18},"end":{"line":65,"column":3}},"line":63},"2":{"name":"(anonymous_2)","decl":{"start":{"line":67,"column":25},"end":{"line":67,"column":26}},"loc":{"start":{"line":67,"column":37},"end":{"line":79,"column":3}},"line":67},"3":{"name":"(anonymous_3)","decl":{"start":{"line":81,"column":27},"end":{"line":81,"column":28}},"loc":{"start":{"line":81,"column":52},"end":{"line":102,"column":3}},"line":81},"4":{"name":"(anonymous_4)","decl":{"start":{"line":104,"column":28},"end":{"line":104,"column":29}},"loc":{"start":{"line":104,"column":34},"end":{"line":107,"column":3}},"line":104},"5":{"name":"(anonymous_5)","decl":{"start":{"line":109,"column":28},"end":{"line":109,"column":29}},"loc":{"start":{"line":109,"column":94},"end":{"line":115,"column":3}},"line":109},"6":{"name":"(anonymous_6)","decl":{"start":{"line":111,"column":16},"end":{"line":111,"column":17}},"loc":{"start":{"line":111,"column":25},"end":{"line":114,"column":5}},"line":111},"7":{"name":"(anonymous_7)","decl":{"start":{"line":117,"column":29},"end":{"line":117,"column":30}},"loc":{"start":{"line":117,"column":41},"end":{"line":137,"column":3}},"line":117},"8":{"name":"(anonymous_8)","decl":{"start":{"line":139,"column":31},"end":{"line":139,"column":32}},"loc":{"start":{"line":139,"column":53},"end":{"line":150,"column":3}},"line":139},"9":{"name":"(anonymous_9)","decl":{"start":{"line":172,"column":21},"end":{"line":172,"column":22}},"loc":{"start":{"line":172,"column":27},"end":{"line":172,"column":45}},"line":172},"10":{"name":"(anonymous_10)","decl":{"start":{"line":196,"column":31},"end":{"line":196,"column":32}},"loc":{"start":{"line":197,"column":18},"end":{"line":222,"column":29}},"line":197},"11":{"name":"(anonymous_11)","decl":{"start":{"line":208,"column":33},"end":{"line":208,"column":34}},"loc":{"start":{"line":208,"column":39},"end":{"line":208,"column":65}},"line":208},"12":{"name":"(anonymous_12)","decl":{"start":{"line":217,"column":33},"end":{"line":217,"column":34}},"loc":{"start":{"line":217,"column":39},"end":{"line":217,"column":72}},"line":217}},"branchMap":{"0":{"loc":{"start":{"line":74,"column":15},"end":{"line":74,"column":73}},"type":"binary-expr","locations":[{"start":{"line":74,"column":15},"end":{"line":74,"column":42}},{"start":{"line":74,"column":46},"end":{"line":74,"column":73}}],"line":74},"1":{"loc":{"start":{"line":82,"column":4},"end":{"line":100,"column":5}},"type":"if","locations":[{"start":{"line":82,"column":4},"end":{"line":100,"column":5}},{"start":{"line":91,"column":11},"end":{"line":100,"column":5}}],"line":82},"2":{"loc":{"start":{"line":113,"column":14},"end":{"line":113,"column":64}},"type":"cond-expr","locations":[{"start":{"line":113,"column":34},"end":{"line":113,"column":56}},{"start":{"line":113,"column":59},"end":{"line":113,"column":64}}],"line":113},"3":{"loc":{"start":{"line":113,"column":34},"end":{"line":113,"column":56}},"type":"binary-expr","locations":[{"start":{"line":113,"column":34},"end":{"line":113,"column":51}},{"start":{"line":113,"column":55},"end":{"line":113,"column":56}}],"line":113},"4":{"loc":{"start":{"line":118,"column":4},"end":{"line":121,"column":5}},"type":"if","locations":[{"start":{"line":118,"column":4},"end":{"line":121,"column":5}},{"start":{},"end":{}}],"line":118},"5":{"loc":{"start":{"line":118,"column":8},"end":{"line":118,"column":73}},"type":"binary-expr","locations":[{"start":{"line":118,"column":8},"end":{"line":118,"column":29}},{"start":{"line":118,"column":33},"end":{"line":118,"column":52}},{"start":{"line":118,"column":56},"end":{"line":118,"column":73}}],"line":118},"6":{"loc":{"start":{"line":124,"column":6},"end":{"line":130,"column":7}},"type":"if","locations":[{"start":{"line":124,"column":6},"end":{"line":130,"column":7}},{"start":{"line":127,"column":13},"end":{"line":130,"column":7}}],"line":124},"7":{"loc":{"start":{"line":134,"column":15},"end":{"line":134,"column":71}},"type":"binary-expr","locations":[{"start":{"line":134,"column":15},"end":{"line":134,"column":42}},{"start":{"line":134,"column":46},"end":{"line":134,"column":71}}],"line":134},"8":{"loc":{"start":{"line":140,"column":4},"end":{"line":149,"column":5}},"type":"if","locations":[{"start":{"line":140,"column":4},"end":{"line":149,"column":5}},{"start":{},"end":{}}],"line":140},"9":{"loc":{"start":{"line":146,"column":17},"end":{"line":146,"column":75}},"type":"binary-expr","locations":[{"start":{"line":146,"column":17},"end":{"line":146,"column":44}},{"start":{"line":146,"column":48},"end":{"line":146,"column":75}}],"line":146},"10":{"loc":{"start":{"line":152,"column":2},"end":{"line":158,"column":3}},"type":"if","locations":[{"start":{"line":152,"column":2},"end":{"line":158,"column":3}},{"start":{},"end":{}}],"line":152},"11":{"loc":{"start":{"line":179,"column":9},"end":{"line":179,"column":72}},"type":"binary-expr","locations":[{"start":{"line":179,"column":9},"end":{"line":179,"column":14}},{"start":{"line":179,"column":18},"end":{"line":179,"column":72}}],"line":179},"12":{"loc":{"start":{"line":180,"column":9},"end":{"line":180,"column":92}},"type":"binary-expr","locations":[{"start":{"line":180,"column":9},"end":{"line":180,"column":23}},{"start":{"line":180,"column":27},"end":{"line":180,"column":92}}],"line":180},"13":{"loc":{"start":{"line":226,"column":13},"end":{"line":230,"column":13}},"type":"binary-expr","locations":[{"start":{"line":226,"column":13},"end":{"line":226,"column":35}},{"start":{"line":227,"column":14},"end":{"line":229,"column":27}}],"line":226},"14":{"loc":{"start":{"line":237,"column":22},"end":{"line":237,"column":73}},"type":"cond-expr","locations":[{"start":{"line":237,"column":34},"end":{"line":237,"column":49}},{"start":{"line":237,"column":52},"end":{"line":237,"column":73}}],"line":237},"15":{"loc":{"start":{"line":295,"column":13},"end":{"line":295,"column":44}},"type":"cond-expr","locations":[{"start":{"line":295,"column":25},"end":{"line":295,"column":33}},{"start":{"line":295,"column":36},"end":{"line":295,"column":44}}],"line":295}},"s":{"0":0,"1":0,"2":0,"3":0,"4":0,"5":0,"6":0,"7":0,"8":0,"9":0,"10":0,"11":0,"12":0,"13":0,"14":0,"15":0,"16":0,"17":0,"18":0,"19":0,"20":0,"21":0,"22":0,"23":0,"24":0,"25":0,"26":0,"27":0,"28":0,"29":0,"30":0,"31":0,"32":0,"33":0,"34":0,"35":0,"36":0,"37":0,"38":0,"39":0,"40":0,"41":0,"42":0,"43":0,"44":0,"45":0,"46":0,"47":0,"48":0,"49":0,"50":0,"51":0,"52":0,"53":0,"54":0,"55":0,"56":0,"57":0,"58":0,"59":0,"60":0},"f":{"0":0,"1":0,"2":0,"3":0,"4":0,"5":0,"6":0,"7":0,"8":0,"9":0,"10":0,"11":0,"12":0},"b":{"0":[0,0],"1":[0,0],"2":[0,0],"3":[0,0],"4":[0,0],"5":[0,0,0],"6":[0,0],"7":[0,0],"8":[0,0],"9":[0,0],"10":[0,0],"11":[0,0],"12":[0,0],"13":[0,0],"14":[0,0],"15":[0,0]}}
,"/Users/alal/Code/Git CRM Solution/crm-solution/CRM.Frontend/src/pages/ContactsPage.tsx": {"path":"/Users/alal/Code/Git CRM Solution/crm-solution/CRM.Frontend/src/pages/ContactsPage.tsx","statementMap":{"0":{"start":{"line":90,"column":22},"end":{"line":90,"column":84}},"1":{"start":{"line":91,"column":31},"end":{"line":91,"column":109}},"2":{"start":{"line":94,"column":34},"end":{"line":94,"column":57}},"3":{"start":{"line":95,"column":32},"end":{"line":95,"column":46}},"4":{"start":{"line":96,"column":28},"end":{"line":96,"column":57}},"5":{"start":{"line":97,"column":38},"end":{"line":97,"column":58}},"6":{"start":{"line":98,"column":38},"end":{"line":98,"column":53}},"7":{"start":{"line":99,"column":48},"end":{"line":99,"column":78}},"8":{"start":{"line":100,"column":52},"end":{"line":100,"column":67}},"9":{"start":{"line":101,"column":66},"end":{"line":101,"column":96}},"10":{"start":{"line":102,"column":34},"end":{"line":106,"column":4}},"11":{"start":{"line":107,"column":48},"end":{"line":111,"column":4}},"12":{"start":{"line":114,"column":2},"end":{"line":116,"column":19}},"13":{"start":{"line":115,"column":4},"end":{"line":115,"column":20}},"14":{"start":{"line":118,"column":24},"end":{"line":131,"column":3}},"15":{"start":{"line":119,"column":4},"end":{"line":130,"column":5}},"16":{"start":{"line":120,"column":6},"end":{"line":120,"column":23}},"17":{"start":{"line":121,"column":23},"end":{"line":121,"column":80}},"18":{"start":{"line":122,"column":23},"end":{"line":122,"column":52}},"19":{"start":{"line":123,"column":6},"end":{"line":123,"column":33}},"20":{"start":{"line":124,"column":6},"end":{"line":124,"column":21}},"21":{"start":{"line":126,"column":6},"end":{"line":126,"column":74}},"22":{"start":{"line":127,"column":6},"end":{"line":127,"column":53}},"23":{"start":{"line":129,"column":6},"end":{"line":129,"column":24}},"24":{"start":{"line":133,"column":27},"end":{"line":141,"column":3}},"25":{"start":{"line":134,"column":4},"end":{"line":138,"column":7}},"26":{"start":{"line":139,"column":4},"end":{"line":139,"column":29}},"27":{"start":{"line":140,"column":4},"end":{"line":140,"column":24}},"28":{"start":{"line":143,"column":28},"end":{"line":167,"column":3}},"29":{"start":{"line":144,"column":4},"end":{"line":164,"column":7}},"30":{"start":{"line":165,"column":4},"end":{"line":165,"column":32}},"31":{"start":{"line":166,"column":4},"end":{"line":166,"column":24}},"32":{"start":{"line":169,"column":30},"end":{"line":180,"column":3}},"33":{"start":{"line":170,"column":4},"end":{"line":179,"column":5}},"34":{"start":{"line":171,"column":6},"end":{"line":178,"column":7}},"35":{"start":{"line":172,"column":8},"end":{"line":172,"column":50}},"36":{"start":{"line":173,"column":8},"end":{"line":173,"column":57}},"37":{"start":{"line":173,"column":43},"end":{"line":173,"column":54}},"38":{"start":{"line":174,"column":8},"end":{"line":174,"column":23}},"39":{"start":{"line":176,"column":8},"end":{"line":176,"column":76}},"40":{"start":{"line":177,"column":8},"end":{"line":177,"column":54}},"41":{"start":{"line":182,"column":28},"end":{"line":204,"column":3}},"42":{"start":{"line":183,"column":4},"end":{"line":203,"column":5}},"43":{"start":{"line":184,"column":6},"end":{"line":187,"column":7}},"44":{"start":{"line":185,"column":8},"end":{"line":185,"column":58}},"45":{"start":{"line":186,"column":8},"end":{"line":186,"column":15}},"46":{"start":{"line":189,"column":6},"end":{"line":195,"column":7}},"47":{"start":{"line":191,"column":8},"end":{"line":191,"column":73}},"48":{"start":{"line":194,"column":8},"end":{"line":194,"column":52}},"49":{"start":{"line":197,"column":6},"end":{"line":197,"column":27}},"50":{"start":{"line":198,"column":6},"end":{"line":198,"column":28}},"51":{"start":{"line":199,"column":6},"end":{"line":199,"column":21}},"52":{"start":{"line":201,"column":6},"end":{"line":201,"column":72}},"53":{"start":{"line":202,"column":6},"end":{"line":202,"column":50}},"54":{"start":{"line":206,"column":31},"end":{"line":223,"column":3}},"55":{"start":{"line":207,"column":4},"end":{"line":222,"column":5}},"56":{"start":{"line":208,"column":6},"end":{"line":211,"column":7}},"57":{"start":{"line":209,"column":8},"end":{"line":209,"column":49}},"58":{"start":{"line":210,"column":8},"end":{"line":210,"column":15}},"59":{"start":{"line":213,"column":6},"end":{"line":213,"column":101}},"60":{"start":{"line":215,"column":6},"end":{"line":215,"column":34}},"61":{"start":{"line":216,"column":6},"end":{"line":216,"column":72}},"62":{"start":{"line":217,"column":6},"end":{"line":217,"column":28}},"63":{"start":{"line":218,"column":6},"end":{"line":218,"column":21}},"64":{"start":{"line":220,"column":6},"end":{"line":220,"column":81}},"65":{"start":{"line":221,"column":6},"end":{"line":221,"column":55}},"66":{"start":{"line":225,"column":34},"end":{"line":234,"column":3}},"67":{"start":{"line":226,"column":4},"end":{"line":233,"column":5}},"68":{"start":{"line":227,"column":6},"end":{"line":227,"column":65}},"69":{"start":{"line":228,"column":6},"end":{"line":228,"column":28}},"70":{"start":{"line":229,"column":6},"end":{"line":229,"column":21}},"71":{"start":{"line":231,"column":6},"end":{"line":231,"column":84}},"72":{"start":{"line":232,"column":6},"end":{"line":232,"column":57}},"73":{"start":{"line":236,"column":27},"end":{"line":242,"column":3}},"74":{"start":{"line":237,"column":28},"end":{"line":237,"column":36}},"75":{"start":{"line":238,"column":4},"end":{"line":241,"column":8}},"76":{"start":{"line":238,"column":27},"end":{"line":241,"column":5}},"77":{"start":{"line":244,"column":30},"end":{"line":254,"column":3}},"78":{"start":{"line":245,"column":104},"end":{"line":252,"column":5}},"79":{"start":{"line":253,"column":4},"end":{"line":253,"column":37}},"80":{"start":{"line":256,"column":27},"end":{"line":258,"column":14}},"81":{"start":{"line":260,"column":2},"end":{"line":632,"column":4}},"82":{"start":{"line":288,"column":31},"end":{"line":288,"column":60}},"83":{"start":{"line":294,"column":16},"end":{"line":296,"column":27}},"84":{"start":{"line":324,"column":20},"end":{"line":392,"column":31}},"85":{"start":{"line":344,"column":30},"end":{"line":353,"column":32}},"86":{"start":{"line":350,"column":48},"end":{"line":350,"column":80}},"87":{"start":{"line":351,"column":47},"end":{"line":351,"column":78}},"88":{"start":{"line":365,"column":43},"end":{"line":365,"column":69}},"89":{"start":{"line":374,"column":30},"end":{"line":374,"column":67}},"90":{"start":{"line":375,"column":30},"end":{"line":375,"column":57}},"91":{"start":{"line":385,"column":43},"end":{"line":385,"column":74}},"92":{"start":{"line":407,"column":47},"end":{"line":407,"column":67}},"93":{"start":{"line":422,"column":16},"end":{"line":424,"column":27}},"94":{"start":{"line":582,"column":33},"end":{"line":582,"column":53}},"95":{"start":{"line":590,"column":54},"end":{"line":590,"column":81}},"96":{"start":{"line":598,"column":31},"end":{"line":598,"column":99}},"97":{"start":{"line":602,"column":16},"end":{"line":604,"column":27}},"98":{"start":{"line":611,"column":31},"end":{"line":611,"column":94}},"99":{"start":{"line":619,"column":31},"end":{"line":619,"column":97}},"100":{"start":{"line":625,"column":33},"end":{"line":625,"column":60}}},"fnMap":{"0":{"name":"ContactsPage","decl":{"start":{"line":93,"column":9},"end":{"line":93,"column":21}},"loc":{"start":{"line":93,"column":24},"end":{"line":633,"column":1}},"line":93},"1":{"name":"(anonymous_1)","decl":{"start":{"line":114,"column":12},"end":{"line":114,"column":13}},"loc":{"start":{"line":114,"column":18},"end":{"line":116,"column":3}},"line":114},"2":{"name":"(anonymous_2)","decl":{"start":{"line":118,"column":24},"end":{"line":118,"column":25}},"loc":{"start":{"line":118,"column":36},"end":{"line":131,"column":3}},"line":118},"3":{"name":"(anonymous_3)","decl":{"start":{"line":133,"column":27},"end":{"line":133,"column":28}},"loc":{"start":{"line":133,"column":33},"end":{"line":141,"column":3}},"line":133},"4":{"name":"(anonymous_4)","decl":{"start":{"line":143,"column":28},"end":{"line":143,"column":29}},"loc":{"start":{"line":143,"column":50},"end":{"line":167,"column":3}},"line":143},"5":{"name":"(anonymous_5)","decl":{"start":{"line":169,"column":30},"end":{"line":169,"column":31}},"loc":{"start":{"line":169,"column":52},"end":{"line":180,"column":3}},"line":169},"6":{"name":"(anonymous_6)","decl":{"start":{"line":173,"column":36},"end":{"line":173,"column":37}},"loc":{"start":{"line":173,"column":43},"end":{"line":173,"column":54}},"line":173},"7":{"name":"(anonymous_7)","decl":{"start":{"line":182,"column":28},"end":{"line":182,"column":29}},"loc":{"start":{"line":182,"column":40},"end":{"line":204,"column":3}},"line":182},"8":{"name":"(anonymous_8)","decl":{"start":{"line":206,"column":31},"end":{"line":206,"column":32}},"loc":{"start":{"line":206,"column":43},"end":{"line":223,"column":3}},"line":206},"9":{"name":"(anonymous_9)","decl":{"start":{"line":225,"column":34},"end":{"line":225,"column":35}},"loc":{"start":{"line":225,"column":60},"end":{"line":234,"column":3}},"line":225},"10":{"name":"(anonymous_10)","decl":{"start":{"line":236,"column":27},"end":{"line":236,"column":28}},"loc":{"start":{"line":236,"column":39},"end":{"line":242,"column":3}},"line":236},"11":{"name":"(anonymous_11)","decl":{"start":{"line":238,"column":16},"end":{"line":238,"column":17}},"loc":{"start":{"line":238,"column":27},"end":{"line":241,"column":5}},"line":238},"12":{"name":"(anonymous_12)","decl":{"start":{"line":244,"column":30},"end":{"line":244,"column":31}},"loc":{"start":{"line":244,"column":48},"end":{"line":254,"column":3}},"line":244},"13":{"name":"(anonymous_13)","decl":{"start":{"line":288,"column":24},"end":{"line":288,"column":25}},"loc":{"start":{"line":288,"column":31},"end":{"line":288,"column":60}},"line":288},"14":{"name":"(anonymous_14)","decl":{"start":{"line":293,"column":33},"end":{"line":293,"column":34}},"loc":{"start":{"line":294,"column":16},"end":{"line":296,"column":27}},"line":294},"15":{"name":"(anonymous_15)","decl":{"start":{"line":323,"column":40},"end":{"line":323,"column":41}},"loc":{"start":{"line":324,"column":20},"end":{"line":392,"column":31}},"line":324},"16":{"name":"(anonymous_16)","decl":{"start":{"line":343,"column":58},"end":{"line":343,"column":59}},"loc":{"start":{"line":344,"column":30},"end":{"line":353,"column":32}},"line":344},"17":{"name":"(anonymous_17)","decl":{"start":{"line":350,"column":42},"end":{"line":350,"column":43}},"loc":{"start":{"line":350,"column":48},"end":{"line":350,"column":80}},"line":350},"18":{"name":"(anonymous_18)","decl":{"start":{"line":351,"column":41},"end":{"line":351,"column":42}},"loc":{"start":{"line":351,"column":47},"end":{"line":351,"column":78}},"line":351},"19":{"name":"(anonymous_19)","decl":{"start":{"line":365,"column":37},"end":{"line":365,"column":38}},"loc":{"start":{"line":365,"column":43},"end":{"line":365,"column":69}},"line":365},"20":{"name":"(anonymous_20)","decl":{"start":{"line":373,"column":37},"end":{"line":373,"column":38}},"loc":{"start":{"line":373,"column":43},"end":{"line":376,"column":29}},"line":373},"21":{"name":"(anonymous_21)","decl":{"start":{"line":385,"column":37},"end":{"line":385,"column":38}},"loc":{"start":{"line":385,"column":43},"end":{"line":385,"column":74}},"line":385},"22":{"name":"(anonymous_22)","decl":{"start":{"line":407,"column":41},"end":{"line":407,"column":42}},"loc":{"start":{"line":407,"column":47},"end":{"line":407,"column":67}},"line":407},"23":{"name":"(anonymous_23)","decl":{"start":{"line":421,"column":33},"end":{"line":421,"column":34}},"loc":{"start":{"line":422,"column":16},"end":{"line":424,"column":27}},"line":422},"24":{"name":"(anonymous_24)","decl":{"start":{"line":582,"column":27},"end":{"line":582,"column":28}},"loc":{"start":{"line":582,"column":33},"end":{"line":582,"column":53}},"line":582},"25":{"name":"(anonymous_25)","decl":{"start":{"line":590,"column":48},"end":{"line":590,"column":49}},"loc":{"start":{"line":590,"column":54},"end":{"line":590,"column":81}},"line":590},"26":{"name":"(anonymous_26)","decl":{"start":{"line":598,"column":24},"end":{"line":598,"column":25}},"loc":{"start":{"line":598,"column":31},"end":{"line":598,"column":99}},"line":598},"27":{"name":"(anonymous_27)","decl":{"start":{"line":601,"column":42},"end":{"line":601,"column":43}},"loc":{"start":{"line":602,"column":16},"end":{"line":604,"column":27}},"line":602},"28":{"name":"(anonymous_28)","decl":{"start":{"line":611,"column":24},"end":{"line":611,"column":25}},"loc":{"start":{"line":611,"column":31},"end":{"line":611,"column":94}},"line":611},"29":{"name":"(anonymous_29)","decl":{"start":{"line":619,"column":24},"end":{"line":619,"column":25}},"loc":{"start":{"line":619,"column":31},"end":{"line":619,"column":97}},"line":619},"30":{"name":"(anonymous_30)","decl":{"start":{"line":625,"column":27},"end":{"line":625,"column":28}},"loc":{"start":{"line":625,"column":33},"end":{"line":625,"column":60}},"line":625}},"branchMap":{"0":{"loc":{"start":{"line":121,"column":23},"end":{"line":121,"column":80}},"type":"cond-expr","locations":[{"start":{"line":121,"column":36},"end":{"line":121,"column":66}},{"start":{"line":121,"column":69},"end":{"line":121,"column":80}}],"line":121},"1":{"loc":{"start":{"line":126,"column":15},"end":{"line":126,"column":72}},"type":"binary-expr","locations":[{"start":{"line":126,"column":15},"end":{"line":126,"column":42}},{"start":{"line":126,"column":46},"end":{"line":126,"column":72}}],"line":126},"2":{"loc":{"start":{"line":170,"column":4},"end":{"line":179,"column":5}},"type":"if","locations":[{"start":{"line":170,"column":4},"end":{"line":179,"column":5}},{"start":{},"end":{}}],"line":170},"3":{"loc":{"start":{"line":176,"column":17},"end":{"line":176,"column":74}},"type":"binary-expr","locations":[{"start":{"line":176,"column":17},"end":{"line":176,"column":44}},{"start":{"line":176,"column":48},"end":{"line":176,"column":74}}],"line":176},"4":{"loc":{"start":{"line":184,"column":6},"end":{"line":187,"column":7}},"type":"if","locations":[{"start":{"line":184,"column":6},"end":{"line":187,"column":7}},{"start":{},"end":{}}],"line":184},"5":{"loc":{"start":{"line":184,"column":10},"end":{"line":184,"column":51}},"type":"binary-expr","locations":[{"start":{"line":184,"column":10},"end":{"line":184,"column":29}},{"start":{"line":184,"column":33},"end":{"line":184,"column":51}}],"line":184},"6":{"loc":{"start":{"line":189,"column":6},"end":{"line":195,"column":7}},"type":"if","locations":[{"start":{"line":189,"column":6},"end":{"line":195,"column":7}},{"start":{"line":192,"column":13},"end":{"line":195,"column":7}}],"line":189},"7":{"loc":{"start":{"line":201,"column":15},"end":{"line":201,"column":70}},"type":"binary-expr","locations":[{"start":{"line":201,"column":15},"end":{"line":201,"column":42}},{"start":{"line":201,"column":46},"end":{"line":201,"column":70}}],"line":201},"8":{"loc":{"start":{"line":208,"column":6},"end":{"line":211,"column":7}},"type":"if","locations":[{"start":{"line":208,"column":6},"end":{"line":211,"column":7}},{"start":{},"end":{}}],"line":208},"9":{"loc":{"start":{"line":208,"column":10},"end":{"line":208,"column":59}},"ty
[...]
ne":127,"column":48}},"type":"binary-expr","locations":[{"start":{"line":127,"column":10},"end":{"line":127,"column":24}},{"start":{"line":127,"column":28},"end":{"line":127,"column":48}}],"line":127},"6":{"loc":{"start":{"line":132,"column":6},"end":{"line":138,"column":7}},"type":"if","locations":[{"start":{"line":132,"column":6},"end":{"line":138,"column":7}},{"start":{"line":135,"column":13},"end":{"line":138,"column":7}}],"line":132},"7":{"loc":{"start":{"line":143,"column":15},"end":{"line":143,"column":69}},"type":"binary-expr","locations":[{"start":{"line":143,"column":15},"end":{"line":143,"column":42}},{"start":{"line":143,"column":46},"end":{"line":143,"column":69}}],"line":143},"8":{"loc":{"start":{"line":149,"column":4},"end":{"line":151,"column":5}},"type":"if","locations":[{"start":{"line":149,"column":4},"end":{"line":151,"column":5}},{"start":{},"end":{}}],"line":149},"9":{"loc":{"start":{"line":157,"column":15},"end":{"line":157,"column":71}},"type":"binary-expr","locations":[{"start":{"line":157,"column":15},"end":{"line":157,"column":42}},{"start":{"line":157,"column":46},"end":{"line":157,"column":71}}],"line":157},"10":{"loc":{"start":{"line":186,"column":7},"end":{"line":186,"column":70}},"type":"binary-expr","locations":[{"start":{"line":186,"column":7},"end":{"line":186,"column":12}},{"start":{"line":186,"column":16},"end":{"line":186,"column":70}}],"line":186},"11":{"loc":{"start":{"line":197,"column":9},"end":{"line":268,"column":9}},"type":"cond-expr","locations":[{"start":{"line":198,"column":10},"end":{"line":200,"column":16}},{"start":{"line":202,"column":10},"end":{"line":267,"column":17}}],"line":197},"12":{"loc":{"start":{"line":232,"column":33},"end":{"line":232,"column":74}},"type":"cond-expr","locations":[{"start":{"line":232,"column":53},"end":{"line":232,"column":61}},{"start":{"line":232,"column":64},"end":{"line":232,"column":74}}],"line":232},"13":{"loc":{"start":{"line":235,"column":45},"end":{"line":235,"column":86}},"type":"cond-expr","locations":[{"start":{"line":235,"column":65},"end":{"line":235,"column":74}},{"start":{"line":235,"column":77},"end":{"line":235,"column":86}}],"line":235},"14":{"loc":{"start":{"line":236,"column":35},"end":{"line":236,"column":76}},"type":"cond-expr","locations":[{"start":{"line":236,"column":55},"end":{"line":236,"column":64}},{"start":{"line":236,"column":67},"end":{"line":236,"column":76}}],"line":236},"15":{"loc":{"start":{"line":261,"column":15},"end":{"line":265,"column":15}},"type":"binary-expr","locations":[{"start":{"line":261,"column":15},"end":{"line":261,"column":37}},{"start":{"line":261,"column":41},"end":{"line":261,"column":49}},{"start":{"line":262,"column":16},"end":{"line":264,"column":29}}],"line":261},"16":{"loc":{"start":{"line":309,"column":11},"end":{"line":309,"column":65}},"type":"cond-expr","locations":[{"start":{"line":309,"column":30},"end":{"line":309,"column":45}},{"start":{"line":309,"column":48},"end":{"line":309,"column":65}}],"line":309},"17":{"loc":{"start":{"line":364,"column":13},"end":{"line":364,"column":51}},"type":"cond-expr","locations":[{"start":{"line":364,"column":32},"end":{"line":364,"column":40}},{"start":{"line":364,"column":43},"end":{"line":364,"column":51}}],"line":364}},"s":{"0":0,"1":0,"2":0,"3":0,"4":0,"5":0,"6":0,"7":0,"8":0,"9":0,"10":0,"11":0,"12":0,"13":0,"14":0,"15":0,"16":0,"17":0,"18":0,"19":0,"20":0,"21":0,"22":0,"23":0,"24":0,"25":0,"26":0,"27":0,"28":0,"29":0,"30":0,"31":0,"32":0,"33":0,"34":0,"35":0,"36":0,"37":0,"38":0,"39":0,"40":0,"41":0,"42":0,"43":0,"44":0,"45":0,"46":0,"47":0,"48":0,"49":0,"50":0,"51":0,"52":0,"53":0,"54":0,"55":0,"56":0,"57":0,"58":0,"59":0,"60":0},"f":{"0":0,"1":0,"2":0,"3":0,"4":0,"5":0,"6":0,"7":0,"8":0,"9":0,"10":0,"11":0,"12":0,"13":0,"14":0,"15":0,"16":0},"b":{"0":[0,0],"1":[0,0],"2":[0,0],"3":[0,0],"4":[0,0],"5":[0,0],"6":[0,0],"7":[0,0],"8":[0,0],"9":[0,0],"10":[0,0],"11":[0,0],"12":[0,0],"13":[0,0],"14":[0,0],"15":[0,0,0],"16":[0,0],"17":[0,0]}}
,"/Users/alal/Code/Git CRM Solution/crm-solution/CRM.Frontend/src/services/apiClient.ts": {"path":"/Users/alal/Code/Git CRM Solution/crm-solution/CRM.Frontend/src/services/apiClient.ts","statementMap":{"0":{"start":{"line":8,"column":25},"end":{"line":13,"column":1}},"1":{"start":{"line":9,"column":16},"end":{"line":9,"column":33}},"2":{"start":{"line":10,"column":23},"end":{"line":10,"column":38}},"3":{"start":{"line":11,"column":2},"end":{"line":11,"column":34}},"4":{"start":{"line":12,"column":2},"end":{"line":12,"column":57}},"5":{"start":{"line":16,"column":0},"end":{"line":18,"column":1}},"6":{"start":{"line":17,"column":2},"end":{"line":17,"column":21}},"7":{"start":{"line":20,"column":33},"end":{"line":26,"column":2}},"8":{"start":{"line":29,"column":0},"end":{"line":32,"column":1}},"9":{"start":{"line":30,"column":2},"end":{"line":30,"column":21}},"10":{"start":{"line":31,"column":2},"end":{"line":31,"column":39}},"11":{"start":{"line":35,"column":0},"end":{"line":49,"column":3}},"12":{"start":{"line":36,"column":16},"end":{"line":36,"column":51}},"13":{"start":{"line":37,"column":2},"end":{"line":39,"column":3}},"14":{"start":{"line":38,"column":4},"end":{"line":38,"column":53}},"15":{"start":{"line":41,"column":2},"end":{"line":46,"column":5}},"16":{"start":{"line":48,"column":2},"end":{"line":48,"column":16}},"17":{"start":{"line":52,"column":0},"end":{"line":86,"column":2}},"18":{"start":{"line":54,"column":4},"end":{"line":58,"column":7}},"19":{"start":{"line":59,"column":4},"end":{"line":59,"column":20}},"20":{"start":{"line":62,"column":4},"end":{"line":82,"column":5}},"21":{"start":{"line":63,"column":6},"end":{"line":67,"column":9}},"22":{"start":{"line":69,"column":6},"end":{"line":74,"column":7}},"23":{"start":{"line":70,"column":8},"end":{"line":70,"column":51}},"24":{"start":{"line":71,"column":8},"end":{"line":71,"column":47}},"25":{"start":{"line":72,"column":8},"end":{"line":72,"column":48}},"26":{"start":{"line":73,"column":8},"end":{"line":73,"column":40}},"27":{"start":{"line":75,"column":11},"end":{"line":82,"column":5}},"28":{"start":{"line":76,"column":6},"end":{"line":79,"column":9}},"29":{"start":{"line":81,"column":6},"end":{"line":81,"column":46}},"30":{"start":{"line":84,"column":4},"end":{"line":84,"column":33}}},"fnMap":{"0":{"name":"(anonymous_0)","decl":{"start":{"line":8,"column":25},"end":{"line":8,"column":26}},"loc":{"start":{"line":8,"column":31},"end":{"line":13,"column":1}},"line":8},"1":{"name":"(anonymous_1)","decl":{"start":{"line":35,"column":35},"end":{"line":35,"column":36}},"loc":{"start":{"line":35,"column":47},"end":{"line":49,"column":1}},"line":35},"2":{"name":"(anonymous_2)","decl":{"start":{"line":53,"column":2},"end":{"line":53,"column":3}},"loc":{"start":{"line":53,"column":16},"end":{"line":60,"column":3}},"line":53},"3":{"name":"(anonymous_3)","decl":{"start":{"line":61,"column":2},"end":{"line":61,"column":3}},"loc":{"start":{"line":61,"column":13},"end":{"line":85,"column":3}},"line":61}},"branchMap":{"0":{"loc":{"start":{"line":16,"column":0},"end":{"line":18,"column":1}},"type":"if","locations":[{"start":{"line":16,"column":0},"end":{"line":18,"column":1}},{"start":{},"end":{}}],"line":16},"1":{"loc":{"start":{"line":21,"column":11},"end":{"line":21,"column":49}},"type":"binary-expr","locations":[{"start":{"line":21,"column":11},"end":{"line":21,"column":18}},{"start":{"line":21,"column":22},"end":{"line":21,"column":49}}],"line":21},"2":{"loc":{"start":{"line":29,"column":0},"end":{"line":32,"column":1}},"type":"if","locations":[{"start":{"line":29,"column":0},"end":{"line":32,"column":1}},{"start":{},"end":{}}],"line":29},"3":{"loc":{"start":{"line":29,"column":4},"end":{"line":29,"column":45}},"type":"binary-expr","locations":[{"start":{"line":29,"column":4},"end":{"line":29,"column":12}},{"start":{"line":29,"column":16},"end":{"line":29,"column":45}}],"line":29},"4":{"loc":{"start":{"line":37,"column":2},"end":{"line":39,"column":3}},"type":"if","locations":[{"start":{"line":37,"column":2},"end":{"line":39,"column":3}},{"start":{},"end":{}}],"line":37},"5":{"loc":{"start":{"line":57,"column":16},"end":{"line":57,"column":82}},"type":"cond-expr","locations":[{"start":{"line":57,"column":32},"end":{"line":57,"column":70}},{"start":{"line":57,"column":73},"end":{"line":57,"column":82}}],"line":57},"6":{"loc":{"start":{"line":62,"column":4},"end":{"line":82,"column":5}},"type":"if","locations":[{"start":{"line":62,"column":4},"end":{"line":82,"column":5}},{"start":{"line":75,"column":11},"end":{"line":82,"column":5}}],"line":62},"7":{"loc":{"start":{"line":69,"column":6},"end":{"line":74,"column":7}},"type":"if","locations":[{"start":{"line":69,"column":6},"end":{"line":74,"column":7}},{"start":{},"end":{}}],"line":69},"8":{"loc":{"start":{"line":75,"column":11},"end":{"line":82,"column":5}},"type":"if","locations":[{"start":{"line":75,"column":11},"end":{"line":82,"column":5}},{"start":{"line":80,"column":11},"end":{"line":82,"column":5}}],"line":75}},"s":{"0":0,"1":0,"2":0,"3":0,"4":0,"5":0,"6":0,"7":0,"8":0,"9":0,"10":0,"11":0,"12":0,"13":0,"14":0,"15":0,"16":0,"17":0,"18":0,"19":0,"20":0,"21":0,"22":0,"23":0,"24":0,"25":0,"26":0,"27":0,"28":0,"29":0,"30":0},"f":{"0":0,"1":0,"2":0,"3":0},"b":{"0":[0,0],"1":[0,0],"2":[0,0],"3":[0,0],"4":[0,0],"5":[0,0],"6":[0,0],"7":[0,0],"8":[0,0]}}
,"/Users/alal/Code/Git CRM Solution/crm-solution/CRM.Frontend/src/services/apiService.ts": {"path":"/Users/alal/Code/Git CRM Solution/crm-solution/CRM.Frontend/src/services/apiService.ts","statementMap":{"0":{"start":{"line":13,"column":31},"end":{"line":20,"column":1}},"1":{"start":{"line":14,"column":16},"end":{"line":14,"column":55}},"2":{"start":{"line":15,"column":27},"end":{"line":15,"column":70}},"3":{"start":{"line":16,"column":28},"end":{"line":16,"column":82}},"4":{"start":{"line":17,"column":30},"end":{"line":17,"column":74}},"5":{"start":{"line":18,"column":42},"end":{"line":18,"column":81}},"6":{"start":{"line":19,"column":26},"end":{"line":19,"column":62}},"7":{"start":{"line":32,"column":34},"end":{"line":41,"column":1}},"8":{"start":{"line":33,"column":16},"end":{"line":33,"column":62}},"9":{"start":{"line":34,"column":27},"end":{"line":34,"column":77}},"10":{"start":{"line":36,"column":4},"end":{"line":36,"column":73}},"11":{"start":{"line":37,"column":26},"end":{"line":37,"column":72}},"12":{"start":{"line":38,"column":33},"end":{"line":38,"column":84}},"13":{"start":{"line":39,"column":45},"end":{"line":39,"column":88}},"14":{"start":{"line":40,"column":26},"end":{"line":40,"column":66}},"15":{"start":{"line":53,"column":30},"end":{"line":61,"column":1}},"16":{"start":{"line":54,"column":16},"end":{"line":54,"column":53}},"17":{"start":{"line":55,"column":27},"end":{"line":55,"column":68}},"18":{"start":{"line":57,"column":4},"end":{"line":57,"column":62}},"19":{"start":{"line":58,"column":29},"end":{"line":58,"column":71}},"20":{"start":{"line":59,"column":41},"end":{"line":59,"column":79}},"21":{"start":{"line":60,"column":26},"end":{"line":60,"column":61}},"22":{"start":{"line":73,"column":31},"end":{"line":83,"column":1}},"23":{"start":{"line":74,"column":16},"end":{"line":74,"column":64}},"24":{"start":{"line":75,"column":19},"end":{"line":75,"column":74}},"25":{"start":{"line":76,"column":27},"end":{"line":76,"column":79}},"26":{"start":{"line":77,"column":39},"end":{"line":77,"column":92}},"27":{"start":{"line":79,"column":4},"end":{"line":79,"column":43}},"28":{"start":{"line":80,"column":26},"end":{"line":80,"column":62}},"29":{"start":{"line":82,"column":4},"end":{"line":82,"column":54}}},"fnMap":{"0":{"name":"(anonymous_0)","decl":{"start":{"line":14,"column":10},"end":{"line":14,"column":11}},"loc":{"start":{"line":14,"column":16},"end":{"line":14,"column":55}},"line":14},"1":{"name":"(anonymous_1)","decl":{"start":{"line":15,"column":11},"end":{"line":15,"column":12}},"loc":{"start":{"line":15,"column":27},"end":{"line":15,"column":70}},"line":15},"2":{"name":"(anonymous_2)","decl":{"start":{"line":16,"column":10},"end":{"line":16,"column":11}},"loc":{"start":{"line":16,"column":28},"end":{"line":16,"column":82}},"line":16},"3":{"name":"(anonymous_3)","decl":{"start":{"line":17,"column":10},"end":{"line":17,"column":11}},"loc":{"start":{"line":17,"column":30},"end":{"line":17,"column":74}},"line":17},"4":{"name":"(anonymous_4)","decl":{"start":{"line":18,"column":10},"end":{"line":18,"column":11}},"loc":{"start":{"line":18,"column":42},"end":{"line":18,"column":81}},"line":18},"5":{"name":"(anonymous_5)","decl":{"start":{"line":19,"column":10},"end":{"line":19,"column":11}},"loc":{"start":{"line":19,"column":26},"end":{"line":19,"column":62}},"line":19},"6":{"name":"(anonymous_6)","decl":{"start":{"line":33,"column":10},"end":{"line":33,"column":11}},"loc":{"start":{"line":33,"column":16},"end":{"line":33,"column":62}},"line":33},"7":{"name":"(anonymous_7)","decl":{"start":{"line":34,"column":11},"end":{"line":34,"column":12}},"loc":{"start":{"line":34,"column":27},"end":{"line":34,"column":77}},"line":34},"8":{"name":"(anonymous_8)","decl":{"start":{"line":35,"column":17},"end":{"line":35,"column":18}},"loc":{"start":{"line":36,"column":4},"end":{"line":36,"column":73}},"line":36},"9":{"name":"(anonymous_9)","decl":{"start":{"line":37,"column":20},"end":{"line":37,"column":21}},"loc":{"start":{"line":37,"column":26},"end":{"line":37,"column":72}},"line":37},"10":{"name":"(anonymous_10)","decl":{"start":{"line":38,"column":10},"end":{"line":38,"column":11}},"loc":{"start":{"line":38,"column":33},"end":{"line":38,"column":84}},"line":38},"11":{"name":"(anonymous_11)","decl":{"start":{"line":39,"column":10},"end":{"line":39,"column":11}},"loc":{"start":{"line":39,"column":45},"end":{"line":39,"column":88}},"line":39},"12":{"name":"(anonymous_12)","decl":{"start":{"line":40,"column":10},"end":{"line":40,"column":11}},"loc":{"start":{"line":40,"column":26},"end":{"line":40,"column":66}},"line":40},"13":{"name":"(anonymous_13)","decl":{"start":{"line":54,"column":10},"end":{"line":54,"column":11}},"loc":{"start":{"line":54,"column":16},"end":{"line":54,"column":53}},"line":54},"14":{"name":"(anonymous_14)","decl":{"start":{"line":55,"column":11},"end":{"line":55,"column":12}},"loc":{"start":{"line":55,"column":27},"end":{"line":55,"column":68}},"line":55},"15":{"name":"(anonymous_15)","decl":{"start":{"line":56,"column":17},"end":{"line":56,"column":18}},"loc":{"start":{"line":57,"column":4},"end":{"line":57,"column":62}},"line":57},"16":{"name":"(anonymous_16)","decl":{"start":{"line":58,"column":10},"end":{"line":58,"column":11}},"loc":{"start":{"line":58,"column":29},"end":{"line":58,"column":71}},"line":58},"17":{"name":"(anonymous_17)","decl":{"start":{"line":59,"column":10},"end":{"line":59,"column":11}},"loc":{"start":{"line":59,"column":41},"end":{"line":59,"column":79}},"line":59},"18":{"name":"(anonymous_18)","decl":{"start":{"line":60,"column":10},"end":{"line":60,"column":11}},"loc":{"start":{"line":60,"column":26},"end":{"line":60,"column":61}},"line":60},"19":{"name":"(anonymous_19)","decl":{"start":{"line":74,"column":10},"end":{"line":74,"column":11}},"loc":{"start":{"line":74,"column":16},"end":{"line":74,"column":64}},"line":74},"20":{"name":"(anonymous_20)","decl":{"start":{"line":75,"column":13},"end":{"line":75,"column":14}},"loc":{"start":{"line":75,"column":19},"end":{"line":75,"column":74}},"line":75},"21":{"name":"(anonymous_21)","decl":{"start":{"line":76,"column":11},"end":{"line":76,"column":12}},"loc":{"start":{"line":76,"column":27},"end":{"line":76,"column":79}},"line":76},"22":{"name":"(anonymous_22)","decl":{"start":{"line":77,"column":10},"end":{"line":77,"column":11}},"loc":{"start":{"line":77,"column":39},"end":{"line":77,"column":92}},"line":77},"23":{"name":"(anonymous_23)","decl":{"start":{"line":78,"column":10},"end":{"line":78,"column":11}},"loc":{"start":{"line":79,"column":4},"end":{"line":79,"column":43}},"line":79},"24":{"name":"(anonymous_24)","decl":{"start":{"line":80,"column":10},"end":{"line":80,"column":11}},"loc":{"start":{"line":80,"column":26},"end":{"line":80,"column":62}},"line":80},"25":{"name":"(anonymous_25)","decl":{"start":{"line":81,"column":13},"end":{"line":81,"column":14}},"loc":{"start":{"line":82,"column":4},"end":{"line":82,"column":54}},"line":82}},"branchMap":{},"s":{"0":0,"1":0,"2":0,"3":0,"4":0,"5":0,"6":0,"7":0,"8":0,"9":0,"10":0,"11":0,"12":0,"13":0,"14":0,"15":0,"16":0,"17":0,"18":0,"19":0,"20":0,"21":0,"22":0,"23":0,"24":0,"25":0,"26":0,"27":0,"28":0,"29":0},"f":{"0":0,"1":0,"2":0,"3":0,"4":0,"5":0,"6":0,"7":0,"8":0,"9":0,"10":0,"11":0,"12":0,"13":0,"14":0,"15":0,"16":0,"17":0,"18":0,"19":0,"20":0,"21":0,"22":0,"23":0,"24":0,"25":0},"b":{}}
,"/Users/alal/Code/Git CRM Solution/crm-solution/CRM.Frontend/src/theme/muiTheme.ts": {"path":"/Users/alal/Code/Git CRM Solution/crm-solution/CRM.Frontend/src/theme/muiTheme.ts","statementMap":{"0":{"start":{"line":4,"column":28},"end":{"line":49,"column":1}},"1":{"start":{"line":51,"column":24},"end":{"line":368,"column":2}}},"fnMap":{},"branchMap":{},"s":{"0":0,"1":0},"f":{},"b":{}}
,"/Users/alal/Code/Git CRM Solution/crm-solution/CRM.Frontend/src/utils/debug.ts": {"path":"/Users/alal/Code/Git CRM Solution/crm-solution/CRM.Frontend/src/utils/debug.ts","statementMap":{"0":{"start":{"line":2,"column":14},"end":{"line":2,"column":18}},"1":{"start":{"line":4,"column":24},"end":{"line":8,"column":1}},"2":{"start":{"line":5,"column":2},"end":{"line":7,"column":3}},"3":{"start":{"line":6,"column":4},"end":{"line":6,"column":52}},"4":{"start":{"line":10,"column":26},"end":{"line":14,"column":1}},"5":{"start":{"line":11,"column":2},"end":{"line":13,"column":3}},"6":{"start":{"line":12,"column":4},"end":{"line":12,"column":55}},"7":{"start":{"line":16,"column":25},"end":{"line":20,"column":1}},"8":{"start":{"line":17,"column":2},"end":{"line":19,"column":3}},"9":{"start":{"line":18,"column":4},"end":{"line":18,"column":52}}},"fnMap":{"0":{"name":"(anonymous_0)","decl":{"start":{"line":4,"column":24},"end":{"line":4,"column":25}},"loc":{"start":{"line":4,"column":55},"end":{"line":8,"column":1}},"line":4},"1":{"name":"(anonymous_1)","decl":{"start":{"line":10,"column":26},"end":{"line":10,"column":27}},"loc":{"start":{"line":10,"column":58},"end":{"line":14,"column":1}},"line":10},"2":{"name":"(anonymous_2)","decl":{"start":{"line":16,"column":25},"end":{"line":16,"column":26}},"loc":{"start":{"line":16,"column":56},"end":{"line":20,"column":1}},"line":16}},"branchMap":{"0":{"loc":{"start":{"line":5,"column":2},"end":{"line":7,"column":3}},"type":"if","locations":[{"start":{"line":5,"column":2},"end":{"line":7,"column":3}},{"start":{},"end":{}}],"line":5},"1":{"loc":{"start":{"line":6,"column":40},"end":{"line":6,"column":50}},"type":"binary-expr","locations":[{"start":{"line":6,"column":40},"end":{"line":6,"column":44}},{"start":{"line":6,"column":48},"end":{"line":6,"column":50}}],"line":6},"2":{"loc":{"start":{"line":11,"column":2},"end":{"line":13,"column":3}},"type":"if","locations":[{"start":{"line":11,"column":2},"end":{"line":13,"column":3}},{"start":{},"end":{}}],"line":11},"3":{"loc":{"start":{"line":12,"column":42},"end":{"line":12,"column":53}},"type":"binary-expr","locations":[{"start":{"line":12,"column":42},"end":{"line":12,"column":47}},{"start":{"line":12,"column":51},"end":{"line":12,"column":53}}],"line":12},"4":{"loc":{"start":{"line":17,"column":2},"end":{"line":19,"column":3}},"type":"if","locations":[{"start":{"line":17,"column":2},"end":{"line":19,"column":3}},{"start":{},"end":{}}],"line":17},"5":{"loc":{"start":{"line":18,"column":40},"end":{"line":18,"column":50}},"type":"binary-expr","locations":[{"start":{"line":18,"column":40},"end":{"line":18,"column":44}},{"start":{"line":18,"column":48},"end":{"line":18,"column":50}}],"line":18}},"s":{"0":0,"1":0,"2":0,"3":0,"4":0,"5":0,"6":0,"7":0,"8":0,"9":0},"f":{"0":0,"1":0,"2":0},"b":{"0":[0,0],"1":[0,0],"2":[0,0],"3":[0,0],"4":[0,0],"5":[0,0]}}
}
