TN:
SF:src/App.tsx
FN:51,(anonymous_0)
FN:72,(anonymous_1)
FN:73,(anonymous_2)
FN:74,(anonymous_3)
FN:75,(anonymous_4)
FN:80,(anonymous_5)
FN:81,(anonymous_6)
FN:82,(anonymous_7)
FN:83,(anonymous_8)
FN:84,(anonymous_9)
FN:89,(anonymous_10)
FN:90,(anonymous_11)
FN:91,(anonymous_12)
FN:92,(anonymous_13)
FN:97,(anonymous_14)
FN:98,(anonymous_15)
FN:99,(anonymous_16)
FN:100,(anonymous_17)
FN:101,(anonymous_18)
FN:102,(anonymous_19)
FN:103,(anonymous_20)
FN:104,(anonymous_21)
FN:105,(anonymous_22)
FN:106,(anonymous_23)
FN:107,(anonymous_24)
FN:108,(anonymous_25)
FN:109,(anonymous_26)
FN:110,(anonymous_27)
FN:111,(anonymous_28)
FN:112,(anonymous_29)
FN:113,(anonymous_30)
FN:114,(anonymous_31)
FN:115,(anonymous_32)
FN:116,(anonymous_33)
FN:117,(anonymous_34)
FN:118,(anonymous_35)
FN:119,(anonymous_36)
FN:120,(anonymous_37)
FN:121,(anonymous_38)
FN:122,(anonymous_39)
FN:123,(anonymous_40)
FN:124,(anonymous_41)
FN:125,(anonymous_42)
FN:126,(anonymous_43)
FN:127,(anonymous_44)
FN:132,(anonymous_45)
FN:133,(anonymous_46)
FN:134,(anonymous_47)
FN:135,(anonymous_48)
FN:140,(anonymous_49)
FN:141,(anonymous_50)
FN:142,(anonymous_51)
FN:147,(anonymous_52)
FN:148,(anonymous_53)
FN:149,(anonymous_54)
FN:150,(anonymous_55)
FN:155,(anonymous_56)
FN:156,(anonymous_57)
FN:157,(anonymous_58)
FN:158,(anonymous_59)
FN:159,(anonymous_60)
FN:160,(anonymous_61)
FN:165,(anonymous_62)
FN:166,(anonymous_63)
FN:167,(anonymous_64)
FN:168,(anonymous_65)
FN:173,(anonymous_66)
FN:174,(anonymous_67)
FN:175,(anonymous_68)
FN:176,(anonymous_69)
FN:177,(anonymous_70)
FN:178,(anonymous_71)
FN:179,(anonymous_72)
FN:180,(anonymous_73)
FN:181,(anonymous_74)
FN:182,(anonymous_75)
FN:183,(anonymous_76)
FN:184,(anonymous_77)
FN:185,(anonymous_78)
FN:186,(anonymous_79)
FN:187,(anonymous_80)
FN:188,(anonymous_81)
FN:189,(anonymous_82)
FN:190,(anonymous_83)
FN:191,(anonymous_84)
FN:192,(anonymous_85)
FN:195,ThemedApp
FN:199,(anonymous_87)
FN:1214,App
FNF:89
FNH:0
FNDA:0,(anonymous_0)
FNDA:0,(anonymous_1)
FNDA:0,(anonymous_2)
FNDA:0,(anonymous_3)
FNDA:0,(anonymous_4)
FNDA:0,(anonymous_5)
FNDA:0,(anonymous_6)
FNDA:0,(anonymous_7)
FNDA:0,(anonymous_8)
FNDA:0,(anonymous_9)
FNDA:0,(anonymous_10)
FNDA:0,(anonymous_11)
FNDA:0,(anonymous_12)
FNDA:0,(anonymous_13)
FNDA:0,(anonymous_14)
FNDA:0,(anonymous_15)
FNDA:0,(anonymous_16)
FNDA:0,(anonymous_17)
FNDA:0,(anonymous_18)
FNDA:0,(anonymous_19)
FNDA:0,(anonymous_20)
FNDA:0,(anonymous_21)
FNDA:0,(anonymous_22)
FNDA:0,(anonymous_23)
FNDA:0,(anonymous_24)
FNDA:0,(anonymous_25)
FNDA:0,(anonymous_26)
FNDA:0,(anonymous_27)
FNDA:0,(anonymous_28)
FNDA:0,(anonymous_29)
FNDA:0,(anonymous_30)
FNDA:0,(anonymous_31)
FNDA:0,(anonymous_32)
FNDA:0,(anonymous_33)
FNDA:0,(anonymous_34)
FNDA:0,(anonymous_35)
FNDA:0,(anonymous_36)
FNDA:0,(anonymous_37)
FNDA:0,(anonymous_38)
FNDA:0,(anonymous_39)
FNDA:0,(anonymous_40)
FNDA:0,(anonymous_41)
FNDA:0,(anonymous_42)
FNDA:0,(anonymous_43)
FNDA:0,(anonymous_44)
FNDA:0,(anonymous_45)
FNDA:0,(anonymous_46)
FNDA:0,(anonymous_47)
FNDA:0,(anonymous_48)
FNDA:0,(anonymous_49)
FNDA:0,(anonymous_50)
FNDA:0,(anonymous_51)
FNDA:0,(anonymous_52)
FNDA:0,(anonymous_53)
FNDA:0,(anonymous_54)
FNDA:0,(anonymous_55)
FNDA:0,(anonymous_56)
FNDA:0,(anonymous_57)
FNDA:0,(anonymous_58)
FNDA:0,(anonymous_59)
FNDA:0,(anonymous_60)
FNDA:0,(anonymous_61)
FNDA:0,(anonymous_62)
FNDA:0,(anonymous_63)
FNDA:0,(anonymous_64)
FNDA:0,(anonymous_65)
FNDA:0,(anonymous_66)
FNDA:0,(anonymous_67)
FNDA:0,(anonymous_68)
FNDA:0,(anonymous_69)
FNDA:0,(anonymous_70)
FNDA:0,(anonymous_71)
FNDA:0,(anonymous_72)
FNDA:0,(anonymous_73)
FNDA:0,(anonymous_74)
FNDA:0,(anonymous_75)
FNDA:0,(anonymous_76)
FNDA:0,(anonymous_77)
FNDA:0,(anonymous_78)
FNDA:0,(anonymous_79)
FNDA:0,(anonymous_80)
FNDA:0,(anonymous_81)
FNDA:0,(anonymous_82)
FNDA:0,(anonymous_83)
FNDA:0,(anonymous_84)
FNDA:0,(anonymous_85)
FNDA:0,ThemedApp
FNDA:0,(anonymous_87)
FNDA:0,App
DA:51,0
DA:52,0
DA:72,0
DA:73,0
DA:74,0
DA:75,0
DA:80,0
DA:81,0
DA:82,0
DA:83,0
DA:84,0
DA:89,0
DA:90,0
DA:91,0
DA:92,0
DA:97,0
DA:98,0
DA:99,0
DA:100,0
DA:101,0
DA:102,0
DA:103,0
DA:104,0
DA:105,0
DA:106,0
DA:107,0
DA:108,0
DA:109,0
DA:110,0
DA:111,0
DA:112,0
DA:113,0
DA:114,0
DA:115,0
DA:116,0
DA:117,0
DA:118,0
DA:119,0
DA:120,0
DA:121,0
DA:122,0
DA:123,0
DA:124,0
DA:125,0
DA:126,0
DA:127,0
DA:132,0
DA:133,0
DA:134,0
DA:135,0
DA:140,0
DA:141,0
DA:142,0
DA:147,0
DA:148,0
DA:149,0
DA:150,0
DA:155,0
DA:156,0
DA:157,0
DA:158,0
DA:159,0
DA:160,0
DA:165,0
DA:166,0
DA:167,0
DA:168,0
DA:173,0
DA:174,0
DA:175,0
DA:176,0
DA:177,0
DA:178,0
DA:179,0
DA:180,0
DA:181,0
DA:182,0
DA:183,0
DA:184,0
DA:185,0
DA:186,0
DA:187,0
DA:188,0
DA:189,0
DA:190,0
DA:191,0
DA:192,0
DA:196,0
DA:199,0
DA:200,0
DA:210,0
DA:211,0
DA:214,0
DA:1215,0
LF:94
LH:0
BRF:0
BRH:0
end_of_record
TN:
SF:src/index.js
FNF:0
FNH:0
DA:24,0
DA:25,0
LF:2
LH:0
BRF:0
BRH:0
end_of_record
TN:
SF:src/main.tsx
FNF:0
FNH:0
DA:7,0
LF:1
LH:0
BRF:0
BRH:0
end_of_record
TN:
SF:src/test-utils.tsx
FN:288,(anonymous_0)
FN:290,(anonymous_1)
FN:301,(anonymous_2)
FN:326,(anonymous_3)
FN:333,(anonymous_4)
FN:349,(anonymous_5)
FN:351,(anonymous_6)
FN:354,(anonymous_7)
FN:357,(anonymous_8)
FN:358,(anonymous_9)
FN:361,(anonymous_10)
FN:364,(anonymous_11)
FN:365,(anonymous_12)
FN:367,(anonymous_13)
FN:370,(anonymous_14)
FN:374,(anonymous_15)
FN:377,(anonymous_16)
FN:378,(anonymous_17)
FN:381,(anonymous_18)
FN:384,(anonymous_19)
FN:385,(anonymous_20)
FN:387,(anonymous_21)
FN:390,(anonymous_22)
FN:397,(anonymous_23)
FN:410,(anonymous_24)
FN:421,(anonymous_25)
FN:425,(anonymous_26)
FN:429,(anonymous_27)
FNF:28
FNH:0
FNDA:0,(anonymous_0)
FNDA:0,(anonymous_1)
FNDA:0,(anonymous_2)
FNDA:0,(anonymous_3)
FNDA:0,(anonymous_4)
FNDA:0,(anonymous_5)
FNDA:0,(anonymous_6)
FNDA:0,(anonymous_7)
FNDA:0,(anonymous_8)
FNDA:0,(anonymous_9)
FNDA:0,(anonymous_10)
FNDA:0,(anonymous_11)
FNDA:0,(anonymous_12)
FNDA:0,(anonymous_13)
FNDA:0,(anonymous_14)
FNDA:0,(anonymous_15)
FNDA:0,(anonymous_16)
FNDA:0,(anonymous_17)
FNDA:0,(anonymous_18)
FNDA:0,(anonymous_19)
FNDA:0,(anonymous_20)
FNDA:0,(anonymous_21)
FNDA:0,(anonymous_22)
FNDA:0,(anonymous_23)
FNDA:0,(anonymous_24)
FNDA:0,(anonymous_25)
FNDA:0,(anonymous_26)
FNDA:0,(anonymous_27)
DA:17,0
DA:32,0
DA:41,0
DA:52,0
DA:58,0
DA:63,0
DA:73,0
DA:81,0
DA:86,0
DA:93,0
DA:98,0
DA:109,0
DA:114,0
DA:149,0
DA:176,0
DA:201,0
DA:224,0
DA:247,0
DA:261,0
DA:275,0
DA:286,0
DA:288,0
DA:290,0
DA:301,0
DA:302,0
DA:326,0
DA:330,0
DA:332,0
DA:334,0
DA:349,0
DA:351,0
DA:354,0
DA:355,0
DA:356,0
DA:357,0
DA:359,0
DA:362,0
DA:365,0
DA:368,0
DA:370,0
DA:374,0
DA:375,0
DA:376,0
DA:377,0
DA:379,0
DA:382,0
DA:385,0
DA:388,0
DA:390,0
DA:397,0
DA:401,0
DA:402,0
DA:403,0
DA:404,0
DA:405,0
DA:410,0
DA:411,0
DA:413,0
DA:414,0
DA:421,0
DA:422,0
DA:425,0
DA:426,0
DA:429,0
DA:430,0
DA:431,0
DA:432,0
DA:433,0
DA:435,0
LF:69
LH:0
BRDA:301,0,0,0
BRDA:330,1,0,0
BRDA:330,1,1,0
BRDA:357,2,0,0
BRDA:357,2,1,0
BRDA:370,3,0,0
BRDA:370,3,1,0
BRDA:377,4,0,0
BRDA:377,4,1,0
BRDA:390,5,0,0
BRDA:390,5,1,0
BRDA:403,6,0,0
BRDA:403,6,1,0
BRDA:410,7,0,0
BRDA:411,8,0,0
BRDA:411,8,1,0
BRDA:413,9,0,0
BRDA:413,9,1,0
BRDA:431,10,0,0
BRDA:431,10,1,0
BRF:20
BRH:0
end_of_record
TN:
SF:src/components/AddressAutocomplete.tsx
FN:81,(anonymous_0)
FN:112,(anonymous_1)
FN:113,(anonymous_2)
FN:140,(anonymous_3)
FN:141,(anonymous_4)
FN:169,(anonymous_5)
FN:170,(anonymous_6)
FN:198,(anonymous_7)
FN:199,(anonymous_8)
FN:228,(anonymous_9)
FN:229,(anonymous_10)
FN:249,(anonymous_11)
FN:253,(anonymous_12)
FN:258,(anonymous_13)
FN:294,(anonymous_14)
FN:296,(anonymous_15)
FN:312,(anonymous_16)
FN:314,(anonymous_17)
FN:328,(anonymous_18)
FN:338,(anonymous_19)
FN:367,(anonymous_20)
FN:382,(anonymous_21)
FN:383,(anonymous_22)
FN:393,(anonymous_23)
FN:396,(anonymous_24)
FN:401,(anonymous_25)
FN:422,(anonymous_26)
FN:439,(anonymous_27)
FN:442,(anonymous_28)
FN:447,(anonymous_29)
FN:464,(anonymous_30)
FN:488,(anonymous_31)
FN:511,(anonymous_32)
FN:514,(anonymous_33)
FN:521,(anonymous_34)
FN:526,(anonymous_35)
FN:552,(anonymous_36)
FN:592,(anonymous_37)
FNF:38
FNH:0
FNDA:0,(anonymous_0)
FNDA:0,(anonymous_1)
FNDA:0,(anonymous_2)
FNDA:0,(anonymous_3)
FNDA:0,(anonymous_4)
FNDA:0,(anonymous_5)
FNDA:0,(anonymous_6)
FNDA:0,(anonymous_7)
FNDA:0,(anonymous_8)
FNDA:0,(anonymous_9)
FNDA:0,(anonymous_10)
FNDA:0,(anonymous_11)
FNDA:0,(anonymous_12)
FNDA:0,(anonymous_13)
FNDA:0,(anonymous_14)
FNDA:0,(anonymous_15)
FNDA:0,(anonymous_16)
FNDA:0,(anonymous_17)
FNDA:0,(anonymous_18)
FNDA:0,(anonymous_19)
FNDA:0,(anonymous_20)
FNDA:0,(anonymous_21)
FNDA:0,(anonymous_22)
FNDA:0,(anonymous_23)
FNDA:0,(anonymous_24)
FNDA:0,(anonymous_25)
FNDA:0,(anonymous_26)
FNDA:0,(anonymous_27)
FNDA:0,(anonymous_28)
FNDA:0,(anonymous_29)
FNDA:0,(anonymous_30)
FNDA:0,(anonymous_31)
FNDA:0,(anonymous_32)
FNDA:0,(anonymous_33)
FNDA:0,(anonymous_34)
FNDA:0,(anonymous_35)
FNDA:0,(anonymous_36)
FNDA:0,(anonymous_37)
DA:37,0
DA:74,0
DA:81,0
DA:93,0
DA:94,0
DA:95,0
DA:96,0
DA:99,0
DA:100,0
DA:101,0
DA:102,0
DA:105,0
DA:106,0
DA:109,0
DA:112,0
DA:113,0
DA:114,0
DA:115,0
DA:116,0
DA:119,0
DA:120,0
DA:121,0
DA:122,0
DA:123,0
DA:125,0
DA:127,0
DA:133,0
DA:136,0
DA:140,0
DA:141,0
DA:142,0
DA:143,0
DA:144,0
DA:147,0
DA:148,0
DA:149,0
DA:150,0
DA:153,0
DA:154,0
DA:155,0
DA:156,0
DA:157,0
DA:159,0
DA:160,0
DA:162,0
DA:165,0
DA:169,0
DA:170,0
DA:171,0
DA:172,0
DA:173,0
DA:176,0
DA:177,0
DA:178,0
DA:179,0
DA:182,0
DA:183,0
DA:184,0
DA:185,0
DA:186,0
DA:188,0
DA:189,0
DA:191,0
DA:194,0
DA:198,0
DA:199,0
DA:200,0
DA:201,0
DA:202,0
DA:205,0
DA:206,0
DA:207,0
DA:208,0
DA:211,0
DA:212,0
DA:213,0
DA:214,0
DA:215,0
DA:217,0
DA:218,0
DA:220,0
DA:223,0
DA:227,0
DA:229,0
DA:230,0
DA:231,0
DA:232,0
DA:235,0
DA:236,0
DA:237,0
DA:238,0
DA:240,0
DA:241,0
DA:243,0
DA:249,0
DA:250,0
DA:251,0
DA:253,0
DA:257,0
DA:259,0
DA:261,0
DA:264,0
DA:265,0
DA:267,0
DA:268,0
DA:269,0
DA:271,0
DA:275,0
DA:276,0
DA:277,0
DA:294,0
DA:295,0
DA:296,0
DA:299,0
DA:309,0
DA:312,0
DA:313,0
DA:314,0
DA:317,0
DA:325,0
DA:328,0
DA:329,0
DA:335,0
DA:338,0
DA:339,0
DA:340,0
DA:346,0
DA:347,0
DA:348,0
DA:358,0
DA:367,0
DA:368,0
DA:369,0
DA:371,0
DA:373,0
DA:374,0
DA:376,0
DA:377,0
DA:379,0
DA:382,0
DA:383,0
DA:384,0
DA:387,0
DA:393,0
DA:396,0
DA:402,0
DA:423,0
DA:424,0
DA:439,0
DA:442,0
DA:448,0
DA:465,0
DA:466,0
DA:489,0
DA:511,0
DA:515,0
DA:516,0
DA:517,0
DA:521,0
DA:527,0
DA:553,0
DA:554,0
DA:592,0
DA:593,0
DA:594,0
DA:595,0
DA:596,0
DA:597,0
LF:168
LH:0
BRDA:84,0,0,0
BRDA:85,1,0,0
BRDA:86,2,0,0
BRDA:87,3,0,0
BRDA:88,4,0,0
BRDA:89,5,0,0
BRDA:90,6,0,0
BRDA:114,7,0,0
BRDA:114,7,1,0
BRDA:142,8,0,0
BRDA:142,8,1,0
BRDA:148,9,0,0
BRDA:148,9,1,0
BRDA:171,10,0,0
BRDA:171,10,1,0
BRDA:171,11,0,0
BRDA:171,11,1,0
BRDA:177,12,0,0
BRDA:177,12,1,0
BRDA:200,13,0,0
BRDA:200,13,1,0
BRDA:200,14,0,0
BRDA:200,14,1,0
BRDA:200,14,2,0
BRDA:206,15,0,0
BRDA:206,15,1,0
BRDA:230,16,0,0
BRDA:230,16,1,0
BRDA:230,17,0,0
BRDA:230,17,1,0
BRDA:250,18,0,0
BRDA:250,18,1,0
BRDA:250,19,0,0
BRDA:250,19,1,0
BRDA:250,19,2,0
BRDA:259,20,0,0
BRDA:259,20,1,0
BRDA:259,21,0,0
BRDA:259,21,1,0
BRDA:261,22,0,0
BRDA:261,22,1,0
BRDA:264,23,0,0
BRDA:264,23,1,0
BRDA:268,24,0,0
BRDA:268,24,1,0
BRDA:275,25,0,0
BRDA:275,25,1,0
BRDA:295,26,0,0
BRDA:295,26,1,0
BRDA:301,27,0,0
BRDA:301,27,1,0
BRDA:301,28,0,0
BRDA:301,28,1,0
BRDA:302,29,0,0
BRDA:302,29,1,0
BRDA:313,30,0,0
BRDA:313,30,1,0
BRDA:319,31,0,0
BRDA:319,31,1,0
BRDA:319,32,0,0
BRDA:319,32,1,0
BRDA:320,33,0,0
BRDA:320,33,1,0
BRDA:331,34,0,0
BRDA:331,34,1,0
BRDA:339,35,0,0
BRDA:339,35,1,0
BRDA:347,36,0,0
BRDA:347,36,1,0
BRDA:351,37,0,0
BRDA:351,37,1,0
BRDA:352,38,0,0
BRDA:352,38,1,0
BRDA:353,39,0,0
BRDA:353,39,1,0
BRDA:368,40,0,0
BRDA:368,40,1,0
BRDA:371,41,0,0
BRDA:371,41,1,0
BRDA:373,42,0,0
BRDA:373,42,1,0
BRDA:373,43,0,0
BRDA:373,43,1,0
BRDA:376,44,0,0
BRDA:376,44,1,0
BRDA:376,45,0,0
BRDA:376,45,1,0
BRDA:393,46,0,0
BRDA:393,46,1,0
BRDA:396,47,0,0
BRDA:396,47,1,0
BRDA:415,48,0,0
BRDA:415,48,1,0
BRDA:439,49,0,0
BRDA:439,49,1,0
BRDA:442,50,0,0
BRDA:442,50,1,0
BRDA:444,51,0,0
BRDA:444,51,1,0
BRDA:452,52,0,0
BRDA:452,52,1,0
BRDA:457,53,0,0
BRDA:457,53,1,0
BRDA:481,54,0,0
BRDA:481,54,1,0
BRDA:485,55,0,0
BRDA:485,55,1,0
BRDA:493,56,0,0
BRDA:493,56,1,0
BRDA:498,57,0,0
BRDA:498,57,1,0
BRDA:511,58,0,0
BRDA:511,58,1,0
BRDA:513,59,0,0
BRDA:513,59,1,0
BRDA:515,60,0,0
BRDA:515,60,1,0
BRDA:521,61,0,0
BRDA:521,61,1,0
BRDA:531,62,0,0
BRDA:531,62,1,0
BRDA:533,63,0,0
BRDA:533,63,1,0
BRDA:533,64,0,0
BRDA:533,64,1,0
BRDA:535,65,0,0
BRDA:535,65,1,0
BRDA:539,66,0,0
BRDA:539,66,1,0
BRDA:544,67,0,0
BRDA:544,67,1,0
BRDA:545,68,0,0
BRDA:545,68,1,0
BRDA:559,69,0,0
BRDA:559,69,1,0
BRDA:570,70,0,0
BRDA:570,70,1,0
BRDA:570,70,2,0
BRDA:570,70,3,0
BRDA:573,71,0,0
BRDA:573,71,1,0
BRDA:582,72,0,0
BRDA:582,72,1,0
BRDA:582,72,2,0
BRF:144
BRH:0
end_of_record
TN:
SF:src/components/AdvancedSearch.tsx
FN:52,(anonymous_0)
FN:66,(anonymous_1)
FN:67,(anonymous_2)
FN:74,(anonymous_3)
FN:77,(anonymous_4)
FN:78,(anonymous_5)
FN:84,(anonymous_6)
FN:87,(anonymous_7)
FN:92,(anonymous_8)
FN:108,(anonymous_9)
FN:122,(anonymous_10)
FN:129,(anonymous_11)
FN:136,(anonymous_12)
FN:141,(anonymous_13)
FN:142,(anonymous_14)
FN:146,(anonymous_15)
FN:164,(anonymous_16)
FN:174,(anonymous_17)
FN:180,(anonymous_18)
FN:197,(anonymous_19)
FN:211,(anonymous_20)
FN:220,(anonymous_21)
FN:234,(anonymous_22)
FN:248,(anonymous_23)
FN:256,(anonymous_24)
FN:267,(anonymous_25)
FN:286,(anonymous_26)
FN:303,(anonymous_27)
FN:314,(anonymous_28)
FN:330,(anonymous_29)
FN:352,(anonymous_30)
FN:353,(anonymous_31)
FN:358,(anonymous_32)
FN:385,(anonymous_33)
FN:420,(anonymous_34)
FN:431,(anonymous_35)
FN:432,(anonymous_36)
FN:440,(anonymous_37)
FN:441,(anonymous_38)
FNF:39
FNH:0
FNDA:0,(anonymous_0)
FNDA:0,(anonymous_1)
FNDA:0,(anonymous_2)
FNDA:0,(anonymous_3)
FNDA:0,(anonymous_4)
FNDA:0,(anonymous_5)
FNDA:0,(anonymous_6)
FNDA:0,(anonymous_7)
FNDA:0,(anonymous_8)
FNDA:0,(anonymous_9)
FNDA:0,(anonymous_10)
FNDA:0,(anonymous_11)
FNDA:0,(anonymous_12)
FNDA:0,(anonymous_13)
FNDA:0,(anonymous_14)
FNDA:0,(anonymous_15)
FNDA:0,(anonymous_16)
FNDA:0,(anonymous_17)
FNDA:0,(anonymous_18)
FNDA:0,(anonymous_19)
FNDA:0,(anonymous_20)
FNDA:0,(anonymous_21)
FNDA:0,(anonymous_22)
FNDA:0,(anonymous_23)
FNDA:0,(anonymous_24)
FNDA:0,(anonymous_25)
FNDA:0,(anonymous_26)
FNDA:0,(anonymous_27)
FNDA:0,(anonymous_28)
FNDA:0,(anonymous_29)
FNDA:0,(anonymous_30)
FNDA:0,(anonymous_31)
FNDA:0,(anonymous_32)
FNDA:0,(anonymous_33)
FNDA:0,(anonymous_34)
FNDA:0,(anonymous_35)
FNDA:0,(anonymous_36)
FNDA:0,(anonymous_37)
FNDA:0,(anonymous_38)
DA:52,0
DA:60,0
DA:61,0
DA:62,0
DA:63,0
DA:66,0
DA:67,0
DA:68,0
DA:69,0
DA:71,0
DA:74,0
DA:77,0
DA:78,0
DA:84,0
DA:85,0
DA:87,0
DA:88,0
DA:90,0
DA:91,0
DA:92,0
DA:94,0
DA:95,0
DA:96,0
DA:98,0
DA:101,0
DA:108,0
DA:109,0
DA:118,0
DA:119,0
DA:122,0
DA:123,0
DA:124,0
DA:125,0
DA:126,0
DA:129,0
DA:130,0
DA:131,0
DA:132,0
DA:133,0
DA:134,0
DA:136,0
DA:137,0
DA:138,0
DA:141,0
DA:142,0
DA:143,0
DA:145,0
DA:146,0
DA:147,0
DA:150,0
DA:151,0
DA:152,0
DA:153,0
DA:154,0
DA:157,0
DA:158,0
DA:161,0
DA:164,0
DA:165,0
DA:167,0
DA:169,0
DA:174,0
DA:181,0
DA:190,0
DA:197,0
DA:203,0
DA:211,0
DA:220,0
DA:227,0
DA:234,0
DA:240,0
DA:248,0
DA:256,0
DA:262,0
DA:267,0
DA:280,0
DA:286,0
DA:293,0
DA:303,0
DA:314,0
DA:330,0
DA:353,0
DA:354,0
DA:358,0
DA:386,0
DA:420,0
DA:426,0
DA:429,0
DA:430,0
DA:431,0
DA:432,0
DA:433,0
DA:434,0
DA:440,0
DA:441,0
DA:442,0
DA:444,0
DA:445,0
DA:448,0
DA:450,0
DA:452,0
DA:454,0
DA:456,0
DA:458,0
DA:460,0
DA:462,0
DA:464,0
DA:466,0
DA:467,0
DA:468,0
DA:469,0
DA:470,0
DA:471,0
DA:472,0
DA:474,0
DA:476,0
DA:481,0
LF:117
LH:0
BRDA:55,0,0,0
BRDA:56,1,0,0
BRDA:57,2,0,0
BRDA:68,3,0,0
BRDA:68,3,1,0
BRDA:68,4,0,0
BRDA:68,4,1,0
BRDA:88,5,0,0
BRDA:88,5,1,0
BRDA:88,6,0,0
BRDA:88,6,1,0
BRDA:88,6,2,0
BRDA:90,7,0,0
BRDA:90,7,1,0
BRDA:90,8,0,0
BRDA:90,8,1,0
BRDA:94,9,0,0
BRDA:94,9,1,0
BRDA:95,10,0,0
BRDA:95,10,1,0
BRDA:104,11,0,0
BRDA:104,11,1,0
BRDA:111,12,0,0
BRDA:111,12,1,0
BRDA:143,13,0,0
BRDA:143,13,1,0
BRDA:145,14,0,0
BRDA:145,14,1,0
BRDA:145,15,0,0
BRDA:145,15,1,0
BRDA:147,16,0,0
BRDA:147,16,1,0
BRDA:150,17,0,0
BRDA:150,17,1,0
BRDA:150,18,0,0
BRDA:150,18,1,0
BRDA:151,19,0,0
BRDA:151,19,1,0
BRDA:152,20,0,0
BRDA:152,20,1,0
BRDA:152,21,0,0
BRDA:152,21,1,0
BRDA:153,22,0,0
BRDA:153,22,1,0
BRDA:154,23,0,0
BRDA:154,23,1,0
BRDA:157,24,0,0
BRDA:157,24,1,0
BRDA:158,25,0,0
BRDA:158,25,1,0
BRDA:167,26,0,0
BRDA:167,26,1,0
BRDA:167,26,2,0
BRDA:167,26,3,0
BRDA:167,26,4,0
BRDA:167,26,5,0
BRDA:167,26,6,0
BRDA:173,27,0,0
BRDA:173,27,1,0
BRDA:196,28,0,0
BRDA:196,28,1,0
BRDA:210,29,0,0
BRDA:210,29,1,0
BRDA:219,30,0,0
BRDA:219,30,1,0
BRDA:233,31,0,0
BRDA:233,31,1,0
BRDA:247,32,0,0
BRDA:247,32,1,0
BRDA:255,33,0,0
BRDA:255,33,1,0
BRDA:266,34,0,0
BRDA:266,34,1,0
BRDA:267,35,0,0
BRDA:267,35,1,0
BRDA:285,36,0,0
BRDA:285,36,1,0
BRDA:310,37,0,0
BRDA:310,37,1,0
BRDA:323,38,0,0
BRDA:323,38,1,0
BRDA:324,39,0,0
BRDA:324,39,1,0
BRDA:326,40,0,0
BRDA:326,40,1,0
BRDA:329,41,0,0
BRDA:329,41,1,0
BRDA:334,42,0,0
BRDA:334,42,1,0
BRDA:349,43,0,0
BRDA:349,43,1,0
BRDA:357,44,0,0
BRDA:357,44,1,0
BRDA:429,45,0,0
BRDA:429,45,1,0
BRDA:434,46,0,0
BRDA:434,46,1,0
BRDA:444,47,0,0
BRDA:444,47,1,0
BRDA:444,48,0,0
BRDA:444,48,1,0
BRDA:448,49,0,0
BRDA:448,49,1,0
BRDA:448,49,2,0
BRDA:448,49,3,0
BRDA:448,49,4,0
BRDA:448,49,5,0
BRDA:448,49,6,0
BRDA:448,49,7,0
BRDA:448,49,8,0
BRDA:448,49,9,0
BRDA:466,50,0,0
BRDA:466,50,1,0
BRDA:467,51,0,0
BRDA:467,51,1,0
BRDA:467,52,0,0
BRDA:467,52,1,0
BRDA:468,53,0,0
BRDA:468,53,1,0
BRDA:469,54,0,0
BRDA:469,54,1,0
BRDA:471,55,0,0
BRDA:471,55,1,0
BRF:123
BRH:0
end_of_record
TN:
SF:src/components/Breadcrumbs.tsx
FN:56,(anonymous_0)
FN:112,BreadcrumbsComponent
FN:114,(anonymous_2)
FN:180,(anonymous_3)
FNF:4
FNH:0
FNDA:0,(anonymous_0)
FNDA:0,BreadcrumbsComponent
FNDA:0,(anonymous_2)
FNDA:0,(anonymous_3)
DA:36,0
DA:56,0
DA:57,0
DA:58,0
DA:59,0
DA:62,0
DA:65,0
DA:113,0
DA:114,0
DA:117,0
DA:118,0
DA:121,0
DA:140,0
DA:142,0
DA:144,0
DA:145,0
DA:147,0
DA:149,0
DA:166,0
DA:167,0
DA:168,0
DA:169,0
DA:171,0
DA:179,0
DA:180,0
DA:181,0
DA:182,0
DA:183,0
DA:184,0
DA:185,0
DA:187,0
DA:188,0
DA:195,0
DA:217,0
LF:34
LH:0
BRDA:58,0,0,0
BRDA:58,0,1,0
BRDA:117,1,0,0
BRDA:117,1,1,0
BRDA:117,2,0,0
BRDA:117,2,1,0
BRDA:117,2,2,0
BRDA:142,3,0,0
BRDA:142,3,1,0
BRDA:142,4,0,0
BRDA:142,4,1,0
BRDA:147,5,0,0
BRDA:147,5,1,0
BRDA:168,6,0,0
BRDA:168,6,1,0
BRDA:184,7,0,0
BRDA:184,7,1,0
BRDA:187,8,0,0
BRDA:187,8,1,0
BRF:19
BRH:0
end_of_record
TN:
SF:src/components/ContextFlyout.tsx
FN:63,(anonymous_0)
FN:100,(anonymous_1)
FN:102,(anonymous_2)
FN:114,(anonymous_3)
FN:116,(anonymous_4)
FN:139,(anonymous_5)
FN:144,(anonymous_6)
FN:149,(anonymous_7)
FN:156,(anonymous_8)
FN:164,(anonymous_9)
FN:171,(anonymous_10)
FN:175,(anonymous_11)
FN:193,(anonymous_12)
FN:200,(anonymous_13)
FN:205,(anonymous_14)
FN:206,(anonymous_15)
FN:211,(anonymous_16)
FN:222,(anonymous_17)
FN:222,(anonymous_18)
FN:233,(anonymous_19)
FN:233,(anonymous_20)
FN:239,(anonymous_21)
FN:246,(anonymous_22)
FN:282,(anonymous_23)
FN:305,(anonymous_24)
FN:332,(anonymous_25)
FN:336,(anonymous_26)
FN:337,(anonymous_27)
FN:339,(anonymous_28)
FN:354,(anonymous_29)
FN:374,(anonymous_30)
FN:379,(anonymous_31)
FN:427,(anonymous_32)
FN:484,(anonymous_33)
FNF:34
FNH:0
FNDA:0,(anonymous_0)
FNDA:0,(anonymous_1)
FNDA:0,(anonymous_2)
FNDA:0,(anonymous_3)
FNDA:0,(anonymous_4)
FNDA:0,(anonymous_5)
FNDA:0,(anonymous_6)
FNDA:0,(anonymous_7)
FNDA:0,(anonymous_8)
FNDA:0,(anonymous_9)
FNDA:0,(anonymous_10)
FNDA:0,(anonymous_11)
FNDA:0,(anonymous_12)
FNDA:0,(anonymous_13)
FNDA:0,(anonymous_14)
FNDA:0,(anonymous_15)
FNDA:0,(anonymous_16)
FNDA:0,(anonymous_17)
FNDA:0,(anonymous_18)
FNDA:0,(anonymous_19)
FNDA:0,(anonymous_20)
FNDA:0,(anonymous_21)
FNDA:0,(anonymous_22)
FNDA:0,(anonymous_23)
FNDA:0,(anonymous_24)
FNDA:0,(anonymous_25)
FNDA:0,(anonymous_26)
FNDA:0,(anonymous_27)
FNDA:0,(anonymous_28)
FNDA:0,(anonymous_29)
FNDA:0,(anonymous_30)
FNDA:0,(anonymous_31)
FNDA:0,(anonymous_32)
FNDA:0,(anonymous_33)
DA:61,0
DA:63,0
DA:64,0
DA:74,0
DA:77,0
DA:78,0
DA:79,0
DA:80,0
DA:83,0
DA:91,0
DA:92,0
DA:93,0
DA:94,0
DA:96,0
DA:97,0
DA:100,0
DA:101,0
DA:102,0
DA:103,0
DA:104,0
DA:105,0
DA:107,0
DA:110,0
DA:114,0
DA:115,0
DA:116,0
DA:117,0
DA:119,0
DA:120,0
DA:122,0
DA:123,0
DA:125,0
DA:127,0
DA:129,0
DA:133,0
DA:134,0
DA:139,0
DA:140,0
DA:144,0
DA:145,0
DA:149,0
DA:150,0
DA:151,0
DA:152,0
DA:155,0
DA:156,0
DA:157,0
DA:158,0
DA:159,0
DA:161,0
DA:164,0
DA:165,0
DA:166,0
DA:167,0
DA:171,0
DA:172,0
DA:175,0
DA:176,0
DA:178,0
DA:185,0
DA:193,0
DA:194,0
DA:195,0
DA:197,0
DA:199,0
DA:200,0
DA:204,0
DA:205,0
DA:206,0
DA:208,0
DA:211,0
DA:215,0
DA:222,0
DA:224,0
DA:226,0
DA:233,0
DA:235,0
DA:239,0
DA:240,0
DA:241,0
DA:242,0
DA:246,0
DA:247,0
DA:248,0
DA:252,0
DA:253,0
DA:256,0
DA:282,0
DA:305,0
DA:333,0
DA:336,0
DA:337,0
DA:340,0
DA:355,0
DA:375,0
DA:379,0
DA:428,0
DA:484,0
LF:98
LH:0
BRDA:101,0,0,0
BRDA:101,0,1,0
BRDA:105,1,0,0
BRDA:105,1,1,0
BRDA:115,2,0,0
BRDA:115,2,1,0
BRDA:117,3,0,0
BRDA:117,3,1,0
BRDA:117,4,0,0
BRDA:117,4,1,0
BRDA:133,5,0,0
BRDA:133,5,1,0
BRDA:150,6,0,0
BRDA:150,6,1,0
BRDA:157,7,0,0
BRDA:157,7,1,0
BRDA:157,8,0,0
BRDA:157,8,1,0
BRDA:157,9,0,0
BRDA:157,9,1,0
BRDA:158,10,0,0
BRDA:158,10,1,0
BRDA:159,11,0,0
BRDA:159,11,1,0
BRDA:165,12,0,0
BRDA:165,12,1,0
BRDA:176,13,0,0
BRDA:176,13,1,0
BRDA:176,14,0,0
BRDA:176,14,1,0
BRDA:199,15,0,0
BRDA:199,15,1,0
BRDA:200,16,0,0
BRDA:200,16,1,0
BRDA:205,17,0,0
BRDA:205,17,1,0
BRDA:205,17,2,0
BRDA:205,17,3,0
BRDA:218,18,0,0
BRDA:218,18,1,0
BRDA:240,19,0,0
BRDA:240,19,1,0
BRDA:240,20,0,0
BRDA:240,20,1,0
BRDA:247,21,0,0
BRDA:247,21,1,0
BRDA:248,22,0,0
BRDA:248,22,1,0
BRDA:248,23,0,0
BRDA:248,23,1,0
BRDA:248,24,0,0
BRDA:248,24,1,0
BRDA:252,25,0,0
BRDA:252,25,1,0
BRDA:259,26,0,0
BRDA:259,26,1,0
BRDA:261,27,0,0
BRDA:261,27,1,0
BRDA:266,28,0,0
BRDA:266,28,1,0
BRDA:273,29,0,0
BRDA:273,29,1,0
BRDA:318,30,0,0
BRDA:318,30,1,0
BRDA:333,31,0,0
BRDA:333,31,1,0
BRDA:358,32,0,0
BRDA:358,32,1,0
BRDA:363,33,0,0
BRDA:363,33,1,0
BRDA:372,34,0,0
BRDA:372,34,1,0
BRDA:382,35,0,0
BRDA:382,35,1,0
BRDA:391,36,0,0
BRDA:391,36,1,0
BRDA:406,37,0,0
BRDA:406,37,1,0
BRDA:432,38,0,0
BRDA:432,38,1,0
BRDA:440,39,0,0
BRDA:440,39,1,0
BRDA:441,40,0,0
BRDA:441,40,1,0
BRDA:443,41,0,0
BRDA:443,41,1,0
BRDA:444,42,0,0
BRDA:444,42,1,0
BRDA:447,43,0,0
BRDA:447,43,1,0
BRDA:466,44,0,0
BRDA:466,44,1,0
BRDA:493,45,0,0
BRDA:493,45,1,0
BRDA:497,46,0,0
BRDA:497,46,1,0
BRF:96
BRH:0
end_of_record
TN:
SF:src/components/EntityMetadata.tsx
FN:15,(anonymous_0)
FN:20,(anonymous_1)
FNF:2
FNH:0
FNDA:0,(anonymous_0)
FNDA:0,(anonymous_1)
DA:15,0
DA:20,0
DA:21,0
DA:22,0
DA:23,0
DA:25,0
DA:29,0
DA:30,0
DA:39,0
LF:9
LH:0
BRDA:17,0,0,0
BRDA:18,1,0,0
BRDA:21,2,0,0
BRDA:21,2,1,0
BRDA:29,3,0,0
BRDA:29,3,1,0
BRDA:31,4,0,0
BRDA:31,4,1,0
BRDA:33,5,0,0
BRDA:33,5,1,0
BRDA:41,6,0,0
BRDA:41,6,1,0
BRDA:46,7,0,0
BRDA:46,7,1,0
BRDA:51,8,0,0
BRDA:51,8,1,0
BRDA:51,8,2,0
BRF:17
BRH:0
end_of_record
TN:
SF:src/components/EntitySelect.tsx
FN:123,(anonymous_0)
FN:159,(anonymous_1)
FN:181,(anonymous_2)
FN:186,(anonymous_3)
FN:222,(anonymous_4)
FN:233,(anonymous_5)
FN:239,(anonymous_6)
FN:326,(anonymous_7)
FN:337,(anonymous_8)
FN:345,(anonymous_9)
FN:353,(anonymous_10)
FN:362,(anonymous_11)
FN:370,(anonymous_12)
FN:384,(anonymous_13)
FN:392,(anonymous_14)
FN:400,(anonymous_15)
FN:408,(anonymous_16)
FN:417,(anonymous_17)
FN:425,(anonymous_18)
FN:440,(anonymous_19)
FN:448,(anonymous_20)
FN:457,(anonymous_21)
FN:465,(anonymous_22)
FN:475,(anonymous_23)
FN:490,(anonymous_24)
FN:499,(anonymous_25)
FN:508,(anonymous_26)
FN:519,(anonymous_27)
FN:538,(anonymous_28)
FN:551,(anonymous_29)
FN:573,(anonymous_30)
FN:602,(anonymous_31)
FNF:32
FNH:0
FNDA:0,(anonymous_0)
FNDA:0,(anonymous_1)
FNDA:0,(anonymous_2)
FNDA:0,(anonymous_3)
FNDA:0,(anonymous_4)
FNDA:0,(anonymous_5)
FNDA:0,(anonymous_6)
FNDA:0,(anonymous_7)
FNDA:0,(anonymous_8)
FNDA:0,(anonymous_9)
FNDA:0,(anonymous_10)
FNDA:0,(anonymous_11)
FNDA:0,(anonymous_12)
FNDA:0,(anonymous_13)
FNDA:0,(anonymous_14)
FNDA:0,(anonymous_15)
FNDA:0,(anonymous_16)
FNDA:0,(anonymous_17)
FNDA:0,(anonymous_18)
FNDA:0,(anonymous_19)
FNDA:0,(anonymous_20)
FNDA:0,(anonymous_21)
FNDA:0,(anonymous_22)
FNDA:0,(anonymous_23)
FNDA:0,(anonymous_24)
FNDA:0,(anonymous_25)
FNDA:0,(anonymous_26)
FNDA:0,(anonymous_27)
FNDA:0,(anonymous_28)
FNDA:0,(anonymous_29)
FNDA:0,(anonymous_30)
FNDA:0,(anonymous_31)
DA:123,0
DA:138,0
DA:139,0
DA:140,0
DA:141,0
DA:142,0
DA:145,0
DA:148,0
DA:151,0
DA:154,0
DA:159,0
DA:160,0
DA:161,0
DA:162,0
DA:163,0
DA:164,0
DA:165,0
DA:166,0
DA:167,0
DA:168,0
DA:169,0
DA:171,0
DA:172,0
DA:174,0
DA:175,0
DA:177,0
DA:181,0
DA:182,0
DA:186,0
DA:187,0
DA:189,0
DA:190,0
DA:191,0
DA:194,0
DA:195,0
DA:196,0
DA:197,0
DA:200,0
DA:201,0
DA:202,0
DA:205,0
DA:206,0
DA:209,0
DA:210,0
DA:213,0
DA:214,0
DA:217,0
DA:222,0
DA:224,0
DA:225,0
DA:226,0
DA:227,0
DA:228,0
DA:229,0
DA:233,0
DA:234,0
DA:235,0
DA:239,0
DA:240,0
DA:241,0
DA:242,0
DA:243,0
DA:244,0
DA:246,0
DA:248,0
DA:249,0
DA:254,0
DA:255,0
DA:257,0
DA:259,0
DA:260,0
DA:265,0
DA:266,0
DA:268,0
DA:270,0
DA:271,0
DA:275,0
DA:276,0
DA:278,0
DA:280,0
DA:281,0
DA:289,0
DA:290,0
DA:292,0
DA:294,0
DA:295,0
DA:299,0
DA:300,0
DA:302,0
DA:305,0
DA:308,0
DA:309,0
DA:312,0
DA:315,0
DA:317,0
DA:319,0
DA:321,0
DA:326,0
DA:327,0
DA:330,0
DA:337,0
DA:345,0
DA:353,0
DA:362,0
DA:370,0
DA:377,0
DA:384,0
DA:392,0
DA:400,0
DA:408,0
DA:417,0
DA:425,0
DA:432,0
DA:440,0
DA:448,0
DA:457,0
DA:465,0
DA:475,0
DA:482,0
DA:490,0
DA:499,0
DA:508,0
DA:519,0
DA:526,0
DA:533,0
DA:538,0
DA:539,0
DA:540,0
DA:541,0
DA:542,0
DA:543,0
DA:544,0
DA:545,0
DA:546,0
DA:551,0
DA:553,0
DA:574,0
DA:575,0
DA:576,0
DA:603,0
LF:140
LH:0
BRDA:129,0,0,0
BRDA:130,1,0,0
BRDA:131,2,0,0
BRDA:132,3,0,0
BRDA:133,4,0,0
BRDA:136,5,0,0
BRDA:163,6,0,0
BRDA:163,6,1,0
BRDA:163,6,2,0
BRDA:163,6,3,0
BRDA:163,6,4,0
BRDA:163,6,5,0
BRDA:187,7,0,0
BRDA:187,7,1,0
BRDA:187,7,2,0
BRDA:187,7,3,0
BRDA:187,7,4,0
BRDA:187,7,5,0
BRDA:187,7,6,0
BRDA:190,8,0,0
BRDA:190,8,1,0
BRDA:190,9,0,0
BRDA:190,9,1,0
BRDA:190,10,0,0
BRDA:190,10,1,0
BRDA:191,11,0,0
BRDA:191,11,1,0
BRDA:191,12,0,0
BRDA:191,12,1,0
BRDA:195,13,0,0
BRDA:195,13,1,0
BRDA:196,14,0,0
BRDA:196,14,1,0
BRDA:196,15,0,0
BRDA:196,15,1,0
BRDA:197,16,0,0
BRDA:197,16,1,0
BRDA:201,17,0,0
BRDA:201,17,1,0
BRDA:201,18,0,0
BRDA:201,18,1,0
BRDA:202,19,0,0
BRDA:202,19,1,0
BRDA:202,20,0,0
BRDA:202,20,1,0
BRDA:206,21,0,0
BRDA:206,21,1,0
BRDA:210,22,0,0
BRDA:210,22,1,0
BRDA:214,23,0,0
BRDA:214,23,1,0
BRDA:214,23,2,0
BRDA:214,24,0,0
BRDA:214,24,1,0
BRDA:214,25,0,0
BRDA:214,25,1,0
BRDA:246,26,0,0
BRDA:246,26,1,0
BRDA:246,26,2,0
BRDA:246,26,3,0
BRDA:246,26,4,0
BRDA:246,26,5,0
BRDA:254,27,0,0
BRDA:254,27,1,0
BRDA:254,28,0,0
BRDA:254,28,1,0
BRDA:254,28,2,0
BRDA:265,29,0,0
BRDA:265,29,1,0
BRDA:265,30,0,0
BRDA:265,30,1,0
BRDA:265,30,2,0
BRDA:275,31,0,0
BRDA:275,31,1,0
BRDA:275,32,0,0
BRDA:275,32,1,0
BRDA:289,33,0,0
BRDA:289,33,1,0
BRDA:299,34,0,0
BRDA:299,34,1,0
BRDA:319,35,0,0
BRDA:319,35,1,0
BRDA:319,35,2,0
BRDA:327,36,0,0
BRDA:327,36,1,0
BRDA:327,36,2,0
BRDA:327,36,3,0
BRDA:327,36,4,0
BRDA:327,36,5,0
BRDA:327,36,6,0
BRDA:457,37,0,0
BRDA:457,37,1,0
BRDA:499,38,0,0
BRDA:499,38,1,0
BRDA:539,39,0,0
BRDA:539,39,1,0
BRDA:539,39,2,0
BRDA:539,39,3,0
BRDA:539,39,4,0
BRDA:539,39,5,0
BRDA:539,39,6,0
BRDA:569,40,0,0
BRDA:569,40,1,0
BRDA:569,40,2,0
BRDA:594,41,0,0
BRDA:594,41,1,0
BRDA:609,42,0,0
BRDA:609,42,1,0
BRDA:609,42,2,0
BRDA:615,43,0,0
BRDA:615,43,1,0
BRDA:616,44,0,0
BRDA:616,44,1,0
BRDA:626,45,0,0
BRDA:626,45,1,0
BRDA:637,46,0,0
BRDA:637,46,1,0
BRDA:644,47,0,0
BRDA:644,47,1,0
BRF:119
BRH:0
end_of_record
TN:
SF:src/components/ErrorBoundary.tsx
FN:59,(anonymous_0)
FN:62,(anonymous_1)
FN:67,(anonymous_2)
FN:79,(anonymous_3)
FN:89,(anonymous_4)
FN:93,(anonymous_5)
FN:127,(anonymous_6)
FN:131,(anonymous_7)
FN:135,(anonymous_8)
FN:139,(anonymous_9)
FN:154,(anonymous_10)
FN:159,(anonymous_11)
FNF:12
FNH:0
FNDA:0,(anonymous_0)
FNDA:0,(anonymous_1)
FNDA:0,(anonymous_2)
FNDA:0,(anonymous_3)
FNDA:0,(anonymous_4)
FNDA:0,(anonymous_5)
FNDA:0,(anonymous_6)
FNDA:0,(anonymous_7)
FNDA:0,(anonymous_8)
FNDA:0,(anonymous_9)
FNDA:0,(anonymous_10)
FNDA:0,(anonymous_11)
DA:56,0
DA:59,0
DA:62,0
DA:63,0
DA:67,0
DA:68,0
DA:69,0
DA:70,0
DA:71,0
DA:73,0
DA:74,0
DA:75,0
DA:80,0
DA:81,0
DA:90,0
DA:94,0
DA:103,0
DA:106,0
DA:109,0
DA:110,0
DA:111,0
DA:113,0
DA:114,0
DA:116,0
DA:119,0
DA:122,0
DA:123,0
DA:127,0
DA:128,0
DA:131,0
DA:132,0
DA:135,0
DA:136,0
DA:139,0
DA:140,0
DA:141,0
DA:154,0
DA:155,0
DA:160,0
DA:161,0
DA:162,0
DA:165,0
DA:167,0
DA:310,0
LF:44
LH:0
BRDA:70,0,0,0
BRDA:70,0,1,0
BRDA:96,1,0,0
BRDA:96,1,1,0
BRDA:97,2,0,0
BRDA:97,2,1,0
BRDA:110,3,0,0
BRDA:110,3,1,0
BRDA:122,4,0,0
BRDA:122,4,1,0
BRDA:145,5,0,0
BRDA:145,5,1,0
BRDA:148,6,0,0
BRDA:148,6,1,0
BRDA:160,7,0,0
BRDA:160,7,1,0
BRDA:161,8,0,0
BRDA:161,8,1,0
BRDA:202,9,0,0
BRDA:202,9,1,0
BRDA:270,10,0,0
BRDA:270,10,1,0
BRDA:274,11,0,0
BRDA:274,11,1,0
BRF:24
BRH:0
end_of_record
TN:
SF:src/components/FieldRenderer.tsx
FN:45,(anonymous_0)
FN:48,(anonymous_1)
FN:50,(anonymous_2)
FN:63,(anonymous_3)
FN:124,(anonymous_4)
FN:124,(anonymous_5)
FN:139,(anonymous_6)
FN:140,(anonymous_7)
FN:140,(anonymous_8)
FN:142,(anonymous_9)
FN:147,(anonymous_10)
FN:158,(anonymous_11)
FN:159,(anonymous_12)
FN:163,(anonymous_13)
FN:172,(anonymous_14)
FNF:15
FNH:0
FNDA:0,(anonymous_0)
FNDA:0,(anonymous_1)
FNDA:0,(anonymous_2)
FNDA:0,(anonymous_3)
FNDA:0,(anonymous_4)
FNDA:0,(anonymous_5)
FNDA:0,(anonymous_6)
FNDA:0,(anonymous_7)
FNDA:0,(anonymous_8)
FNDA:0,(anonymous_9)
FNDA:0,(anonymous_10)
FNDA:0,(anonymous_11)
FNDA:0,(anonymous_12)
FNDA:0,(anonymous_13)
FNDA:0,(anonymous_14)
DA:45,0
DA:46,0
DA:48,0
DA:49,0
DA:50,0
DA:51,0
DA:52,0
DA:53,0
DA:54,0
DA:55,0
DA:56,0
DA:59,0
DA:62,0
DA:63,0
DA:66,0
DA:67,0
DA:82,0
DA:83,0
DA:87,0
DA:88,0
DA:102,0
DA:103,0
DA:118,0
DA:119,0
DA:124,0
DA:137,0
DA:138,0
DA:139,0
DA:140,0
DA:142,0
DA:144,0
DA:149,0
DA:155,0
DA:158,0
DA:159,0
DA:164,0
DA:173,0
DA:182,0
DA:183,0
DA:187,0
DA:188,0
DA:204,0
DA:205,0
DA:215,0
DA:216,0
DA:228,0
DA:229,0
DA:233,0
DA:234,0
DA:238,0
LF:50
LH:0
BRDA:52,0,0,0
BRDA:52,0,1,0
BRDA:52,1,0,0
BRDA:52,1,1,0
BRDA:54,2,0,0
BRDA:54,2,1,0
BRDA:56,3,0,0
BRDA:56,3,1,0
BRDA:59,4,0,0
BRDA:59,4,1,0
BRDA:71,5,0,0
BRDA:71,5,1,0
BRDA:74,6,0,0
BRDA:74,6,1,0
BRDA:82,7,0,0
BRDA:82,7,1,0
BRDA:87,8,0,0
BRDA:87,8,1,0
BRDA:102,9,0,0
BRDA:102,9,1,0
BRDA:118,10,0,0
BRDA:118,10,1,0
BRDA:118,11,0,0
BRDA:118,11,1,0
BRDA:121,12,0,0
BRDA:121,12,1,0
BRDA:123,13,0,0
BRDA:123,13,1,0
BRDA:124,14,0,0
BRDA:124,14,1,0
BRDA:129,15,0,0
BRDA:129,15,1,0
BRDA:129,16,0,0
BRDA:129,16,1,0
BRDA:129,17,0,0
BRDA:129,17,1,0
BRDA:129,18,0,0
BRDA:129,18,1,0
BRDA:131,19,0,0
BRDA:131,19,1,0
BRDA:137,20,0,0
BRDA:137,20,1,0
BRDA:138,21,0,0
BRDA:138,21,1,0
BRDA:138,22,0,0
BRDA:138,22,1,0
BRDA:139,23,0,0
BRDA:139,23,1,0
BRDA:139,24,0,0
BRDA:139,24,1,0
BRDA:140,25,0,0
BRDA:140,25,1,0
BRDA:142,26,0,0
BRDA:142,26,1,0
BRDA:152,27,0,0
BRDA:152,27,1,0
BRDA:182,28,0,0
BRDA:182,28,1,0
BRDA:187,29,0,0
BRDA:187,29,1,0
BRDA:204,30,0,0
BRDA:204,30,1,0
BRDA:215,31,0,0
BRDA:215,31,1,0
BRDA:228,32,0,0
BRDA:228,32,1,0
BRDA:233,33,0,0
BRDA:233,33,1,0
BRF:68
BRH:0
end_of_record
TN:
SF:src/components/Footer.tsx
FN:34,Footer
FN:48,(anonymous_1)
FN:49,(anonymous_2)
FN:68,(anonymous_3)
FN:73,(anonymous_4)
FN:74,(anonymous_5)
FN:122,(anonymous_6)
FN:126,(anonymous_7)
FN:130,(anonymous_8)
FNF:9
FNH:0
FNDA:0,Footer
FNDA:0,(anonymous_1)
FNDA:0,(anonymous_2)
FNDA:0,(anonymous_3)
FNDA:0,(anonymous_4)
FNDA:0,(anonymous_5)
FNDA:0,(anonymous_6)
FNDA:0,(anonymous_7)
FNDA:0,(anonymous_8)
DA:35,0
DA:36,0
DA:37,0
DA:38,0
DA:39,0
DA:40,0
DA:41,0
DA:42,0
DA:48,0
DA:49,0
DA:50,0
DA:51,0
DA:52,0
DA:53,0
DA:54,0
DA:55,0
DA:61,0
DA:65,0
DA:68,0
DA:70,0
DA:73,0
DA:74,0
DA:75,0
DA:76,0
DA:78,0
DA:80,0
DA:84,0
DA:86,0
DA:87,0
DA:89,0
DA:92,0
DA:96,0
DA:97,0
DA:101,0
DA:102,0
DA:103,0
DA:105,0
DA:106,0
DA:113,0
DA:114,0
DA:119,0
DA:120,0
DA:122,0
DA:126,0
DA:127,0
DA:130,0
DA:131,0
DA:134,0
LF:48
LH:0
BRDA:43,0,0,0
BRDA:43,0,1,0
BRDA:44,1,0,0
BRDA:44,1,1,0
BRDA:52,2,0,0
BRDA:52,2,1,0
BRDA:57,3,0,0
BRDA:57,3,1,0
BRDA:86,4,0,0
BRDA:86,4,1,0
BRDA:105,5,0,0
BRDA:105,5,1,0
BRDA:105,6,0,0
BRDA:105,6,1,0
BRDA:107,7,0,0
BRDA:107,7,1,0
BRDA:127,8,0,0
BRDA:127,8,1,0
BRDA:131,9,0,0
BRDA:131,9,1,0
BRDA:138,10,0,0
BRDA:138,10,1,0
BRDA:140,11,0,0
BRDA:140,11,1,0
BRDA:140,12,0,0
BRDA:140,12,1,0
BRDA:140,13,0,0
BRDA:140,13,1,0
BRDA:140,14,0,0
BRDA:140,14,1,0
BRDA:143,15,0,0
BRDA:143,15,1,0
BRDA:155,16,0,0
BRDA:155,16,1,0
BRDA:159,17,0,0
BRDA:159,17,1,0
BRDA:160,18,0,0
BRDA:160,18,1,0
BRDA:166,19,0,0
BRDA:166,19,1,0
BRDA:170,20,0,0
BRDA:170,20,1,0
BRDA:174,21,0,0
BRDA:174,21,1,0
BRDA:174,22,0,0
BRDA:174,22,1,0
BRDA:174,23,0,0
BRDA:174,23,1,0
BRF:48
BRH:0
end_of_record
TN:
SF:src/components/ImageUpload.tsx
FN:28,(anonymous_0)
FN:41,(anonymous_1)
FN:88,(anonymous_2)
FNF:3
FNH:0
FNDA:0,(anonymous_0)
FNDA:0,(anonymous_1)
FNDA:0,(anonymous_2)
DA:28,0
DA:37,0
DA:38,0
DA:39,0
DA:41,0
DA:42,0
DA:43,0
DA:46,0
DA:47,0
DA:48,0
DA:52,0
DA:53,0
DA:54,0
DA:55,0
DA:58,0
DA:59,0
DA:60,0
DA:61,0
DA:63,0
DA:64,0
DA:66,0
DA:72,0
DA:73,0
DA:74,0
DA:75,0
DA:77,0
DA:78,0
DA:81,0
DA:82,0
DA:84,0
DA:88,0
DA:89,0
DA:90,0
DA:91,0
DA:92,0
DA:94,0
DA:99,0
DA:102,0
DA:103,0
DA:104,0
DA:105,0
DA:109,0
DA:111,0
LF:43
LH:0
BRDA:32,0,0,0
BRDA:33,1,0,0
BRDA:34,2,0,0
BRDA:38,3,0,0
BRDA:38,3,1,0
BRDA:43,4,0,0
BRDA:43,4,1,0
BRDA:46,5,0,0
BRDA:46,5,1,0
BRDA:53,6,0,0
BRDA:53,6,1,0
BRDA:72,7,0,0
BRDA:72,7,1,0
BRDA:78,8,0,0
BRDA:78,8,1,0
BRDA:89,9,0,0
BRDA:89,9,1,0
BRDA:89,10,0,0
BRDA:89,10,1,0
BRDA:104,11,0,0
BRDA:104,11,1,0
BRDA:109,12,0,0
BRDA:109,12,1,0
BRDA:115,13,0,0
BRDA:115,13,1,0
BRDA:123,14,0,0
BRDA:123,14,1,0
BRDA:123,14,2,0
BRDA:125,15,0,0
BRDA:125,15,1,0
BRDA:143,16,0,0
BRDA:143,16,1,0
BRDA:143,16,2,0
BRF:33
BRH:0
end_of_record
TN:
SF:src/components/ImportExportButtons.tsx
FN:53,(anonymous_0)
FN:69,(anonymous_1)
FN:95,(anonymous_2)
FN:119,(anonymous_3)
FN:128,(anonymous_4)
FN:164,(anonymous_5)
FN:173,(anonymous_6)
FN:180,(anonymous_7)
FN:189,(anonymous_8)
FN:208,(anonymous_9)
FN:216,(anonymous_10)
FN:234,(anonymous_11)
FN:241,(anonymous_12)
FN:253,(anonymous_13)
FN:266,(anonymous_14)
FN:281,(anonymous_15)
FN:288,(anonymous_16)
FN:307,(anonymous_17)
FN:318,(anonymous_18)
FN:345,(anonymous_19)
FN:360,(anonymous_20)
FN:423,(anonymous_21)
FN:438,(anonymous_22)
FN:444,(anonymous_23)
FNF:24
FNH:0
FNDA:0,(anonymous_0)
FNDA:0,(anonymous_1)
FNDA:0,(anonymous_2)
FNDA:0,(anonymous_3)
FNDA:0,(anonymous_4)
FNDA:0,(anonymous_5)
FNDA:0,(anonymous_6)
FNDA:0,(anonymous_7)
FNDA:0,(anonymous_8)
FNDA:0,(anonymous_9)
FNDA:0,(anonymous_10)
FNDA:0,(anonymous_11)
FNDA:0,(anonymous_12)
FNDA:0,(anonymous_13)
FNDA:0,(anonymous_14)
FNDA:0,(anonymous_15)
FNDA:0,(anonymous_16)
FNDA:0,(anonymous_17)
FNDA:0,(anonymous_18)
FNDA:0,(anonymous_19)
FNDA:0,(anonymous_20)
FNDA:0,(anonymous_21)
FNDA:0,(anonymous_22)
FNDA:0,(anonymous_23)
DA:53,0
DA:59,0
DA:60,0
DA:61,0
DA:62,0
DA:63,0
DA:64,0
DA:65,0
DA:66,0
DA:67,0
DA:69,0
DA:70,0
DA:71,0
DA:72,0
DA:74,0
DA:78,0
DA:79,0
DA:80,0
DA:81,0
DA:82,0
DA:83,0
DA:84,0
DA:85,0
DA:87,0
DA:89,0
DA:91,0
DA:95,0
DA:96,0
DA:97,0
DA:98,0
DA:100,0
DA:104,0
DA:105,0
DA:106,0
DA:107,0
DA:108,0
DA:109,0
DA:110,0
DA:111,0
DA:113,0
DA:115,0
DA:119,0
DA:120,0
DA:121,0
DA:122,0
DA:123,0
DA:124,0
DA:128,0
DA:129,0
DA:130,0
DA:131,0
DA:134,0
DA:135,0
DA:136,0
DA:137,0
DA:139,0
DA:140,0
DA:142,0
DA:152,0
DA:154,0
DA:155,0
DA:158,0
DA:160,0
DA:164,0
DA:165,0
DA:166,0
DA:167,0
DA:168,0
DA:169,0
DA:173,0
DA:174,0
DA:175,0
DA:180,0
DA:190,0
DA:191,0
DA:202,0
DA:208,0
DA:217,0
DA:218,0
DA:227,0
DA:234,0
DA:241,0
DA:253,0
DA:266,0
DA:281,0
DA:288,0
DA:308,0
DA:309,0
DA:319,0
DA:320,0
DA:346,0
DA:347,0
DA:348,0
DA:360,0
DA:424,0
DA:438,0
DA:444,0
LF:97
LH:0
BRDA:57,0,0,0
BRDA:89,1,0,0
BRDA:89,1,1,0
BRDA:113,2,0,0
BRDA:113,2,1,0
BRDA:121,3,0,0
BRDA:121,3,1,0
BRDA:129,4,0,0
BRDA:129,4,1,0
BRDA:154,5,0,0
BRDA:154,5,1,0
BRDA:154,6,0,0
BRDA:154,6,1,0
BRDA:158,7,0,0
BRDA:158,7,1,0
BRDA:168,8,0,0
BRDA:168,8,1,0
BRDA:174,9,0,0
BRDA:174,9,1,0
BRDA:247,10,0,0
BRDA:247,10,1,0
BRDA:271,11,0,0
BRDA:271,11,1,0
BRDA:294,12,0,0
BRDA:294,12,1,0
BRDA:296,13,0,0
BRDA:296,13,1,0
BRDA:342,14,0,0
BRDA:342,14,1,0
BRDA:347,15,0,0
BRDA:347,15,1,0
BRDA:368,16,0,0
BRDA:368,16,1,0
BRDA:371,17,0,0
BRDA:371,17,1,0
BRDA:371,18,0,0
BRDA:371,18,1,0
BRDA:386,19,0,0
BRDA:386,19,1,0
BRDA:396,20,0,0
BRDA:396,20,1,0
BRDA:408,21,0,0
BRDA:408,21,1,0
BRDA:435,22,0,0
BRDA:435,22,1,0
BRDA:448,23,0,0
BRDA:448,23,1,0
BRDA:449,24,0,0
BRDA:449,24,1,0
BRF:49
BRH:0
end_of_record
TN:
SF:src/components/LookupSelect.tsx
FN:15,(anonymous_0)
FN:22,(anonymous_1)
FN:24,(anonymous_2)
FN:39,(anonymous_3)
FN:42,(anonymous_4)
FN:43,(anonymous_5)
FN:44,(anonymous_6)
FNF:7
FNH:0
FNDA:0,(anonymous_0)
FNDA:0,(anonymous_1)
FNDA:0,(anonymous_2)
FNDA:0,(anonymous_3)
FNDA:0,(anonymous_4)
FNDA:0,(anonymous_5)
FNDA:0,(anonymous_6)
DA:15,0
DA:16,0
DA:17,0
DA:19,0
DA:20,0
DA:22,0
DA:23,0
DA:24,0
DA:25,0
DA:26,0
DA:27,0
DA:28,0
DA:29,0
DA:31,0
DA:32,0
DA:33,0
DA:35,0
DA:38,0
DA:39,0
DA:42,0
DA:43,0
DA:44,0
DA:47,0
LF:23
LH:0
BRDA:15,0,0,0
BRDA:26,1,0,0
BRDA:26,1,1,0
BRDA:27,2,0,0
BRDA:27,2,1,0
BRDA:28,3,0,0
BRDA:28,3,1,0
BRDA:33,4,0,0
BRDA:33,4,1,0
BRDA:35,5,0,0
BRDA:35,5,1,0
BRDA:43,6,0,0
BRDA:43,6,1,0
BRDA:43,7,0,0
BRDA:43,7,1,0
BRDA:43,8,0,0
BRDA:43,8,1,0
BRDA:43,9,0,0
BRDA:43,9,1,0
BRDA:49,10,0,0
BRDA:49,10,1,0
BRDA:50,11,0,0
BRDA:50,11,1,0
BRF:23
BRH:0
end_of_record
TN:
SF:src/components/Navigation.tsx
FN:89,NavigationContent
FN:113,(anonymous_1)
FN:114,(anonymous_2)
FN:133,(anonymous_3)
FN:134,(anonymous_4)
FN:141,(anonymous_5)
FN:146,(anonymous_6)
FN:148,(anonymous_7)
FN:150,(anonymous_8)
FN:152,(anonymous_9)
FN:154,(anonymous_10)
FN:156,(anonymous_11)
FN:158,(anonymous_12)
FN:163,(anonymous_13)
FN:166,(anonymous_14)
FN:168,(anonymous_15)
FN:170,(anonymous_16)
FN:172,(anonymous_17)
FN:174,(anonymous_18)
FN:176,(anonymous_19)
FN:178,(anonymous_20)
FN:182,(anonymous_21)
FN:183,(anonymous_22)
FN:188,(anonymous_23)
FN:189,(anonymous_24)
FN:190,(anonymous_25)
FN:192,(anonymous_26)
FN:194,(anonymous_27)
FN:198,(anonymous_28)
FN:205,(anonymous_29)
FN:241,(anonymous_30)
FN:267,(anonymous_31)
FN:273,(anonymous_32)
FN:281,(anonymous_33)
FN:292,(anonymous_34)
FN:304,(anonymous_35)
FN:320,(anonymous_36)
FN:379,(anonymous_37)
FN:401,(anonymous_38)
FN:403,(anonymous_39)
FN:407,(anonymous_40)
FN:410,(anonymous_41)
FN:411,(anonymous_42)
FN:412,(anonymous_43)
FN:421,(anonymous_44)
FN:422,(anonymous_45)
FN:426,(anonymous_46)
FN:429,(anonymous_47)
FN:430,(anonymous_48)
FN:431,(anonymous_49)
FN:437,(anonymous_50)
FN:438,(anonymous_51)
FN:439,(anonymous_52)
FN:441,(anonymous_53)
FN:442,(anonymous_54)
FN:443,(anonymous_55)
FN:450,(anonymous_56)
FN:457,(anonymous_57)
FN:464,(anonymous_58)
FN:479,(anonymous_59)
FN:483,(anonymous_60)
FN:487,(anonymous_61)
FN:498,(anonymous_62)
FN:499,(anonymous_63)
FN:510,(anonymous_64)
FN:574,(anonymous_65)
FN:591,(anonymous_66)
FN:627,(anonymous_67)
FN:640,(anonymous_68)
FN:662,(anonymous_69)
FN:665,(anonymous_70)
FN:671,(anonymous_71)
FN:676,(anonymous_72)
FN:686,(anonymous_73)
FN:706,(anonymous_74)
FN:711,(anonymous_75)
FN:747,(anonymous_76)
FN:759,(anonymous_77)
FN:785,(anonymous_78)
FN:790,(anonymous_79)
FN:825,(anonymous_80)
FN:826,(anonymous_81)
FN:837,Navigation
FNF:83
FNH:0
FNDA:0,NavigationContent
FNDA:0,(anonymous_1)
FNDA:0,(anonymous_2)
FNDA:0,(anonymous_3)
FNDA:0,(anonymous_4)
FNDA:0,(anonymous_5)
FNDA:0,(anonymous_6)
FNDA:0,(anonymous_7)
FNDA:0,(anonymous_8)
FNDA:0,(anonymous_9)
FNDA:0,(anonymous_10)
FNDA:0,(anonymous_11)
FNDA:0,(anonymous_12)
FNDA:0,(anonymous_13)
FNDA:0,(anonymous_14)
FNDA:0,(anonymous_15)
FNDA:0,(anonymous_16)
FNDA:0,(anonymous_17)
FNDA:0,(anonymous_18)
FNDA:0,(anonymous_19)
FNDA:0,(anonymous_20)
FNDA:0,(anonymous_21)
FNDA:0,(anonymous_22)
FNDA:0,(anonymous_23)
FNDA:0,(anonymous_24)
FNDA:0,(anonymous_25)
FNDA:0,(anonymous_26)
FNDA:0,(anonymous_27)
FNDA:0,(anonymous_28)
FNDA:0,(anonymous_29)
FNDA:0,(anonymous_30)
FNDA:0,(anonymous_31)
FNDA:0,(anonymous_32)
FNDA:0,(anonymous_33)
FNDA:0,(anonymous_34)
FNDA:0,(anonymous_35)
FNDA:0,(anonymous_36)
FNDA:0,(anonymous_37)
FNDA:0,(anonymous_38)
FNDA:0,(anonymous_39)
FNDA:0,(anonymous_40)
FNDA:0,(anonymous_41)
FNDA:0,(anonymous_42)
FNDA:0,(anonymous_43)
FNDA:0,(anonymous_44)
FNDA:0,(anonymous_45)
FNDA:0,(anonymous_46)
FNDA:0,(anonymous_47)
FNDA:0,(anonymous_48)
FNDA:0,(anonymous_49)
FNDA:0,(anonymous_50)
FNDA:0,(anonymous_51)
FNDA:0,(anonymous_52)
FNDA:0,(anonymous_53)
FNDA:0,(anonymous_54)
FNDA:0,(anonymous_55)
FNDA:0,(anonymous_56)
FNDA:0,(anonymous_57)
FNDA:0,(anonymous_58)
FNDA:0,(anonymous_59)
FNDA:0,(anonymous_60)
FNDA:0,(anonymous_61)
FNDA:0,(anonymous_62)
FNDA:0,(anonymous_63)
FNDA:0,(anonymous_64)
FNDA:0,(anonymous_65)
FNDA:0,(anonymous_66)
FNDA:0,(anonymous_67)
FNDA:0,(anonymous_68)
FNDA:0,(anonymous_69)
FNDA:0,(anonymous_70)
FNDA:0,(anonymous_71)
FNDA:0,(anonymous_72)
FNDA:0,(anonymous_73)
FNDA:0,(anonymous_74)
FNDA:0,(anonymous_75)
FNDA:0,(anonymous_76)
FNDA:0,(anonymous_77)
FNDA:0,(anonymous_78)
FNDA:0,(anonymous_79)
FNDA:0,(anonymous_80)
FNDA:0,(anonymous_81)
FNDA:0,Navigation
DA:90,0
DA:91,0
DA:92,0
DA:93,0
DA:94,0
DA:95,0
DA:96,0
DA:97,0
DA:99,0
DA:102,0
DA:113,0
DA:114,0
DA:121,0
DA:133,0
DA:134,0
DA:141,0
DA:142,0
DA:145,0
DA:146,0
DA:147,0
DA:148,0
DA:149,0
DA:150,0
DA:151,0
DA:152,0
DA:153,0
DA:154,0
DA:155,0
DA:156,0
DA:157,0
DA:158,0
DA:162,0
DA:163,0
DA:165,0
DA:166,0
DA:167,0
DA:168,0
DA:169,0
DA:170,0
DA:171,0
DA:172,0
DA:173,0
DA:174,0
DA:175,0
DA:176,0
DA:177,0
DA:178,0
DA:181,0
DA:182,0
DA:183,0
DA:188,0
DA:189,0
DA:190,0
DA:192,0
DA:194,0
DA:196,0
DA:197,0
DA:198,0
DA:199,0
DA:200,0
DA:205,0
DA:241,0
DA:267,0
DA:273,0
DA:281,0
DA:292,0
DA:304,0
DA:320,0
DA:379,0
DA:380,0
DA:381,0
DA:382,0
DA:383,0
DA:385,0
DA:386,0
DA:388,0
DA:397,0
DA:401,0
DA:402,0
DA:403,0
DA:407,0
DA:408,0
DA:409,0
DA:410,0
DA:411,0
DA:412,0
DA:421,0
DA:422,0
DA:426,0
DA:427,0
DA:428,0
DA:429,0
DA:430,0
DA:431,0
DA:437,0
DA:438,0
DA:439,0
DA:440,0
DA:441,0
DA:442,0
DA:443,0
DA:450,0
DA:451,0
DA:452,0
DA:453,0
DA:457,0
DA:458,0
DA:459,0
DA:460,0
DA:464,0
DA:465,0
DA:467,0
DA:468,0
DA:471,0
DA:472,0
DA:474,0
DA:476,0
DA:479,0
DA:480,0
DA:483,0
DA:484,0
DA:487,0
DA:488,0
DA:489,0
DA:490,0
DA:493,0
DA:494,0
DA:498,0
DA:499,0
DA:501,0
DA:510,0
DA:574,0
DA:591,0
DA:629,0
DA:630,0
DA:634,0
DA:635,0
DA:636,0
DA:640,0
DA:664,0
DA:666,0
DA:671,0
DA:676,0
DA:678,0
DA:680,0
DA:681,0
DA:683,0
DA:686,0
DA:707,0
DA:711,0
DA:746,0
DA:748,0
DA:751,0
DA:753,0
DA:755,0
DA:759,0
DA:786,0
DA:790,0
DA:825,0
DA:828,0
DA:838,0
DA:840,0
LF:162
LH:0
BRDA:145,0,0,0
BRDA:145,0,1,0
BRDA:145,1,0,0
BRDA:145,1,1,0
BRDA:147,2,0,0
BRDA:147,2,1,0
BRDA:147,3,0,0
BRDA:147,3,1,0
BRDA:149,4,0,0
BRDA:149,4,1,0
BRDA:149,5,0,0
BRDA:149,5,1,0
BRDA:149,5,2,0
BRDA:149,5,3,0
BRDA:149,5,4,0
BRDA:151,6,0,0
BRDA:151,6,1,0
BRDA:151,7,0,0
BRDA:151,7,1,0
BRDA:153,8,0,0
BRDA:153,8,1,0
BRDA:153,9,0,0
BRDA:153,9,1,0
BRDA:153,9,2,0
BRDA:153,9,3,0
BRDA:155,10,0,0
BRDA:155,10,1,0
BRDA:155,11,0,0
BRDA:155,11,1,0
BRDA:155,11,2,0
BRDA:155,11,3,0
BRDA:155,11,4,0
BRDA:157,12,0,0
BRDA:157,12,1,0
BRDA:157,13,0,0
BRDA:157,13,1,0
BRDA:157,13,2,0
BRDA:162,14,0,0
BRDA:162,14,1,0
BRDA:165,15,0,0
BRDA:165,15,1,0
BRDA:165,16,0,0
BRDA:165,16,1,0
BRDA:165,16,2,0
BRDA:165,16,3,0
BRDA:165,16,4,0
BRDA:167,17,0,0
BRDA:167,17,1,0
BRDA:167,18,0,0
BRDA:167,18,1,0
BRDA:167,18,2,0
BRDA:167,18,3,0
BRDA:169,19,0,0
BRDA:169,19,1,0
BRDA:169,20,0,0
BRDA:169,20,1,0
BRDA:171,21,0,0
BRDA:171,21,1,0
BRDA:173,22,0,0
BRDA:173,22,1,0
BRDA:175,23,0,0
BRDA:175,23,1,0
BRDA:177,24,0,0
BRDA:177,24,1,0
BRDA:177,25,0,0
BRDA:177,25,1,0
BRDA:181,26,0,0
BRDA:181,26,1,0
BRDA:382,27,0,0
BRDA:382,27,1,0
BRDA:385,28,0,0
BRDA:385,28,1,0
BRDA:389,29,0,0
BRDA:389,29,1,0
BRDA:390,30,0,0
BRDA:390,30,1,0
BRDA:391,31,0,0
BRDA:391,31,1,0
BRDA:402,32,0,0
BRDA:402,32,1,0
BRDA:408,33,0,0
BRDA:408,33,1,0
BRDA:410,34,0,0
BRDA:410,34,1,0
BRDA:410,34,2,0
BRDA:413,35,0,0
BRDA:413,35,1,0
BRDA:415,36,0,0
BRDA:415,36,1,0
BRDA:422,37,0,0
BRDA:422,37,1,0
BRDA:427,38,0,0
BRDA:427,38,1,0
BRDA:429,39,0,0
BRDA:429,39,1,0
BRDA:438,40,0,0
BRDA:438,40,1,0
BRDA:441,41,0,0
BRDA:441,41,1,0
BRDA:451,42,0,0
BRDA:451,42,1,0
BRDA:452,43,0,0
BRDA:452,43,1,0
BRDA:452,44,0,0
BRDA:452,44,1,0
BRDA:453,45,0,0
BRDA:453,45,1,0
BRDA:458,46,0,0
BRDA:458,46,1,0
BRDA:459,47,0,0
BRDA:459,47,1,0
BRDA:460,48,0,0
BRDA:460,48,1,0
BRDA:465,49,0,0
BRDA:465,49,1,0
BRDA:467,50,0,0
BRDA:467,50,1,0
BRDA:471,51,0,0
BRDA:471,51,1,0
BRDA:493,52,0,0
BRDA:493,52,1,0
BRDA:516,53,0,0
BRDA:516,53,1,0
BRDA:519,54,0,0
BRDA:519,54,1,0
BRDA:526,55,0,0
BRDA:526,55,1,0
BRDA:550,56,0,0
BRDA:550,56,1,0
BRDA:555,57,0,0
BRDA:555,57,1,0
BRDA:612,58,0,0
BRDA:612,58,1,0
BRDA:619,59,0,0
BRDA:619,59,1,0
BRDA:629,60,0,0
BRDA:629,60,1,0
BRDA:629,61,0,0
BRDA:629,61,1,0
BRDA:629,62,0,0
BRDA:629,62,1,0
BRDA:629,62,2,0
BRDA:634,63,0,0
BRDA:634,63,1,0
BRDA:635,64,0,0
BRDA:635,64,1,0
BRDA:638,65,0,0
BRDA:638,65,1,0
BRDA:658,66,0,0
BRDA:658,66,1,0
BRDA:664,67,0,0
BRDA:664,67,1,0
BRDA:666,68,0,0
BRDA:666,68,1,0
BRDA:666,68,2,0
BRDA:666,68,3,0
BRDA:678,69,0,0
BRDA:678,69,1,0
BRDA:680,70,0,0
BRDA:680,70,1,0
BRDA:691,71,0,0
BRDA:691,71,1,0
BRDA:702,72,0,0
BRDA:702,72,1,0
BRDA:716,73,0,0
BRDA:716,73,1,0
BRDA:718,74,0,0
BRDA:718,74,1,0
BRDA:719,75,0,0
BRDA:719,75,1,0
BRDA:723,76,0,0
BRDA:723,76,1,0
BRDA:726,77,0,0
BRDA:726,77,1,0
BRDA:729,78,0,0
BRDA:729,78,1,0
BRDA:730,79,0,0
BRDA:730,79,1,0
BRDA:748,80,0,0
BRDA:748,80,1,0
BRDA:751,81,0,0
BRDA:751,81,1,0
BRDA:753,82,0,0
BRDA:753,82,1,0
BRDA:757,83,0,0
BRDA:757,83,1,0
BRDA:769,84,0,0
BRDA:769,84,1,0
BRDA:770,85,0,0
BRDA:770,85,1,0
BRDA:771,86,0,0
BRDA:771,86,1,0
BRDA:772,87,0,0
BRDA:772,87,1,0
BRDA:773,88,0,0
BRDA:773,88,1,0
BRDA:781,89,0,0
BRDA:781,89,1,0
BRDA:787,90,0,0
BRDA:787,90,1,0
BRDA:795,91,0,0
BRDA:795,91,1,0
BRDA:797,92,0,0
BRDA:797,92,1,0
BRDA:798,93,0,0
BRDA:798,93,1,0
BRDA:802,94,0,0
BRDA:802,94,1,0
BRDA:805,95,0,0
BRDA:805,95,1,0
BRDA:808,96,0,0
BRDA:808,96,1,0
BRDA:809,97,0,0
BRDA:809,97,1,0
BRDA:840,98,0,0
BRDA:840,98,1,0
BRF:216
BRH:0
end_of_record
TN:
SF:src/components/NotesTab.tsx
FN:170,(anonymous_0)
FN:202,(anonymous_1)
FN:221,(anonymous_2)
FN:225,(anonymous_3)
FN:252,(anonymous_4)
FN:257,(anonymous_5)
FN:286,(anonymous_6)
FN:300,(anonymous_7)
FN:309,(anonymous_8)
FN:318,(anonymous_9)
FN:323,(anonymous_10)
FN:330,(anonymous_11)
FN:332,(anonymous_12)
FN:348,(anonymous_13)
FN:363,(anonymous_14)
FN:368,(anonymous_15)
FN:385,(anonymous_16)
FN:405,(anonymous_17)
FN:414,(anonymous_18)
FN:443,(anonymous_19)
FN:460,(anonymous_20)
FN:482,(anonymous_21)
FN:487,(anonymous_22)
FN:506,(anonymous_23)
FN:511,(anonymous_24)
FN:515,(anonymous_25)
FN:523,(anonymous_26)
FN:547,(anonymous_27)
FN:555,(anonymous_28)
FN:568,(anonymous_29)
FN:570,(anonymous_30)
FN:586,(anonymous_31)
FN:588,(anonymous_32)
FN:598,(anonymous_33)
FN:609,(anonymous_34)
FN:618,(anonymous_35)
FN:638,(anonymous_36)
FN:646,(anonymous_37)
FNF:38
FNH:0
FNDA:0,(anonymous_0)
FNDA:0,(anonymous_1)
FNDA:0,(anonymous_2)
FNDA:0,(anonymous_3)
FNDA:0,(anonymous_4)
FNDA:0,(anonymous_5)
FNDA:0,(anonymous_6)
FNDA:0,(anonymous_7)
FNDA:0,(anonymous_8)
FNDA:0,(anonymous_9)
FNDA:0,(anonymous_10)
FNDA:0,(anonymous_11)
FNDA:0,(anonymous_12)
FNDA:0,(anonymous_13)
FNDA:0,(anonymous_14)
FNDA:0,(anonymous_15)
FNDA:0,(anonymous_16)
FNDA:0,(anonymous_17)
FNDA:0,(anonymous_18)
FNDA:0,(anonymous_19)
FNDA:0,(anonymous_20)
FNDA:0,(anonymous_21)
FNDA:0,(anonymous_22)
FNDA:0,(anonymous_23)
FNDA:0,(anonymous_24)
FNDA:0,(anonymous_25)
FNDA:0,(anonymous_26)
FNDA:0,(anonymous_27)
FNDA:0,(anonymous_28)
FNDA:0,(anonymous_29)
FNDA:0,(anonymous_30)
FNDA:0,(anonymous_31)
FNDA:0,(anonymous_32)
FNDA:0,(anonymous_33)
FNDA:0,(anonymous_34)
FNDA:0,(anonymous_35)
FNDA:0,(anonymous_36)
FNDA:0,(anonymous_37)
DA:85,0
DA:97,0
DA:109,0
DA:121,0
DA:170,0
DA:177,0
DA:178,0
DA:179,0
DA:180,0
DA:183,0
DA:184,0
DA:185,0
DA:194,0
DA:195,0
DA:196,0
DA:199,0
DA:200,0
DA:202,0
DA:203,0
DA:205,0
DA:206,0
DA:208,0
DA:209,0
DA:212,0
DA:214,0
DA:215,0
DA:217,0
DA:221,0
DA:222,0
DA:225,0
DA:226,0
DA:227,0
DA:228,0
DA:238,0
DA:239,0
DA:249,0
DA:252,0
DA:253,0
DA:254,0
DA:257,0
DA:258,0
DA:260,0
DA:261,0
DA:262,0
DA:270,0
DA:271,0
DA:273,0
DA:276,0
DA:277,0
DA:279,0
DA:280,0
DA:282,0
DA:286,0
DA:287,0
DA:289,0
DA:290,0
DA:291,0
DA:292,0
DA:293,0
DA:295,0
DA:296,0
DA:300,0
DA:301,0
DA:302,0
DA:303,0
DA:305,0
DA:309,0
DA:310,0
DA:311,0
DA:312,0
DA:314,0
DA:318,0
DA:319,0
DA:320,0
DA:323,0
DA:324,0
DA:325,0
DA:328,0
DA:330,0
DA:332,0
DA:333,0
DA:334,0
DA:337,0
DA:338,0
DA:345,0
DA:348,0
DA:363,0
DA:369,0
DA:385,0
DA:405,0
DA:415,0
DA:443,0
DA:461,0
DA:482,0
DA:487,0
DA:506,0
DA:511,0
DA:515,0
DA:524,0
DA:525,0
DA:526,0
DA:547,0
DA:555,0
DA:568,0
DA:571,0
DA:586,0
DA:589,0
DA:598,0
DA:609,0
DA:618,0
DA:638,0
DA:646,0
LF:112
LH:0
BRDA:174,0,0,0
BRDA:175,1,0,0
BRDA:203,2,0,0
BRDA:203,2,1,0
BRDA:203,3,0,0
BRDA:203,3,1,0
BRDA:212,4,0,0
BRDA:212,4,1,0
BRDA:215,5,0,0
BRDA:215,5,1,0
BRDA:226,6,0,0
BRDA:226,6,1,0
BRDA:235,7,0,0
BRDA:235,7,1,0
BRDA:258,8,0,0
BRDA:258,8,1,0
BRDA:264,9,0,0
BRDA:264,9,1,0
BRDA:267,10,0,0
BRDA:267,10,1,0
BRDA:270,11,0,0
BRDA:270,11,1,0
BRDA:280,12,0,0
BRDA:280,12,1,0
BRDA:287,13,0,0
BRDA:287,13,1,0
BRDA:296,14,0,0
BRDA:296,14,1,0
BRDA:328,15,0,0
BRDA:328,15,1,0
BRDA:337,16,0,0
BRDA:337,16,1,0
BRDA:347,17,0,0
BRDA:347,17,1,0
BRDA:357,18,0,0
BRDA:357,18,1,0
BRDA:358,19,0,0
BRDA:358,19,1,0
BRDA:380,20,0,0
BRDA:380,20,1,0
BRDA:394,21,0,0
BRDA:394,21,1,0
BRDA:400,22,0,0
BRDA:400,22,1,0
BRDA:419,23,0,0
BRDA:419,23,1,0
BRDA:420,24,0,0
BRDA:420,24,1,0
BRDA:421,25,0,0
BRDA:421,25,1,0
BRDA:434,26,0,0
BRDA:434,26,1,0
BRDA:437,27,0,0
BRDA:437,27,1,0
BRDA:448,28,0,0
BRDA:448,28,1,0
BRDA:458,29,0,0
BRDA:458,29,1,0
BRDA:472,30,0,0
BRDA:472,30,1,0
BRDA:475,31,0,0
BRDA:475,31,1,0
BRDA:476,32,0,0
BRDA:476,32,1,0
BRDA:476,32,2,0
BRDA:481,33,0,0
BRDA:481,33,1,0
BRDA:483,34,0,0
BRDA:483,34,1,0
BRDA:486,35,0,0
BRDA:486,35,1,0
BRDA:488,36,0,0
BRDA:488,36,1,0
BRDA:505,37,0,0
BRDA:505,37,1,0
BRDA:511,38,0,0
BRDA:511,38,1,0
BRDA:512,39,0,0
BRDA:512,39,1,0
BRDA:513,40,0,0
BRDA:513,40,1,0
BRDA:515,41,0,0
BRDA:515,41,1,0
BRDA:516,42,0,0
BRDA:516,42,1,0
BRDA:517,43,0,0
BRDA:517,43,1,0
BRDA:519,44,0,0
BRDA:519,44,1,0
BRDA:540,45,0,0
BRDA:540,45,1,0
BRDA:606,46,0,0
BRDA:606,46,1,0
BRDA:608,47,0,0
BRDA:608,47,1,0
BRDA:611,48,0,0
BRDA:611,48,1,0
BRDA:614,49,0,0
BRDA:614,49,1,0
BRDA:617,50,0,0
BRDA:617,50,1,0
BRDA:620,51,0,0
BRDA:620,51,1,0
BRDA:630,52,0,0
BRDA:630,52,1,0
BRDA:632,53,0,0
BRDA:632,53,1,0
BRDA:632,54,0,0
BRDA:632,54,1,0
BRF:109
BRH:0
end_of_record
TN:
SF:src/components/ProtectedRoute.tsx
FN:9,ProtectedRoute
FNF:1
FNH:0
FNDA:0,ProtectedRoute
DA:10,0
DA:12,0
DA:13,0
DA:16,0
LF:4
LH:0
BRDA:12,0,0,0
BRDA:12,0,1,0
BRF:2
BRH:0
end_of_record
TN:
SF:src/components/QuoteLineItemsEditor.tsx
FN:105,QuoteLineItemsEditor
FN:114,(anonymous_1)
FN:128,(anonymous_2)
FN:137,(anonymous_3)
FN:144,(anonymous_4)
FN:145,(anonymous_5)
FN:146,(anonymous_6)
FN:147,(anonymous_7)
FN:148,(anonymous_8)
FN:149,(anonymous_9)
FN:156,(anonymous_10)
FN:170,(anonymous_11)
FN:175,(anonymous_12)
FN:198,(anonymous_13)
FN:203,(anonymous_14)
FN:204,(anonymous_15)
FN:206,(anonymous_16)
FN:217,(anonymous_17)
FN:218,(anonymous_18)
FN:221,(anonymous_19)
FN:254,(anonymous_20)
FN:265,(anonymous_21)
FN:283,(anonymous_22)
FN:325,(anonymous_23)
FN:375,(anonymous_24)
FN:380,(anonymous_25)
FN:395,(anonymous_26)
FN:395,(anonymous_27)
FN:415,(anonymous_28)
FN:421,(anonymous_29)
FN:434,(anonymous_30)
FN:441,(anonymous_31)
FN:450,(anonymous_32)
FN:462,(anonymous_33)
FN:470,(anonymous_34)
FN:477,(anonymous_35)
FN:493,(anonymous_36)
FN:496,(anonymous_37)
FN:506,(anonymous_38)
FN:519,(anonymous_39)
FN:531,(anonymous_40)
FN:543,(anonymous_41)
FN:553,(anonymous_42)
FN:569,(anonymous_43)
FN:578,(anonymous_44)
FN:589,(anonymous_45)
FNF:46
FNH:0
FNDA:0,QuoteLineItemsEditor
FNDA:0,(anonymous_1)
FNDA:0,(anonymous_2)
FNDA:0,(anonymous_3)
FNDA:0,(anonymous_4)
FNDA:0,(anonymous_5)
FNDA:0,(anonymous_6)
FNDA:0,(anonymous_7)
FNDA:0,(anonymous_8)
FNDA:0,(anonymous_9)
FNDA:0,(anonymous_10)
FNDA:0,(anonymous_11)
FNDA:0,(anonymous_12)
FNDA:0,(anonymous_13)
FNDA:0,(anonymous_14)
FNDA:0,(anonymous_15)
FNDA:0,(anonymous_16)
FNDA:0,(anonymous_17)
FNDA:0,(anonymous_18)
FNDA:0,(anonymous_19)
FNDA:0,(anonymous_20)
FNDA:0,(anonymous_21)
FNDA:0,(anonymous_22)
FNDA:0,(anonymous_23)
FNDA:0,(anonymous_24)
FNDA:0,(anonymous_25)
FNDA:0,(anonymous_26)
FNDA:0,(anonymous_27)
FNDA:0,(anonymous_28)
FNDA:0,(anonymous_29)
FNDA:0,(anonymous_30)
FNDA:0,(anonymous_31)
FNDA:0,(anonymous_32)
FNDA:0,(anonymous_33)
FNDA:0,(anonymous_34)
FNDA:0,(anonymous_35)
FNDA:0,(anonymous_36)
FNDA:0,(anonymous_37)
FNDA:0,(anonymous_38)
FNDA:0,(anonymous_39)
FNDA:0,(anonymous_40)
FNDA:0,(anonymous_41)
FNDA:0,(anonymous_42)
FNDA:0,(anonymous_43)
FNDA:0,(anonymous_44)
FNDA:0,(anonymous_45)
DA:15,0
DA:86,0
DA:106,0
DA:107,0
DA:108,0
DA:109,0
DA:110,0
DA:111,0
DA:112,0
DA:114,0
DA:115,0
DA:116,0
DA:117,0
DA:118,0
DA:119,0
DA:120,0
DA:122,0
DA:124,0
DA:128,0
DA:129,0
DA:130,0
DA:131,0
DA:133,0
DA:137,0
DA:138,0
DA:139,0
DA:140,0
DA:144,0
DA:145,0
DA:146,0
DA:147,0
DA:148,0
DA:149,0
DA:151,0
DA:152,0
DA:156,0
DA:157,0
DA:158,0
DA:159,0
DA:160,0
DA:161,0
DA:162,0
DA:164,0
DA:165,0
DA:166,0
DA:167,0
DA:170,0
DA:171,0
DA:172,0
DA:175,0
DA:176,0
DA:195,0
DA:198,0
DA:199,0
DA:200,0
DA:203,0
DA:204,0
DA:205,0
DA:206,0
DA:217,0
DA:218,0
DA:221,0
DA:222,0
DA:223,0
DA:224,0
DA:226,0
DA:227,0
DA:228,0
DA:231,0
DA:232,0
DA:233,0
DA:239,0
DA:240,0
DA:242,0
DA:245,0
DA:246,0
DA:248,0
DA:250,0
DA:254,0
DA:255,0
DA:257,0
DA:258,0
DA:259,0
DA:261,0
DA:265,0
DA:266,0
DA:269,0
DA:271,0
DA:272,0
DA:280,0
DA:283,0
DA:326,0
DA:375,0
DA:380,0
DA:395,0
DA:415,0
DA:422,0
DA:434,0
DA:441,0
DA:450,0
DA:462,0
DA:470,0
DA:477,0
DA:493,0
DA:497,0
DA:506,0
DA:519,0
DA:531,0
DA:543,0
DA:553,0
DA:569,0
DA:578,0
DA:589,0
LF:113
LH:0
BRDA:105,0,0,0
BRDA:122,1,0,0
BRDA:122,1,1,0
BRDA:138,2,0,0
BRDA:138,2,1,0
BRDA:151,3,0,0
BRDA:151,3,1,0
BRDA:159,4,0,0
BRDA:159,4,1,0
BRDA:161,5,0,0
BRDA:161,5,1,0
BRDA:165,6,0,0
BRDA:165,6,1,0
BRDA:178,7,0,0
BRDA:178,7,1,0
BRDA:179,8,0,0
BRDA:179,8,1,0
BRDA:181,9,0,0
BRDA:181,9,1,0
BRDA:183,10,0,0
BRDA:183,10,1,0
BRDA:188,11,0,0
BRDA:188,11,1,0
BRDA:193,12,0,0
BRDA:193,12,1,0
BRDA:205,13,0,0
BRDA:205,13,1,0
BRDA:210,14,0,0
BRDA:210,14,1,0
BRDA:212,15,0,0
BRDA:212,15,1,0
BRDA:222,16,0,0
BRDA:222,16,1,0
BRDA:226,17,0,0
BRDA:226,17,1,0
BRDA:235,18,0,0
BRDA:235,18,1,0
BRDA:239,19,0,0
BRDA:239,19,1,0
BRDA:248,20,0,0
BRDA:248,20,1,0
BRDA:255,21,0,0
BRDA:255,21,1,0
BRDA:261,22,0,0
BRDA:261,22,1,0
BRDA:271,23,0,0
BRDA:271,23,1,0
BRDA:282,24,0,0
BRDA:282,24,1,0
BRDA:290,25,0,0
BRDA:290,25,1,0
BRDA:302,26,0,0
BRDA:302,26,1,0
BRDA:321,27,0,0
BRDA:321,27,1,0
BRDA:329,28,0,0
BRDA:329,28,1,0
BRDA:330,29,0,0
BRDA:330,29,1,0
BRDA:337,30,0,0
BRDA:337,30,1,0
BRDA:340,31,0,0
BRDA:340,31,1,0
BRDA:352,32,0,0
BRDA:352,32,1,0
BRDA:357,33,0,0
BRDA:357,33,1,0
BRDA:364,34,0,0
BRDA:364,34,1,0
BRDA:367,35,0,0
BRDA:367,35,1,0
BRDA:372,36,0,0
BRDA:372,36,1,0
BRDA:398,37,0,0
BRDA:398,37,1,0
BRDA:407,38,0,0
BRDA:407,38,1,0
BRDA:423,39,0,0
BRDA:423,39,1,0
BRDA:462,40,0,0
BRDA:462,40,1,0
BRDA:477,41,0,0
BRDA:477,41,1,0
BRDA:501,42,0,0
BRDA:501,42,1,0
BRDA:506,43,0,0
BRDA:506,43,1,0
BRDA:514,44,0,0
BRDA:514,44,1,0
BRDA:519,45,0,0
BRDA:519,45,1,0
BRDA:527,46,0,0
BRDA:527,46,1,0
BRDA:548,47,0,0
BRDA:548,47,1,0
BRDA:553,48,0,0
BRDA:553,48,1,0
BRDA:602,49,0,0
BRDA:602,49,1,0
BRDA:608,50,0,0
BRDA:608,50,1,0
BRDA:628,51,0,0
BRDA:628,51,1,0
BRDA:630,52,0,0
BRDA:630,52,1,0
BRF:105
BRH:0
end_of_record
TN:
SF:src/components/RoleBasedRoute.tsx
FN:21,RoleBasedRoute
FNF:1
FNH:0
FNDA:0,RoleBasedRoute
DA:27,0
DA:28,0
DA:31,0
DA:32,0
DA:36,0
DA:37,0
DA:49,0
DA:50,0
DA:54,0
DA:55,0
DA:59,0
DA:61,0
DA:79,0
DA:80,0
DA:81,0
DA:93,0
DA:94,0
DA:107,0
DA:114,0
DA:115,0
DA:126,0
LF:21
LH:0
BRDA:31,0,0,0
BRDA:31,0,1,0
BRDA:36,1,0,0
BRDA:36,1,1,0
BRDA:36,2,0,0
BRDA:36,2,1,0
BRDA:49,3,0,0
BRDA:49,3,1,0
BRDA:54,4,0,0
BRDA:54,4,1,0
BRDA:59,5,0,0
BRDA:59,5,1,0
BRDA:80,6,0,0
BRDA:80,6,1,0
BRDA:80,7,0,0
BRDA:80,7,1,0
BRDA:93,8,0,0
BRDA:93,8,1,0
BRDA:99,9,0,0
BRDA:99,9,1,0
BRDA:107,10,0,0
BRDA:107,10,1,0
BRDA:114,11,0,0
BRDA:114,11,1,0
BRF:24
BRH:0
end_of_record
TN:
SF:src/components/UserSettingsDialog.tsx
FN:144,TabPanel
FN:159,(anonymous_1)
FN:179,(anonymous_2)
FN:187,(anonymous_3)
FN:195,(anonymous_4)
FN:202,(anonymous_5)
FN:204,(anonymous_6)
FN:210,(anonymous_7)
FN:213,(anonymous_8)
FN:218,(anonymous_9)
FN:231,(anonymous_10)
FN:236,(anonymous_11)
FN:243,(anonymous_12)
FN:245,(anonymous_13)
FN:251,(anonymous_14)
FN:252,(anonymous_15)
FN:256,(anonymous_16)
FN:260,(anonymous_17)
FN:282,(anonymous_18)
FN:293,(anonymous_19)
FN:357,(anonymous_20)
FN:374,(anonymous_21)
FN:375,(anonymous_22)
FN:416,(anonymous_23)
FN:425,(anonymous_24)
FN:428,(anonymous_25)
FN:444,(anonymous_26)
FN:447,(anonymous_27)
FN:460,(anonymous_28)
FN:463,(anonymous_29)
FN:476,(anonymous_30)
FN:478,(anonymous_31)
FN:491,(anonymous_32)
FN:493,(anonymous_33)
FN:520,(anonymous_34)
FN:538,(anonymous_35)
FNF:36
FNH:0
FNDA:0,TabPanel
FNDA:0,(anonymous_1)
FNDA:0,(anonymous_2)
FNDA:0,(anonymous_3)
FNDA:0,(anonymous_4)
FNDA:0,(anonymous_5)
FNDA:0,(anonymous_6)
FNDA:0,(anonymous_7)
FNDA:0,(anonymous_8)
FNDA:0,(anonymous_9)
FNDA:0,(anonymous_10)
FNDA:0,(anonymous_11)
FNDA:0,(anonymous_12)
FNDA:0,(anonymous_13)
FNDA:0,(anonymous_14)
FNDA:0,(anonymous_15)
FNDA:0,(anonymous_16)
FNDA:0,(anonymous_17)
FNDA:0,(anonymous_18)
FNDA:0,(anonymous_19)
FNDA:0,(anonymous_20)
FNDA:0,(anonymous_21)
FNDA:0,(anonymous_22)
FNDA:0,(anonymous_23)
FNDA:0,(anonymous_24)
FNDA:0,(anonymous_25)
FNDA:0,(anonymous_26)
FNDA:0,(anonymous_27)
FNDA:0,(anonymous_28)
FNDA:0,(anonymous_29)
FNDA:0,(anonymous_30)
FNDA:0,(anonymous_31)
FNDA:0,(anonymous_32)
FNDA:0,(anonymous_33)
FNDA:0,(anonymous_34)
FNDA:0,(anonymous_35)
DA:71,0
DA:98,0
DA:109,0
DA:124,0
DA:131,0
DA:136,0
DA:145,0
DA:146,0
DA:159,0
DA:160,0
DA:161,0
DA:162,0
DA:163,0
DA:164,0
DA:165,0
DA:166,0
DA:179,0
DA:180,0
DA:181,0
DA:183,0
DA:187,0
DA:188,0
DA:189,0
DA:191,0
DA:195,0
DA:196,0
DA:197,0
DA:202,0
DA:203,0
DA:204,0
DA:205,0
DA:206,0
DA:209,0
DA:210,0
DA:213,0
DA:214,0
DA:215,0
DA:216,0
DA:217,0
DA:218,0
DA:224,0
DA:226,0
DA:227,0
DA:228,0
DA:229,0
DA:230,0
DA:231,0
DA:235,0
DA:236,0
DA:239,0
DA:243,0
DA:244,0
DA:245,0
DA:247,0
DA:248,0
DA:251,0
DA:252,0
DA:253,0
DA:256,0
DA:257,0
DA:260,0
DA:261,0
DA:262,0
DA:263,0
DA:264,0
DA:265,0
DA:268,0
DA:269,0
DA:272,0
DA:275,0
DA:276,0
DA:279,0
DA:282,0
DA:283,0
DA:286,0
DA:287,0
DA:289,0
DA:293,0
DA:294,0
DA:295,0
DA:296,0
DA:297,0
DA:300,0
DA:358,0
DA:375,0
DA:376,0
DA:416,0
DA:425,0
DA:429,0
DA:444,0
DA:448,0
DA:460,0
DA:464,0
DA:476,0
DA:479,0
DA:491,0
DA:494,0
DA:520,0
DA:538,0
LF:99
LH:0
BRDA:154,0,0,0
BRDA:154,0,1,0
BRDA:169,1,0,0
BRDA:169,1,1,0
BRDA:180,2,0,0
BRDA:180,2,1,0
BRDA:180,3,0,0
BRDA:180,3,1,0
BRDA:188,4,0,0
BRDA:188,4,1,0
BRDA:196,5,0,0
BRDA:196,5,1,0
BRDA:205,6,0,0
BRDA:205,6,1,0
BRDA:205,7,0,0
BRDA:205,7,1,0
BRDA:221,8,0,0
BRDA:221,8,1,0
BRDA:228,9,0,0
BRDA:228,9,1,0
BRDA:235,10,0,0
BRDA:235,10,1,0
BRDA:275,11,0,0
BRDA:275,11,1,0
BRDA:287,12,0,0
BRDA:287,12,1,0
BRDA:320,13,0,0
BRDA:320,13,1,0
BRDA:335,14,0,0
BRDA:335,14,1,0
BRDA:341,15,0,0
BRDA:341,15,1,0
BRDA:362,16,0,0
BRDA:362,16,1,0
BRDA:368,17,0,0
BRDA:368,17,1,0
BRDA:415,18,0,0
BRDA:415,18,1,0
BRDA:423,19,0,0
BRDA:423,19,1,0
BRDA:442,20,0,0
BRDA:442,20,1,0
BRDA:458,21,0,0
BRDA:458,21,1,0
BRDA:474,22,0,0
BRDA:474,22,1,0
BRDA:489,23,0,0
BRDA:489,23,1,0
BRDA:537,24,0,0
BRDA:537,24,1,0
BRDA:560,25,0,0
BRDA:560,25,1,0
BRDA:561,26,0,0
BRDA:561,26,1,0
BRDA:563,27,0,0
BRDA:563,27,1,0
BRF:56
BRH:0
end_of_record
TN:
SF:src/components/ContactInfo/AddressManager.tsx
FN:62,(anonymous_0)
FN:115,(anonymous_1)
FN:116,(anonymous_2)
FN:131,(anonymous_3)
FN:133,(anonymous_4)
FN:152,(anonymous_5)
FN:153,(anonymous_6)
FN:155,(anonymous_7)
FN:173,(anonymous_8)
FN:174,(anonymous_9)
FN:176,(anonymous_10)
FN:192,(anonymous_11)
FN:194,(anonymous_12)
FN:211,(anonymous_13)
FN:215,(anonymous_14)
FN:234,(anonymous_15)
FN:235,(anonymous_16)
FN:252,(anonymous_17)
FN:253,(anonymous_18)
FN:273,(anonymous_19)
FN:279,(anonymous_20)
FN:302,(anonymous_21)
FN:303,(anonymous_22)
FN:319,(anonymous_23)
FN:331,(anonymous_24)
FN:340,(anonymous_25)
FN:342,(anonymous_26)
FN:352,(anonymous_27)
FN:359,(anonymous_28)
FN:373,(anonymous_29)
FN:379,(anonymous_30)
FN:431,(anonymous_31)
FN:439,(anonymous_32)
FN:470,(anonymous_33)
FN:483,(anonymous_34)
FN:494,(anonymous_35)
FN:526,(anonymous_36)
FN:546,(anonymous_37)
FN:584,(anonymous_38)
FN:597,(anonymous_39)
FN:602,(anonymous_40)
FN:626,(anonymous_41)
FN:629,(anonymous_42)
FN:642,(anonymous_43)
FN:665,(anonymous_44)
FN:689,(anonymous_45)
FN:690,(anonymous_46)
FN:691,(anonymous_47)
FN:694,(anonymous_48)
FN:710,(anonymous_49)
FN:734,(anonymous_50)
FN:739,(anonymous_51)
FN:746,(anonymous_52)
FN:757,(anonymous_53)
FN:758,(anonymous_54)
FN:759,(anonymous_55)
FN:764,(anonymous_56)
FN:769,(anonymous_57)
FN:793,(anonymous_58)
FN:795,(anonymous_59)
FN:800,(anonymous_60)
FN:806,(anonymous_61)
FN:831,(anonymous_62)
FN:832,(anonymous_63)
FN:833,(anonymous_64)
FN:847,(anonymous_65)
FN:853,(anonymous_66)
FN:869,(anonymous_67)
FN:888,(anonymous_68)
FN:909,(anonymous_69)
FN:923,(anonymous_70)
FN:941,(anonymous_71)
FN:952,(anonymous_72)
FN:962,(anonymous_73)
FN:973,(anonymous_74)
FN:982,(anonymous_75)
FN:994,(anonymous_76)
FN:1006,(anonymous_77)
FN:1017,(anonymous_78)
FN:1026,(anonymous_79)
FN:1036,(anonymous_80)
FNF:81
FNH:0
FNDA:0,(anonymous_0)
FNDA:0,(anonymous_1)
FNDA:0,(anonymous_2)
FNDA:0,(anonymous_3)
FNDA:0,(anonymous_4)
FNDA:0,(anonymous_5)
FNDA:0,(anonymous_6)
FNDA:0,(anonymous_7)
FNDA:0,(anonymous_8)
FNDA:0,(anonymous_9)
FNDA:0,(anonymous_10)
FNDA:0,(anonymous_11)
FNDA:0,(anonymous_12)
FNDA:0,(anonymous_13)
FNDA:0,(anonymous_14)
FNDA:0,(anonymous_15)
FNDA:0,(anonymous_16)
FNDA:0,(anonymous_17)
FNDA:0,(anonymous_18)
FNDA:0,(anonymous_19)
FNDA:0,(anonymous_20)
FNDA:0,(anonymous_21)
FNDA:0,(anonymous_22)
FNDA:0,(anonymous_23)
FNDA:0,(anonymous_24)
FNDA:0,(anonymous_25)
FNDA:0,(anonymous_26)
FNDA:0,(anonymous_27)
FNDA:0,(anonymous_28)
FNDA:0,(anonymous_29)
FNDA:0,(anonymous_30)
FNDA:0,(anonymous_31)
FNDA:0,(anonymous_32)
FNDA:0,(anonymous_33)
FNDA:0,(anonymous_34)
FNDA:0,(anonymous_35)
FNDA:0,(anonymous_36)
FNDA:0,(anonymous_37)
FNDA:0,(anonymous_38)
FNDA:0,(anonymous_39)
FNDA:0,(anonymous_40)
FNDA:0,(anonymous_41)
FNDA:0,(anonymous_42)
FNDA:0,(anonymous_43)
FNDA:0,(anonymous_44)
FNDA:0,(anonymous_45)
FNDA:0,(anonymous_46)
FNDA:0,(anonymous_47)
FNDA:0,(anonymous_48)
FNDA:0,(anonymous_49)
FNDA:0,(anonymous_50)
FNDA:0,(anonymous_51)
FNDA:0,(anonymous_52)
FNDA:0,(anonymous_53)
FNDA:0,(anonymous_54)
FNDA:0,(anonymous_55)
FNDA:0,(anonymous_56)
FNDA:0,(anonymous_57)
FNDA:0,(anonymous_58)
FNDA:0,(anonymous_59)
FNDA:0,(anonymous_60)
FNDA:0,(anonymous_61)
FNDA:0,(anonymous_62)
FNDA:0,(anonymous_63)
FNDA:0,(anonymous_64)
FNDA:0,(anonymous_65)
FNDA:0,(anonymous_66)
FNDA:0,(anonymous_67)
FNDA:0,(anonymous_68)
FNDA:0,(anonymous_69)
FNDA:0,(anonymous_70)
FNDA:0,(anonymous_71)
FNDA:0,(anonymous_72)
FNDA:0,(anonymous_73)
FNDA:0,(anonymous_74)
FNDA:0,(anonymous_75)
FNDA:0,(anonymous_76)
FNDA:0,(anonymous_77)
FNDA:0,(anonymous_78)
FNDA:0,(anonymous_79)
FNDA:0,(anonymous_80)
DA:60,0
DA:62,0
DA:68,0
DA:69,0
DA:70,0
DA:71,0
DA:72,0
DA:75,0
DA:76,0
DA:77,0
DA:78,0
DA:79,0
DA:80,0
DA:81,0
DA:82,0
DA:83,0
DA:84,0
DA:85,0
DA:86,0
DA:87,0
DA:88,0
DA:89,0
DA:91,0
DA:115,0
DA:116,0
DA:117,0
DA:118,0
DA:119,0
DA:120,0
DA:122,0
DA:124,0
DA:127,0
DA:131,0
DA:132,0
DA:133,0
DA:134,0
DA:135,0
DA:136,0
DA:137,0
DA:138,0
DA:139,0
DA:140,0
DA:142,0
DA:144,0
DA:147,0
DA:152,0
DA:153,0
DA:154,0
DA:155,0
DA:156,0
DA:157,0
DA:158,0
DA:159,0
DA:160,0
DA:161,0
DA:163,0
DA:165,0
DA:168,0
DA:173,0
DA:174,0
DA:175,0
DA:176,0
DA:177,0
DA:178,0
DA:179,0
DA:180,0
DA:182,0
DA:184,0
DA:187,0
DA:192,0
DA:193,0
DA:194,0
DA:195,0
DA:196,0
DA:197,0
DA:198,0
DA:199,0
DA:201,0
DA:203,0
DA:206,0
DA:211,0
DA:212,0
DA:214,0
DA:215,0
DA:216,0
DA:223,0
DA:224,0
DA:225,0
DA:226,0
DA:228,0
DA:233,0
DA:235,0
DA:236,0
DA:237,0
DA:238,0
DA:239,0
DA:241,0
DA:244,0
DA:251,0
DA:253,0
DA:254,0
DA:255,0
DA:256,0
DA:257,0
DA:258,0
DA:259,0
DA:262,0
DA:263,0
DA:266,0
DA:267,0
DA:273,0
DA:274,0
DA:275,0
DA:276,0
DA:279,0
DA:280,0
DA:292,0
DA:293,0
DA:302,0
DA:303,0
DA:304,0
DA:313,0
DA:314,0
DA:315,0
DA:316,0
DA:319,0
DA:320,0
DA:327,0
DA:328,0
DA:331,0
DA:332,0
DA:337,0
DA:340,0
DA:341,0
DA:342,0
DA:343,0
DA:344,0
DA:346,0
DA:349,0
DA:352,0
DA:353,0
DA:354,0
DA:355,0
DA:356,0
DA:359,0
DA:360,0
DA:361,0
DA:362,0
DA:363,0
DA:364,0
DA:366,0
DA:367,0
DA:369,0
DA:373,0
DA:374,0
DA:375,0
DA:379,0
DA:381,0
DA:382,0
DA:383,0
DA:385,0
DA:386,0
DA:387,0
DA:407,0
DA:408,0
DA:428,0
DA:431,0
DA:432,0
DA:433,0
DA:434,0
DA:435,0
DA:436,0
DA:439,0
DA:440,0
DA:441,0
DA:443,0
DA:445,0
DA:447,0
DA:448,0
DA:452,0
DA:461,0
DA:462,0
DA:463,0
DA:465,0
DA:466,0
DA:470,0
DA:471,0
DA:472,0
DA:473,0
DA:474,0
DA:475,0
DA:477,0
DA:478,0
DA:483,0
DA:484,0
DA:485,0
DA:486,0
DA:487,0
DA:489,0
DA:490,0
DA:494,0
DA:495,0
DA:499,0
DA:502,0
DA:504,0
DA:508,0
DA:509,0
DA:516,0
DA:526,0
DA:547,0
DA:584,0
DA:597,0
DA:602,0
DA:626,0
DA:630,0
DA:642,0
DA:665,0
DA:689,0
DA:690,0
DA:691,0
DA:695,0
DA:711,0
DA:735,0
DA:739,0
DA:746,0
DA:757,0
DA:758,0
DA:759,0
DA:765,0
DA:766,0
DA:770,0
DA:793,0
DA:795,0
DA:801,0
DA:802,0
DA:807,0
DA:831,0
DA:832,0
DA:834,0
DA:835,0
DA:836,0
DA:837,0
DA:839,0
DA:848,0
DA:849,0
DA:854,0
DA:870,0
DA:888,0
DA:909,0
DA:924,0
DA:925,0
DA:941,0
DA:952,0
DA:962,0
DA:973,0
DA:982,0
DA:994,0
DA:1006,0
DA:1017,0
DA:1026,0
DA:1036,0
LF:261
LH:0
BRDA:65,0,0,0
BRDA:132,1,0,0
BRDA:132,1,1,0
BRDA:153,2,0,0
BRDA:153,2,1,0
BRDA:154,3,0,0
BRDA:154,3,1,0
BRDA:154,4,0,0
BRDA:154,4,1,0
BRDA:174,5,0,0
BRDA:174,5,1,0
BRDA:175,6,0,0
BRDA:175,6,1,0
BRDA:175,7,0,0
BRDA:175,7,1,0
BRDA:175,7,2,0
BRDA:193,8,0,0
BRDA:193,8,1,0
BRDA:193,9,0,0
BRDA:193,9,1,0
BRDA:212,10,0,0
BRDA:212,10,1,0
BRDA:215,11,0,0
BRDA:215,11,1,0
BRDA:219,12,0,0
BRDA:219,12,1,0
BRDA:220,13,0,0
BRDA:220,13,1,0
BRDA:236,14,0,0
BRDA:236,14,1,0
BRDA:236,15,0,0
BRDA:236,15,1,0
BRDA:254,16,0,0
BRDA:254,16,1,0
BRDA:258,17,0,0
BRDA:258,17,1,0
BRDA:275,18,0,0
BRDA:275,18,1,0
BRDA:276,19,0,0
BRDA:276,19,1,0
BRDA:307,20,0,0
BRDA:307,20,1,0
BRDA:341,21,0,0
BRDA:341,21,1,0
BRDA:343,22,0,0
BRDA:343,22,1,0
BRDA:353,23,0,0
BRDA:353,23,1,0
BRDA:354,24,0,0
BRDA:354,24,1,0
BRDA:355,25,0,0
BRDA:355,25,1,0
BRDA:364,26,0,0
BRDA:364,26,1,0
BRDA:374,27,0,0
BRDA:374,27,1,0
BRDA:385,28,0,0
BRDA:385,28,1,0
BRDA:389,29,0,0
BRDA:389,29,1,0
BRDA:390,30,0,0
BRDA:390,30,1,0
BRDA:394,31,0,0
BRDA:394,31,1,0
BRDA:395,32,0,0
BRDA:395,32,1,0
BRDA:396,33,0,0
BRDA:396,33,1,0
BRDA:397,34,0,0
BRDA:397,34,1,0
BRDA:398,35,0,0
BRDA:398,35,1,0
BRDA:399,36,0,0
BRDA:399,36,1,0
BRDA:400,37,0,0
BRDA:400,37,1,0
BRDA:401,38,0,0
BRDA:401,38,1,0
BRDA:402,39,0,0
BRDA:402,39,1,0
BRDA:443,40,0,0
BRDA:443,40,1,0
BRDA:447,41,0,0
BRDA:447,41,1,0
BRDA:447,42,0,0
BRDA:447,42,1,0
BRDA:471,43,0,0
BRDA:471,43,1,0
BRDA:495,44,0,0
BRDA:495,44,1,0
BRDA:495,44,2,0
BRDA:495,44,3,0
BRDA:495,44,4,0
BRDA:495,44,5,0
BRDA:508,45,0,0
BRDA:508,45,1,0
BRDA:522,46,0,0
BRDA:522,46,1,0
BRDA:534,47,0,0
BRDA:534,47,1,0
BRDA:540,48,0,0
BRDA:540,48,1,0
BRDA:554,49,0,0
BRDA:554,49,1,0
BRDA:561,50,0,0
BRDA:561,50,1,0
BRDA:573,51,0,0
BRDA:573,51,1,0
BRDA:574,52,0,0
BRDA:574,52,1,0
BRDA:580,53,0,0
BRDA:580,53,1,0
BRDA:582,54,0,0
BRDA:582,54,1,0
BRDA:589,55,0,0
BRDA:589,55,1,0
BRDA:617,56,0,0
BRDA:617,56,1,0
BRDA:670,57,0,0
BRDA:670,57,1,0
BRDA:674,58,0,0
BRDA:674,58,1,0
BRDA:675,59,0,0
BRDA:675,59,1,0
BRDA:675,59,2,0
BRDA:676,60,0,0
BRDA:676,60,1,0
BRDA:676,60,2,0
BRDA:676,60,3,0
BRDA:690,61,0,0
BRDA:690,61,1,0
BRDA:691,62,0,0
BRDA:691,62,1,0
BRDA:703,63,0,0
BRDA:703,63,1,0
BRDA:714,64,0,0
BRDA:714,64,1,0
BRDA:727,65,0,0
BRDA:727,65,1,0
BRDA:757,66,0,0
BRDA:757,66,1,0
BRDA:758,67,0,0
BRDA:758,67,1,0
BRDA:758,68,0,0
BRDA:758,68,1,0
BRDA:759,69,0,0
BRDA:759,69,1,0
BRDA:759,70,0,0
BRDA:759,70,1,0
BRDA:765,71,0,0
BRDA:765,71,1,0
BRDA:774,72,0,0
BRDA:774,72,1,0
BRDA:774,73,0,0
BRDA:774,73,1,0
BRDA:779,74,0,0
BRDA:779,74,1,0
BRDA:794,75,0,0
BRDA:794,75,1,0
BRDA:795,76,0,0
BRDA:795,76,1,0
BRDA:801,77,0,0
BRDA:801,77,1,0
BRDA:811,78,0,0
BRDA:811,78,1,0
BRDA:811,79,0,0
BRDA:811,79,1,0
BRDA:816,80,0,0
BRDA:816,80,1,0
BRDA:831,81,0,0
BRDA:831,81,1,0
BRDA:832,82,0,0
BRDA:832,82,1,0
BRDA:832,83,0,0
BRDA:832,83,1,0
BRDA:834,84,0,0
BRDA:834,84,1,0
BRDA:836,85,0,0
BRDA:836,85,1,0
BRDA:848,86,0,0
BRDA:848,86,1,0
BRDA:852,87,0,0
BRDA:852,87,1,0
BRDA:857,88,0,0
BRDA:857,88,1,0
BRDA:857,89,0,0
BRDA:857,89,1,0
BRDA:862,90,0,0
BRDA:862,90,1,0
BRDA:873,91,0,0
BRDA:873,91,1,0
BRDA:878,92,0,0
BRDA:878,92,1,0
BRDA:981,93,0,0
BRDA:981,93,1,0
BRDA:1047,94,0,0
BRDA:1047,94,1,0
BRF:197
BRH:0
end_of_record
TN:
SF:src/components/ContactInfo/ContactInfoPanel.tsx
FN:39,(anonymous_0)
FN:52,(anonymous_1)
FN:66,(anonymous_2)
FN:72,(anonymous_3)
FN:77,(anonymous_4)
FN:104,(anonymous_5)
FNF:6
FNH:0
FNDA:0,(anonymous_0)
FNDA:0,(anonymous_1)
FNDA:0,(anonymous_2)
FNDA:0,(anonymous_3)
FNDA:0,(anonymous_4)
FNDA:0,(anonymous_5)
DA:39,0
DA:47,0
DA:48,0
DA:49,0
DA:50,0
DA:52,0
DA:53,0
DA:54,0
DA:55,0
DA:56,0
DA:57,0
DA:59,0
DA:60,0
DA:62,0
DA:66,0
DA:67,0
DA:68,0
DA:72,0
DA:73,0
DA:74,0
DA:77,0
DA:78,0
DA:79,0
DA:82,0
DA:83,0
DA:90,0
DA:91,0
DA:99,0
DA:100,0
DA:104,0
DA:168,0
DA:169,0
DA:208,0
LF:33
LH:0
BRDA:42,0,0,0
BRDA:43,1,0,0
BRDA:44,2,0,0
BRDA:67,3,0,0
BRDA:67,3,1,0
BRDA:78,4,0,0
BRDA:78,4,1,0
BRDA:82,5,0,0
BRDA:82,5,1,0
BRDA:82,6,0,0
BRDA:82,6,1,0
BRDA:90,7,0,0
BRDA:90,7,1,0
BRDA:99,8,0,0
BRDA:99,8,1,0
BRDA:112,9,0,0
BRDA:112,9,1,0
BRDA:117,10,0,0
BRDA:117,10,1,0
BRDA:122,11,0,0
BRDA:122,11,1,0
BRDA:127,12,0,0
BRDA:127,12,1,0
BRDA:168,13,0,0
BRDA:168,13,1,0
BRF:25
BRH:0
end_of_record
TN:
SF:src/components/ContactInfo/EmailManager.tsx
FN:53,(anonymous_0)
FN:81,(anonymous_1)
FN:95,(anonymous_2)
FN:101,(anonymous_3)
FN:130,(anonymous_4)
FN:135,(anonymous_5)
FN:172,(anonymous_6)
FN:185,(anonymous_7)
FN:214,(anonymous_8)
FN:234,(anonymous_9)
FN:314,(anonymous_10)
FN:327,(anonymous_11)
FN:332,(anonymous_12)
FN:356,(anonymous_13)
FN:359,(anonymous_14)
FN:374,(anonymous_15)
FN:386,(anonymous_16)
FN:401,(anonymous_17)
FN:410,(anonymous_18)
FN:420,(anonymous_19)
FN:430,(anonymous_20)
FN:443,(anonymous_21)
FNF:22
FNH:0
FNDA:0,(anonymous_0)
FNDA:0,(anonymous_1)
FNDA:0,(anonymous_2)
FNDA:0,(anonymous_3)
FNDA:0,(anonymous_4)
FNDA:0,(anonymous_5)
FNDA:0,(anonymous_6)
FNDA:0,(anonymous_7)
FNDA:0,(anonymous_8)
FNDA:0,(anonymous_9)
FNDA:0,(anonymous_10)
FNDA:0,(anonymous_11)
FNDA:0,(anonymous_12)
FNDA:0,(anonymous_13)
FNDA:0,(anonymous_14)
FNDA:0,(anonymous_15)
FNDA:0,(anonymous_16)
FNDA:0,(anonymous_17)
FNDA:0,(anonymous_18)
FNDA:0,(anonymous_19)
FNDA:0,(anonymous_20)
FNDA:0,(anonymous_21)
DA:51,0
DA:53,0
DA:59,0
DA:60,0
DA:61,0
DA:62,0
DA:63,0
DA:64,0
DA:81,0
DA:82,0
DA:83,0
DA:84,0
DA:85,0
DA:86,0
DA:88,0
DA:89,0
DA:91,0
DA:95,0
DA:96,0
DA:97,0
DA:101,0
DA:102,0
DA:103,0
DA:104,0
DA:115,0
DA:116,0
DA:127,0
DA:130,0
DA:131,0
DA:132,0
DA:135,0
DA:136,0
DA:137,0
DA:139,0
DA:140,0
DA:142,0
DA:147,0
DA:148,0
DA:151,0
DA:163,0
DA:164,0
DA:165,0
DA:167,0
DA:168,0
DA:172,0
DA:173,0
DA:174,0
DA:175,0
DA:176,0
DA:177,0
DA:179,0
DA:180,0
DA:185,0
DA:186,0
DA:187,0
DA:188,0
DA:189,0
DA:191,0
DA:192,0
DA:196,0
DA:197,0
DA:204,0
DA:214,0
DA:235,0
DA:314,0
DA:327,0
DA:332,0
DA:356,0
DA:360,0
DA:374,0
DA:386,0
DA:401,0
DA:410,0
DA:420,0
DA:430,0
DA:443,0
LF:76
LH:0
BRDA:56,0,0,0
BRDA:86,1,0,0
BRDA:86,1,1,0
BRDA:96,2,0,0
BRDA:96,2,1,0
BRDA:102,3,0,0
BRDA:102,3,1,0
BRDA:106,4,0,0
BRDA:106,4,1,0
BRDA:107,5,0,0
BRDA:107,5,1,0
BRDA:139,6,0,0
BRDA:139,6,1,0
BRDA:147,7,0,0
BRDA:147,7,1,0
BRDA:147,8,0,0
BRDA:147,8,1,0
BRDA:173,9,0,0
BRDA:173,9,1,0
BRDA:196,10,0,0
BRDA:196,10,1,0
BRDA:210,11,0,0
BRDA:210,11,1,0
BRDA:222,12,0,0
BRDA:222,12,1,0
BRDA:228,13,0,0
BRDA:228,13,1,0
BRDA:243,14,0,0
BRDA:243,14,1,0
BRDA:250,15,0,0
BRDA:250,15,1,0
BRDA:257,16,0,0
BRDA:257,16,1,0
BRDA:270,17,0,0
BRDA:270,17,1,0
BRDA:279,18,0,0
BRDA:279,18,1,0
BRDA:279,18,2,0
BRDA:279,18,3,0
BRDA:288,19,0,0
BRDA:288,19,1,0
BRDA:295,20,0,0
BRDA:295,20,1,0
BRDA:302,21,0,0
BRDA:302,21,1,0
BRDA:302,21,2,0
BRDA:302,21,3,0
BRDA:310,22,0,0
BRDA:310,22,1,0
BRDA:312,23,0,0
BRDA:312,23,1,0
BRDA:319,24,0,0
BRDA:319,24,1,0
BRDA:347,25,0,0
BRDA:347,25,1,0
BRDA:454,26,0,0
BRDA:454,26,1,0
BRF:57
BRH:0
end_of_record
TN:
SF:src/components/ContactInfo/PhoneManager.tsx
FN:54,(anonymous_0)
FN:80,(anonymous_1)
FN:94,(anonymous_2)
FN:100,(anonymous_3)
FN:137,(anonymous_4)
FN:142,(anonymous_5)
FN:171,(anonymous_6)
FN:184,(anonymous_7)
FN:195,(anonymous_8)
FN:227,(anonymous_9)
FN:247,(anonymous_10)
FN:297,(anonymous_11)
FN:310,(anonymous_12)
FN:315,(anonymous_13)
FN:339,(anonymous_14)
FN:342,(anonymous_15)
FN:356,(anonymous_16)
FN:366,(anonymous_17)
FN:376,(anonymous_18)
FN:386,(anonymous_19)
FN:398,(anonymous_20)
FN:410,(anonymous_21)
FN:419,(anonymous_22)
FN:428,(anonymous_23)
FN:442,(anonymous_24)
FN:451,(anonymous_25)
FN:464,(anonymous_26)
FNF:27
FNH:0
FNDA:0,(anonymous_0)
FNDA:0,(anonymous_1)
FNDA:0,(anonymous_2)
FNDA:0,(anonymous_3)
FNDA:0,(anonymous_4)
FNDA:0,(anonymous_5)
FNDA:0,(anonymous_6)
FNDA:0,(anonymous_7)
FNDA:0,(anonymous_8)
FNDA:0,(anonymous_9)
FNDA:0,(anonymous_10)
FNDA:0,(anonymous_11)
FNDA:0,(anonymous_12)
FNDA:0,(anonymous_13)
FNDA:0,(anonymous_14)
FNDA:0,(anonymous_15)
FNDA:0,(anonymous_16)
FNDA:0,(anonymous_17)
FNDA:0,(anonymous_18)
FNDA:0,(anonymous_19)
FNDA:0,(anonymous_20)
FNDA:0,(anonymous_21)
FNDA:0,(anonymous_22)
FNDA:0,(anonymous_23)
FNDA:0,(anonymous_24)
FNDA:0,(anonymous_25)
FNDA:0,(anonymous_26)
DA:52,0
DA:54,0
DA:60,0
DA:61,0
DA:62,0
DA:63,0
DA:64,0
DA:65,0
DA:80,0
DA:81,0
DA:82,0
DA:83,0
DA:84,0
DA:85,0
DA:87,0
DA:88,0
DA:90,0
DA:94,0
DA:95,0
DA:96,0
DA:100,0
DA:101,0
DA:102,0
DA:103,0
DA:118,0
DA:119,0
DA:134,0
DA:137,0
DA:138,0
DA:139,0
DA:142,0
DA:143,0
DA:144,0
DA:146,0
DA:147,0
DA:148,0
DA:149,0
DA:152,0
DA:162,0
DA:163,0
DA:164,0
DA:166,0
DA:167,0
DA:171,0
DA:172,0
DA:173,0
DA:174,0
DA:175,0
DA:176,0
DA:178,0
DA:179,0
DA:184,0
DA:185,0
DA:186,0
DA:187,0
DA:188,0
DA:190,0
DA:191,0
DA:195,0
DA:196,0
DA:198,0
DA:200,0
DA:203,0
DA:205,0
DA:209,0
DA:210,0
DA:217,0
DA:227,0
DA:248,0
DA:297,0
DA:310,0
DA:315,0
DA:339,0
DA:343,0
DA:356,0
DA:366,0
DA:376,0
DA:386,0
DA:398,0
DA:410,0
DA:419,0
DA:428,0
DA:442,0
DA:451,0
DA:464,0
LF:85
LH:0
BRDA:57,0,0,0
BRDA:85,1,0,0
BRDA:85,1,1,0
BRDA:95,2,0,0
BRDA:95,2,1,0
BRDA:101,3,0,0
BRDA:101,3,1,0
BRDA:105,4,0,0
BRDA:105,4,1,0
BRDA:107,5,0,0
BRDA:107,5,1,0
BRDA:108,6,0,0
BRDA:108,6,1,0
BRDA:109,7,0,0
BRDA:109,7,1,0
BRDA:110,8,0,0
BRDA:110,8,1,0
BRDA:111,9,0,0
BRDA:111,9,1,0
BRDA:112,10,0,0
BRDA:112,10,1,0
BRDA:146,11,0,0
BRDA:146,11,1,0
BRDA:148,12,0,0
BRDA:148,12,1,0
BRDA:148,13,0,0
BRDA:148,13,1,0
BRDA:172,14,0,0
BRDA:172,14,1,0
BRDA:196,15,0,0
BRDA:196,15,1,0
BRDA:196,15,2,0
BRDA:196,15,3,0
BRDA:196,15,4,0
BRDA:209,16,0,0
BRDA:209,16,1,0
BRDA:223,17,0,0
BRDA:223,17,1,0
BRDA:235,18,0,0
BRDA:235,18,1,0
BRDA:241,19,0,0
BRDA:241,19,1,0
BRDA:254,20,0,0
BRDA:254,20,1,0
BRDA:254,20,2,0
BRDA:255,21,0,0
BRDA:255,21,1,0
BRDA:262,22,0,0
BRDA:262,22,1,0
BRDA:269,23,0,0
BRDA:269,23,1,0
BRDA:282,24,0,0
BRDA:282,24,1,0
BRDA:283,25,0,0
BRDA:283,25,1,0
BRDA:284,26,0,0
BRDA:284,26,1,0
BRDA:285,27,0,0
BRDA:285,27,1,0
BRDA:293,28,0,0
BRDA:293,28,1,0
BRDA:295,29,0,0
BRDA:295,29,1,0
BRDA:302,30,0,0
BRDA:302,30,1,0
BRDA:330,31,0,0
BRDA:330,31,1,0
BRDA:409,32,0,0
BRDA:409,32,1,0
BRDA:418,33,0,0
BRDA:418,33,1,0
BRDA:427,34,0,0
BRDA:427,34,1,0
BRDA:475,35,0,0
BRDA:475,35,1,0
BRF:75
BRH:0
end_of_record
TN:
SF:src/components/ContactInfo/ShareContactInfoModal.tsx
FN:61,(anonymous_0)
FN:94,(anonymous_1)
FN:100,(anonymous_2)
FN:117,(anonymous_3)
FN:156,(anonymous_4)
FN:166,(anonymous_5)
FN:167,(anonymous_6)
FN:168,(anonymous_7)
FN:172,(anonymous_8)
FN:173,(anonymous_9)
FN:174,(anonymous_10)
FN:178,(anonymous_11)
FN:179,(anonymous_12)
FN:180,(anonymous_13)
FN:184,(anonymous_14)
FN:185,(anonymous_15)
FN:186,(anonymous_16)
FN:190,(anonymous_17)
FN:191,(anonymous_18)
FN:192,(anonymous_19)
FN:193,(anonymous_20)
FN:194,(anonymous_21)
FN:197,(anonymous_22)
FN:239,(anonymous_23)
FN:253,(anonymous_24)
FN:266,(anonymous_25)
FN:298,(anonymous_26)
FN:302,(anonymous_27)
FN:319,(anonymous_28)
FN:339,(anonymous_29)
FN:343,(anonymous_30)
FN:360,(anonymous_31)
FN:380,(anonymous_32)
FN:384,(anonymous_33)
FN:401,(anonymous_34)
FN:421,(anonymous_35)
FN:425,(anonymous_36)
FNF:37
FNH:0
FNDA:0,(anonymous_0)
FNDA:0,(anonymous_1)
FNDA:0,(anonymous_2)
FNDA:0,(anonymous_3)
FNDA:0,(anonymous_4)
FNDA:0,(anonymous_5)
FNDA:0,(anonymous_6)
FNDA:0,(anonymous_7)
FNDA:0,(anonymous_8)
FNDA:0,(anonymous_9)
FNDA:0,(anonymous_10)
FNDA:0,(anonymous_11)
FNDA:0,(anonymous_12)
FNDA:0,(anonymous_13)
FNDA:0,(anonymous_14)
FNDA:0,(anonymous_15)
FNDA:0,(anonymous_16)
FNDA:0,(anonymous_17)
FNDA:0,(anonymous_18)
FNDA:0,(anonymous_19)
FNDA:0,(anonymous_20)
FNDA:0,(anonymous_21)
FNDA:0,(anonymous_22)
FNDA:0,(anonymous_23)
FNDA:0,(anonymous_24)
FNDA:0,(anonymous_25)
FNDA:0,(anonymous_26)
FNDA:0,(anonymous_27)
FNDA:0,(anonymous_28)
FNDA:0,(anonymous_29)
FNDA:0,(anonymous_30)
FNDA:0,(anonymous_31)
FNDA:0,(anonymous_32)
FNDA:0,(anonymous_33)
FNDA:0,(anonymous_34)
FNDA:0,(anonymous_35)
FNDA:0,(anonymous_36)
DA:61,0
DA:68,0
DA:69,0
DA:70,0
DA:73,0
DA:74,0
DA:75,0
DA:76,0
DA:79,0
DA:80,0
DA:81,0
DA:82,0
DA:85,0
DA:86,0
DA:87,0
DA:90,0
DA:91,0
DA:92,0
DA:94,0
DA:95,0
DA:96,0
DA:100,0
DA:101,0
DA:102,0
DA:103,0
DA:104,0
DA:105,0
DA:106,0
DA:107,0
DA:108,0
DA:110,0
DA:111,0
DA:113,0
DA:117,0
DA:118,0
DA:119,0
DA:120,0
DA:123,0
DA:125,0
DA:126,0
DA:129,0
DA:130,0
DA:131,0
DA:133,0
DA:146,0
DA:147,0
DA:149,0
DA:150,0
DA:152,0
DA:156,0
DA:157,0
DA:158,0
DA:159,0
DA:160,0
DA:161,0
DA:162,0
DA:163,0
DA:166,0
DA:167,0
DA:168,0
DA:172,0
DA:173,0
DA:174,0
DA:178,0
DA:179,0
DA:180,0
DA:184,0
DA:185,0
DA:186,0
DA:190,0
DA:191,0
DA:192,0
DA:193,0
DA:194,0
DA:197,0
DA:198,0
DA:199,0
DA:200,0
DA:201,0
DA:204,0
DA:207,0
DA:239,0
DA:253,0
DA:266,0
DA:299,0
DA:302,0
DA:319,0
DA:340,0
DA:343,0
DA:360,0
DA:381,0
DA:384,0
DA:401,0
DA:422,0
DA:425,0
LF:95
LH:0
BRDA:95,0,0,0
BRDA:95,0,1,0
BRDA:105,1,0,0
BRDA:105,1,1,0
BRDA:106,2,0,0
BRDA:106,2,1,0
BRDA:107,3,0,0
BRDA:107,3,1,0
BRDA:108,4,0,0
BRDA:108,4,1,0
BRDA:118,5,0,0
BRDA:118,5,1,0
BRDA:123,6,0,0
BRDA:123,6,1,0
BRDA:123,7,0,0
BRDA:123,7,1,0
BRDA:123,7,2,0
BRDA:123,7,3,0
BRDA:136,8,0,0
BRDA:136,8,1,0
BRDA:137,9,0,0
BRDA:137,9,1,0
BRDA:138,10,0,0
BRDA:138,10,1,0
BRDA:139,11,0,0
BRDA:139,11,1,0
BRDA:168,12,0,0
BRDA:168,12,1,0
BRDA:174,13,0,0
BRDA:174,13,1,0
BRDA:180,14,0,0
BRDA:180,14,1,0
BRDA:186,15,0,0
BRDA:186,15,1,0
BRDA:217,16,0,0
BRDA:217,16,1,0
BRDA:223,17,0,0
BRDA:223,17,1,0
BRDA:280,18,0,0
BRDA:280,18,1,0
BRDA:291,19,0,0
BRDA:291,19,1,0
BRDA:332,20,0,0
BRDA:332,20,1,0
BRDA:350,21,0,0
BRDA:350,21,1,0
BRDA:373,22,0,0
BRDA:373,22,1,0
BRDA:414,23,0,0
BRDA:414,23,1,0
BRDA:433,24,0,0
BRDA:433,24,1,0
BRDA:441,25,0,0
BRDA:441,25,1,0
BRDA:441,25,2,0
BRDA:441,25,3,0
BRDA:441,25,4,0
BRDA:458,26,0,0
BRDA:458,26,1,0
BRDA:458,26,2,0
BRDA:459,27,0,0
BRDA:459,27,1,0
BRDA:461,28,0,0
BRDA:461,28,1,0
BRDA:461,29,0,0
BRDA:461,29,1,0
BRF:66
BRH:0
end_of_record
TN:
SF:src/components/ContactInfo/SocialMediaManager.tsx
FN:74,(anonymous_0)
FN:100,(anonymous_1)
FN:114,(anonymous_2)
FN:120,(anonymous_3)
FN:157,(anonymous_4)
FN:162,(anonymous_5)
FN:190,(anonymous_6)
FN:203,(anonymous_7)
FN:214,(anonymous_8)
FN:237,(anonymous_9)
FN:262,(anonymous_10)
FN:282,(anonymous_11)
FN:368,(anonymous_12)
FN:381,(anonymous_13)
FN:386,(anonymous_14)
FN:410,(anonymous_15)
FN:413,(anonymous_16)
FN:431,(anonymous_17)
FN:442,(anonymous_18)
FN:445,(anonymous_19)
FN:459,(anonymous_20)
FN:471,(anonymous_21)
FN:482,(anonymous_22)
FN:493,(anonymous_23)
FN:503,(anonymous_24)
FN:514,(anonymous_25)
FN:523,(anonymous_26)
FN:532,(anonymous_27)
FN:545,(anonymous_28)
FNF:29
FNH:0
FNDA:0,(anonymous_0)
FNDA:0,(anonymous_1)
FNDA:0,(anonymous_2)
FNDA:0,(anonymous_3)
FNDA:0,(anonymous_4)
FNDA:0,(anonymous_5)
FNDA:0,(anonymous_6)
FNDA:0,(anonymous_7)
FNDA:0,(anonymous_8)
FNDA:0,(anonymous_9)
FNDA:0,(anonymous_10)
FNDA:0,(anonymous_11)
FNDA:0,(anonymous_12)
FNDA:0,(anonymous_13)
FNDA:0,(anonymous_14)
FNDA:0,(anonymous_15)
FNDA:0,(anonymous_16)
FNDA:0,(anonymous_17)
FNDA:0,(anonymous_18)
FNDA:0,(anonymous_19)
FNDA:0,(anonymous_20)
FNDA:0,(anonymous_21)
FNDA:0,(anonymous_22)
FNDA:0,(anonymous_23)
FNDA:0,(anonymous_24)
FNDA:0,(anonymous_25)
FNDA:0,(anonymous_26)
FNDA:0,(anonymous_27)
FNDA:0,(anonymous_28)
[...]
FN:274,(anonymous_36)
FN:279,(anonymous_37)
FN:280,(anonymous_38)
FN:286,(anonymous_39)
FN:293,(anonymous_40)
FNF:41
FNH:0
FNDA:0,(anonymous_0)
FNDA:0,(anonymous_1)
FNDA:0,(anonymous_2)
FNDA:0,(anonymous_3)
FNDA:0,(anonymous_4)
FNDA:0,(anonymous_5)
FNDA:0,(anonymous_6)
FNDA:0,(anonymous_7)
FNDA:0,(anonymous_8)
FNDA:0,(anonymous_9)
FNDA:0,(anonymous_10)
FNDA:0,(anonymous_11)
FNDA:0,(anonymous_12)
FNDA:0,(anonymous_13)
FNDA:0,(anonymous_14)
FNDA:0,(anonymous_15)
FNDA:0,(anonymous_16)
FNDA:0,(anonymous_17)
FNDA:0,(anonymous_18)
FNDA:0,(anonymous_19)
FNDA:0,(anonymous_20)
FNDA:0,(anonymous_21)
FNDA:0,(anonymous_22)
FNDA:0,(anonymous_23)
FNDA:0,(anonymous_24)
FNDA:0,(anonymous_25)
FNDA:0,(anonymous_26)
FNDA:0,(anonymous_27)
FNDA:0,(anonymous_28)
FNDA:0,(anonymous_29)
FNDA:0,(anonymous_30)
FNDA:0,(anonymous_31)
FNDA:0,(anonymous_32)
FNDA:0,(anonymous_33)
FNDA:0,(anonymous_34)
FNDA:0,(anonymous_35)
FNDA:0,(anonymous_36)
FNDA:0,(anonymous_37)
FNDA:0,(anonymous_38)
FNDA:0,(anonymous_39)
FNDA:0,(anonymous_40)
DA:10,0
DA:11,0
DA:12,0
DA:13,0
DA:16,0
DA:17,0
DA:18,0
DA:19,0
DA:20,0
DA:27,0
DA:28,0
DA:35,0
DA:36,0
DA:39,0
DA:40,0
DA:43,0
DA:45,0
DA:46,0
DA:48,0
DA:54,0
DA:55,0
DA:57,0
DA:64,0
DA:67,0
DA:68,0
DA:69,0
DA:70,0
DA:72,0
DA:74,0
DA:75,0
DA:76,0
DA:78,0
DA:86,0
DA:87,0
DA:88,0
DA:89,0
DA:97,0
DA:100,0
DA:101,0
DA:102,0
DA:105,0
DA:106,0
DA:107,0
DA:110,0
DA:111,0
DA:112,0
DA:116,0
DA:117,0
DA:118,0
DA:119,0
DA:121,0
DA:122,0
DA:125,0
DA:126,0
DA:127,0
DA:130,0
DA:131,0
DA:132,0
DA:133,0
DA:135,0
DA:136,0
DA:139,0
DA:140,0
DA:141,0
DA:142,0
DA:145,0
DA:147,0
DA:150,0
DA:151,0
DA:159,0
DA:160,0
DA:168,0
DA:169,0
DA:177,0
DA:178,0
DA:186,0
DA:187,0
DA:195,0
DA:196,0
DA:204,0
DA:205,0
DA:213,0
DA:214,0
DA:215,0
DA:217,0
DA:219,0
DA:220,0
DA:228,0
DA:229,0
DA:230,0
DA:232,0
DA:234,0
DA:235,0
DA:243,0
DA:244,0
DA:245,0
DA:247,0
DA:249,0
DA:250,0
DA:258,0
DA:259,0
DA:260,0
DA:262,0
DA:264,0
DA:265,0
DA:273,0
DA:274,0
DA:275,0
DA:280,0
DA:287,0
DA:294,0
DA:318,0
LF:112
LH:0
BRDA:35,0,0,0
BRDA:35,0,1,0
BRDA:39,1,0,0
BRDA:39,1,1,0
BRDA:54,2,0,0
BRDA:54,2,1,0
BRDA:86,3,0,0
BRDA:86,3,1,0
BRDA:97,4,0,0
BRDA:97,4,1,0
BRDA:159,5,0,0
BRDA:159,5,1,0
BRDA:168,6,0,0
BRDA:168,6,1,0
BRDA:177,7,0,0
BRDA:177,7,1,0
BRDA:186,8,0,0
BRDA:186,8,1,0
BRDA:195,9,0,0
BRDA:195,9,1,0
BRDA:204,10,0,0
BRDA:204,10,1,0
BRDA:214,11,0,0
BRDA:214,11,1,0
BRDA:229,12,0,0
BRDA:229,12,1,0
BRDA:244,13,0,0
BRDA:244,13,1,0
BRDA:259,14,0,0
BRDA:259,14,1,0
BRDA:287,15,0,0
BRDA:287,15,1,0
BRF:32
BRH:0
end_of_record
TN:
SF:src/services/storage.ts
FN:29,(anonymous_0)
FN:69,(anonymous_1)
FN:102,(anonymous_2)
FN:110,(anonymous_3)
FN:121,(anonymous_4)
FN:127,(anonymous_5)
FN:134,(anonymous_6)
FN:153,(anonymous_7)
FN:157,(anonymous_8)
FN:161,(anonymous_9)
FN:168,(anonymous_10)
FN:172,(anonymous_11)
FN:179,(anonymous_12)
FN:183,(anonymous_13)
FN:189,(anonymous_14)
FN:193,(anonymous_15)
FN:197,(anonymous_16)
FN:207,(anonymous_17)
FN:215,(anonymous_18)
FN:220,(anonymous_19)
FN:243,(anonymous_20)
FNF:21
FNH:0
FNDA:0,(anonymous_0)
FNDA:0,(anonymous_1)
FNDA:0,(anonymous_2)
FNDA:0,(anonymous_3)
FNDA:0,(anonymous_4)
FNDA:0,(anonymous_5)
FNDA:0,(anonymous_6)
FNDA:0,(anonymous_7)
FNDA:0,(anonymous_8)
FNDA:0,(anonymous_9)
FNDA:0,(anonymous_10)
FNDA:0,(anonymous_11)
FNDA:0,(anonymous_12)
FNDA:0,(anonymous_13)
FNDA:0,(anonymous_14)
FNDA:0,(anonymous_15)
FNDA:0,(anonymous_16)
FNDA:0,(anonymous_17)
FNDA:0,(anonymous_18)
FNDA:0,(anonymous_19)
FNDA:0,(anonymous_20)
DA:23,0
DA:24,0
DA:30,0
DA:32,0
DA:33,0
DA:39,0
DA:41,0
DA:42,0
DA:45,0
DA:46,0
DA:48,0
DA:49,0
DA:50,0
DA:52,0
DA:53,0
DA:54,0
DA:55,0
DA:57,0
DA:58,0
DA:61,0
DA:62,0
DA:70,0
DA:72,0
DA:73,0
DA:75,0
DA:76,0
DA:80,0
DA:81,0
DA:84,0
DA:87,0
DA:88,0
DA:89,0
DA:92,0
DA:94,0
DA:95,0
DA:103,0
DA:104,0
DA:111,0
DA:112,0
DA:114,0
DA:115,0
DA:116,0
DA:117,0
DA:121,0
DA:128,0
DA:135,0
DA:136,0
DA:138,0
DA:139,0
DA:140,0
DA:141,0
DA:145,0
DA:154,0
DA:158,0
DA:162,0
DA:169,0
DA:173,0
DA:180,0
DA:184,0
DA:190,0
DA:194,0
DA:200,0
DA:201,0
DA:203,0
DA:208,0
DA:209,0
DA:211,0
DA:217,0
DA:221,0
DA:222,0
DA:225,0
DA:226,0
DA:227,0
DA:228,0
DA:229,0
DA:230,0
DA:231,0
DA:232,0
DA:233,0
DA:238,0
DA:243,0
DA:244,0
DA:248,0
LF:83
LH:0
BRDA:29,0,0,0
BRDA:30,1,0,0
BRDA:30,2,0,0
BRDA:35,3,0,0
BRDA:35,3,1,0
BRDA:41,4,0,0
BRDA:41,4,1,0
BRDA:48,5,0,0
BRDA:48,5,1,0
BRDA:48,6,0,0
BRDA:48,6,1,0
BRDA:53,7,0,0
BRDA:53,7,1,0
BRDA:69,8,0,0
BRDA:70,9,0,0
BRDA:75,10,0,0
BRDA:75,10,1,0
BRDA:80,11,0,0
BRDA:80,11,1,0
BRDA:87,12,0,0
BRDA:87,12,1,0
BRDA:87,13,0,0
BRDA:87,13,1,0
BRDA:102,14,0,0
BRDA:103,15,0,0
BRDA:110,16,0,0
BRDA:116,17,0,0
BRDA:116,17,1,0
BRDA:127,18,0,0
BRDA:134,19,0,0
BRDA:140,20,0,0
BRDA:140,20,1,0
BRDA:169,21,0,0
BRDA:169,21,1,0
BRDA:190,22,0,0
BRDA:190,22,1,0
BRDA:217,23,0,0
BRDA:217,23,1,0
BRDA:227,24,0,0
BRDA:227,24,1,0
BRDA:230,25,0,0
BRDA:230,25,1,0
BRDA:232,26,0,0
BRDA:232,26,1,0
BRDA:232,27,0,0
BRDA:232,27,1,0
BRF:46
BRH:0
end_of_record
TN:
SF:src/services/workflowService.ts
FNF:0
FNH:0
LF:0
LH:0
BRF:0
BRH:0
end_of_record
TN:
SF:src/services/zipCodeService.ts
FN:64,(anonymous_0)
FN:72,(anonymous_1)
FN:80,(anonymous_2)
FN:88,(anonymous_3)
FN:96,(anonymous_4)
FN:105,(anonymous_5)
FN:115,(anonymous_6)
FN:125,(anonymous_7)
FN:133,(anonymous_8)
FN:143,(anonymous_9)
FNF:10
FNH:0
FNDA:0,(anonymous_0)
FNDA:0,(anonymous_1)
FNDA:0,(anonymous_2)
FNDA:0,(anonymous_3)
FNDA:0,(anonymous_4)
FNDA:0,(anonymous_5)
FNDA:0,(anonymous_6)
FNDA:0,(anonymous_7)
FNDA:0,(anonymous_8)
FNDA:0,(anonymous_9)
DA:60,0
DA:65,0
DA:66,0
DA:73,0
DA:74,0
DA:81,0
DA:82,0
DA:89,0
DA:90,0
DA:97,0
DA:98,0
DA:99,0
DA:106,0
DA:107,0
DA:108,0
DA:109,0
DA:116,0
DA:119,0
DA:126,0
DA:127,0
DA:134,0
DA:135,0
DA:136,0
DA:137,0
DA:144,0
DA:145,0
LF:26
LH:0
BRDA:97,0,0,0
BRDA:97,0,1,0
BRDA:105,1,0,0
BRDA:107,2,0,0
BRDA:107,2,1,0
BRDA:135,3,0,0
BRDA:135,3,1,0
BRF:7
BRH:0
end_of_record
TN:
SF:src/services/workflow/aiTypes.ts
FNF:0
FNH:0
LF:0
LH:0
BRF:0
BRH:0
end_of_record
TN:
SF:src/services/workflow/enums.ts
FNF:0
FNH:0
LF:0
LH:0
BRF:0
BRH:0
end_of_record
TN:
SF:src/services/workflow/index.ts
FNF:0
FNH:0
LF:0
LH:0
BRF:0
BRH:0
end_of_record
TN:
SF:src/services/workflow/types.ts
FNF:0
FNH:0
LF:0
LH:0
BRF:0
BRH:0
end_of_record
TN:
SF:src/services/workflow/workflowDefinitionApi.ts
FN:83,(anonymous_0)
FN:85,(anonymous_1)
FN:95,(anonymous_2)
FN:97,(anonymous_3)
FN:118,(anonymous_4)
FN:133,(anonymous_5)
FN:141,(anonymous_6)
FN:149,(anonymous_7)
FN:156,(anonymous_8)
FN:163,(anonymous_9)
FN:170,(anonymous_10)
FN:177,(anonymous_11)
FN:189,(anonymous_12)
FN:199,(anonymous_13)
FN:204,(anonymous_14)
FN:215,(anonymous_15)
FN:223,(anonymous_16)
FN:231,(anonymous_17)
FN:239,(anonymous_18)
FN:247,(anonymous_19)
FN:255,(anonymous_20)
FN:263,(anonymous_21)
FN:265,(anonymous_22)
FN:271,(anonymous_23)
FN:279,(anonymous_24)
FN:287,(anonymous_25)
FN:295,(anonymous_26)
FN:303,(anonymous_27)
FN:311,(anonymous_28)
FN:319,(anonymous_29)
FN:327,(anonymous_30)
FN:339,(anonymous_31)
FN:347,(anonymous_32)
FN:355,(anonymous_33)
FN:366,(anonymous_34)
FN:374,(anonymous_35)
FN:381,(anonymous_36)
FN:388,(anonymous_37)
FN:399,(anonymous_38)
FN:407,(anonymous_39)
FN:414,(anonymous_40)
FNF:41
FNH:0
FNDA:0,(anonymous_0)
FNDA:0,(anonymous_1)
FNDA:0,(anonymous_2)
FNDA:0,(anonymous_3)
FNDA:0,(anonymous_4)
FNDA:0,(anonymous_5)
FNDA:0,(anonymous_6)
FNDA:0,(anonymous_7)
FNDA:0,(anonymous_8)
FNDA:0,(anonymous_9)
FNDA:0,(anonymous_10)
FNDA:0,(anonymous_11)
FNDA:0,(anonymous_12)
FNDA:0,(anonymous_13)
FNDA:0,(anonymous_14)
FNDA:0,(anonymous_15)
FNDA:0,(anonymous_16)
FNDA:0,(anonymous_17)
FNDA:0,(anonymous_18)
FNDA:0,(anonymous_19)
FNDA:0,(anonymous_20)
FNDA:0,(anonymous_21)
FNDA:0,(anonymous_22)
FNDA:0,(anonymous_23)
FNDA:0,(anonymous_24)
FNDA:0,(anonymous_25)
FNDA:0,(anonymous_26)
FNDA:0,(anonymous_27)
FNDA:0,(anonymous_28)
FNDA:0,(anonymous_29)
FNDA:0,(anonymous_30)
FNDA:0,(anonymous_31)
FNDA:0,(anonymous_32)
FNDA:0,(anonymous_33)
FNDA:0,(anonymous_34)
FNDA:0,(anonymous_35)
FNDA:0,(anonymous_36)
FNDA:0,(anonymous_37)
FNDA:0,(anonymous_38)
FNDA:0,(anonymous_39)
FNDA:0,(anonymous_40)
DA:37,0
DA:58,0
DA:78,0
DA:79,0
DA:82,0
DA:84,0
DA:85,0
DA:86,0
DA:87,0
DA:90,0
DA:94,0
DA:96,0
DA:97,0
DA:98,0
DA:99,0
DA:102,0
DA:110,0
DA:126,0
DA:127,0
DA:134,0
DA:135,0
DA:142,0
DA:143,0
DA:150,0
DA:157,0
DA:164,0
DA:171,0
DA:178,0
DA:179,0
DA:190,0
DA:191,0
DA:194,0
DA:195,0
DA:198,0
DA:200,0
DA:201,0
DA:202,0
DA:205,0
DA:206,0
DA:209,0
DA:216,0
DA:217,0
DA:224,0
DA:225,0
DA:232,0
DA:233,0
DA:240,0
DA:241,0
DA:248,0
DA:249,0
DA:256,0
DA:257,0
DA:264,0
DA:265,0
DA:272,0
DA:273,0
DA:280,0
DA:281,0
DA:288,0
DA:289,0
DA:296,0
DA:297,0
DA:304,0
DA:305,0
DA:312,0
DA:313,0
DA:320,0
DA:321,0
DA:328,0
DA:329,0
DA:340,0
DA:341,0
DA:348,0
DA:349,0
DA:356,0
DA:367,0
DA:368,0
DA:375,0
DA:382,0
DA:389,0
DA:400,0
DA:401,0
DA:408,0
DA:415,0
LF:84
LH:0
BRDA:84,0,0,0
BRDA:84,0,1,0
BRDA:86,1,0,0
BRDA:86,1,1,0
BRDA:90,2,0,0
BRDA:90,2,1,0
BRDA:96,3,0,0
BRDA:96,3,1,0
BRDA:98,4,0,0
BRDA:98,4,1,0
BRDA:102,5,0,0
BRDA:102,5,1,0
BRDA:189,6,0,0
BRDA:190,7,0,0
BRDA:190,7,1,0
BRDA:190,8,0,0
BRDA:190,8,1,0
BRDA:194,9,0,0
BRDA:194,9,1,0
BRDA:194,10,0,0
BRDA:194,10,1,0
BRF:21
BRH:0
end_of_record
TN:
SF:src/services/workflow/workflowInstanceApi.ts
FN:34,(anonymous_0)
FN:64,(anonymous_1)
FN:72,(anonymous_2)
FN:80,(anonymous_3)
FN:88,(anonymous_4)
FN:95,(anonymous_5)
FN:102,(anonymous_6)
FN:109,(anonymous_7)
FN:116,(anonymous_8)
FN:127,(anonymous_9)
FN:135,(anonymous_10)
FN:142,(anonymous_11)
FN:153,(anonymous_12)
FN:166,(anonymous_13)
FN:173,(anonymous_14)
FN:189,(anonymous_15)
FN:204,(anonymous_16)
FN:218,(anonymous_17)
FN:226,(anonymous_18)
FNF:19
FNH:0
FNDA:0,(anonymous_0)
FNDA:0,(anonymous_1)
FNDA:0,(anonymous_2)
FNDA:0,(anonymous_3)
FNDA:0,(anonymous_4)
FNDA:0,(anonymous_5)
FNDA:0,(anonymous_6)
FNDA:0,(anonymous_7)
FNDA:0,(anonymous_8)
FNDA:0,(anonymous_9)
FNDA:0,(anonymous_10)
FNDA:0,(anonymous_11)
FNDA:0,(anonymous_12)
FNDA:0,(anonymous_13)
FNDA:0,(anonymous_14)
FNDA:0,(anonymous_15)
FNDA:0,(anonymous_16)
FNDA:0,(anonymous_17)
FNDA:0,(anonymous_18)
DA:26,0
DA:47,0
DA:49,0
DA:50,0
DA:58,0
DA:65,0
DA:66,0
DA:73,0
DA:74,0
DA:81,0
DA:82,0
DA:89,0
DA:96,0
DA:103,0
DA:110,0
DA:117,0
DA:128,0
DA:129,0
DA:136,0
DA:143,0
DA:159,0
DA:160,0
DA:167,0
DA:178,0
DA:179,0
DA:197,0
DA:198,0
DA:208,0
DA:212,0
DA:219,0
DA:220,0
DA:227,0
DA:228,0
LF:33
LH:0
BRDA:49,0,0,0
BRDA:49,0,1,0
BRF:2
BRH:0
end_of_record
TN:
SF:src/theme/muiTheme.ts
FN:260,(anonymous_0)
FN:511,(anonymous_1)
FNF:2
FNH:0
FNDA:0,(anonymous_0)
FNDA:0,(anonymous_1)
DA:4,0
DA:52,0
DA:100,0
DA:148,0
DA:151,0
DA:226,0
DA:231,0
DA:260,0
DA:511,0
DA:512,0
DA:513,0
DA:515,0
DA:579,0
DA:582,0
DA:583,0
DA:584,0
LF:16
LH:0
BRDA:276,0,0,0
BRDA:276,0,1,0
BRDA:278,1,0,0
BRDA:278,1,1,0
BRDA:285,2,0,0
BRDA:285,2,1,0
BRDA:290,3,0,0
BRDA:290,3,1,0
BRDA:307,4,0,0
BRDA:307,4,1,0
BRDA:310,5,0,0
BRDA:310,5,1,0
BRDA:327,6,0,0
BRDA:327,6,1,0
BRDA:332,7,0,0
BRDA:332,7,1,0
BRDA:354,8,0,0
BRDA:354,8,1,0
BRDA:423,9,0,0
BRDA:423,9,1,0
BRDA:426,10,0,0
BRDA:426,10,1,0
BRDA:428,11,0,0
BRDA:428,11,1,0
BRDA:475,12,0,0
BRDA:475,12,1,0
BRDA:476,13,0,0
BRDA:476,13,1,0
BRDA:486,14,0,0
BRDA:486,14,1,0
BRDA:496,15,0,0
BRDA:496,15,1,0
BRDA:512,16,0,0
BRDA:512,16,1,0
BRDA:513,17,0,0
BRDA:513,17,1,0
BRDA:513,18,0,0
BRDA:513,18,1,0
BRDA:517,19,0,0
BRDA:517,19,1,0
BRDA:521,20,0,0
BRDA:521,20,1,0
BRDA:527,21,0,0
BRDA:527,21,1,0
BRDA:531,22,0,0
BRDA:531,22,1,0
BRDA:532,23,0,0
BRDA:532,23,1,0
BRDA:533,24,0,0
BRDA:533,24,1,0
BRDA:534,25,0,0
BRDA:534,25,1,0
BRDA:539,26,0,0
BRDA:539,26,1,0
BRDA:543,27,0,0
BRDA:543,27,1,0
BRDA:544,28,0,0
BRDA:544,28,1,0
BRDA:545,29,0,0
BRDA:545,29,1,0
BRDA:546,30,0,0
BRDA:546,30,1,0
BRDA:549,31,0,0
BRDA:549,31,1,0
BRDA:550,32,0,0
BRDA:550,32,1,0
BRDA:551,33,0,0
BRDA:551,33,1,0
BRDA:552,34,0,0
BRDA:552,34,1,0
BRDA:565,35,0,0
BRDA:565,35,1,0
BRDA:566,36,0,0
BRDA:566,36,1,0
BRDA:567,37,0,0
BRDA:567,37,1,0
BRDA:568,38,0,0
BRDA:568,38,1,0
BRF:78
BRH:0
end_of_record
TN:
SF:src/types/index.ts
FNF:0
FNH:0
LF:0
LH:0
BRF:0
BRH:0
end_of_record
TN:
SF:src/utils/constants.ts
FN:347,(anonymous_0)
FN:354,(anonymous_1)
FN:505,(anonymous_2)
FN:508,(anonymous_3)
FN:513,(anonymous_4)
FN:521,(anonymous_5)
FN:525,(anonymous_6)
FNF:7
FNH:0
FNDA:0,(anonymous_0)
FNDA:0,(anonymous_1)
FNDA:0,(anonymous_2)
FNDA:0,(anonymous_3)
FNDA:0,(anonymous_4)
FNDA:0,(anonymous_5)
FNDA:0,(anonymous_6)
DA:14,0
DA:29,0
DA:39,0
DA:49,0
DA:52,0
DA:62,0
DA:69,0
DA:86,0
DA:105,0
DA:115,0
DA:123,0
DA:133,0
DA:149,0
DA:167,0
DA:181,0
DA:197,0
DA:200,0
DA:204,0
DA:212,0
DA:229,0
DA:240,0
DA:254,0
DA:265,0
DA:281,0
DA:291,0
DA:294,0
DA:309,0
DA:326,0
DA:327,0
DA:329,0
DA:330,0
DA:331,0
DA:334,0
DA:347,0
DA:348,0
DA:354,0
DA:355,0
DA:362,0
DA:378,0
DA:388,0
DA:390,0
DA:397,0
DA:406,0
DA:420,0
DA:427,0
DA:443,0
DA:456,0
DA:485,0
DA:505,0
DA:508,0
DA:513,0
DA:516,0
DA:521,0
DA:525,0
DA:526,0
LF:55
LH:0
BRDA:348,0,0,0
BRDA:348,0,1,0
BRDA:355,1,0,0
BRDA:355,1,1,0
BRDA:516,2,0,0
BRDA:516,2,1,0
BRDA:526,3,0,0
BRDA:526,3,1,0
BRDA:526,4,0,0
BRDA:526,4,1,0
BRF:10
BRH:0
end_of_record
TN:
SF:src/utils/debug.ts
FN:4,(anonymous_0)
FN:10,(anonymous_1)
FN:15,(anonymous_2)
FN:21,(anonymous_3)
FNF:4
FNH:0
FNDA:0,(anonymous_0)
FNDA:0,(anonymous_1)
FNDA:0,(anonymous_2)
FNDA:0,(anonymous_3)
DA:2,0
DA:4,0
DA:5,0
DA:6,0
DA:10,0
DA:12,0
DA:15,0
DA:16,0
DA:17,0
DA:21,0
DA:22,0
DA:23,0
LF:12
LH:0
BRDA:5,0,0,0
BRDA:5,0,1,0
BRDA:6,1,0,0
BRDA:6,1,1,0
BRDA:12,2,0,0
BRDA:12,2,1,0
BRDA:16,3,0,0
BRDA:16,3,1,0
BRDA:17,4,0,0
BRDA:17,4,1,0
BRDA:22,5,0,0
BRDA:22,5,1,0
BRDA:23,6,0,0
BRDA:23,6,1,0
BRF:14
BRH:0
end_of_record
TN:
SF:src/utils/errorHandler.ts
FN:50,(anonymous_0)
FN:55,(anonymous_1)
FN:71,(anonymous_2)
FN:130,(anonymous_3)
FN:141,(anonymous_4)
FN:155,(anonymous_5)
FN:156,(anonymous_6)
FN:162,(anonymous_7)
FN:170,(anonymous_8)
FN:181,(anonymous_9)
FN:182,(anonymous_10)
FN:219,(anonymous_11)
FN:251,(anonymous_12)
FN:254,(anonymous_13)
FN:263,(anonymous_14)
FN:270,(anonymous_15)
FN:284,(anonymous_16)
FN:303,(anonymous_17)
FN:317,(anonymous_18)
FN:323,(anonymous_19)
FN:326,(anonymous_20)
FN:336,(anonymous_21)
FN:382,(anonymous_22)
FN:386,(anonymous_23)
FN:399,(anonymous_24)
FN:400,(anonymous_25)
FN:435,(anonymous_26)
FN:457,(anonymous_27)
FN:467,(anonymous_28)
FN:476,(anonymous_29)
FN:478,(anonymous_30)
FN:520,(anonymous_31)
FN:547,(anonymous_32)
FN:554,(anonymous_33)
FNF:34
FNH:0
FNDA:0,(anonymous_0)
FNDA:0,(anonymous_1)
FNDA:0,(anonymous_2)
FNDA:0,(anonymous_3)
FNDA:0,(anonymous_4)
FNDA:0,(anonymous_5)
FNDA:0,(anonymous_6)
FNDA:0,(anonymous_7)
FNDA:0,(anonymous_8)
FNDA:0,(anonymous_9)
FNDA:0,(anonymous_10)
FNDA:0,(anonymous_11)
FNDA:0,(anonymous_12)
FNDA:0,(anonymous_13)
FNDA:0,(anonymous_14)
FNDA:0,(anonymous_15)
FNDA:0,(anonymous_16)
FNDA:0,(anonymous_17)
FNDA:0,(anonymous_18)
FNDA:0,(anonymous_19)
FNDA:0,(anonymous_20)
FNDA:0,(anonymous_21)
FNDA:0,(anonymous_22)
FNDA:0,(anonymous_23)
FNDA:0,(anonymous_24)
FNDA:0,(anonymous_25)
FNDA:0,(anonymous_26)
FNDA:0,(anonymous_27)
FNDA:0,(anonymous_28)
FNDA:0,(anonymous_29)
FNDA:0,(anonymous_30)
FNDA:0,(anonymous_31)
FNDA:0,(anonymous_32)
FNDA:0,(anonymous_33)
DA:33,0
DA:43,0
DA:44,0
DA:45,0
DA:46,0
DA:47,0
DA:50,0
DA:51,0
DA:55,0
DA:60,0
DA:71,0
DA:72,0
DA:75,0
DA:78,0
DA:79,0
DA:83,0
DA:84,0
DA:92,0
DA:96,0
DA:97,0
DA:98,0
DA:100,0
DA:101,0
DA:103,0
DA:104,0
DA:106,0
DA:110,0
DA:111,0
DA:112,0
DA:113,0
DA:114,0
DA:115,0
DA:117,0
DA:124,0
DA:125,0
DA:130,0
DA:131,0
DA:137,0
DA:141,0
DA:142,0
DA:143,0
DA:146,0
DA:150,0
DA:151,0
DA:155,0
DA:156,0
DA:158,0
DA:160,0
DA:162,0
DA:163,0
DA:164,0
DA:166,0
DA:169,0
DA:170,0
DA:174,0
DA:175,0
DA:181,0
DA:182,0
DA:183,0
DA:184,0
DA:186,0
DA:187,0
DA:189,0
DA:190,0
DA:198,0
DA:201,0
DA:203,0
DA:204,0
DA:211,0
DA:213,0
DA:219,0
DA:220,0
DA:221,0
DA:222,0
DA:225,0
DA:228,0
DA:229,0
DA:232,0
DA:233,0
DA:237,0
DA:238,0
DA:241,0
DA:243,0
DA:247,0
DA:251,0
DA:254,0
DA:255,0
DA:256,0
DA:258,0
DA:263,0
DA:264,0
DA:265,0
DA:266,0
DA:270,0
DA:271,0
DA:272,0
DA:273,0
DA:274,0
DA:275,0
DA:276,0
DA:277,0
DA:278,0
DA:279,0
DA:280,0
DA:284,0
DA:289,0
DA:291,0
DA:292,0
DA:295,0
DA:303,0
DA:308,0
DA:313,0
DA:317,0
DA:318,0
DA:319,0
DA:323,0
DA:326,0
DA:327,0
DA:328,0
DA:329,0
DA:330,0
DA:331,0
DA:332,0
DA:336,0
DA:337,0
DA:338,0
DA:339,0
DA:340,0
DA:343,0
DA:344,0
DA:345,0
DA:362,0
DA:363,0
DA:373,0
DA:375,0
DA:376,0
DA:377,0
DA:379,0
DA:382,0
DA:383,0
DA:384,0
DA:386,0
DA:396,0
DA:399,0
DA:400,0
DA:401,0
DA:402,0
DA:404,0
DA:407,0
DA:411,0
DA:412,0
DA:435,0
DA:436,0
DA:442,0
DA:444,0
DA:448,0
DA:449,0
DA:451,0
DA:452,0
DA:454,0
DA:457,0
DA:461,0
DA:462,0
DA:465,0
DA:467,0
DA:472,0
DA:475,0
DA:476,0
DA:477,0
DA:478,0
DA:480,0
DA:486,0
DA:488,0
DA:492,0
DA:493,0
DA:497,0
DA:498,0
DA:503,0
DA:507,0
DA:508,0
DA:509,0
DA:513,0
DA:514,0
DA:515,0
DA:519,0
DA:520,0
DA:521,0
DA:525,0
DA:526,0
DA:527,0
DA:531,0
DA:532,0
DA:535,0
DA:536,0
DA:537,0
DA:541,0
DA:547,0
DA:548,0
DA:554,0
DA:555,0
DA:566,0
LF:201
LH:0
BRDA:72,0,0,0
BRDA:72,0,1,0
BRDA:83,1,0,0
BRDA:83,1,1,0
BRDA:94,2,0,0
BRDA:94,2,1,0
BRDA:97,3,0,0
BRDA:97,3,1,0
BRDA:100,4,0,0
BRDA:100,4,1,0
BRDA:103,5,0,0
BRDA:103,5,1,0
BRDA:110,6,0,0
BRDA:110,6,1,0
BRDA:112,7,0,0
BRDA:112,7,1,0
BRDA:124,8,0,0
BRDA:124,8,1,0
BRDA:143,9,0,0
BRDA:143,9,1,0
BRDA:146,10,0,0
BRDA:146,10,1,0
BRDA:160,11,0,0
BRDA:160,11,1,0
BRDA:163,12,0,0
BRDA:163,12,1,0
BRDA:170,13,0,0
BRDA:170,13,1,0
BRDA:174,14,0,0
BRDA:174,14,1,0
BRDA:184,15,0,0
BRDA:184,15,1,0
BRDA:184,16,0,0
BRDA:184,16,1,0
BRDA:189,17,0,0
BRDA:189,17,1,0
BRDA:189,18,0,0
BRDA:189,18,1,0
BRDA:193,19,0,0
BRDA:193,19,1,0
BRDA:203,20,0,0
BRDA:203,20,1,0
BRDA:204,21,0,0
BRDA:204,21,1,0
BRDA:205,22,0,0
BRDA:205,22,1,0
BRDA:208,23,0,0
BRDA:208,23,1,0
BRDA:220,24,0,0
BRDA:220,24,1,0
BRDA:232,25,0,0
BRDA:232,25,1,0
BRDA:237,26,0,0
BRDA:237,26,1,0
BRDA:256,27,0,0
BRDA:256,27,1,0
BRDA:292,28,0,0
BRDA:292,28,1,0
BRDA:338,29,0,0
BRDA:338,29,1,0
BRDA:384,30,0,0
BRDA:384,30,1,0
BRDA:388,31,0,0
BRDA:388,31,1,0
BRDA:388,32,0,0
BRDA:388,32,1,0
BRDA:391,33,0,0
BRDA:391,33,1,0
BRDA:411,34,0,0
BRDA:411,34,1,0
BRDA:435,35,0,0
BRDA:442,36,0,0
BRDA:442,36,1,0
BRDA:444,37,0,0
BRDA:444,37,1,0
BRDA:444,37,2,0
BRDA:448,38,0,0
BRDA:448,38,1,0
BRDA:448,39,0,0
BRDA:448,39,1,0
BRDA:452,40,0,0
BRDA:452,40,1,0
BRDA:452,41,0,0
BRDA:452,41,1,0
BRDA:461,42,0,0
BRDA:461,42,1,0
BRDA:475,43,0,0
BRDA:475,43,1,0
BRDA:477,44,0,0
BRDA:477,44,1,0
BRDA:492,45,0,0
BRDA:492,45,1,0
BRDA:492,46,0,0
BRDA:492,46,1,0
BRDA:497,47,0,0
BRDA:497,47,1,0
BRDA:498,48,0,0
BRDA:498,48,1,0
BRDA:507,49,0,0
BRDA:507,49,1,0
BRDA:513,50,0,0
BRDA:513,50,1,0
BRDA:514,51,0,0
BRDA:514,51,1,0
BRDA:519,52,0,0
BRDA:519,52,1,0
BRDA:525,53,0,0
BRDA:525,53,1,0
BRDA:531,54,0,0
BRDA:531,54,1,0
BRDA:535,55,0,0
BRDA:535,55,1,0
BRDA:536,56,0,0
BRDA:536,56,1,0
BRDA:547,57,0,0
BRDA:566,58,0,0
BRDA:566,58,1,0
BRF:117
BRH:0
end_of_record
TN:
SF:src/utils/sanitize.ts
FN:48,sanitizeHtml
FN:58,sanitizeHtmlStrict
FN:68,sanitizeRichText
FN:77,stripHtml
FN:86,sanitizeUrl
FN:93,(anonymous_5)
FN:120,escapeHtml
FN:131,createSafeHtml
FN:140,createSafeHtmlStrict
FNF:9
FNH:0
FNDA:0,sanitizeHtml
FNDA:0,sanitizeHtmlStrict
FNDA:0,sanitizeRichText
FNDA:0,stripHtml
FNDA:0,sanitizeUrl
FNDA:0,(anonymous_5)
FNDA:0,escapeHtml
FNDA:0,createSafeHtml
FNDA:0,createSafeHtmlStrict
DA:9,0
DA:28,0
DA:35,0
DA:49,0
DA:59,0
DA:69,0
DA:78,0
DA:87,0
DA:91,0
DA:92,0
DA:93,0
DA:95,0
DA:99,0
DA:108,0
DA:111,0
DA:121,0
DA:122,0
DA:123,0
DA:132,0
DA:141,0
LF:20
LH:0
BRDA:38,0,0,0
BRDA:38,0,1,0
BRDA:92,1,0,0
BRDA:92,1,1,0
BRDA:99,2,0,0
BRDA:99,2,1,0
BRDA:100,3,0,0
BRDA:100,3,1,0
BRDA:100,3,2,0
BRDA:100,3,3,0
BRDA:100,3,4,0
BRDA:100,3,5,0
BRDA:100,3,6,0
BRF:13
BRH:0
end_of_record
TN:
SF:src/utils/validation.ts
FN:12,(anonymous_0)
FN:202,validate
FN:215,validateSafe
FN:229,validateWithErrors
FNF:4
FNH:0
FNDA:0,(anonymous_0)
FNDA:0,validate
FNDA:0,validateSafe
FNDA:0,validateWithErrors
DA:12,0
DA:13,0
DA:21,0
DA:27,0
DA:36,0
DA:48,0
DA:59,0
DA:79,0
DA:85,0
DA:101,0
DA:107,0
DA:124,0
DA:130,0
DA:147,0
DA:153,0
DA:167,0
DA:173,0
DA:189,0
DA:206,0
DA:219,0
DA:220,0
DA:233,0
DA:234,0
DA:235,0
DA:237,0
LF:25
LH:0
BRDA:220,0,0,0
BRDA:220,0,1,0
BRDA:234,1,0,0
BRDA:234,1,1,0
BRF:4
BRH:0
end_of_record
