TN:
SF:src/App.tsx
FN:92,App
FN:94,(anonymous_1)
FNF:2
FNH:0
FNDA:0,App
FNDA:0,(anonymous_1)
DA:94,0
DA:95,0
DA:105,0
DA:106,0
DA:109,0
LF:5
LH:0
BRF:0
BRH:0
end_of_record
TN:
SF:src/index.js
FNF:0
FNH:0
DA:24,0
DA:25,0
LF:2
LH:0
BRF:0
BRH:0
end_of_record
TN:
SF:src/main.tsx
FNF:0
FNH:0
DA:7,0
LF:1
LH:0
BRF:0
BRH:0
end_of_record
TN:
SF:src/test-utils.tsx
FN:288,(anonymous_0)
FN:290,(anonymous_1)
FN:301,(anonymous_2)
FN:326,(anonymous_3)
FN:333,(anonymous_4)
FN:349,(anonymous_5)
FN:351,(anonymous_6)
FN:354,(anonymous_7)
FN:357,(anonymous_8)
FN:358,(anonymous_9)
FN:361,(anonymous_10)
FN:364,(anonymous_11)
FN:365,(anonymous_12)
FN:367,(anonymous_13)
FN:370,(anonymous_14)
FN:374,(anonymous_15)
FN:377,(anonymous_16)
FN:378,(anonymous_17)
FN:381,(anonymous_18)
FN:384,(anonymous_19)
FN:385,(anonymous_20)
FN:387,(anonymous_21)
FN:390,(anonymous_22)
FN:397,(anonymous_23)
FN:410,(anonymous_24)
FN:421,(anonymous_25)
FN:425,(anonymous_26)
FN:429,(anonymous_27)
FNF:28
FNH:0
FNDA:0,(anonymous_0)
FNDA:0,(anonymous_1)
FNDA:0,(anonymous_2)
FNDA:0,(anonymous_3)
FNDA:0,(anonymous_4)
FNDA:0,(anonymous_5)
FNDA:0,(anonymous_6)
FNDA:0,(anonymous_7)
FNDA:0,(anonymous_8)
FNDA:0,(anonymous_9)
FNDA:0,(anonymous_10)
FNDA:0,(anonymous_11)
FNDA:0,(anonymous_12)
FNDA:0,(anonymous_13)
FNDA:0,(anonymous_14)
FNDA:0,(anonymous_15)
FNDA:0,(anonymous_16)
FNDA:0,(anonymous_17)
FNDA:0,(anonymous_18)
FNDA:0,(anonymous_19)
FNDA:0,(anonymous_20)
FNDA:0,(anonymous_21)
FNDA:0,(anonymous_22)
FNDA:0,(anonymous_23)
FNDA:0,(anonymous_24)
FNDA:0,(anonymous_25)
FNDA:0,(anonymous_26)
FNDA:0,(anonymous_27)
DA:17,0
DA:32,0
DA:41,0
DA:52,0
DA:58,0
DA:63,0
DA:73,0
DA:81,0
DA:86,0
DA:93,0
DA:98,0
DA:109,0
DA:114,0
DA:149,0
DA:176,0
DA:201,0
DA:224,0
DA:247,0
DA:261,0
DA:275,0
DA:286,0
DA:288,0
DA:290,0
DA:301,0
DA:302,0
DA:326,0
DA:330,0
DA:332,0
DA:334,0
DA:349,0
DA:351,0
DA:354,0
DA:355,0
DA:356,0
DA:357,0
DA:359,0
DA:362,0
DA:365,0
DA:368,0
DA:370,0
DA:374,0
DA:375,0
DA:376,0
DA:377,0
DA:379,0
DA:382,0
DA:385,0
DA:388,0
DA:390,0
DA:397,0
DA:401,0
DA:402,0
DA:403,0
DA:404,0
DA:405,0
DA:410,0
DA:411,0
DA:413,0
DA:414,0
DA:421,0
DA:422,0
DA:425,0
DA:426,0
DA:429,0
DA:430,0
DA:431,0
DA:432,0
DA:433,0
DA:435,0
LF:69
LH:0
BRDA:301,0,0,0
BRDA:330,1,0,0
BRDA:330,1,1,0
BRDA:357,2,0,0
BRDA:357,2,1,0
BRDA:370,3,0,0
BRDA:370,3,1,0
BRDA:377,4,0,0
BRDA:377,4,1,0
BRDA:390,5,0,0
BRDA:390,5,1,0
BRDA:403,6,0,0
BRDA:403,6,1,0
BRDA:410,7,0,0
BRDA:411,8,0,0
BRDA:411,8,1,0
BRDA:413,9,0,0
BRDA:413,9,1,0
BRDA:431,10,0,0
BRDA:431,10,1,0
BRF:20
BRH:0
end_of_record
TN:
SF:src/components/AdvancedSearch.tsx
FN:52,(anonymous_0)
FN:66,(anonymous_1)
FN:67,(anonymous_2)
FN:74,(anonymous_3)
FN:77,(anonymous_4)
FN:78,(anonymous_5)
FN:84,(anonymous_6)
FN:87,(anonymous_7)
FN:92,(anonymous_8)
FN:108,(anonymous_9)
FN:122,(anonymous_10)
FN:129,(anonymous_11)
FN:136,(anonymous_12)
FN:141,(anonymous_13)
FN:142,(anonymous_14)
FN:146,(anonymous_15)
FN:164,(anonymous_16)
FN:174,(anonymous_17)
FN:180,(anonymous_18)
FN:197,(anonymous_19)
FN:211,(anonymous_20)
FN:220,(anonymous_21)
FN:234,(anonymous_22)
FN:248,(anonymous_23)
FN:256,(anonymous_24)
FN:267,(anonymous_25)
FN:286,(anonymous_26)
FN:303,(anonymous_27)
FN:314,(anonymous_28)
FN:330,(anonymous_29)
FN:352,(anonymous_30)
FN:353,(anonymous_31)
FN:358,(anonymous_32)
FN:385,(anonymous_33)
FN:420,(anonymous_34)
FN:431,(anonymous_35)
FN:432,(anonymous_36)
FN:440,(anonymous_37)
FN:441,(anonymous_38)
FNF:39
FNH:0
FNDA:0,(anonymous_0)
FNDA:0,(anonymous_1)
FNDA:0,(anonymous_2)
FNDA:0,(anonymous_3)
FNDA:0,(anonymous_4)
FNDA:0,(anonymous_5)
FNDA:0,(anonymous_6)
FNDA:0,(anonymous_7)
FNDA:0,(anonymous_8)
FNDA:0,(anonymous_9)
FNDA:0,(anonymous_10)
FNDA:0,(anonymous_11)
FNDA:0,(anonymous_12)
FNDA:0,(anonymous_13)
FNDA:0,(anonymous_14)
FNDA:0,(anonymous_15)
FNDA:0,(anonymous_16)
FNDA:0,(anonymous_17)
FNDA:0,(anonymous_18)
FNDA:0,(anonymous_19)
FNDA:0,(anonymous_20)
FNDA:0,(anonymous_21)
FNDA:0,(anonymous_22)
FNDA:0,(anonymous_23)
FNDA:0,(anonymous_24)
FNDA:0,(anonymous_25)
FNDA:0,(anonymous_26)
FNDA:0,(anonymous_27)
FNDA:0,(anonymous_28)
FNDA:0,(anonymous_29)
FNDA:0,(anonymous_30)
FNDA:0,(anonymous_31)
FNDA:0,(anonymous_32)
FNDA:0,(anonymous_33)
FNDA:0,(anonymous_34)
FNDA:0,(anonymous_35)
FNDA:0,(anonymous_36)
FNDA:0,(anonymous_37)
FNDA:0,(anonymous_38)
DA:52,0
DA:60,0
DA:61,0
DA:62,0
DA:63,0
DA:66,0
DA:67,0
DA:68,0
DA:69,0
DA:71,0
DA:74,0
DA:77,0
DA:78,0
DA:84,0
DA:85,0
DA:87,0
DA:88,0
DA:90,0
DA:91,0
DA:92,0
DA:94,0
DA:95,0
DA:96,0
DA:98,0
DA:101,0
DA:108,0
DA:109,0
DA:118,0
DA:119,0
DA:122,0
DA:123,0
DA:124,0
DA:125,0
DA:126,0
DA:129,0
DA:130,0
DA:131,0
DA:132,0
DA:133,0
DA:134,0
DA:136,0
DA:137,0
DA:138,0
DA:141,0
DA:142,0
DA:143,0
DA:145,0
DA:146,0
DA:147,0
DA:150,0
DA:151,0
DA:152,0
DA:153,0
DA:154,0
DA:157,0
DA:158,0
DA:161,0
DA:164,0
DA:165,0
DA:167,0
DA:169,0
DA:174,0
DA:181,0
DA:190,0
DA:197,0
DA:203,0
DA:211,0
DA:220,0
DA:227,0
DA:234,0
DA:240,0
DA:248,0
DA:256,0
DA:262,0
DA:267,0
DA:280,0
DA:286,0
DA:293,0
DA:303,0
DA:314,0
DA:330,0
DA:353,0
DA:354,0
DA:358,0
DA:386,0
DA:420,0
DA:426,0
DA:429,0
DA:430,0
DA:431,0
DA:432,0
DA:433,0
DA:434,0
DA:440,0
DA:441,0
DA:442,0
DA:444,0
DA:445,0
DA:448,0
DA:450,0
DA:452,0
DA:454,0
DA:456,0
DA:458,0
DA:460,0
DA:462,0
DA:464,0
DA:466,0
DA:467,0
DA:468,0
DA:469,0
DA:470,0
DA:471,0
DA:472,0
DA:474,0
DA:476,0
DA:481,0
LF:117
LH:0
BRDA:55,0,0,0
BRDA:56,1,0,0
BRDA:57,2,0,0
BRDA:68,3,0,0
BRDA:68,3,1,0
BRDA:68,4,0,0
BRDA:68,4,1,0
BRDA:88,5,0,0
BRDA:88,5,1,0
BRDA:88,6,0,0
BRDA:88,6,1,0
BRDA:88,6,2,0
BRDA:90,7,0,0
BRDA:90,7,1,0
BRDA:90,8,0,0
BRDA:90,8,1,0
BRDA:94,9,0,0
BRDA:94,9,1,0
BRDA:95,10,0,0
BRDA:95,10,1,0
BRDA:104,11,0,0
BRDA:104,11,1,0
BRDA:111,12,0,0
BRDA:111,12,1,0
BRDA:143,13,0,0
BRDA:143,13,1,0
BRDA:145,14,0,0
BRDA:145,14,1,0
BRDA:145,15,0,0
BRDA:145,15,1,0
BRDA:147,16,0,0
BRDA:147,16,1,0
BRDA:150,17,0,0
BRDA:150,17,1,0
BRDA:150,18,0,0
BRDA:150,18,1,0
BRDA:151,19,0,0
BRDA:151,19,1,0
BRDA:152,20,0,0
BRDA:152,20,1,0
BRDA:152,21,0,0
BRDA:152,21,1,0
BRDA:153,22,0,0
BRDA:153,22,1,0
BRDA:154,23,0,0
BRDA:154,23,1,0
BRDA:157,24,0,0
BRDA:157,24,1,0
BRDA:158,25,0,0
BRDA:158,25,1,0
BRDA:167,26,0,0
BRDA:167,26,1,0
BRDA:167,26,2,0
BRDA:167,26,3,0
BRDA:167,26,4,0
BRDA:167,26,5,0
BRDA:167,26,6,0
BRDA:173,27,0,0
BRDA:173,27,1,0
BRDA:196,28,0,0
BRDA:196,28,1,0
BRDA:210,29,0,0
BRDA:210,29,1,0
BRDA:219,30,0,0
BRDA:219,30,1,0
BRDA:233,31,0,0
BRDA:233,31,1,0
BRDA:247,32,0,0
BRDA:247,32,1,0
BRDA:255,33,0,0
BRDA:255,33,1,0
BRDA:266,34,0,0
BRDA:266,34,1,0
BRDA:267,35,0,0
BRDA:267,35,1,0
BRDA:285,36,0,0
BRDA:285,36,1,0
BRDA:310,37,0,0
BRDA:310,37,1,0
BRDA:323,38,0,0
BRDA:323,38,1,0
BRDA:324,39,0,0
BRDA:324,39,1,0
BRDA:326,40,0,0
BRDA:326,40,1,0
BRDA:329,41,0,0
BRDA:329,41,1,0
BRDA:334,42,0,0
BRDA:334,42,1,0
BRDA:349,43,0,0
BRDA:349,43,1,0
BRDA:357,44,0,0
BRDA:357,44,1,0
BRDA:429,45,0,0
BRDA:429,45,1,0
BRDA:434,46,0,0
BRDA:434,46,1,0
BRDA:444,47,0,0
BRDA:444,47,1,0
BRDA:444,48,0,0
BRDA:444,48,1,0
BRDA:448,49,0,0
BRDA:448,49,1,0
BRDA:448,49,2,0
BRDA:448,49,3,0
BRDA:448,49,4,0
BRDA:448,49,5,0
BRDA:448,49,6,0
BRDA:448,49,7,0
BRDA:448,49,8,0
BRDA:448,49,9,0
BRDA:466,50,0,0
BRDA:466,50,1,0
BRDA:467,51,0,0
BRDA:467,51,1,0
BRDA:467,52,0,0
BRDA:467,52,1,0
BRDA:468,53,0,0
BRDA:468,53,1,0
BRDA:469,54,0,0
BRDA:469,54,1,0
BRDA:471,55,0,0
BRDA:471,55,1,0
BRF:123
BRH:0
end_of_record
TN:
SF:src/components/Breadcrumbs.tsx
FN:49,BreadcrumbsComponent
FN:51,(anonymous_1)
FN:77,(anonymous_2)
FNF:3
FNH:0
FNDA:0,BreadcrumbsComponent
FNDA:0,(anonymous_1)
FNDA:0,(anonymous_2)
DA:24,0
DA:50,0
DA:51,0
DA:54,0
DA:55,0
DA:58,0
DA:76,0
DA:77,0
DA:78,0
DA:79,0
DA:80,0
DA:81,0
DA:82,0
DA:84,0
DA:85,0
DA:92,0
DA:113,0
LF:17
LH:0
BRDA:54,0,0,0
BRDA:54,0,1,0
BRDA:54,1,0,0
BRDA:54,1,1,0
BRDA:54,1,2,0
BRDA:81,2,0,0
BRDA:81,2,1,0
BRDA:84,3,0,0
BRDA:84,3,1,0
BRF:9
BRH:0
end_of_record
TN:
SF:src/components/ContextFlyout.tsx
FN:63,(anonymous_0)
FN:100,(anonymous_1)
FN:102,(anonymous_2)
FN:114,(anonymous_3)
FN:116,(anonymous_4)
FN:139,(anonymous_5)
FN:144,(anonymous_6)
FN:149,(anonymous_7)
FN:156,(anonymous_8)
FN:164,(anonymous_9)
FN:171,(anonymous_10)
FN:175,(anonymous_11)
FN:193,(anonymous_12)
FN:200,(anonymous_13)
FN:205,(anonymous_14)
FN:206,(anonymous_15)
FN:211,(anonymous_16)
FN:222,(anonymous_17)
FN:222,(anonymous_18)
FN:233,(anonymous_19)
FN:233,(anonymous_20)
FN:239,(anonymous_21)
FN:246,(anonymous_22)
FN:282,(anonymous_23)
FN:305,(anonymous_24)
FN:332,(anonymous_25)
FN:336,(anonymous_26)
FN:337,(anonymous_27)
FN:339,(anonymous_28)
FN:354,(anonymous_29)
FN:374,(anonymous_30)
FN:379,(anonymous_31)
FN:427,(anonymous_32)
FN:484,(anonymous_33)
FNF:34
FNH:0
FNDA:0,(anonymous_0)
FNDA:0,(anonymous_1)
FNDA:0,(anonymous_2)
FNDA:0,(anonymous_3)
FNDA:0,(anonymous_4)
FNDA:0,(anonymous_5)
FNDA:0,(anonymous_6)
FNDA:0,(anonymous_7)
FNDA:0,(anonymous_8)
FNDA:0,(anonymous_9)
FNDA:0,(anonymous_10)
FNDA:0,(anonymous_11)
FNDA:0,(anonymous_12)
FNDA:0,(anonymous_13)
FNDA:0,(anonymous_14)
FNDA:0,(anonymous_15)
FNDA:0,(anonymous_16)
FNDA:0,(anonymous_17)
FNDA:0,(anonymous_18)
FNDA:0,(anonymous_19)
FNDA:0,(anonymous_20)
FNDA:0,(anonymous_21)
FNDA:0,(anonymous_22)
FNDA:0,(anonymous_23)
FNDA:0,(anonymous_24)
FNDA:0,(anonymous_25)
FNDA:0,(anonymous_26)
FNDA:0,(anonymous_27)
FNDA:0,(anonymous_28)
FNDA:0,(anonymous_29)
FNDA:0,(anonymous_30)
FNDA:0,(anonymous_31)
FNDA:0,(anonymous_32)
FNDA:0,(anonymous_33)
DA:61,0
DA:63,0
DA:64,0
DA:74,0
DA:77,0
DA:78,0
DA:79,0
DA:80,0
DA:83,0
DA:91,0
DA:92,0
DA:93,0
DA:94,0
DA:96,0
DA:97,0
DA:100,0
DA:101,0
DA:102,0
DA:103,0
DA:104,0
DA:105,0
DA:107,0
DA:110,0
DA:114,0
DA:115,0
DA:116,0
DA:117,0
DA:119,0
DA:120,0
DA:122,0
DA:123,0
DA:125,0
DA:127,0
DA:129,0
DA:133,0
DA:134,0
DA:139,0
DA:140,0
DA:144,0
DA:145,0
DA:149,0
DA:150,0
DA:151,0
DA:152,0
DA:155,0
DA:156,0
DA:157,0
DA:158,0
DA:159,0
DA:161,0
DA:164,0
DA:165,0
DA:166,0
DA:167,0
DA:171,0
DA:172,0
DA:175,0
DA:176,0
DA:178,0
DA:185,0
DA:193,0
DA:194,0
DA:195,0
DA:197,0
DA:199,0
DA:200,0
DA:204,0
DA:205,0
DA:206,0
DA:208,0
DA:211,0
DA:215,0
DA:222,0
DA:224,0
DA:226,0
DA:233,0
DA:235,0
DA:239,0
DA:240,0
DA:241,0
DA:242,0
DA:246,0
DA:247,0
DA:248,0
DA:252,0
DA:253,0
DA:256,0
DA:282,0
DA:305,0
DA:333,0
DA:336,0
DA:337,0
DA:340,0
DA:355,0
DA:375,0
DA:379,0
DA:428,0
DA:484,0
LF:98
LH:0
BRDA:101,0,0,0
BRDA:101,0,1,0
BRDA:105,1,0,0
BRDA:105,1,1,0
BRDA:115,2,0,0
BRDA:115,2,1,0
BRDA:117,3,0,0
BRDA:117,3,1,0
BRDA:117,4,0,0
BRDA:117,4,1,0
BRDA:133,5,0,0
BRDA:133,5,1,0
BRDA:150,6,0,0
BRDA:150,6,1,0
BRDA:157,7,0,0
BRDA:157,7,1,0
BRDA:157,8,0,0
BRDA:157,8,1,0
BRDA:157,9,0,0
BRDA:157,9,1,0
BRDA:158,10,0,0
BRDA:158,10,1,0
BRDA:159,11,0,0
BRDA:159,11,1,0
BRDA:165,12,0,0
BRDA:165,12,1,0
BRDA:176,13,0,0
BRDA:176,13,1,0
BRDA:176,14,0,0
BRDA:176,14,1,0
BRDA:199,15,0,0
BRDA:199,15,1,0
BRDA:200,16,0,0
BRDA:200,16,1,0
BRDA:205,17,0,0
BRDA:205,17,1,0
BRDA:205,17,2,0
BRDA:205,17,3,0
BRDA:218,18,0,0
BRDA:218,18,1,0
BRDA:240,19,0,0
BRDA:240,19,1,0
BRDA:240,20,0,0
BRDA:240,20,1,0
BRDA:247,21,0,0
BRDA:247,21,1,0
BRDA:248,22,0,0
BRDA:248,22,1,0
BRDA:248,23,0,0
BRDA:248,23,1,0
BRDA:248,24,0,0
BRDA:248,24,1,0
BRDA:252,25,0,0
BRDA:252,25,1,0
BRDA:259,26,0,0
BRDA:259,26,1,0
BRDA:261,27,0,0
BRDA:261,27,1,0
BRDA:266,28,0,0
BRDA:266,28,1,0
BRDA:273,29,0,0
BRDA:273,29,1,0
BRDA:318,30,0,0
BRDA:318,30,1,0
BRDA:333,31,0,0
BRDA:333,31,1,0
BRDA:358,32,0,0
BRDA:358,32,1,0
BRDA:363,33,0,0
BRDA:363,33,1,0
BRDA:372,34,0,0
BRDA:372,34,1,0
BRDA:382,35,0,0
BRDA:382,35,1,0
BRDA:391,36,0,0
BRDA:391,36,1,0
BRDA:406,37,0,0
BRDA:406,37,1,0
BRDA:432,38,0,0
BRDA:432,38,1,0
BRDA:440,39,0,0
BRDA:440,39,1,0
BRDA:441,40,0,0
BRDA:441,40,1,0
BRDA:443,41,0,0
BRDA:443,41,1,0
BRDA:444,42,0,0
BRDA:444,42,1,0
BRDA:447,43,0,0
BRDA:447,43,1,0
BRDA:466,44,0,0
BRDA:466,44,1,0
BRDA:493,45,0,0
BRDA:493,45,1,0
BRDA:497,46,0,0
BRDA:497,46,1,0
BRF:96
BRH:0
end_of_record
TN:
SF:src/components/EntityMetadata.tsx
FN:15,(anonymous_0)
FN:20,(anonymous_1)
FNF:2
FNH:0
FNDA:0,(anonymous_0)
FNDA:0,(anonymous_1)
DA:15,0
DA:20,0
DA:21,0
DA:22,0
DA:23,0
DA:25,0
DA:29,0
DA:30,0
DA:39,0
LF:9
LH:0
BRDA:17,0,0,0
BRDA:18,1,0,0
BRDA:21,2,0,0
BRDA:21,2,1,0
BRDA:29,3,0,0
BRDA:29,3,1,0
BRDA:31,4,0,0
BRDA:31,4,1,0
BRDA:33,5,0,0
BRDA:33,5,1,0
BRDA:41,6,0,0
BRDA:41,6,1,0
BRDA:46,7,0,0
BRDA:46,7,1,0
BRDA:51,8,0,0
BRDA:51,8,1,0
BRDA:51,8,2,0
BRF:17
BRH:0
end_of_record
TN:
SF:src/components/EntitySelect.tsx
FN:123,(anonymous_0)
FN:159,(anonymous_1)
FN:181,(anonymous_2)
FN:186,(anonymous_3)
FN:222,(anonymous_4)
FN:233,(anonymous_5)
FN:239,(anonymous_6)
FN:326,(anonymous_7)
FN:337,(anonymous_8)
FN:345,(anonymous_9)
FN:353,(anonymous_10)
FN:362,(anonymous_11)
FN:370,(anonymous_12)
FN:384,(anonymous_13)
FN:392,(anonymous_14)
FN:400,(anonymous_15)
FN:408,(anonymous_16)
FN:417,(anonymous_17)
FN:425,(anonymous_18)
FN:440,(anonymous_19)
FN:448,(anonymous_20)
FN:457,(anonymous_21)
FN:465,(anonymous_22)
FN:475,(anonymous_23)
FN:490,(anonymous_24)
FN:499,(anonymous_25)
FN:508,(anonymous_26)
FN:519,(anonymous_27)
FN:538,(anonymous_28)
FN:551,(anonymous_29)
FN:573,(anonymous_30)
FN:602,(anonymous_31)
FNF:32
FNH:0
FNDA:0,(anonymous_0)
FNDA:0,(anonymous_1)
FNDA:0,(anonymous_2)
FNDA:0,(anonymous_3)
FNDA:0,(anonymous_4)
FNDA:0,(anonymous_5)
FNDA:0,(anonymous_6)
FNDA:0,(anonymous_7)
FNDA:0,(anonymous_8)
FNDA:0,(anonymous_9)
FNDA:0,(anonymous_10)
FNDA:0,(anonymous_11)
FNDA:0,(anonymous_12)
FNDA:0,(anonymous_13)
FNDA:0,(anonymous_14)
FNDA:0,(anonymous_15)
FNDA:0,(anonymous_16)
FNDA:0,(anonymous_17)
FNDA:0,(anonymous_18)
FNDA:0,(anonymous_19)
FNDA:0,(anonymous_20)
FNDA:0,(anonymous_21)
FNDA:0,(anonymous_22)
FNDA:0,(anonymous_23)
FNDA:0,(anonymous_24)
FNDA:0,(anonymous_25)
FNDA:0,(anonymous_26)
FNDA:0,(anonymous_27)
FNDA:0,(anonymous_28)
FNDA:0,(anonymous_29)
FNDA:0,(anonymous_30)
FNDA:0,(anonymous_31)
DA:123,0
DA:138,0
DA:139,0
DA:140,0
DA:141,0
DA:142,0
DA:145,0
DA:148,0
DA:151,0
DA:154,0
DA:159,0
DA:160,0
DA:161,0
DA:162,0
DA:163,0
DA:164,0
DA:165,0
DA:166,0
DA:167,0
DA:168,0
DA:169,0
DA:171,0
DA:172,0
DA:174,0
DA:175,0
DA:177,0
DA:181,0
DA:182,0
DA:186,0
DA:187,0
DA:189,0
DA:190,0
DA:191,0
DA:194,0
DA:195,0
DA:196,0
DA:197,0
DA:200,0
DA:201,0
DA:202,0
DA:205,0
DA:206,0
DA:209,0
DA:210,0
DA:213,0
DA:214,0
DA:217,0
DA:222,0
DA:224,0
DA:225,0
DA:226,0
DA:227,0
DA:228,0
DA:229,0
DA:233,0
DA:234,0
DA:235,0
DA:239,0
DA:240,0
DA:241,0
DA:242,0
DA:243,0
DA:244,0
DA:246,0
DA:248,0
DA:249,0
DA:254,0
DA:255,0
DA:257,0
DA:259,0
DA:260,0
DA:265,0
DA:266,0
DA:268,0
DA:270,0
DA:271,0
DA:275,0
DA:276,0
DA:278,0
DA:280,0
DA:281,0
DA:289,0
DA:290,0
DA:292,0
DA:294,0
DA:295,0
DA:299,0
DA:300,0
DA:302,0
DA:305,0
DA:308,0
DA:309,0
DA:312,0
DA:315,0
DA:317,0
DA:319,0
DA:321,0
DA:326,0
DA:327,0
DA:330,0
DA:337,0
DA:345,0
DA:353,0
DA:362,0
DA:370,0
DA:377,0
DA:384,0
DA:392,0
DA:400,0
DA:408,0
DA:417,0
DA:425,0
DA:432,0
DA:440,0
DA:448,0
DA:457,0
DA:465,0
DA:475,0
DA:482,0
DA:490,0
DA:499,0
DA:508,0
DA:519,0
DA:526,0
DA:533,0
DA:538,0
DA:539,0
DA:540,0
DA:541,0
DA:542,0
DA:543,0
DA:544,0
DA:545,0
DA:546,0
DA:551,0
DA:553,0
DA:574,0
DA:575,0
DA:576,0
DA:603,0
LF:140
LH:0
BRDA:129,0,0,0
BRDA:130,1,0,0
BRDA:131,2,0,0
BRDA:132,3,0,0
BRDA:133,4,0,0
BRDA:136,5,0,0
BRDA:163,6,0,0
BRDA:163,6,1,0
BRDA:163,6,2,0
BRDA:163,6,3,0
BRDA:163,6,4,0
BRDA:163,6,5,0
BRDA:187,7,0,0
BRDA:187,7,1,0
BRDA:187,7,2,0
BRDA:187,7,3,0
BRDA:187,7,4,0
BRDA:187,7,5,0
BRDA:187,7,6,0
BRDA:190,8,0,0
BRDA:190,8,1,0
BRDA:190,9,0,0
BRDA:190,9,1,0
BRDA:190,10,0,0
BRDA:190,10,1,0
BRDA:191,11,0,0
BRDA:191,11,1,0
BRDA:191,12,0,0
BRDA:191,12,1,0
BRDA:195,13,0,0
BRDA:195,13,1,0
BRDA:196,14,0,0
BRDA:196,14,1,0
BRDA:196,15,0,0
BRDA:196,15,1,0
BRDA:197,16,0,0
BRDA:197,16,1,0
BRDA:201,17,0,0
BRDA:201,17,1,0
BRDA:201,18,0,0
BRDA:201,18,1,0
BRDA:202,19,0,0
BRDA:202,19,1,0
BRDA:202,20,0,0
BRDA:202,20,1,0
BRDA:206,21,0,0
BRDA:206,21,1,0
BRDA:210,22,0,0
BRDA:210,22,1,0
BRDA:214,23,0,0
BRDA:214,23,1,0
BRDA:214,23,2,0
BRDA:214,24,0,0
BRDA:214,24,1,0
BRDA:214,25,0,0
BRDA:214,25,1,0
BRDA:246,26,0,0
BRDA:246,26,1,0
BRDA:246,26,2,0
BRDA:246,26,3,0
BRDA:246,26,4,0
BRDA:246,26,5,0
BRDA:254,27,0,0
BRDA:254,27,1,0
BRDA:254,28,0,0
BRDA:254,28,1,0
BRDA:254,28,2,0
BRDA:265,29,0,0
BRDA:265,29,1,0
BRDA:265,30,0,0
BRDA:265,30,1,0
BRDA:265,30,2,0
BRDA:275,31,0,0
BRDA:275,31,1,0
BRDA:275,32,0,0
BRDA:275,32,1,0
BRDA:289,33,0,0
BRDA:289,33,1,0
BRDA:299,34,0,0
BRDA:299,34,1,0
BRDA:319,35,0,0
BRDA:319,35,1,0
BRDA:319,35,2,0
BRDA:327,36,0,0
BRDA:327,36,1,0
BRDA:327,36,2,0
BRDA:327,36,3,0
BRDA:327,36,4,0
BRDA:327,36,5,0
BRDA:327,36,6,0
BRDA:457,37,0,0
BRDA:457,37,1,0
BRDA:499,38,0,0
BRDA:499,38,1,0
BRDA:539,39,0,0
BRDA:539,39,1,0
BRDA:539,39,2,0
BRDA:539,39,3,0
BRDA:539,39,4,0
BRDA:539,39,5,0
BRDA:539,39,6,0
BRDA:569,40,0,0
BRDA:569,40,1,0
BRDA:569,40,2,0
BRDA:594,41,0,0
BRDA:594,41,1,0
BRDA:609,42,0,0
BRDA:609,42,1,0
BRDA:609,42,2,0
BRDA:615,43,0,0
BRDA:615,43,1,0
BRDA:616,44,0,0
BRDA:616,44,1,0
BRDA:626,45,0,0
BRDA:626,45,1,0
BRDA:637,46,0,0
BRDA:637,46,1,0
BRDA:644,47,0,0
BRDA:644,47,1,0
BRF:119
BRH:0
end_of_record
TN:
SF:src/components/ErrorBoundary.tsx
FN:59,(anonymous_0)
FN:62,(anonymous_1)
FN:67,(anonymous_2)
FN:79,(anonymous_3)
FN:89,(anonymous_4)
FN:93,(anonymous_5)
FN:127,(anonymous_6)
FN:131,(anonymous_7)
FN:135,(anonymous_8)
FN:139,(anonymous_9)
FN:154,(anonymous_10)
FN:159,(anonymous_11)
FNF:12
FNH:0
FNDA:0,(anonymous_0)
FNDA:0,(anonymous_1)
FNDA:0,(anonymous_2)
FNDA:0,(anonymous_3)
FNDA:0,(anonymous_4)
FNDA:0,(anonymous_5)
FNDA:0,(anonymous_6)
FNDA:0,(anonymous_7)
FNDA:0,(anonymous_8)
FNDA:0,(anonymous_9)
FNDA:0,(anonymous_10)
FNDA:0,(anonymous_11)
DA:56,0
DA:59,0
DA:62,0
DA:63,0
DA:67,0
DA:68,0
DA:69,0
DA:70,0
DA:71,0
DA:73,0
DA:74,0
DA:75,0
DA:80,0
DA:81,0
DA:90,0
DA:94,0
DA:103,0
DA:106,0
DA:109,0
DA:110,0
DA:111,0
DA:113,0
DA:114,0
DA:116,0
DA:119,0
DA:122,0
DA:123,0
DA:127,0
DA:128,0
DA:131,0
DA:132,0
DA:135,0
DA:136,0
DA:139,0
DA:140,0
DA:141,0
DA:154,0
DA:155,0
DA:160,0
DA:161,0
DA:162,0
DA:165,0
DA:167,0
DA:310,0
LF:44
LH:0
BRDA:70,0,0,0
BRDA:70,0,1,0
BRDA:96,1,0,0
BRDA:96,1,1,0
BRDA:110,2,0,0
BRDA:110,2,1,0
BRDA:122,3,0,0
BRDA:122,3,1,0
BRDA:145,4,0,0
BRDA:145,4,1,0
BRDA:148,5,0,0
BRDA:148,5,1,0
BRDA:160,6,0,0
BRDA:160,6,1,0
BRDA:161,7,0,0
BRDA:161,7,1,0
BRDA:202,8,0,0
BRDA:202,8,1,0
BRDA:270,9,0,0
BRDA:270,9,1,0
BRDA:274,10,0,0
BRDA:274,10,1,0
BRF:22
BRH:0
end_of_record
TN:
SF:src/components/FieldRenderer.tsx
FN:41,(anonymous_0)
FN:44,(anonymous_1)
FN:46,(anonymous_2)
FN:59,(anonymous_3)
FN:87,(anonymous_4)
FN:87,(anonymous_5)
FN:143,(anonymous_6)
FN:143,(anonymous_7)
FN:158,(anonymous_8)
FN:159,(anonymous_9)
FN:159,(anonymous_10)
FN:170,(anonymous_11)
FNF:12
FNH:0
FNDA:0,(anonymous_0)
FNDA:0,(anonymous_1)
FNDA:0,(anonymous_2)
FNDA:0,(anonymous_3)
FNDA:0,(anonymous_4)
FNDA:0,(anonymous_5)
FNDA:0,(anonymous_6)
FNDA:0,(anonymous_7)
FNDA:0,(anonymous_8)
FNDA:0,(anonymous_9)
FNDA:0,(anonymous_10)
FNDA:0,(anonymous_11)
DA:41,0
DA:42,0
DA:44,0
DA:45,0
DA:46,0
DA:47,0
DA:48,0
DA:49,0
DA:50,0
DA:51,0
DA:52,0
DA:55,0
DA:58,0
DA:59,0
DA:62,0
DA:63,0
DA:77,0
DA:78,0
DA:87,0
DA:106,0
DA:107,0
DA:121,0
DA:122,0
DA:137,0
DA:138,0
DA:143,0
DA:156,0
DA:157,0
DA:158,0
DA:159,0
DA:161,0
DA:171,0
DA:180,0
DA:181,0
DA:185,0
DA:186,0
DA:202,0
DA:203,0
DA:213,0
DA:214,0
DA:226,0
DA:227,0
DA:231,0
DA:232,0
DA:236,0
LF:45
LH:0
BRDA:48,0,0,0
BRDA:48,0,1,0
BRDA:48,1,0,0
BRDA:48,1,1,0
BRDA:50,2,0,0
BRDA:50,2,1,0
BRDA:52,3,0,0
BRDA:52,3,1,0
BRDA:55,4,0,0
BRDA:55,4,1,0
BRDA:67,5,0,0
BRDA:67,5,1,0
BRDA:70,6,0,0
BRDA:70,6,1,0
BRDA:77,7,0,0
BRDA:77,7,1,0
BRDA:81,8,0,0
BRDA:81,8,1,0
BRDA:82,9,0,0
BRDA:82,9,1,0
BRDA:83,10,0,0
BRDA:83,10,1,0
BRDA:87,11,0,0
BRDA:87,11,1,0
BRDA:87,12,0,0
BRDA:87,12,1,0
BRDA:91,13,0,0
BRDA:91,13,1,0
BRDA:92,14,0,0
BRDA:92,14,1,0
BRDA:93,15,0,0
BRDA:93,15,1,0
BRDA:96,16,0,0
BRDA:96,16,1,0
BRDA:106,17,0,0
BRDA:106,17,1,0
BRDA:121,18,0,0
BRDA:121,18,1,0
BRDA:137,19,0,0
BRDA:137,19,1,0
BRDA:137,20,0,0
BRDA:137,20,1,0
BRDA:140,21,0,0
BRDA:140,21,1,0
BRDA:142,22,0,0
BRDA:142,22,1,0
BRDA:143,23,0,0
BRDA:143,23,1,0
BRDA:148,24,0,0
BRDA:148,24,1,0
BRDA:148,25,0,0
BRDA:148,25,1,0
BRDA:148,26,0,0
BRDA:148,26,1,0
BRDA:148,27,0,0
BRDA:148,27,1,0
BRDA:150,28,0,0
BRDA:150,28,1,0
BRDA:156,29,0,0
BRDA:156,29,1,0
BRDA:157,30,0,0
BRDA:157,30,1,0
BRDA:157,31,0,0
BRDA:157,31,1,0
BRDA:158,32,0,0
BRDA:158,32,1,0
BRDA:158,33,0,0
BRDA:158,33,1,0
BRDA:159,34,0,0
BRDA:159,34,1,0
BRDA:166,35,0,0
BRDA:166,35,1,0
BRDA:174,36,0,0
BRDA:174,36,1,0
BRDA:180,37,0,0
BRDA:180,37,1,0
BRDA:185,38,0,0
BRDA:185,38,1,0
BRDA:202,39,0,0
BRDA:202,39,1,0
BRDA:213,40,0,0
BRDA:213,40,1,0
BRDA:226,41,0,0
BRDA:226,41,1,0
BRDA:231,42,0,0
BRDA:231,42,1,0
BRF:86
BRH:0
end_of_record
TN:
SF:src/components/Footer.tsx
FN:28,Footer
FN:40,(anonymous_1)
FN:41,(anonymous_2)
FN:60,(anonymous_3)
FN:65,(anonymous_4)
FN:66,(anonymous_5)
FN:97,(anonymous_6)
FN:101,(anonymous_7)
FN:105,(anonymous_8)
FNF:9
FNH:0
FNDA:0,Footer
FNDA:0,(anonymous_1)
FNDA:0,(anonymous_2)
FNDA:0,(anonymous_3)
FNDA:0,(anonymous_4)
FNDA:0,(anonymous_5)
FNDA:0,(anonymous_6)
FNDA:0,(anonymous_7)
FNDA:0,(anonymous_8)
DA:29,0
DA:30,0
DA:31,0
DA:32,0
DA:33,0
DA:34,0
DA:40,0
DA:41,0
DA:42,0
DA:43,0
DA:44,0
DA:45,0
DA:46,0
DA:47,0
DA:53,0
DA:57,0
DA:60,0
DA:62,0
DA:65,0
DA:66,0
DA:67,0
DA:68,0
DA:70,0
DA:72,0
DA:76,0
DA:78,0
DA:79,0
DA:81,0
DA:84,0
DA:88,0
DA:89,0
DA:94,0
DA:95,0
DA:97,0
DA:101,0
DA:102,0
DA:105,0
DA:106,0
DA:109,0
LF:39
LH:0
BRDA:35,0,0,0
BRDA:35,0,1,0
BRDA:36,1,0,0
BRDA:36,1,1,0
BRDA:44,2,0,0
BRDA:44,2,1,0
BRDA:49,3,0,0
BRDA:49,3,1,0
BRDA:78,4,0,0
BRDA:78,4,1,0
BRDA:102,5,0,0
BRDA:102,5,1,0
BRDA:106,6,0,0
BRDA:106,6,1,0
BRDA:113,7,0,0
BRDA:113,7,1,0
BRDA:115,8,0,0
BRDA:115,8,1,0
BRDA:115,9,0,0
BRDA:115,9,1,0
BRDA:115,10,0,0
BRDA:115,10,1,0
BRDA:115,11,0,0
BRDA:115,11,1,0
BRDA:118,12,0,0
BRDA:118,12,1,0
BRDA:131,13,0,0
BRDA:131,13,1,0
BRDA:132,14,0,0
BRDA:132,14,1,0
BRDA:135,15,0,0
BRDA:135,15,1,0
BRF:32
BRH:0
end_of_record
TN:
SF:src/components/ImageUpload.tsx
FN:27,(anonymous_0)
FN:40,(anonymous_1)
FN:89,(anonymous_2)
FNF:3
FNH:0
FNDA:0,(anonymous_0)
FNDA:0,(anonymous_1)
FNDA:0,(anonymous_2)
DA:27,0
DA:36,0
DA:37,0
DA:38,0
DA:40,0
DA:41,0
DA:42,0
DA:45,0
DA:46,0
DA:47,0
DA:51,0
DA:52,0
DA:53,0
DA:54,0
DA:57,0
DA:58,0
DA:59,0
DA:60,0
DA:64,0
DA:65,0
DA:67,0
DA:73,0
DA:74,0
DA:75,0
DA:76,0
DA:78,0
DA:79,0
DA:82,0
DA:83,0
DA:85,0
DA:89,0
DA:90,0
DA:91,0
DA:92,0
DA:93,0
DA:97,0
DA:102,0
DA:105,0
DA:106,0
DA:107,0
DA:108,0
DA:112,0
DA:114,0
LF:43
LH:0
BRDA:31,0,0,0
BRDA:32,1,0,0
BRDA:33,2,0,0
BRDA:37,3,0,0
BRDA:37,3,1,0
BRDA:42,4,0,0
BRDA:42,4,1,0
BRDA:45,5,0,0
BRDA:45,5,1,0
BRDA:52,6,0,0
BRDA:52,6,1,0
BRDA:60,7,0,0
BRDA:60,7,1,0
BRDA:73,8,0,0
BRDA:73,8,1,0
BRDA:79,9,0,0
BRDA:79,9,1,0
BRDA:90,10,0,0
BRDA:90,10,1,0
BRDA:90,11,0,0
BRDA:90,11,1,0
BRDA:93,12,0,0
BRDA:93,12,1,0
BRDA:107,13,0,0
BRDA:107,13,1,0
BRDA:112,14,0,0
BRDA:112,14,1,0
BRDA:118,15,0,0
BRDA:118,15,1,0
BRDA:126,16,0,0
BRDA:126,16,1,0
BRDA:126,16,2,0
BRDA:128,17,0,0
BRDA:128,17,1,0
BRDA:146,18,0,0
BRDA:146,18,1,0
BRDA:146,18,2,0
BRF:37
BRH:0
end_of_record
TN:
SF:src/components/ImportExportButtons.tsx
FN:53,(anonymous_0)
FN:69,(anonymous_1)
FN:95,(anonymous_2)
FN:119,(anonymous_3)
FN:128,(anonymous_4)
FN:164,(anonymous_5)
FN:173,(anonymous_6)
FN:180,(anonymous_7)
FN:189,(anonymous_8)
FN:208,(anonymous_9)
FN:216,(anonymous_10)
FN:234,(anonymous_11)
FN:241,(anonymous_12)
FN:253,(anonymous_13)
FN:266,(anonymous_14)
FN:281,(anonymous_15)
FN:288,(anonymous_16)
FN:307,(anonymous_17)
FN:318,(anonymous_18)
FN:345,(anonymous_19)
FN:360,(anonymous_20)
FN:423,(anonymous_21)
FN:438,(anonymous_22)
FN:444,(anonymous_23)
FNF:24
FNH:0
FNDA:0,(anonymous_0)
FNDA:0,(anonymous_1)
FNDA:0,(anonymous_2)
FNDA:0,(anonymous_3)
FNDA:0,(anonymous_4)
FNDA:0,(anonymous_5)
FNDA:0,(anonymous_6)
FNDA:0,(anonymous_7)
FNDA:0,(anonymous_8)
FNDA:0,(anonymous_9)
FNDA:0,(anonymous_10)
FNDA:0,(anonymous_11)
FNDA:0,(anonymous_12)
FNDA:0,(anonymous_13)
FNDA:0,(anonymous_14)
FNDA:0,(anonymous_15)
FNDA:0,(anonymous_16)
FNDA:0,(anonymous_17)
FNDA:0,(anonymous_18)
FNDA:0,(anonymous_19)
FNDA:0,(anonymous_20)
FNDA:0,(anonymous_21)
FNDA:0,(anonymous_22)
FNDA:0,(anonymous_23)
DA:53,0
DA:59,0
DA:60,0
DA:61,0
DA:62,0
DA:63,0
DA:64,0
DA:65,0
DA:66,0
DA:67,0
DA:69,0
DA:70,0
DA:71,0
DA:72,0
DA:74,0
DA:78,0
DA:79,0
DA:80,0
DA:81,0
DA:82,0
DA:83,0
DA:84,0
DA:85,0
DA:87,0
DA:89,0
DA:91,0
DA:95,0
DA:96,0
DA:97,0
DA:98,0
DA:100,0
DA:104,0
DA:105,0
DA:106,0
DA:107,0
DA:108,0
DA:109,0
DA:110,0
DA:111,0
DA:113,0
DA:115,0
DA:119,0
DA:120,0
DA:121,0
DA:122,0
DA:123,0
DA:124,0
DA:128,0
DA:129,0
DA:130,0
DA:131,0
DA:134,0
DA:135,0
DA:136,0
DA:137,0
DA:139,0
DA:140,0
DA:142,0
DA:152,0
DA:154,0
DA:155,0
DA:158,0
DA:160,0
DA:164,0
DA:165,0
DA:166,0
DA:167,0
DA:168,0
DA:169,0
DA:173,0
DA:174,0
DA:175,0
DA:180,0
DA:190,0
DA:191,0
DA:202,0
DA:208,0
DA:217,0
DA:218,0
DA:227,0
DA:234,0
DA:241,0
DA:253,0
DA:266,0
DA:281,0
DA:288,0
DA:308,0
DA:309,0
DA:319,0
DA:320,0
DA:346,0
DA:347,0
DA:348,0
DA:360,0
DA:424,0
DA:438,0
DA:444,0
LF:97
LH:0
BRDA:57,0,0,0
BRDA:89,1,0,0
BRDA:89,1,1,0
BRDA:113,2,0,0
BRDA:113,2,1,0
BRDA:121,3,0,0
BRDA:121,3,1,0
BRDA:129,4,0,0
BRDA:129,4,1,0
BRDA:154,5,0,0
BRDA:154,5,1,0
BRDA:154,6,0,0
BRDA:154,6,1,0
BRDA:158,7,0,0
BRDA:158,7,1,0
BRDA:168,8,0,0
BRDA:168,8,1,0
BRDA:174,9,0,0
BRDA:174,9,1,0
BRDA:247,10,0,0
BRDA:247,10,1,0
BRDA:271,11,0,0
BRDA:271,11,1,0
BRDA:294,12,0,0
BRDA:294,12,1,0
BRDA:296,13,0,0
BRDA:296,13,1,0
BRDA:342,14,0,0
BRDA:342,14,1,0
BRDA:347,15,0,0
BRDA:347,15,1,0
BRDA:368,16,0,0
BRDA:368,16,1,0
BRDA:371,17,0,0
BRDA:371,17,1,0
BRDA:371,18,0,0
BRDA:371,18,1,0
BRDA:386,19,0,0
BRDA:386,19,1,0
BRDA:396,20,0,0
BRDA:396,20,1,0
BRDA:408,21,0,0
BRDA:408,21,1,0
BRDA:435,22,0,0
BRDA:435,22,1,0
BRDA:448,23,0,0
BRDA:448,23,1,0
BRDA:449,24,0,0
BRDA:449,24,1,0
BRF:49
BRH:0
end_of_record
TN:
SF:src/components/LookupSelect.tsx
FN:15,(anonymous_0)
FN:22,(anonymous_1)
FN:24,(anonymous_2)
FN:39,(anonymous_3)
FN:42,(anonymous_4)
FN:43,(anonymous_5)
FN:44,(anonymous_6)
FNF:7
FNH:0
FNDA:0,(anonymous_0)
FNDA:0,(anonymous_1)
FNDA:0,(anonymous_2)
FNDA:0,(anonymous_3)
FNDA:0,(anonymous_4)
FNDA:0,(anonymous_5)
FNDA:0,(anonymous_6)
DA:15,0
DA:16,0
DA:17,0
DA:19,0
DA:20,0
DA:22,0
DA:23,0
DA:24,0
DA:25,0
DA:26,0
DA:27,0
DA:28,0
DA:29,0
DA:31,0
DA:32,0
DA:33,0
DA:35,0
DA:38,0
DA:39,0
DA:42,0
DA:43,0
DA:44,0
DA:47,0
LF:23
LH:0
BRDA:15,0,0,0
BRDA:26,1,0,0
BRDA:26,1,1,0
BRDA:27,2,0,0
BRDA:27,2,1,0
BRDA:28,3,0,0
BRDA:28,3,1,0
BRDA:33,4,0,0
BRDA:33,4,1,0
BRDA:35,5,0,0
BRDA:35,5,1,0
BRDA:43,6,0,0
BRDA:43,6,1,0
BRDA:43,7,0,0
BRDA:43,7,1,0
BRDA:43,8,0,0
BRDA:43,8,1,0
BRDA:43,9,0,0
BRDA:43,9,1,0
BRDA:49,10,0,0
BRDA:49,10,1,0
BRDA:50,11,0,0
BRDA:50,11,1,0
BRF:23
BRH:0
end_of_record
TN:
SF:src/components/Navigation.tsx
FN:83,NavigationContent
FN:105,(anonymous_1)
FN:106,(anonymous_2)
FN:125,(anonymous_3)
FN:126,(anonymous_4)
FN:133,(anonymous_5)
FN:138,(anonymous_6)
FN:140,(anonymous_7)
FN:142,(anonymous_8)
FN:144,(anonymous_9)
FN:146,(anonymous_10)
FN:148,(anonymous_11)
FN:153,(anonymous_12)
FN:156,(anonymous_13)
FN:158,(anonymous_14)
FN:160,(anonymous_15)
FN:162,(anonymous_16)
FN:164,(anonymous_17)
FN:166,(anonymous_18)
FN:168,(anonymous_19)
FN:172,(anonymous_20)
FN:173,(anonymous_21)
FN:178,(anonymous_22)
FN:179,(anonymous_23)
FN:180,(anonymous_24)
FN:182,(anonymous_25)
FN:184,(anonymous_26)
FN:188,(anonymous_27)
FN:195,(anonymous_28)
FN:218,(anonymous_29)
FN:245,(anonymous_30)
FN:250,(anonymous_31)
FN:258,(anonymous_32)
FN:268,(anonymous_33)
FN:280,(anonymous_34)
FN:296,(anonymous_35)
FN:346,(anonymous_36)
FN:368,(anonymous_37)
FN:370,(anonymous_38)
FN:374,(anonymous_39)
FN:377,(anonymous_40)
FN:378,(anonymous_41)
FN:379,(anonymous_42)
FN:388,(anonymous_43)
FN:389,(anonymous_44)
FN:393,(anonymous_45)
FN:396,(anonymous_46)
FN:397,(anonymous_47)
FN:398,(anonymous_48)
FN:404,(anonymous_49)
FN:405,(anonymous_50)
FN:406,(anonymous_51)
FN:408,(anonymous_52)
FN:409,(anonymous_53)
FN:410,(anonymous_54)
FN:417,(anonymous_55)
FN:424,(anonymous_56)
FN:431,(anonymous_57)
FN:438,(anonymous_58)
FN:453,(anonymous_59)
FN:457,(anonymous_60)
FN:461,(anonymous_61)
FN:472,(anonymous_62)
FN:473,(anonymous_63)
FN:484,(anonymous_64)
FN:565,(anonymous_65)
FN:601,(anonymous_66)
FN:614,(anonymous_67)
FN:636,(anonymous_68)
FN:639,(anonymous_69)
FN:645,(anonymous_70)
FN:650,(anonymous_71)
FN:660,(anonymous_72)
FN:680,(anonymous_73)
FN:685,(anonymous_74)
FN:721,(anonymous_75)
FN:733,(anonymous_76)
FN:759,(anonymous_77)
FN:764,(anonymous_78)
FN:799,Navigation
FNF:80
FNH:0
FNDA:0,NavigationContent
FNDA:0,(anonymous_1)
FNDA:0,(anonymous_2)
FNDA:0,(anonymous_3)
FNDA:0,(anonymous_4)
FNDA:0,(anonymous_5)
FNDA:0,(anonymous_6)
FNDA:0,(anonymous_7)
FNDA:0,(anonymous_8)
FNDA:0,(anonymous_9)
FNDA:0,(anonymous_10)
FNDA:0,(anonymous_11)
FNDA:0,(anonymous_12)
FNDA:0,(anonymous_13)
FNDA:0,(anonymous_14)
FNDA:0,(anonymous_15)
FNDA:0,(anonymous_16)
FNDA:0,(anonymous_17)
FNDA:0,(anonymous_18)
FNDA:0,(anonymous_19)
FNDA:0,(anonymous_20)
FNDA:0,(anonymous_21)
FNDA:0,(anonymous_22)
FNDA:0,(anonymous_23)
FNDA:0,(anonymous_24)
FNDA:0,(anonymous_25)
FNDA:0,(anonymous_26)
FNDA:0,(anonymous_27)
FNDA:0,(anonymous_28)
FNDA:0,(anonymous_29)
FNDA:0,(anonymous_30)
FNDA:0,(anonymous_31)
FNDA:0,(anonymous_32)
FNDA:0,(anonymous_33)
FNDA:0,(anonymous_34)
FNDA:0,(anonymous_35)
FNDA:0,(anonymous_36)
FNDA:0,(anonymous_37)
FNDA:0,(anonymous_38)
FNDA:0,(anonymous_39)
FNDA:0,(anonymous_40)
FNDA:0,(anonymous_41)
FNDA:0,(anonymous_42)
FNDA:0,(anonymous_43)
FNDA:0,(anonymous_44)
FNDA:0,(anonymous_45)
FNDA:0,(anonymous_46)
FNDA:0,(anonymous_47)
FNDA:0,(anonymous_48)
FNDA:0,(anonymous_49)
FNDA:0,(anonymous_50)
FNDA:0,(anonymous_51)
FNDA:0,(anonymous_52)
FNDA:0,(anonymous_53)
FNDA:0,(anonymous_54)
FNDA:0,(anonymous_55)
FNDA:0,(anonymous_56)
FNDA:0,(anonymous_57)
FNDA:0,(anonymous_58)
FNDA:0,(anonymous_59)
FNDA:0,(anonymous_60)
FNDA:0,(anonymous_61)
FNDA:0,(anonymous_62)
FNDA:0,(anonymous_63)
FNDA:0,(anonymous_64)
FNDA:0,(anonymous_65)
FNDA:0,(anonymous_66)
FNDA:0,(anonymous_67)
FNDA:0,(anonymous_68)
FNDA:0,(anonymous_69)
FNDA:0,(anonymous_70)
FNDA:0,(anonymous_71)
FNDA:0,(anonymous_72)
FNDA:0,(anonymous_73)
FNDA:0,(anonymous_74)
FNDA:0,(anonymous_75)
FNDA:0,(anonymous_76)
FNDA:0,(anonymous_77)
FNDA:0,(anonymous_78)
FNDA:0,Navigation
DA:84,0
DA:85,0
DA:86,0
DA:87,0
DA:88,0
DA:89,0
DA:90,0
DA:92,0
DA:95,0
DA:105,0
DA:106,0
DA:113,0
DA:125,0
DA:126,0
DA:133,0
DA:134,0
DA:137,0
DA:138,0
DA:139,0
DA:140,0
DA:141,0
DA:142,0
DA:143,0
DA:144,0
DA:145,0
DA:146,0
DA:147,0
DA:148,0
DA:152,0
DA:153,0
DA:155,0
DA:156,0
DA:157,0
DA:158,0
DA:159,0
DA:160,0
DA:161,0
DA:162,0
DA:163,0
DA:164,0
DA:165,0
DA:166,0
DA:167,0
DA:168,0
DA:171,0
DA:172,0
DA:173,0
DA:178,0
DA:179,0
DA:180,0
DA:182,0
DA:184,0
DA:186,0
DA:187,0
DA:188,0
DA:189,0
DA:190,0
DA:195,0
DA:218,0
DA:245,0
DA:250,0
DA:258,0
DA:268,0
DA:280,0
DA:296,0
DA:346,0
DA:347,0
DA:348,0
DA:349,0
DA:350,0
DA:352,0
DA:353,0
DA:355,0
DA:364,0
DA:368,0
DA:369,0
DA:370,0
DA:374,0
DA:375,0
DA:376,0
DA:377,0
DA:378,0
DA:379,0
DA:388,0
DA:389,0
DA:393,0
DA:394,0
DA:395,0
DA:396,0
DA:397,0
DA:398,0
DA:404,0
DA:405,0
DA:406,0
DA:407,0
DA:408,0
DA:409,0
DA:410,0
DA:417,0
DA:418,0
DA:419,0
DA:420,0
DA:424,0
DA:425,0
DA:426,0
DA:427,0
DA:431,0
DA:432,0
DA:438,0
DA:439,0
DA:441,0
DA:442,0
DA:445,0
DA:446,0
DA:448,0
DA:450,0
DA:453,0
DA:454,0
DA:457,0
DA:458,0
DA:461,0
DA:462,0
DA:463,0
DA:464,0
DA:467,0
DA:468,0
DA:472,0
DA:473,0
DA:475,0
DA:484,0
DA:565,0
DA:603,0
DA:604,0
DA:608,0
DA:609,0
DA:610,0
DA:614,0
DA:638,0
DA:640,0
DA:645,0
DA:650,0
DA:652,0
DA:654,0
DA:655,0
DA:657,0
DA:660,0
DA:681,0
DA:685,0
DA:720,0
DA:722,0
DA:725,0
DA:727,0
DA:729,0
DA:733,0
DA:760,0
DA:764,0
DA:800,0
DA:802,0
LF:158
LH:0
BRDA:137,0,0,0
BRDA:137,0,1,0
BRDA:137,1,0,0
BRDA:137,1,1,0
BRDA:139,2,0,0
BRDA:139,2,1,0
BRDA:139,3,0,0
BRDA:139,3,1,0
BRDA:141,4,0,0
BRDA:141,4,1,0
BRDA:141,5,0,0
BRDA:141,5,1,0
BRDA:141,5,2,0
BRDA:141,5,3,0
BRDA:141,5,4,0
BRDA:143,6,0,0
BRDA:143,6,1,0
BRDA:143,7,0,0
BRDA:143,7,1,0
BRDA:145,8,0,0
BRDA:145,8,1,0
BRDA:145,9,0,0
BRDA:145,9,1,0
BRDA:145,9,2,0
BRDA:145,9,3,0
BRDA:145,9,4,0
BRDA:147,10,0,0
BRDA:147,10,1,0
BRDA:147,11,0,0
BRDA:147,11,1,0
BRDA:147,11,2,0
BRDA:152,12,0,0
BRDA:152,12,1,0
BRDA:155,13,0,0
BRDA:155,13,1,0
BRDA:155,14,0,0
BRDA:155,14,1,0
BRDA:155,14,2,0
BRDA:155,14,3,0
BRDA:155,14,4,0
BRDA:157,15,0,0
BRDA:157,15,1,0
BRDA:157,16,0,0
BRDA:157,16,1,0
BRDA:157,16,2,0
BRDA:157,16,3,0
BRDA:159,17,0,0
BRDA:159,17,1,0
BRDA:159,18,0,0
BRDA:159,18,1,0
BRDA:161,19,0,0
BRDA:161,19,1,0
BRDA:163,20,0,0
BRDA:163,20,1,0
BRDA:165,21,0,0
BRDA:165,21,1,0
BRDA:167,22,0,0
BRDA:167,22,1,0
BRDA:167,23,0,0
BRDA:167,23,1,0
BRDA:171,24,0,0
BRDA:171,24,1,0
BRDA:349,25,0,0
BRDA:349,25,1,0
BRDA:352,26,0,0
BRDA:352,26,1,0
BRDA:356,27,0,0
BRDA:356,27,1,0
BRDA:357,28,0,0
BRDA:357,28,1,0
BRDA:358,29,0,0
BRDA:358,29,1,0
BRDA:369,30,0,0
BRDA:369,30,1,0
BRDA:375,31,0,0
BRDA:375,31,1,0
BRDA:377,32,0,0
BRDA:377,32,1,0
BRDA:377,32,2,0
BRDA:380,33,0,0
BRDA:380,33,1,0
BRDA:382,34,0,0
BRDA:382,34,1,0
BRDA:389,35,0,0
BRDA:389,35,1,0
BRDA:394,36,0,0
BRDA:394,36,1,0
BRDA:396,37,0,0
BRDA:396,37,1,0
BRDA:405,38,0,0
BRDA:405,38,1,0
BRDA:408,39,0,0
BRDA:408,39,1,0
BRDA:418,40,0,0
BRDA:418,40,1,0
BRDA:419,41,0,0
BRDA:419,41,1,0
BRDA:419,42,0,0
BRDA:419,42,1,0
BRDA:419,42,2,0
BRDA:420,43,0,0
BRDA:420,43,1,0
BRDA:425,44,0,0
BRDA:425,44,1,0
BRDA:426,45,0,0
BRDA:426,45,1,0
BRDA:427,46,0,0
BRDA:427,46,1,0
BRDA:432,47,0,0
BRDA:432,47,1,0
BRDA:439,48,0,0
BRDA:439,48,1,0
BRDA:441,49,0,0
BRDA:441,49,1,0
BRDA:445,50,0,0
BRDA:445,50,1,0
BRDA:467,51,0,0
BRDA:467,51,1,0
BRDA:490,52,0,0
BRDA:490,52,1,0
BRDA:497,53,0,0
BRDA:497,53,1,0
BRDA:504,54,0,0
BRDA:504,54,1,0
BRDA:528,55,0,0
BRDA:528,55,1,0
BRDA:533,56,0,0
BRDA:533,56,1,0
BRDA:586,57,0,0
BRDA:586,57,1,0
BRDA:593,58,0,0
BRDA:593,58,1,0
BRDA:603,59,0,0
BRDA:603,59,1,0
BRDA:603,60,0,0
BRDA:603,60,1,0
BRDA:603,61,0,0
BRDA:603,61,1,0
BRDA:603,61,2,0
BRDA:603,61,3,0
BRDA:608,62,0,0
BRDA:608,62,1,0
BRDA:609,63,0,0
BRDA:609,63,1,0
BRDA:612,64,0,0
BRDA:612,64,1,0
BRDA:632,65,0,0
BRDA:632,65,1,0
BRDA:638,66,0,0
BRDA:638,66,1,0
BRDA:640,67,0,0
BRDA:640,67,1,0
BRDA:640,67,2,0
BRDA:640,67,3,0
BRDA:652,68,0,0
BRDA:652,68,1,0
BRDA:654,69,0,0
BRDA:654,69,1,0
BRDA:665,70,0,0
BRDA:665,70,1,0
BRDA:676,71,0,0
BRDA:676,71,1,0
BRDA:690,72,0,0
BRDA:690,72,1,0
BRDA:692,73,0,0
BRDA:692,73,1,0
BRDA:693,74,0,0
BRDA:693,74,1,0
BRDA:697,75,0,0
BRDA:697,75,1,0
BRDA:700,76,0,0
BRDA:700,76,1,0
BRDA:703,77,0,0
BRDA:703,77,1,0
BRDA:704,78,0,0
BRDA:704,78,1,0
BRDA:722,79,0,0
BRDA:722,79,1,0
BRDA:725,80,0,0
BRDA:725,80,1,0
BRDA:727,81,0,0
BRDA:727,81,1,0
BRDA:731,82,0,0
BRDA:731,82,1,0
BRDA:743,83,0,0
BRDA:743,83,1,0
BRDA:744,84,0,0
BRDA:744,84,1,0
BRDA:745,85,0,0
BRDA:745,85,1,0
BRDA:746,86,0,0
BRDA:746,86,1,0
BRDA:747,87,0,0
BRDA:747,87,1,0
BRDA:755,88,0,0
BRDA:755,88,1,0
BRDA:761,89,0,0
BRDA:761,89,1,0
BRDA:769,90,0,0
BRDA:769,90,1,0
BRDA:771,91,0,0
BRDA:771,91,1,0
BRDA:772,92,0,0
BRDA:772,92,1,0
BRDA:776,93,0,0
BRDA:776,93,1,0
BRDA:779,94,0,0
BRDA:779,94,1,0
BRDA:782,95,0,0
BRDA:782,95,1,0
BRDA:783,96,0,0
BRDA:783,96,1,0
BRDA:802,97,0,0
BRDA:802,97,1,0
BRF:214
BRH:0
end_of_record
TN:
SF:src/components/ProtectedRoute.tsx
FN:9,ProtectedRoute
FNF:1
FNH:0
FNDA:0,ProtectedRoute
DA:10,0
DA:12,0
DA:13,0
DA:16,0
LF:4
LH:0
BRDA:12,0,0,0
BRDA:12,0,1,0
BRF:2
BRH:0
end_of_record
TN:
SF:src/components/RoleBasedRoute.tsx
FN:21,RoleBasedRoute
FNF:1
FNH:0
FNDA:0,RoleBasedRoute
DA:27,0
DA:28,0
DA:31,0
DA:32,0
DA:36,0
DA:37,0
DA:49,0
DA:50,0
DA:54,0
DA:55,0
DA:59,0
DA:61,0
DA:79,0
DA:80,0
DA:81,0
DA:93,0
DA:94,0
DA:107,0
DA:108,0
DA:109,0
DA:110,0
DA:121,0
LF:22
LH:0
BRDA:31,0,0,0
BRDA:31,0,1,0
BRDA:36,1,0,0
BRDA:36,1,1,0
BRDA:36,2,0,0
BRDA:36,2,1,0
BRDA:49,3,0,0
BRDA:49,3,1,0
BRDA:54,4,0,0
BRDA:54,4,1,0
BRDA:59,5,0,0
BRDA:59,5,1,0
BRDA:80,6,0,0
BRDA:80,6,1,0
BRDA:80,7,0,0
BRDA:80,7,1,0
BRDA:93,8,0,0
BRDA:93,8,1,0
BRDA:99,9,0,0
BRDA:99,9,1,0
BRDA:107,10,0,0
BRDA:107,10,1,0
BRDA:109,11,0,0
BRDA:109,11,1,0
BRF:24
BRH:0
end_of_record
TN:
SF:src/components/ContactInfo/AddressManager.tsx
FN:62,(anonymous_0)
FN:115,(anonymous_1)
FN:116,(anonymous_2)
FN:131,(anonymous_3)
FN:133,(anonymous_4)
FN:152,(anonymous_5)
FN:153,(anonymous_6)
FN:155,(anonymous_7)
FN:173,(anonymous_8)
FN:174,(anonymous_9)
FN:176,(anonymous_10)
FN:192,(anonymous_11)
FN:194,(anonymous_12)
FN:211,(anonymous_13)
FN:215,(anonymous_14)
FN:234,(anonymous_15)
FN:235,(anonymous_16)
FN:252,(anonymous_17)
FN:253,(anonymous_18)
FN:273,(anonymous_19)
FN:279,(anonymous_20)
FN:302,(anonymous_21)
FN:303,(anonymous_22)
FN:319,(anonymous_23)
FN:331,(anonymous_24)
FN:340,(anonymous_25)
FN:342,(anonymous_26)
FN:352,(anonymous_27)
FN:359,(anonymous_28)
FN:373,(anonymous_29)
FN:379,(anonymous_30)
FN:431,(anonymous_31)
FN:439,(anonymous_32)
FN:470,(anonymous_33)
FN:483,(anonymous_34)
FN:494,(anonymous_35)
FN:526,(anonymous_36)
FN:546,(anonymous_37)
FN:584,(anonymous_38)
FN:597,(anonymous_39)
FN:602,(anonymous_40)
FN:626,(anonymous_41)
FN:629,(anonymous_42)
FN:642,(anonymous_43)
FN:665,(anonymous_44)
FN:689,(anonymous_45)
FN:690,(anonymous_46)
FN:691,(anonymous_47)
FN:694,(anonymous_48)
FN:710,(anonymous_49)
FN:734,(anonymous_50)
FN:739,(anonymous_51)
FN:746,(anonymous_52)
FN:757,(anonymous_53)
FN:758,(anonymous_54)
FN:759,(anonymous_55)
FN:764,(anonymous_56)
FN:769,(anonymous_57)
FN:793,(anonymous_58)
FN:795,(anonymous_59)
FN:800,(anonymous_60)
FN:806,(anonymous_61)
FN:831,(anonymous_62)
FN:832,(anonymous_63)
FN:833,(anonymous_64)
FN:847,(anonymous_65)
FN:853,(anonymous_66)
FN:869,(anonymous_67)
FN:888,(anonymous_68)
FN:909,(anonymous_69)
FN:923,(anonymous_70)
FN:941,(anonymous_71)
FN:952,(anonymous_72)
FN:962,(anonymous_73)
FN:973,(anonymous_74)
FN:982,(anonymous_75)
FN:994,(anonymous_76)
FN:1006,(anonymous_77)
FN:1017,(anonymous_78)
FN:1026,(anonymous_79)
FN:1036,(anonymous_80)
FNF:81
FNH:0
FNDA:0,(anonymous_0)
FNDA:0,(anonymous_1)
FNDA:0,(anonymous_2)
FNDA:0,(anonymous_3)
FNDA:0,(anonymous_4)
FNDA:0,(anonymous_5)
FNDA:0,(anonymous_6)
FNDA:0,(anonymous_7)
FNDA:0,(anonymous_8)
FNDA:0,(anonymous_9)
FNDA:0,(anonymous_10)
FNDA:0,(anonymous_11)
FNDA:0,(anonymous_12)
FNDA:0,(anonymous_13)
FNDA:0,(anonymous_14)
FNDA:0,(anonymous_15)
FNDA:0,(anonymous_16)
FNDA:0,(anonymous_17)
FNDA:0,(anonymous_18)
FNDA:0,(anonymous_19)
FNDA:0,(anonymous_20)
FNDA:0,(anonymous_21)
FNDA:0,(anonymous_22)
FNDA:0,(anonymous_23)
FNDA:0,(anonymous_24)
FNDA:0,(anonymous_25)
FNDA:0,(anonymous_26)
FNDA:0,(anonymous_27)
FNDA:0,(anonymous_28)
FNDA:0,(anonymous_29)
FNDA:0,(anonymous_30)
FNDA:0,(anonymous_31)
FNDA:0,(anonymous_32)
FNDA:0,(anonymous_33)
FNDA:0,(anonymous_34)
FNDA:0,(anonymous_35)
FNDA:0,(anonymous_36)
FNDA:0,(anonymous_37)
FNDA:0,(anonymous_38)
FNDA:0,(anonymous_39)
FNDA:0,(anonymous_40)
FNDA:0,(anonymous_41)
FNDA:0,(anonymous_42)
FNDA:0,(anonymous_43)
FNDA:0,(anonymous_44)
FNDA:0,(anonymous_45)
FNDA:0,(anonymous_46)
FNDA:0,(anonymous_47)
FNDA:0,(anonymous_48)
FNDA:0,(anonymous_49)
FNDA:0,(anonymous_50)
FNDA:0,(anonymous_51)
FNDA:0,(anonymous_52)
FNDA:0,(anonymous_53)
FNDA:0,(anonymous_54)
FNDA:0,(anonymous_55)
FNDA:0,(anonymous_56)
FNDA:0,(anonymous_57)
FNDA:0,(anonymous_58)
FNDA:0,(anonymous_59)
FNDA:0,(anonymous_60)
FNDA:0,(anonymous_61)
FNDA:0,(anonymous_62)
FNDA:0,(anonymous_63)
FNDA:0,(anonymous_64)
FNDA:0,(anonymous_65)
FNDA:0,(anonymous_66)
FNDA:0,(anonymous_67)
FNDA:0,(anonymous_68)
FNDA:0,(anonymous_69)
FNDA:0,(anonymous_70)
FNDA:0,(anonymous_71)
FNDA:0,(anonymous_72)
FNDA:0,(anonymous_73)
FNDA:0,(anonymous_74)
FNDA:0,(anonymous_75)
FNDA:0,(anonymous_76)
FNDA:0,(anonymous_77)
FNDA:0,(anonymous_78)
FNDA:0,(anonymous_79)
FNDA:0,(anonymous_80)
DA:60,0
DA:62,0
DA:68,0
DA:69,0
DA:70,0
DA:71,0
DA:72,0
DA:75,0
DA:76,0
DA:77,0
DA:78,0
DA:79,0
DA:80,0
DA:81,0
DA:82,0
DA:83,0
DA:84,0
DA:85,0
DA:86,0
DA:87,0
DA:88,0
DA:89,0
DA:91,0
DA:115,0
DA:116,0
DA:117,0
DA:118,0
DA:119,0
DA:120,0
DA:122,0
DA:124,0
DA:127,0
DA:131,0
DA:132,0
DA:133,0
DA:134,0
DA:135,0
DA:136,0
DA:137,0
DA:138,0
DA:139,0
DA:140,0
DA:142,0
DA:144,0
DA:147,0
DA:152,0
DA:153,0
DA:154,0
DA:155,0
DA:156,0
DA:157,0
DA:158,0
DA:159,0
DA:160,0
DA:161,0
DA:163,0
DA:165,0
DA:168,0
DA:173,0
DA:174,0
DA:175,0
DA:176,0
DA:177,0
DA:178,0
DA:179,0
DA:180,0
DA:182,0
DA:184,0
DA:187,0
DA:192,0
DA:193,0
DA:194,0
DA:195,0
DA:196,0
DA:197,0
DA:198,0
DA:199,0
DA:201,0
DA:203,0
DA:206,0
DA:211,0
DA:212,0
DA:214,0
DA:215,0
DA:216,0
DA:223,0
DA:224,0
DA:225,0
DA:226,0
DA:228,0
DA:233,0
DA:235,0
DA:236,0
DA:237,0
DA:238,0
DA:239,0
DA:241,0
DA:244,0
DA:251,0
DA:253,0
DA:254,0
DA:255,0
DA:256,0
DA:257,0
DA:258,0
DA:259,0
DA:262,0
DA:263,0
DA:266,0
DA:267,0
DA:273,0
DA:274,0
DA:275,0
DA:276,0
DA:279,0
DA:280,0
DA:292,0
DA:293,0
DA:302,0
DA:303,0
DA:304,0
DA:313,0
DA:314,0
DA:315,0
DA:316,0
DA:319,0
DA:320,0
DA:327,0
DA:328,0
DA:331,0
DA:332,0
DA:337,0
DA:340,0
DA:341,0
DA:342,0
DA:343,0
DA:344,0
DA:346,0
DA:349,0
DA:352,0
DA:353,0
DA:354,0
DA:355,0
DA:356,0
DA:359,0
DA:360,0
DA:361,0
DA:362,0
DA:363,0
DA:364,0
DA:366,0
DA:367,0
DA:369,0
DA:373,0
DA:374,0
DA:375,0
DA:379,0
DA:381,0
DA:382,0
DA:383,0
DA:385,0
DA:386,0
DA:387,0
DA:407,0
DA:408,0
DA:428,0
DA:431,0
DA:432,0
DA:433,0
DA:434,0
DA:435,0
DA:436,0
DA:439,0
DA:440,0
DA:441,0
DA:443,0
DA:445,0
DA:447,0
DA:448,0
DA:452,0
DA:461,0
DA:462,0
DA:463,0
DA:465,0
DA:466,0
DA:470,0
DA:471,0
DA:472,0
DA:473,0
DA:474,0
DA:475,0
DA:477,0
DA:478,0
DA:483,0
DA:484,0
DA:485,0
DA:486,0
DA:487,0
DA:489,0
DA:490,0
DA:494,0
DA:495,0
DA:499,0
DA:502,0
DA:504,0
DA:508,0
DA:509,0
DA:516,0
DA:526,0
DA:547,0
DA:584,0
DA:597,0
DA:602,0
DA:626,0
DA:630,0
DA:642,0
DA:665,0
DA:689,0
DA:690,0
DA:691,0
DA:695,0
DA:711,0
DA:735,0
DA:739,0
DA:746,0
DA:757,0
DA:758,0
DA:759,0
DA:765,0
DA:766,0
DA:770,0
DA:793,0
DA:795,0
DA:801,0
DA:802,0
DA:807,0
DA:831,0
DA:832,0
DA:834,0
DA:835,0
DA:836,0
DA:837,0
DA:839,0
DA:848,0
DA:849,0
DA:854,0
DA:870,0
DA:888,0
DA:909,0
DA:924,0
DA:925,0
DA:941,0
DA:952,0
DA:962,0
DA:973,0
DA:982,0
DA:994,0
DA:1006,0
DA:1017,0
DA:1026,0
DA:1036,0
LF:261
LH:0
BRDA:65,0,0,0
BRDA:132,1,0,0
BRDA:132,1,1,0
BRDA:153,2,0,0
BRDA:153,2,1,0
BRDA:154,3,0,0
BRDA:154,3,1,0
BRDA:154,4,0,0
BRDA:154,4,1,0
BRDA:174,5,0,0
BRDA:174,5,1,0
BRDA:175,6,0,0
BRDA:175,6,1,0
BRDA:175,7,0,0
BRDA:175,7,1,0
BRDA:175,7,2,0
BRDA:193,8,0,0
BRDA:193,8,1,0
BRDA:193,9,0,0
BRDA:193,9,1,0
BRDA:212,10,0,0
BRDA:212,10,1,0
BRDA:215,11,0,0
BRDA:215,11,1,0
BRDA:219,12,0,0
BRDA:219,12,1,0
BRDA:236,13,0,0
BRDA:236,13,1,0
BRDA:236,14,0,0
BRDA:236,14,1,0
BRDA:254,15,0,0
BRDA:254,15,1,0
BRDA:258,16,0,0
BRDA:258,16,1,0
BRDA:276,17,0,0
BRDA:276,17,1,0
BRDA:307,18,0,0
BRDA:307,18,1,0
BRDA:341,19,0,0
BRDA:341,19,1,0
BRDA:343,20,0,0
BRDA:343,20,1,0
BRDA:353,21,0,0
BRDA:353,21,1,0
BRDA:354,22,0,0
BRDA:354,22,1,0
BRDA:355,23,0,0
BRDA:355,23,1,0
BRDA:364,24,0,0
BRDA:364,24,1,0
BRDA:374,25,0,0
BRDA:374,25,1,0
BRDA:385,26,0,0
BRDA:385,26,1,0
BRDA:389,27,0,0
BRDA:389,27,1,0
BRDA:390,28,0,0
BRDA:390,28,1,0
BRDA:394,29,0,0
BRDA:394,29,1,0
BRDA:395,30,0,0
BRDA:395,30,1,0
BRDA:396,31,0,0
BRDA:396,31,1,0
BRDA:397,32,0,0
BRDA:397,32,1,0
BRDA:398,33,0,0
BRDA:398,33,1,0
BRDA:399,34,0,0
BRDA:399,34,1,0
BRDA:400,35,0,0
BRDA:400,35,1,0
BRDA:401,36,0,0
BRDA:401,36,1,0
BRDA:402,37,0,0
BRDA:402,37,1,0
BRDA:443,38,0,0
BRDA:443,38,1,0
BRDA:447,39,0,0
BRDA:447,39,1,0
BRDA:447,40,0,0
BRDA:447,40,1,0
BRDA:471,41,0,0
BRDA:471,41,1,0
BRDA:495,42,0,0
BRDA:495,42,1,0
BRDA:495,42,2,0
BRDA:495,42,3,0
BRDA:495,42,4,0
BRDA:495,42,5,0
BRDA:508,43,0,0
BRDA:508,43,1,0
BRDA:522,44,0,0
BRDA:522,44,1,0
BRDA:534,45,0,0
BRDA:534,45,1,0
BRDA:540,46,0,0
BRDA:540,46,1,0
BRDA:554,47,0,0
BRDA:554,47,1,0
BRDA:561,48,0,0
BRDA:561,48,1,0
BRDA:573,49,0,0
BRDA:573,49,1,0
BRDA:574,50,0,0
BRDA:574,50,1,0
BRDA:580,51,0,0
BRDA:580,51,1,0
BRDA:582,52,0,0
BRDA:582,52,1,0
BRDA:589,53,0,0
BRDA:589,53,1,0
BRDA:617,54,0,0
BRDA:617,54,1,0
BRDA:670,55,0,0
BRDA:670,55,1,0
BRDA:674,56,0,0
BRDA:674,56,1,0
BRDA:675,57,0,0
BRDA:675,57,1,0
BRDA:675,57,2,0
BRDA:676,58,0,0
BRDA:676,58,1,0
BRDA:676,58,2,0
BRDA:676,58,3,0
BRDA:690,59,0,0
BRDA:690,59,1,0
BRDA:691,60,0,0
BRDA:691,60,1,0
BRDA:703,61,0,0
BRDA:703,61,1,0
BRDA:714,62,0,0
BRDA:714,62,1,0
BRDA:727,63,0,0
BRDA:727,63,1,0
BRDA:757,64,0,0
BRDA:757,64,1,0
BRDA:758,65,0,0
BRDA:758,65,1,0
BRDA:758,66,0,0
BRDA:758,66,1,0
BRDA:759,67,0,0
BRDA:759,67,1,0
BRDA:759,68,0,0
BRDA:759,68,1,0
BRDA:765,69,0,0
BRDA:765,69,1,0
BRDA:774,70,0,0
BRDA:774,70,1,0
BRDA:774,71,0,0
BRDA:774,71,1,0
BRDA:779,72,0,0
BRDA:779,72,1,0
BRDA:794,73,0,0
BRDA:794,73,1,0
BRDA:795,74,0,0
BRDA:795,74,1,0
BRDA:801,75,0,0
BRDA:801,75,1,0
BRDA:811,76,0,0
BRDA:811,76,1,0
BRDA:811,77,0,0
BRDA:811,77,1,0
BRDA:816,78,0,0
BRDA:816,78,1,0
BRDA:831,79,0,0
BRDA:831,79,1,0
BRDA:832,80,0,0
BRDA:832,80,1,0
BRDA:832,81,0,0
BRDA:832,81,1,0
BRDA:834,82,0,0
BRDA:834,82,1,0
BRDA:836,83,0,0
BRDA:836,83,1,0
BRDA:848,84,0,0
BRDA:848,84,1,0
BRDA:852,85,0,0
BRDA:852,85,1,0
BRDA:857,86,0,0
BRDA:857,86,1,0
BRDA:857,87,0,0
BRDA:857,87,1,0
BRDA:862,88,0,0
BRDA:862,88,1,0
BRDA:873,89,0,0
BRDA:873,89,1,0
BRDA:878,90,0,0
BRDA:878,90,1,0
BRDA:981,91,0,0
BRDA:981,91,1,0
BRDA:1047,92,0,0
BRDA:1047,92,1,0
BRF:193
BRH:0
end_of_record
TN:
SF:src/components/ContactInfo/ContactInfoPanel.tsx
FN:38,(anonymous_0)
FN:51,(anonymous_1)
FN:65,(anonymous_2)
FN:71,(anonymous_3)
FN:76,(anonymous_4)
FN:103,(anonymous_5)
FNF:6
FNH:0
FNDA:0,(anonymous_0)
FNDA:0,(anonymous_1)
FNDA:0,(anonymous_2)
FNDA:0,(anonymous_3)
FNDA:0,(anonymous_4)
FNDA:0,(anonymous_5)
DA:38,0
DA:46,0
DA:47,0
DA:48,0
DA:49,0
DA:51,0
DA:52,0
DA:53,0
DA:54,0
DA:55,0
DA:56,0
DA:58,0
DA:59,0
DA:61,0
DA:65,0
DA:66,0
DA:67,0
DA:71,0
DA:72,0
DA:73,0
DA:76,0
DA:77,0
DA:78,0
DA:81,0
DA:82,0
DA:89,0
DA:90,0
DA:98,0
DA:99,0
DA:103,0
DA:167,0
DA:168,0
DA:207,0
LF:33
LH:0
BRDA:41,0,0,0
BRDA:42,1,0,0
BRDA:43,2,0,0
BRDA:66,3,0,0
BRDA:66,3,1,0
BRDA:77,4,0,0
BRDA:77,4,1,0
BRDA:81,5,0,0
BRDA:81,5,1,0
BRDA:81,6,0,0
BRDA:81,6,1,0
BRDA:89,7,0,0
BRDA:89,7,1,0
BRDA:98,8,0,0
BRDA:98,8,1,0
BRDA:111,9,0,0
BRDA:111,9,1,0
BRDA:116,10,0,0
BRDA:116,10,1,0
BRDA:121,11,0,0
BRDA:121,11,1,0
BRDA:126,12,0,0
BRDA:126,12,1,0
BRDA:167,13,0,0
BRDA:167,13,1,0
BRF:25
BRH:0
end_of_record
TN:
SF:src/components/ContactInfo/EmailManager.tsx
FN:53,(anonymous_0)
FN:81,(anonymous_1)
FN:95,(anonymous_2)
FN:101,(anonymous_3)
FN:130,(anonymous_4)
FN:135,(anonymous_5)
FN:172,(anonymous_6)
FN:185,(anonymous_7)
FN:214,(anonymous_8)
FN:234,(anonymous_9)
FN:314,(anonymous_10)
FN:327,(anonymous_11)
FN:332,(anonymous_12)
FN:356,(anonymous_13)
FN:359,(anonymous_14)
FN:374,(anonymous_15)
FN:386,(anonymous_16)
FN:401,(anonymous_17)
FN:410,(anonymous_18)
FN:420,(anonymous_19)
FN:430,(anonymous_20)
FN:443,(anonymous_21)
FNF:22
FNH:0
FNDA:0,(anonymous_0)
FNDA:0,(anonymous_1)
FNDA:0,(anonymous_2)
FNDA:0,(anonymous_3)
FNDA:0,(anonymous_4)
FNDA:0,(anonymous_5)
FNDA:0,(anonymous_6)
FNDA:0,(anonymous_7)
FNDA:0,(anonymous_8)
FNDA:0,(anonymous_9)
FNDA:0,(anonymous_10)
FNDA:0,(anonymous_11)
FNDA:0,(anonymous_12)
FNDA:0,(anonymous_13)
FNDA:0,(anonymous_14)
FNDA:0,(anonymous_15)
FNDA:0,(anonymous_16)
FNDA:0,(anonymous_17)
FNDA:0,(anonymous_18)
FNDA:0,(anonymous_19)
FNDA:0,(anonymous_20)
FNDA:0,(anonymous_21)
DA:51,0
DA:53,0
DA:59,0
DA:60,0
DA:61,0
DA:62,0
DA:63,0
DA:64,0
DA:81,0
DA:82,0
DA:83,0
DA:84,0
DA:85,0
DA:86,0
DA:88,0
DA:89,0
DA:91,0
DA:95,0
DA:96,0
DA:97,0
DA:101,0
DA:102,0
DA:103,0
DA:104,0
DA:115,0
DA:116,0
DA:127,0
DA:130,0
DA:131,0
DA:132,0
DA:135,0
DA:136,0
DA:137,0
DA:139,0
DA:140,0
DA:142,0
DA:147,0
DA:148,0
DA:151,0
DA:163,0
DA:164,0
DA:165,0
DA:167,0
DA:168,0
DA:172,0
DA:173,0
DA:174,0
DA:175,0
DA:176,0
DA:177,0
DA:179,0
DA:180,0
DA:185,0
DA:186,0
DA:187,0
DA:188,0
DA:189,0
DA:191,0
DA:192,0
DA:196,0
DA:197,0
DA:204,0
DA:214,0
DA:235,0
DA:314,0
DA:327,0
DA:332,0
DA:356,0
DA:360,0
DA:374,0
DA:386,0
DA:401,0
DA:410,0
DA:420,0
DA:430,0
DA:443,0
LF:76
LH:0
BRDA:56,0,0,0
BRDA:86,1,0,0
BRDA:86,1,1,0
BRDA:96,2,0,0
BRDA:96,2,1,0
BRDA:102,3,0,0
BRDA:102,3,1,0
BRDA:106,4,0,0
BRDA:106,4,1,0
BRDA:107,5,0,0
BRDA:107,5,1,0
BRDA:139,6,0,0
BRDA:139,6,1,0
BRDA:147,7,0,0
BRDA:147,7,1,0
BRDA:147,8,0,0
BRDA:147,8,1,0
BRDA:173,9,0,0
BRDA:173,9,1,0
BRDA:196,10,0,0
BRDA:196,10,1,0
BRDA:210,11,0,0
BRDA:210,11,1,0
BRDA:222,12,0,0
BRDA:222,12,1,0
BRDA:228,13,0,0
BRDA:228,13,1,0
BRDA:243,14,0,0
BRDA:243,14,1,0
BRDA:250,15,0,0
BRDA:250,15,1,0
BRDA:257,16,0,0
BRDA:257,16,1,0
BRDA:270,17,0,0
BRDA:270,17,1,0
BRDA:279,18,0,0
BRDA:279,18,1,0
BRDA:279,18,2,0
BRDA:279,18,3,0
BRDA:288,19,0,0
BRDA:288,19,1,0
BRDA:295,20,0,0
BRDA:295,20,1,0
BRDA:302,21,0,0
BRDA:302,21,1,0
BRDA:302,21,2,0
BRDA:302,21,3,0
BRDA:310,22,0,0
BRDA:310,22,1,0
BRDA:312,23,0,0
BRDA:312,23,1,0
BRDA:319,24,0,0
BRDA:319,24,1,0
BRDA:347,25,0,0
BRDA:347,25,1,0
BRDA:454,26,0,0
BRDA:454,26,1,0
BRF:57
BRH:0
end_of_record
TN:
SF:src/components/ContactInfo/PhoneManager.tsx
FN:54,(anonymous_0)
FN:80,(anonymous_1)
FN:94,(anonymous_2)
FN:100,(anonymous_3)
FN:137,(anonymous_4)
FN:142,(anonymous_5)
FN:171,(anonymous_6)
FN:184,(anonymous_7)
FN:195,(anonymous_8)
FN:227,(anonymous_9)
FN:247,(anonymous_10)
FN:297,(anonymous_11)
FN:310,(anonymous_12)
FN:315,(anonymous_13)
FN:339,(anonymous_14)
FN:342,(anonymous_15)
FN:356,(anonymous_16)
FN:366,(anonymous_17)
FN:376,(anonymous_18)
FN:386,(anonymous_19)
FN:398,(anonymous_20)
FN:410,(anonymous_21)
FN:419,(anonymous_22)
FN:428,(anonymous_23)
FN:442,(anonymous_24)
FN:451,(anonymous_25)
FN:464,(anonymous_26)
FNF:27
FNH:0
FNDA:0,(anonymous_0)
FNDA:0,(anonymous_1)
FNDA:0,(anonymous_2)
FNDA:0,(anonymous_3)
FNDA:0,(anonymous_4)
FNDA:0,(anonymous_5)
FNDA:0,(anonymous_6)
FNDA:0,(anonymous_7)
FNDA:0,(anonymous_8)
FNDA:0,(anonymous_9)
FNDA:0,(anonymous_10)
FNDA:0,(anonymous_11)
FNDA:0,(anonymous_12)
FNDA:0,(anonymous_13)
FNDA:0,(anonymous_14)
FNDA:0,(anonymous_15)
FNDA:0,(anonymous_16)
FNDA:0,(anonymous_17)
FNDA:0,(anonymous_18)
FNDA:0,(anonymous_19)
FNDA:0,(anonymous_20)
FNDA:0,(anonymous_21)
FNDA:0,(anonymous_22)
FNDA:0,(anonymous_23)
FNDA:0,(anonymous_24)
FNDA:0,(anonymous_25)
FNDA:0,(anonymous_26)
DA:52,0
DA:54,0
DA:60,0
DA:61,0
DA:62,0
DA:63,0
DA:64,0
DA:65,0
DA:80,0
DA:81,0
DA:82,0
DA:83,0
DA:84,0
DA:85,0
DA:87,0
DA:88,0
DA:90,0
DA:94,0
DA:95,0
DA:96,0
DA:100,0
DA:101,0
DA:102,0
DA:103,0
DA:118,0
DA:119,0
DA:134,0
DA:137,0
DA:138,0
DA:139,0
DA:142,0
DA:143,0
DA:144,0
DA:146,0
DA:147,0
DA:148,0
DA:149,0
DA:152,0
DA:162,0
DA:163,0
DA:164,0
DA:166,0
DA:167,0
DA:171,0
DA:172,0
DA:173,0
DA:174,0
DA:175,0
DA:176,0
DA:178,0
DA:179,0
DA:184,0
DA:185,0
DA:186,0
DA:187,0
DA:188,0
DA:190,0
DA:191,0
DA:195,0
DA:196,0
DA:198,0
DA:200,0
DA:203,0
DA:205,0
DA:209,0
DA:210,0
DA:217,0
DA:227,0
DA:248,0
DA:297,0
DA:310,0
DA:315,0
DA:339,0
DA:343,0
DA:356,0
DA:366,0
DA:376,0
DA:386,0
DA:398,0
DA:410,0
DA:419,0
DA:428,0
DA:442,0
DA:451,0
DA:464,0
LF:85
LH:0
BRDA:57,0,0,0
BRDA:85,1,0,0
BRDA:85,1,1,0
BRDA:95,2,0,0
BRDA:95,2,1,0
BRDA:101,3,0,0
BRDA:101,3,1,0
BRDA:105,4,0,0
BRDA:105,4,1,0
BRDA:107,5,0,0
BRDA:107,5,1,0
BRDA:108,6,0,0
BRDA:108,6,1,0
BRDA:109,7,0,0
BRDA:109,7,1,0
BRDA:110,8,0,0
BRDA:110,8,1,0
BRDA:111,9,0,0
BRDA:111,9,1,0
BRDA:112,10,0,0
BRDA:112,10,1,0
BRDA:146,11,0,0
BRDA:146,11,1,0
BRDA:148,12,0,0
BRDA:148,12,1,0
BRDA:148,13,0,0
BRDA:148,13,1,0
BRDA:172,14,0,0
BRDA:172,14,1,0
BRDA:196,15,0,0
BRDA:196,15,1,0
BRDA:196,15,2,0
BRDA:196,15,3,0
BRDA:196,15,4,0
BRDA:209,16,0,0
BRDA:209,16,1,0
BRDA:223,17,0,0
BRDA:223,17,1,0
BRDA:235,18,0,0
BRDA:235,18,1,0
BRDA:241,19,0,0
BRDA:241,19,1,0
BRDA:254,20,0,0
BRDA:254,20,1,0
BRDA:254,20,2,0
BRDA:255,21,0,0
BRDA:255,21,1,0
BRDA:262,22,0,0
BRDA:262,22,1,0
BRDA:269,23,0,0
BRDA:269,23,1,0
BRDA:282,24,0,0
BRDA:282,24,1,0
BRDA:283,25,0,0
BRDA:283,25,1,0
BRDA:284,26,0,0
BRDA:284,26,1,0
BRDA:285,27,0,0
BRDA:285,27,1,0
BRDA:293,28,0,0
BRDA:293,28,1,0
BRDA:295,29,0,0
BRDA:295,29,1,0
BRDA:302,30,0,0
BRDA:302,30,1,0
BRDA:330,31,0,0
BRDA:330,31,1,0
BRDA:409,32,0,0
BRDA:409,32,1,0
BRDA:418,33,0,0
BRDA:418,33,1,0
BRDA:427,34,0,0
BRDA:427,34,1,0
BRDA:475,35,0,0
BRDA:475,35,1,0
BRF:75
BRH:0
end_of_record
TN:
SF:src/components/ContactInfo/ShareContactInfoModal.tsx
FN:61,(anonymous_0)
FN:94,(anonymous_1)
FN:100,(anonymous_2)
FN:117,(anonymous_3)
FN:156,(anonymous_4)
FN:166,(anonymous_5)
FN:167,(anonymous_6)
FN:168,(anonymous_7)
FN:172,(anonymous_8)
FN:173,(anonymous_9)
FN:174,(anonymous_10)
FN:178,(anonymous_11)
FN:179,(anonymous_12)
FN:180,(anonymous_13)
FN:184,(anonymous_14)
FN:185,(anonymous_15)
FN:186,(anonymous_16)
FN:190,(anonymous_17)
FN:191,(anonymous_18)
FN:192,(anonymous_19)
FN:193,(anonymous_20)
FN:194,(anonymous_21)
FN:197,(anonymous_22)
FN:239,(anonymous_23)
FN:253,(anonymous_24)
FN:266,(anonymous_25)
FN:298,(anonymous_26)
FN:302,(anonymous_27)
FN:319,(anonymous_28)
FN:339,(anonymous_29)
FN:343,(anonymous_30)
FN:360,(anonymous_31)
FN:380,(anonymous_32)
FN:384,(anonymous_33)
FN:401,(anonymous_34)
FN:421,(anonymous_35)
FN:425,(anonymous_36)
FNF:37
FNH:0
FNDA:0,(anonymous_0)
FNDA:0,(anonymous_1)
FNDA:0,(anonymous_2)
FNDA:0,(anonymous_3)
FNDA:0,(anonymous_4)
FNDA:0,(anonymous_5)
FNDA:0,(anonymous_6)
FNDA:0,(anonymous_7)
FNDA:0,(anonymous_8)
FNDA:0,(anonymous_9)
FNDA:0,(anonymous_10)
FNDA:0,(anonymous_11)
FNDA:0,(anonymous_12)
FNDA:0,(anonymous_13)
FNDA:0,(anonymous_14)
FNDA:0,(anonymous_15)
FNDA:0,(anonymous_16)
FNDA:0,(anonymous_17)
FNDA:0,(anonymous_18)
FNDA:0,(anonymous_19)
FNDA:0,(anonymous_20)
FNDA:0,(anonymous_21)
FNDA:0,(anonymous_22)
FNDA:0,(anonymous_23)
FNDA:0,(anonymous_24)
FNDA:0,(anonymous_25)
FNDA:0,(anonymous_26)
FNDA:0,(anonymous_27)
FNDA:0,(anonymous_28)
FNDA:0,(anonymous_29)
FNDA:0,(anonymous_30)
FNDA:0,(anonymous_31)
FNDA:0,(anonymous_32)
FNDA:0,(anonymous_33)
FNDA:0,(anonymous_34)
FNDA:0,(anonymous_35)
FNDA:0,(anonymous_36)
DA:61,0
DA:68,0
DA:69,0
DA:70,0
DA:73,0
DA:74,0
DA:75,0
DA:76,0
DA:79,0
DA:80,0
DA:81,0
DA:82,0
DA:85,0
DA:86,0
DA:87,0
DA:90,0
DA:91,0
DA:92,0
DA:94,0
DA:95,0
DA:96,0
DA:100,0
DA:101,0
DA:102,0
DA:103,0
DA:104,0
DA:105,0
DA:106,0
DA:107,0
DA:108,0
DA:110,0
DA:111,0
DA:113,0
DA:117,0
DA:118,0
DA:119,0
DA:120,0
DA:123,0
DA:125,0
DA:126,0
DA:129,0
DA:130,0
DA:131,0
DA:133,0
DA:146,0
DA:147,0
DA:149,0
DA:150,0
DA:152,0
DA:156,0
DA:157,0
DA:158,0
DA:159,0
DA:160,0
DA:161,0
DA:162,0
DA:163,0
DA:166,0
DA:167,0
DA:168,0
DA:172,0
DA:173,0
DA:174,0
DA:178,0
DA:179,0
DA:180,0
DA:184,0
DA:185,0
DA:186,0
DA:190,0
DA:191,0
DA:192,0
DA:193,0
DA:194,0
DA:197,0
DA:198,0
DA:199,0
DA:200,0
DA:201,0
DA:204,0
DA:207,0
DA:239,0
DA:253,0
DA:266,0
DA:299,0
DA:302,0
DA:319,0
DA:340,0
DA:343,0
DA:360,0
DA:381,0
DA:384,0
DA:401,0
DA:422,0
DA:425,0
LF:95
LH:0
BRDA:95,0,0,0
BRDA:95,0,1,0
BRDA:105,1,0,0
BRDA:105,1,1,0
BRDA:106,2,0,0
BRDA:106,2,1,0
BRDA:107,3,0,0
BRDA:107,3,1,0
BRDA:108,4,0,0
BRDA:108,4,1,0
BRDA:118,5,0,0
BRDA:118,5,1,0
BRDA:123,6,0,0
BRDA:123,6,1,0
BRDA:123,7,0,0
BRDA:123,7,1,0
BRDA:123,7,2,0
BRDA:123,7,3,0
BRDA:136,8,0,0
BRDA:136,8,1,0
BRDA:137,9,0,0
BRDA:137,9,1,0
BRDA:138,10,0,0
BRDA:138,10,1,0
BRDA:139,11,0,0
BRDA:139,11,1,0
BRDA:168,12,0,0
BRDA:168,12,1,0
BRDA:174,13,0,0
BRDA:174,13,1,0
BRDA:180,14,0,0
BRDA:180,14,1,0
BRDA:186,15,0,0
BRDA:186,15,1,0
BRDA:217,16,0,0
BRDA:217,16,1,0
BRDA:223,17,0,0
BRDA:223,17,1,0
BRDA:280,18,0,0
BRDA:280,18,1,0
BRDA:291,19,0,0
BRDA:291,19,1,0
BRDA:332,20,0,0
BRDA:332,20,1,0
BRDA:350,21,0,0
BRDA:350,21,1,0
BRDA:373,22,0,0
BRDA:373,22,1,0
BRDA:414,23,0,0
BRDA:414,23,1,0
BRDA:433,24,0,0
BRDA:433,24,1,0
BRDA:441,25,0,0
BRDA:441,25,1,0
BRDA:441,25,2,0
BRDA:441,25,3,0
BRDA:441,25,4,0
BRDA:458,26,0,0
BRDA:458,26,1,0
BRDA:458,26,2,0
BRDA:459,27,0,0
BRDA:459,27,1,0
BRDA:461,28,0,0
BRDA:461,28,1,0
BRDA:461,29,0,0
BRDA:461,29,1,0
BRF:66
BRH:0
end_of_record
TN:
SF:src/components/ContactInfo/SocialMediaManager.tsx
FN:74,(anonymous_0)
FN:100,(anonymous_1)
FN:114,(anonymous_2)
FN:120,(anonymous_3)
FN:157,(anonymous_4)
FN:162,(anonymous_5)
FN:190,(anonymous_6)
FN:203,(anonymous_7)
FN:214,(anonymous_8)
FN:235,(anonymous_9)
FN:260,(anonymous_10)
FN:280,(anonymous_11)
FN:366,(anonymous_12)
FN:379,(anonymous_13)
FN:384,(anonymous_14)
FN:408,(anonymous_15)
FN:411,(anonymous_16)
FN:429,(anonymous_17)
FN:440,(anonymous_18)
FN:443,(anonymous_19)
FN:457,(anonymous_20)
FN:469,(anonymous_21)
FN:480,(anonymous_22)
FN:491,(anonymous_23)
FN:501,(anonymous_24)
FN:512,(anonymous_25)
FN:521,(anonymous_26)
FN:530,(anonymous_27)
FN:543,(anonymous_28)
FNF:29
FNH:0
FNDA:0,(anonymous_0)
FNDA:0,(anonymous_1)
FNDA:0,(anonymous_2)
FNDA:0,(anonymous_3)
FNDA:0,(anonymous_4)
FNDA:0,(anonymous_5)
FNDA:0,(anonymous_6)
FNDA:0,(anonymous_7)
FNDA:0,(anonymous_8)
FNDA:0,(anonymous_9)
FNDA:0,(anonymous_10)
FNDA:0,(anonymous_11)
FNDA:0,(anonymous_12)
FNDA:0,(anonymous_13)
FNDA:0,(anonymous_14)
FNDA:0,(anonymous_15)
FNDA:0,(anonymous_16)
FNDA:0,(anonymous_17)
FNDA:0,(anonymous_18)
FNDA:0,(anonymous_19)
FNDA:0,(anonymous_20)
FNDA:0,(anonymous_21)
FNDA:0,(anonymous_22)
FNDA:0,(anonymous_23)
FNDA:0,(anonymous_24)
FNDA:0,(anonymous_25)
FNDA:0,(anonymous_26)
FNDA:0,(anonymous_27)
FNDA:0,(anonymous_28)
DA:66,0
DA:72,0
DA:74,0
DA:80,0
DA:81,0
DA:82,0
DA:83,0
DA:84,0
DA:85,0
DA:100,0
DA:101,0
DA:102,0
DA:103,0
DA:104,0
DA:105,0
DA:107,0
DA:108,0
DA:110,0
DA:114,0
DA:115,0
DA:116,0
DA:120,0
DA:121,0
DA:122,0
DA:123,0
DA:138,0
DA:139,0
DA:154,0
DA:157,0
DA:158,0
DA:159,0
DA:162,0
DA:163,0
DA:164,0
DA:166,0
DA:167,0
DA:168,0
DA:169,0
DA:172,0
DA:181,0
DA:182,0
DA:183,0
DA:185,0
DA:186,0
DA:190,0
DA:191,0
DA:192,0
DA:193,0
DA:194,0
DA:195,0
DA:197,0
DA:198,0
DA:203,0
DA:204,0
DA:205,0
DA:206,0
DA:207,0
DA:209,0
DA:210,0
DA:214,0
DA:215,0
DA:217,0
DA:219,0
DA:221,0
DA:223,0
DA:225,0
DA:227,0
DA:229,0
DA:231,0
DA:235,0
DA:236,0
DA:237,0
DA:238,0
DA:239,0
DA:242,0
DA:243,0
DA:250,0
DA:260,0
DA:281,0
DA:366,0
DA:379,0
DA:384,0
DA:408,0
DA:412,0
DA:429,0
DA:440,0
DA:444,0
DA:457,0
DA:469,0
DA:480,0
DA:491,0
DA:501,0
DA:512,0
DA:521,0
DA:530,0
DA:543,0
LF:96
LH:0
BRDA:77,0,0,0
BRDA:105,1,0,0
BRDA:105,1,1,0
BRDA:115,2,0,0
BRDA:115,2,1,0
BRDA:121,3,0,0
BRDA:121,3,1,0
BRDA:125,4,0,0
BRDA:125,4,1,0
BRDA:128,5,0,0
BRDA:128,5,1,0
BRDA:129,6,0,0
BRDA:129,6,1,0
BRDA:132,7,0,0
BRDA:132,7,1,0
BRDA:133,8,0,0
BRDA:133,8,1,0
BRDA:166,9,0,0
BRDA:166,9,1,0
BRDA:168,10,0,0
BRDA:168,10,1,0
BRDA:168,11,0,0
BRDA:168,11,1,0
BRDA:191,12,0,0
BRDA:191,12,1,0
BRDA:215,13,0,0
BRDA:215,13,1,0
BRDA:215,13,2,0
BRDA:215,13,3,0
BRDA:215,13,4,0
BRDA:215,13,5,0
BRDA:215,13,6,0
BRDA:215,13,7,0
BRDA:236,14,0,0
BRDA:236,14,1,0
BRDA:237,15,0,0
BRDA:237,15,1,0
BRDA:238,16,0,0
BRDA:238,16,1,0
BRDA:242,17,0,0
BRDA:242,17,1,0
BRDA:256,18,0,0
BRDA:256,18,1,0
BRDA:268,19,0,0
BRDA:268,19,1,0
BRDA:274,20,0,0
BRDA:274,20,1,0
BRDA:291,21,0,0
BRDA:291,21,1,0
BRDA:293,22,0,0
BRDA:293,22,1,0
BRDA:293,22,2,0
BRDA:299,23,0,0
BRDA:299,23,1,0
BRDA:308,24,0,0
BRDA:308,24,1,0
BRDA:315,25,0,0
BRDA:315,25,1,0
BRDA:324,26,0,0
BRDA:324,26,1,0
BRDA:336,27,0,0
BRDA:336,27,1,0
BRDA:347,28,0,0
BRDA:347,28,1,0
BRDA:352,29,0,0
BRDA:352,29,1,0
BRDA:362,30,0,0
BRDA:362,30,1,0
BRDA:364,31,0,0
BRDA:364,31,1,0
BRDA:371,32,0,0
BRDA:371,32,1,0
BRDA:399,33,0,0
BRDA:399,33,1,0
BRDA:423,34,0,0
BRDA:423,34,1,0
BRDA:435,35,0,0
BRDA:435,35,1,0
BRDA:490,36,0,0
BRDA:490,36,1,0
BRDA:491,37,0,0
BRDA:491,37,1,0
BRDA:500,38,0,0
BRDA:500,38,1,0
BRDA:501,39,0,0
BRDA:501,39,1,0
BRDA:511,40,0,0
BRDA:511,40,1,0
BRDA:554,41,0,0
BRDA:554,41,1,0
BRF:90
BRH:0
end_of_record
TN:
SF:src/components/ContactInfo/index.ts
FNF:0
FNH:0
LF:0
LH:0
BRF:0
BRH:0
end_of_record
TN:
SF:src/components/admin/AdminPageHeader.tsx
FN:17,(anonymous_0)
FNF:1
FNH:0
FNDA:0,(anonymous_0)
DA:17,0
DA:18,0
DA:20,0
LF:3
LH:0
BRDA:23,0,0,0
BRDA:23,0,1,0
BRDA:26,1,0,0
BRDA:26,1,1,0
BRDA:38,2,0,0
BRDA:38,2,1,0
BRF:6
BRH:0
end_of_record
TN:
SF:src/components/architecture/ArchitectureDiagram.tsx
FN:1041,(anonymous_0)
FN:1062,(anonymous_1)
FN:1069,(anonymous_2)
FN:1076,(anonymous_3)
FN:1080,(anonymous_4)
FN:1089,(anonymous_5)
FN:1091,(anonymous_6)
FN:1092,(anonymous_7)
FN:1093,(anonymous_8)
FN:1094,(anonymous_9)
FN:1107,(anonymous_10)
FN:1109,(anonymous_11)
FN:1116,(anonymous_12)
FN:1182,(anonymous_13)
FN:1205,(anonymous_14)
FN:1223,(anonymous_15)
FN:1229,(anonymous_16)
FN:1238,(anonymous_17)
FN:1249,(anonymous_18)
FN:1264,(anonymous_19)
FN:1265,(anonymous_20)
FN:1274,(anonymous_21)
FN:1297,(anonymous_22)
FN:1375,(anonymous_23)
FN:1376,(anonymous_24)
FN:1377,(anonymous_25)
FNF:26
FNH:0
FNDA:0,(anonymous_0)
FNDA:0,(anonymous_1)
FNDA:0,(anonymous_2)
FNDA:0,(anonymous_3)
FNDA:0,(anonymous_4)
FNDA:0,(anonymous_5)
FNDA:0,(anonymous_6)
FNDA:0,(anonymous_7)
FNDA:0,(anonymous_8)
FNDA:0,(anonymous_9)
FNDA:0,(anonymous_10)
FNDA:0,(anonymous_11)
FNDA:0,(anonymous_12)
FNDA:0,(anonymous_13)
FNDA:0,(anonymous_14)
FNDA:0,(anonymous_15)
FNDA:0,(anonymous_16)
FNDA:0,(anonymous_17)
FNDA:0,(anonymous_18)
FNDA:0,(anonymous_19)
FNDA:0,(anonymous_20)
FNDA:0,(anonymous_21)
FNDA:0,(anonymous_22)
FNDA:0,(anonymous_23)
FNDA:0,(anonymous_24)
FNDA:0,(anonymous_25)
DA:88,0
DA:235,0
DA:1041,0
DA:1042,0
DA:1044,0
DA:1046,0
DA:1048,0
DA:1050,0
DA:1052,0
DA:1062,0
DA:1063,0
DA:1069,0
DA:1070,0
DA:1071,0
DA:1072,0
DA:1073,0
DA:1076,0
DA:1077,0
DA:1078,0
DA:1079,0
DA:1081,0
DA:1089,0
DA:1090,0
DA:1091,0
DA:1092,0
DA:1093,0
DA:1094,0
DA:1096,0
DA:1107,0
DA:1108,0
DA:1109,0
DA:1110,0
DA:1111,0
DA:1113,0
DA:1116,0
DA:1117,0
DA:1120,0
DA:1182,0
DA:1206,0
DA:1224,0
DA:1229,0
DA:1239,0
DA:1250,0
DA:1265,0
DA:1266,0
DA:1268,0
DA:1270,0
DA:1274,0
DA:1298,0
DA:1375,0
DA:1377,0
DA:1378,0
LF:52
LH:0
BRDA:1042,0,0,0
BRDA:1042,0,1,0
BRDA:1042,0,2,0
BRDA:1042,0,3,0
BRDA:1042,0,4,0
BRDA:1064,1,0,0
BRDA:1064,1,1,0
BRDA:1077,2,0,0
BRDA:1077,2,1,0
BRDA:1081,3,0,0
BRDA:1081,3,1,0
BRDA:1081,3,2,0
BRDA:1081,3,3,0
BRDA:1110,4,0,0
BRDA:1110,4,1,0
BRDA:1160,5,0,0
BRDA:1160,5,1,0
BRDA:1161,6,0,0
BRDA:1161,6,1,0
BRDA:1166,7,0,0
BRDA:1166,7,1,0
BRDA:1169,8,0,0
BRDA:1169,8,1,0
BRDA:1229,9,0,0
BRDA:1229,9,1,0
BRDA:1243,10,0,0
BRDA:1243,10,1,0
BRDA:1268,11,0,0
BRDA:1268,11,1,0
BRDA:1274,12,0,0
BRDA:1274,12,1,0
BRDA:1308,13,0,0
BRDA:1308,13,1,0
BRDA:1322,14,0,0
BRDA:1322,14,1,0
BRDA:1413,15,0,0
BRDA:1413,15,1,0
BRDA:1414,16,0,0
BRDA:1414,16,1,0
BRF:39
BRH:0
end_of_record
TN:
SF:src/components/architecture/index.ts
FNF:0
FNH:0
LF:0
LH:0
BRF:0
BRH:0
end_of_record
TN:
SF:src/components/common/ConfirmDialog.tsx
FN:26,(anonymous_0)
FN:75,(anonymous_1)
FN:91,(anonymous_2)
FN:92,(anonymous_3)
FN:103,(anonymous_4)
FN:105,(anonymous_5)
FN:108,(anonymous_6)
FN:110,(anonymous_7)
FN:114,(anonymous_8)
FNF:9
FNH:0
FNDA:0,(anonymous_0)
FNDA:0,(anonymous_1)
FNDA:0,(anonymous_2)
FNDA:0,(anonymous_3)
FNDA:0,(anonymous_4)
FNDA:0,(anonymous_5)
FNDA:0,(anonymous_6)
FNDA:0,(anonymous_7)
FNDA:0,(anonymous_8)
DA:26,0
DA:36,0
DA:75,0
DA:76,0
DA:90,0
DA:92,0
DA:93,0
DA:103,0
DA:104,0
DA:105,0
DA:108,0
DA:109,0
DA:110,0
DA:113,0
DA:115,0
DA:138,0
LF:16
LH:0
BRDA:30,0,0,0
BRDA:31,1,0,0
BRDA:32,2,0,0
BRF:3
BRH:0
end_of_record
TN:
SF:src/components/common/ErrorAlert.tsx
FN:21,(anonymous_0)
FN:56,(anonymous_1)
FNF:2
FNH:0
FNDA:0,(anonymous_0)
FNDA:0,(anonymous_1)
DA:21,0
DA:28,0
DA:30,0
DA:56,0
DA:62,0
DA:64,0
LF:6
LH:0
BRDA:24,0,0,0
BRDA:25,1,0,0
BRDA:26,2,0,0
BRDA:28,3,0,0
BRDA:28,3,1,0
BRDA:34,4,0,0
BRDA:34,4,1,0
BRDA:59,5,0,0
BRDA:60,6,0,0
BRDA:62,7,0,0
BRDA:62,7,1,0
BRDA:68,8,0,0
BRDA:68,8,1,0
BRF:13
BRH:0
end_of_record
TN:
SF:src/components/common/LoadingSpinner.tsx
FN:19,(anonymous_0)
FNF:1
FNH:0
FNDA:0,(anonymous_0)
DA:19,0
DA:25,0
DA:26,0
DA:52,0
LF:4
LH:0
BRDA:21,0,0,0
BRDA:22,1,0,0
BRDA:23,2,0,0
BRDA:25,3,0,0
BRDA:25,3,1,0
BRDA:43,4,0,0
BRDA:43,4,1,0
BRDA:63,5,0,0
BRDA:63,5,1,0
BRF:9
BRH:0
end_of_record
TN:
SF:src/components/common/TabPanel.tsx
FN:36,(anonymous_0)
FN:74,a11yProps
FNF:2
FNH:0
FNDA:0,(anonymous_0)
FNDA:0,a11yProps
DA:36,0
DA:44,0
DA:75,0
LF:3
LH:0
BRDA:40,0,0,0
BRDA:52,1,0,0
BRDA:52,1,1,0
BRF:3
BRH:0
end_of_record
TN:
SF:src/components/common/index.ts
FNF:0
FNH:0
LF:0
LH:0
BRF:0
BRH:0
end_of_record
TN:
SF:src/components/settings/DatabaseSettingsTab.tsx
FN:193,DatabaseSettingsTab
FN:265,(anonymous_1)
FN:276,(anonymous_2)
FN:284,(anonymous_3)
FN:297,(anonymous_4)
FN:315,(anonymous_5)
FN:340,(anonymous_6)
FN:367,(anonymous_7)
FN:382,(anonymous_8)
FN:400,(anonymous_9)
FN:416,(anonymous_10)
FN:430,(anonymous_11)
FN:431,(anonymous_12)
FN:440,(anonymous_13)
FN:468,(anonymous_14)
FN:506,(anonymous_15)
FN:515,(anonymous_16)
FN:542,(anonymous_17)
FN:561,(anonymous_18)
FN:583,(anonymous_19)
FN:611,(anonymous_20)
FN:639,(anonymous_21)
FN:665,(anonymous_22)
FN:693,(anonymous_23)
FN:709,(anonymous_24)
FN:727,(anonymous_25)
FN:746,(anonymous_26)
FN:764,(anonymous_27)
FN:779,(anonymous_28)
FN:802,(anonymous_29)
FN:821,(anonymous_30)
FN:838,(anonymous_31)
FN:857,(anonymous_32)
FN:882,(anonymous_33)
FN:911,(anonymous_34)
FN:931,(anonymous_35)
FN:941,(anonymous_36)
FN:951,(anonymous_37)
FN:952,(anonymous_38)
FN:954,(anonymous_39)
FN:1018,(anonymous_40)
FN:1079,(anonymous_41)
FN:1087,(anonymous_42)
FN:1136,(anonymous_43)
FN:1136,(anonymous_44)
FN:1151,(anonymous_45)
FN:1151,(anonymous_46)
FN:1186,(anonymous_47)
FN:1212,(anonymous_48)
FN:1247,(anonymous_49)
FN:1287,(anonymous_50)
FN:1322,(anonymous_51)
FN:1349,(anonymous_52)
FN:1357,(anonymous_53)
FN:1383,(anonymous_54)
FN:1410,(anonymous_55)
FN:1433,(anonymous_56)
FN:1444,(anonymous_57)
FN:1449,(anonymous_58)
FN:1454,(anonymous_59)
FN:1494,(anonymous_60)
FN:1508,(anonymous_61)
FN:1513,(anonymous_62)
FN:1518,(anonymous_63)
FN:1592,(anonymous_64)
FN:1667,(anonymous_65)
FN:1679,(anonymous_66)
FN:1709,(anonymous_67)
FN:1716,(anonymous_68)
FN:1725,(anonymous_69)
FN:1735,(anonymous_70)
FN:1743,(anonymous_71)
FN:1751,(anonymous_72)
FN:1760,(anonymous_73)
FN:1777,(anonymous_74)
FN:1786,(anonymous_75)
FN:1795,(anonymous_76)
FN:1803,(anonymous_77)
FN:1811,(anonymous_78)
FN:1822,(anonymous_79)
FN:1828,(anonymous_80)
FN:1843,(anonymous_81)
FN:1869,(anonymous_82)
FN:1874,(anonymous_83)
FN:1885,(anonymous_84)
FN:1941,(anonymous_85)
FN:1950,(anonymous_86)
FN:1968,(anonymous_87)
FN:1975,(anonymous_88)
FN:1985,(anonymous_89)
FN:1993,(anonymous_90)
FN:2002,(anonymous_91)
FN:2011,(anonymous_92)
FN:2015,(anonymous_93)
FN:2030,(anonymous_94)
FN:2041,(anonymous_95)
FN:2112,(anonymous_96)
FN:2160,(anonymous_97)
FN:2164,(anonymous_98)
FN:2171,(anonymous_99)
FN:2182,(anonymous_100)
FN:2194,(anonymous_101)
FN:2220,(anonymous_102)
FN:2240,(anonymous_103)
FN:2245,(anonymous_104)
FN:2253,(anonymous_105)
FN:2265,(anonymous_106)
FN:2277,(anonymous_107)
FN:2290,(anonymous_108)
FN:2299,(anonymous_109)
FN:2303,(anonymous_110)
FN:2313,(anonymous_111)
FN:2324,(anonymous_112)
FN:2334,(anonymous_113)
FN:2344,(anonymous_114)
FN:2353,(anonymous_115)
FNF:116
FNH:0
FNDA:0,DatabaseSettingsTab
FNDA:0,(anonymous_1)
FNDA:0,(anonymous_2)
FNDA:0,(anonymous_3)
FNDA:0,(anonymous_4)
FNDA:0,(anonymous_5)
FNDA:0,(anonymous_6)
FNDA:0,(anonymous_7)
FNDA:0,(anonymous_8)
FNDA:0,(anonymous_9)
FNDA:0,(anonymous_10)
FNDA:0,(anonymous_11)
FNDA:0,(anonymous_12)
FNDA:0,(anonymous_13)
FNDA:0,(anonymous_14)
FNDA:0,(anonymous_15)
FNDA:0,(anonymous_16)
FNDA:0,(anonymous_17)
FNDA:0,(anonymous_18)
FNDA:0,(anonymous_19)
FNDA:0,(anonymous_20)
FNDA:0,(anonymous_21)
FNDA:0,(anonymous_22)
FNDA:0,(anonymous_23)
FNDA:0,(anonymous_24)
FNDA:0,(anonymous_25)
FNDA:0,(anonymous_26)
FNDA:0,(anonymous_27)
FNDA:0,(anonymous_28)
FNDA:0,(anonymous_29)
FNDA:0,(anonymous_30)
FNDA:0,(anonymous_31)
FNDA:0,(anonymous_32)
FNDA:0,(anonymous_33)
FNDA:0,(anonymous_34)
FNDA:0,(anonymous_35)
FNDA:0,(anonymous_36)
FNDA:0,(anonymous_37)
FNDA:0,(anonymous_38)
FNDA:0,(anonymous_39)
FNDA:0,(anonymous_40)
FNDA:0,(anonymous_41)
FNDA:0,(anonymous_42)
FNDA:0,(anonymous_43)
FNDA:0,(anonymous_44)
FNDA:0,(anonymous_45)
FNDA:0,(anonymous_46)
FNDA:0,(anonymous_47)
FNDA:0,(anonymous_48)
FNDA:0,(anonymous_49)
FNDA:0,(anonymous_50)
FNDA:0,(anonymous_51)
FNDA:0,(anonymous_52)
FNDA:0,(anonymous_53)
FNDA:0,(anonymous_54)
FNDA:0,(anonymous_55)
FNDA:0,(anonymous_56)
FNDA:0,(anonymous_57)
FNDA:0,(anonymous_58)
FNDA:0,(anonymous_59)
FNDA:0,(anonymous_60)
FNDA:0,(anonymous_61)
FNDA:0,(anonymous_62)
FNDA:0,(anonymous_63)
FNDA:0,(anonymous_64)
FNDA:0,(anonymous_65)
FNDA:0,(anonymous_66)
FNDA:0,(anonymous_67)
FNDA:0,(anonymous_68)
FNDA:0,(anonymous_69)
FNDA:0,(anonymous_70)
FNDA:0,(anonymous_71)
FNDA:0,(anonymous_72)
FNDA:0,(anonymous_73)
FNDA:0,(anonymous_74)
FNDA:0,(anonymous_75)
FNDA:0,(anonymous_76)
FNDA:0,(anonymous_77)
FNDA:0,(anonymous_78)
FNDA:0,(anonymous_79)
FNDA:0,(anonymous_80)
FNDA:0,(anonymous_81)
FNDA:0,(anonymous_82)
FNDA:0,(anonymous_83)
FNDA:0,(anonymous_84)
FNDA:0,(anonymous_85)
FNDA:0,(anonymous_86)
FNDA:0,(anonymous_87)
FNDA:0,(anonymous_88)
FNDA:0,(anonymous_89)
FNDA:0,(anonymous_90)
FNDA:0,(anonymous_91)
FNDA:0,(anonymous_92)
FNDA:0,(anonymous_93)
FNDA:0,(anonymous_94)
FNDA:0,(anonymous_95)
FNDA:0,(anonymous_96)
FNDA:0,(anonymous_97)
FNDA:0,(anonymous_98)
FNDA:0,(anonymous_99)
FNDA:0,(anonymous_100)
FNDA:0,(anonymous_101)
FNDA:0,(anonymous_102)
FNDA:0,(anonymous_103)
FNDA:0,(anonymous_104)
FNDA:0,(anonymous_105)
FNDA:0,(anonymous_106)
FNDA:0,(anonymous_107)
FNDA:0,(anonymous_108)
FNDA:0,(anonymous_109)
FNDA:0,(anonymous_110)
FNDA:0,(anonymous_111)
FNDA:0,(anonymous_112)
FNDA:0,(anonymous_113)
FNDA:0,(anonymous_114)
FNDA:0,(anonymous_115)
DA:194,0
DA:195,0
DA:196,0
DA:197,0
DA:198,0
DA:199,0
DA:200,0
DA:201,0
DA:204,0
DA:205,0
DA:206,0
DA:207,0
DA:208,0
DA:209,0
DA:212,0
DA:213,0
DA:214,0
DA:215,0
DA:216,0
DA:217,0
DA:229,0
DA:230,0
DA:231,0
DA:237,0
DA:238,0
DA:239,0
DA:240,0
DA:241,0
DA:242,0
DA:254,0
DA:255,0
DA:261,0
DA:265,0
DA:267,0
DA:276,0
DA:277,0
DA:278,0
DA:279,0
DA:280,0
DA:281,0
DA:284,0
DA:285,0
DA:286,0
DA:289,0
DA:290,0
DA:293,0
DA:297,0
DA:298,0
DA:299,0
DA:302,0
DA:303,0
DA:304,0
DA:305,0
DA:311,0
DA:315,0
DA:316,0
DA:317,0
DA:318,0
DA:319,0
DA:323,0
DA:324,0
DA:325,0
DA:327,0
DA:328,0
DA:330,0
DA:331,0
DA:334,0
DA:336,0
DA:340,0
DA:341,0
DA:342,0
DA:343,0
DA:344,0
DA:352,0
DA:353,0
DA:354,0
DA:355,0
DA:357,0
DA:358,0
DA:361,0
DA:363,0
DA:367,0
DA:368,0
DA:369,0
DA:372,0
DA:373,0
DA:374,0
DA:375,0
DA:378,0
DA:382,0
DA:383,0
DA:384,0
DA:387,0
DA:388,0
DA:389,0
DA:390,0
DA:392,0
DA:395,0
DA:396,0
DA:400,0
DA:401,0
DA:402,0
DA:405,0
DA:406,0
DA:407,0
DA:409,0
DA:412,0
DA:416,0
DA:417,0
DA:418,0
DA:421,0
DA:422,0
DA:425,0
DA:430,0
DA:431,0
DA:432,0
DA:437,0
DA:440,0
DA:441,0
DA:442,0
DA:443,0
DA:444,0
DA:459,0
DA:460,0
DA:462,0
DA:464,0
DA:468,0
DA:469,0
DA:470,0
DA:471,0
DA:472,0
DA:489,0
DA:490,0
DA:491,0
DA:492,0
DA:495,0
DA:502,0
DA:506,0
DA:507,0
DA:508,0
DA:509,0
DA:510,0
DA:511,0
DA:515,0
DA:516,0
DA:517,0
DA:518,0
DA:519,0
DA:527,0
DA:528,0
DA:529,0
DA:530,0
DA:531,0
DA:533,0
DA:536,0
DA:538,0
DA:542,0
DA:543,0
DA:545,0
DA:546,0
DA:547,0
DA:551,0
DA:552,0
DA:555,0
DA:557,0
DA:561,0
DA:562,0
DA:563,0
DA:566,0
DA:567,0
DA:568,0
DA:569,0
DA:570,0
DA:571,0
DA:572,0
DA:573,0
DA:574,0
DA:576,0
DA:579,0
DA:583,0
DA:584,0
DA:585,0
DA:586,0
DA:587,0
DA:588,0
DA:589,0
DA:591,0
DA:597,0
DA:598,0
DA:599,0
DA:600,0
DA:602,0
DA:605,0
DA:607,0
DA:611,0
DA:612,0
DA:614,0
DA:615,0
DA:616,0
DA:617,0
DA:619,0
DA:625,0
DA:626,0
DA:627,0
DA:629,0
DA:632,0
DA:634,0
DA:639,0
DA:640,0
DA:641,0
DA:642,0
DA:650,0
DA:651,0
DA:652,0
DA:653,0
DA:654,0
DA:656,0
DA:659,0
DA:661,0
DA:665,0
DA:666,0
DA:667,0
DA:668,0
DA:669,0
DA:677,0
DA:678,0
DA:679,0
DA:680,0
DA:681,0
DA:682,0
DA:684,0
DA:687,0
DA:689,0
DA:693,0
DA:694,0
DA:695,0
DA:696,0
DA:700,0
DA:701,0
DA:702,0
DA:705,0
DA:709,0
DA:710,0
DA:711,0
DA:719,0
DA:720,0
DA:723,0
DA:727,0
DA:728,0
DA:729,0
DA:730,0
DA:734,0
DA:735,0
DA:736,0
DA:737,0
DA:740,0
DA:742,0
DA:746,0
DA:747,0
DA:748,0
DA:756,0
DA:757,0
DA:760,0
DA:764,0
DA:765,0
DA:766,0
DA:776,0
DA:779,0
DA:780,0
DA:790,0
DA:793,0
DA:802,0
DA:803,0
DA:804,0
DA:805,0
DA:806,0
DA:810,0
DA:811,0
DA:812,0
DA:815,0
DA:817,0
DA:821,0
DA:822,0
DA:823,0
DA:824,0
DA:828,0
DA:829,0
DA:832,0
DA:834,0
DA:838,0
DA:839,0
DA:840,0
DA:841,0
DA:844,0
DA:845,0
DA:846,0
DA:847,0
DA:848,0
DA:851,0
DA:853,0
DA:857,0
DA:858,0
DA:859,0
DA:860,0
DA:868,0
DA:869,0
DA:870,0
DA:871,0
DA:872,0
DA:873,0
DA:876,0
DA:878,0
DA:882,0
DA:883,0
DA:884,0
DA:885,0
DA:888,0
DA:889,0
DA:890,0
DA:898,0
DA:899,0
DA:900,0
DA:901,0
DA:902,0
DA:905,0
DA:907,0
DA:911,0
DA:912,0
DA:914,0
DA:915,0
DA:916,0
DA:920,0
DA:921,0
DA:922,0
DA:925,0
DA:927,0
DA:931,0
DA:932,0
DA:933,0
DA:934,0
DA:935,0
DA:936,0
DA:937,0
DA:938,0
DA:941,0
DA:942,0
DA:943,0
DA:944,0
DA:945,0
DA:946,0
DA:949,0
DA:951,0
DA:952,0
DA:954,0
DA:1018,0
DA:1079,0
DA:1087,0
DA:1136,0
DA:1151,0
DA:1187,0
DA:1188,0
DA:1190,0
DA:1191,0
DA:1192,0
DA:1193,0
DA:1194,0
DA:1213,0
DA:1248,0
DA:1288,0
DA:1322,0
DA:1349,0
DA:1357,0
DA:1383,0
DA:1411,0
DA:1433,0
DA:1444,0
DA:1449,0
DA:1454,0
DA:1495,0
DA:1508,0
DA:1513,0
DA:1519,0
DA:1520,0
DA:1521,0
DA:1525,0
DA:1527,0
DA:1592,0
DA:1667,0
DA:1680,0
DA:1709,0
DA:1716,0
DA:1725,0
DA:1735,0
DA:1743,0
DA:1751,0
DA:1760,0
DA:1777,0
DA:1786,0
DA:1795,0
DA:1803,0
DA:1811,0
DA:1822,0
DA:1828,0
DA:1843,0
DA:1869,0
DA:1874,0
DA:1886,0
DA:1942,0
DA:1950,0
DA:1968,0
DA:1975,0
DA:1985,0
DA:1993,0
DA:2002,0
DA:2011,0
DA:2015,0
DA:2030,0
DA:2041,0
DA:2113,0
DA:2160,0
DA:2164,0
DA:2171,0
DA:2182,0
DA:2195,0
DA:2196,0
DA:2221,0
DA:2222,0
DA:2240,0
DA:2245,0
DA:2253,0
DA:2265,0
DA:2277,0
DA:2290,0
DA:2300,0
DA:2303,0
DA:2313,0
DA:2324,0
DA:2334,0
DA:2344,0
DA:2353,0
LF:440
LH:0
BRDA:289,0,0,0
BRDA:289,0,1,0
BRDA:302,1,0,0
BRDA:302,1,1,0
BRDA:323,2,0,0
BRDA:323,2,1,0
BRDA:331,3,0,0
BRDA:331,3,1,0
BRDA:352,4,0,0
BRDA:352,4,1,0
BRDA:358,5,0,0
BRDA:358,5,1,0
BRDA:372,6,0,0
BRDA:372,6,1,0
BRDA:387,7,0,0
BRDA:387,7,1,0
BRDA:389,8,0,0
BRDA:389,8,1,0
BRDA:405,9,0,0
BRDA:405,9,1,0
BRDA:407,10,0,0
BRDA:407,10,1,0
BRDA:421,11,0,0
BRDA:421,11,1,0
BRDA:435,12,0,0
BRDA:435,12,1,0
BRDA:491,13,0,0
BRDA:491,13,1,0
BRDA:507,14,0,0
BRDA:507,14,1,0
BRDA:507,14,2,0
BRDA:507,14,3,0
BRDA:527,15,0,0
BRDA:527,15,1,0
BRDA:543,16,0,0
BRDA:543,16,1,0
BRDA:551,17,0,0
BRDA:551,17,1,0
BRDA:566,18,0,0
BRDA:566,18,1,0
BRDA:597,19,0,0
BRDA:597,19,1,0
BRDA:612,20,0,0
BRDA:612,20,1,0
BRDA:625,21,0,0
BRDA:625,21,1,0
BRDA:650,22,0,0
BRDA:650,22,1,0
BRDA:666,23,0,0
BRDA:666,23,1,0
BRDA:677,24,0,0
BRDA:677,24,1,0
BRDA:694,25,0,0
BRDA:694,25,1,0
BRDA:700,26,0,0
BRDA:700,26,1,0
BRDA:719,27,0,0
BRDA:719,27,1,0
BRDA:734,28,0,0
BRDA:734,28,1,0
BRDA:756,29,0,0
BRDA:756,29,1,0
BRDA:810,30,0,0
BRDA:810,30,1,0
BRDA:828,31,0,0
BRDA:828,31,1,0
BRDA:844,32,0,0
BRDA:844,32,1,0
BRDA:868,33,0,0
BRDA:868,33,1,0
BRDA:883,34,0,0
BRDA:883,34,1,0
BRDA:898,35,0,0
BRDA:898,35,1,0
BRDA:912,36,0,0
BRDA:912,36,1,0
BRDA:920,37,0,0
BRDA:920,37,1,0
BRDA:942,38,0,0
BRDA:942,38,1,0
BRDA:951,39,0,0
BRDA:951,39,1,0
BRDA:952,40,0,0
BRDA:952,40,1,0
BRDA:974,41,0,0
BRDA:974,41,1,0
BRDA:978,42,0,0
BRDA:978,42,1,0
BRDA:980,43,0,0
BRDA:980,43,1,0
BRDA:991,44,0,0
BRDA:991,44,1,0
BRDA:995,45,0,0
BRDA:995,45,1,0
BRDA:999,46,0,0
BRDA:999,46,1,0
BRDA:1003,47,0,0
BRDA:1003,47,1,0
BRDA:1007,48,0,0
BRDA:1007,48,1,0
BRDA:1011,49,0,0
BRDA:1011,49,1,0
BRDA:1017,50,0,0
BRDA:1017,50,1,0
BRDA:1019,51,0,0
BRDA:1019,51,1,0
BRDA:1039,52,0,0
BRDA:1039,52,1,0
BRDA:1051,53,0,0
BRDA:1051,53,1,0
BRDA:1055,54,0,0
BRDA:1055,54,1,0
BRDA:1060,55,0,0
BRDA:1060,55,1,0
BRDA:1106,56,0,0
BRDA:1106,56,1,0
BRDA:1115,57,0,0
BRDA:1115,57,1,0
BRDA:1142,58,0,0
BRDA:1142,58,1,0
BRDA:1169,59,0,0
BRDA:1169,59,1,0
BRDA:1169,59,2,0
BRDA:1178,60,0,0
BRDA:1178,60,1,0
BRDA:1178,60,2,0
BRDA:1184,61,0,0
BRDA:1184,61,1,0
BRDA:1184,61,2,0
BRDA:1187,62,0,0
BRDA:1187,62,1,0
BRDA:1188,63,0,0
BRDA:1188,63,1,0
BRDA:1188,63,2,0
BRDA:1188,63,3,0
BRDA:1188,63,4,0
BRDA:1188,63,5,0
BRDA:1200,64,0,0
BRDA:1200,64,1,0
BRDA:1200,65,0,0
BRDA:1200,65,1,0
BRDA:1216,66,0,0
BRDA:1216,66,1,0
BRDA:1217,67,0,0
BRDA:1217,67,1,0
BRDA:1235,68,0,0
BRDA:1235,68,1,0
BRDA:1237,69,0,0
BRDA:1237,69,1,0
BRDA:1237,70,0,0
BRDA:1237,70,1,0
BRDA:1251,71,0,0
BRDA:1251,71,1,0
BRDA:1252,72,0,0
BRDA:1252,72,1,0
BRDA:1252,73,0,0
BRDA:1252,73,1,0
BRDA:1272,74,0,0
BRDA:1272,74,1,0
BRDA:1274,75,0,0
BRDA:1274,75,1,0
BRDA:1274,76,0,0
BRDA:1274,76,1,0
BRDA:1292,77,0,0
BRDA:1292,77,1,0
BRDA:1293,78,0,0
BRDA:1293,78,1,0
BRDA:1296,79,0,0
BRDA:1296,79,1,0
BRDA:1297,80,0,0
BRDA:1297,80,1,0
BRDA:1390,81,0,0
BRDA:1390,81,1,0
BRDA:1414,82,0,0
BRDA:1414,82,1,0
BRDA:1417,83,0,0
BRDA:1417,83,1,0
BRDA:1425,84,0,0
BRDA:1425,84,1,0
BRDA:1428,85,0,0
BRDA:1428,85,1,0
BRDA:1436,86,0,0
BRDA:1436,86,1,0
BRDA:1489,87,0,0
BRDA:1489,87,1,0
BRDA:1501,88,0,0
BRDA:1501,88,1,0
BRDA:1501,89,0,0
BRDA:1501,89,1,0
BRDA:1519,90,0,0
BRDA:1519,90,1,0
BRDA:1557,91,0,0
BRDA:1557,91,1,0
BRDA:1682,92,0,0
BRDA:1682,92,1,0
BRDA:1685,93,0,0
BRDA:1685,93,1,0
BRDA:1693,94,0,0
BRDA:1693,94,1,0
BRDA:1745,95,0,0
BRDA:1745,95,1,0
BRDA:1805,96,0,0
BRDA:1805,96,1,0
BRDA:1835,97,0,0
BRDA:1835,97,1,0
BRDA:1874,98,0,0
BRDA:1874,98,1,0
BRDA:1894,99,0,0
BRDA:1894,99,1,0
BRDA:1901,100,0,0
BRDA:1901,100,1,0
BRDA:1903,101,0,0
BRDA:1903,101,1,0
BRDA:1910,102,0,0
BRDA:1910,102,1,0
BRDA:1922,103,0,0
BRDA:1922,103,1,0
BRDA:1928,104,0,0
BRDA:1928,104,1,0
BRDA:1937,105,0,0
BRDA:1937,105,1,0
BRDA:1946,106,0,0
BRDA:1946,106,1,0
BRDA:1947,107,0,0
BRDA:1947,107,1,0
BRDA:1965,108,0,0
BRDA:1965,108,1,0
BRDA:1985,109,0,0
BRDA:1985,109,1,0
BRDA:2009,110,0,0
BRDA:2009,110,1,0
BRDA:2016,111,0,0
BRDA:2016,111,1,0
BRDA:2052,112,0,0
BRDA:2052,112,1,0
BRDA:2064,113,0,0
BRDA:2064,113,1,0
BRDA:2070,114,0,0
BRDA:2070,114,1,0
BRDA:2071,115,0,0
BRDA:2071,115,1,0
BRDA:2073,116,0,0
BRDA:2073,116,1,0
BRDA:2076,117,0,0
BRDA:2076,117,1,0
BRDA:2091,118,0,0
BRDA:2091,118,1,0
BRDA:2092,119,0,0
BRDA:2092,119,1,0
BRDA:2094,120,0,0
BRDA:2094,120,1,0
BRDA:2098,121,0,0
BRDA:2098,121,1,0
BRDA:2102,122,0,0
BRDA:2102,122,1,0
BRDA:2102,122,2,0
BRDA:2109,123,0,0
BRDA:2109,123,1,0
BRDA:2109,123,2,0
BRDA:2116,124,0,0
BRDA:2116,124,1,0
BRDA:2117,125,0,0
BRDA:2117,125,1,0
BRDA:2127,126,0,0
BRDA:2127,126,1,0
BRDA:2137,127,0,0
BRDA:2137,127,1,0
BRDA:2161,128,0,0
BRDA:2161,128,1,0
BRDA:2163,129,0,0
BRDA:2163,129,1,0
BRDA:2163,129,2,0
BRDA:2168,130,0,0
BRDA:2168,130,1,0
BRDA:2173,131,0,0
BRDA:2173,131,1,0
BRDA:2173,131,2,0
BRDA:2173,131,3,0
BRDA:2196,132,0,0
BRDA:2196,132,1,0
BRDA:2207,133,0,0
BRDA:2207,133,1,0
BRDA:2222,134,0,0
BRDA:2222,134,1,0
BRDA:2246,135,0,0
BRDA:2246,135,1,0
BRDA:2304,136,0,0
BRDA:2304,136,1,0
BRDA:2305,137,0,0
BRDA:2305,137,1,0
BRDA:2324,138,0,0
BRDA:2324,138,1,0
BRDA:2334,139,0,0
BRDA:2334,139,1,0
BRDA:2356,140,0,0
BRDA:2356,140,1,0
BRDA:2357,141,0,0
BRDA:2357,141,1,0
BRDA:2359,142,0,0
BRDA:2359,142,1,0
BRDA:2359,143,0,0
BRDA:2359,143,1,0
BRF:302
BRH:0
end_of_record
TN:
SF:src/components/settings/DeploymentSettingsTab.tsx
FN:201,DeploymentSettingsTab
FN:250,(anonymous_1)
FN:251,(anonymous_2)
FN:263,(anonymous_3)
FN:342,(anonymous_4)
FN:363,(anonymous_5)
FN:373,(anonymous_6)
FN:383,(anonymous_7)
FN:398,(anonymous_8)
FN:419,(anonymous_9)
FN:430,(anonymous_10)
FN:440,(anonymous_11)
FN:450,(anonymous_12)
FN:455,(anonymous_13)
FN:467,(anonymous_14)
FN:486,(anonymous_15)
FN:544,(anonymous_16)
FN:545,(anonymous_17)
FN:549,(anonymous_18)
FN:553,(anonymous_19)
FN:557,(anonymous_20)
FN:559,(anonymous_21)
FN:564,(anonymous_22)
FN:571,(anonymous_23)
FN:636,(anonymous_24)
FN:657,(anonymous_25)
FN:658,(anonymous_26)
FN:725,(anonymous_27)
FN:726,(anonymous_28)
FN:862,(anonymous_29)
FN:863,(anonymous_30)
FN:1147,(anonymous_31)
FN:1148,(anonymous_32)
FN:1253,(anonymous_33)
FN:1283,(anonymous_34)
FN:1285,(anonymous_35)
FN:1291,(anonymous_36)
FN:1301,(anonymous_37)
FN:1305,(anonymous_38)
FN:1307,(anonymous_39)
FN:1311,(anonymous_40)
FN:1312,(anonymous_41)
FN:1316,(anonymous_42)
FN:1322,(anonymous_43)
FN:1336,(anonymous_44)
FN:1391,(anonymous_45)
FN:1391,(anonymous_46)
FN:1396,(anonymous_47)
FN:1400,(anonymous_48)
FN:1403,(anonymous_49)
FN:1403,(anonymous_50)
FN:1408,(anonymous_51)
FN:1415,(anonymous_52)
FN:1415,(anonymous_53)
FN:1418,(anonymous_54)
FN:1424,(anonymous_55)
FN:1436,(anonymous_56)
FN:1437,(anonymous_57)
FN:1440,(anonymous_58)
FN:1446,(anonymous_59)
FN:1455,(anonymous_60)
FN:1475,(anonymous_61)
FN:1487,(anonymous_62)
FN:1489,(anonymous_63)
FN:1501,(anonymous_64)
FN:1503,(anonymous_65)
FN:1522,(anonymous_66)
FN:1535,(anonymous_67)
FN:1563,(anonymous_68)
FN:1563,(anonymous_69)
FN:1611,(anonymous_70)
FN:1611,(anonymous_71)
FN:1659,(anonymous_72)
FN:1659,(anonymous_73)
FN:1703,(anonymous_74)
FN:1711,(anonymous_75)
FN:1725,(anonymous_76)
FN:1735,(anonymous_77)
FN:1757,(anonymous_78)
FN:1768,(anonymous_79)
FN:1787,(anonymous_80)
FN:1805,(anonymous_81)
FN:1820,(anonymous_82)
FN:1830,(anonymous_83)
FN:1876,(anonymous_84)
FN:1880,(anonymous_85)
FN:1884,(anonymous_86)
FN:1888,(anonymous_87)
FN:1934,(anonymous_88)
FN:1966,(anonymous_89)
FN:1995,(anonymous_90)
FN:2056,(anonymous_91)
FN:2061,(anonymous_92)
FN:2084,(anonymous_93)
FN:2156,(anonymous_94)
FN:2165,(anonymous_95)
FN:2191,(anonymous_96)
FN:2191,(anonymous_97)
FN:2203,(anonymous_98)
FN:2203,(anonymous_99)
[...]
FNDA:0,(anonymous_16)
FNDA:0,(anonymous_17)
FNDA:0,(anonymous_18)
FNDA:0,(anonymous_19)
FNDA:0,(anonymous_20)
FNDA:0,(anonymous_21)
FNDA:0,(anonymous_22)
FNDA:0,(anonymous_23)
FNDA:0,(anonymous_24)
FNDA:0,(anonymous_25)
FNDA:0,(anonymous_26)
FNDA:0,(anonymous_27)
FNDA:0,(anonymous_28)
FNDA:0,(anonymous_29)
FNDA:0,(anonymous_30)
FNDA:0,(anonymous_31)
FNDA:0,(anonymous_32)
FNDA:0,(anonymous_33)
FNDA:0,(anonymous_34)
FNDA:0,(anonymous_35)
FNDA:0,(anonymous_36)
FNDA:0,(anonymous_37)
FNDA:0,(anonymous_38)
FNDA:0,(anonymous_39)
FNDA:0,(anonymous_40)
FNDA:0,(anonymous_41)
FNDA:0,(anonymous_42)
FNDA:0,(anonymous_43)
FNDA:0,(anonymous_44)
FNDA:0,(anonymous_45)
FNDA:0,(anonymous_46)
FNDA:0,(anonymous_47)
FNDA:0,(anonymous_48)
FNDA:0,(anonymous_49)
FNDA:0,(anonymous_50)
FNDA:0,(anonymous_51)
FNDA:0,(anonymous_52)
FNDA:0,(anonymous_53)
FNDA:0,(anonymous_54)
FNDA:0,(anonymous_55)
FNDA:0,(anonymous_56)
FNDA:0,(anonymous_57)
FNDA:0,(anonymous_58)
FNDA:0,(anonymous_59)
FNDA:0,(anonymous_60)
FNDA:0,(anonymous_61)
FNDA:0,(anonymous_62)
FNDA:0,(anonymous_63)
FNDA:0,(anonymous_64)
FNDA:0,(anonymous_65)
FNDA:0,(anonymous_66)
FNDA:0,(anonymous_67)
FNDA:0,(anonymous_68)
FNDA:0,(anonymous_69)
FNDA:0,(anonymous_70)
FNDA:0,(anonymous_71)
FNDA:0,(anonymous_72)
FNDA:0,(anonymous_73)
FNDA:0,(anonymous_74)
FNDA:0,(anonymous_75)
FNDA:0,(anonymous_76)
DA:20,0
DA:21,0
DA:22,0
DA:23,0
DA:24,0
DA:25,0
DA:26,0
DA:79,0
DA:80,0
DA:81,0
DA:83,0
DA:84,0
DA:85,0
DA:86,0
DA:87,0
DA:99,0
DA:100,0
DA:101,0
DA:103,0
DA:104,0
DA:105,0
DA:106,0
DA:118,0
DA:119,0
DA:120,0
DA:121,0
DA:122,0
DA:124,0
DA:125,0
DA:127,0
DA:446,0
DA:448,0
DA:449,0
DA:451,0
DA:453,0
DA:454,0
DA:458,0
DA:460,0
DA:462,0
DA:464,0
DA:466,0
DA:470,0
DA:472,0
DA:476,0
DA:480,0
DA:484,0
DA:486,0
DA:488,0
DA:489,0
DA:493,0
DA:496,0
DA:497,0
DA:500,0
DA:502,0
DA:506,0
DA:508,0
DA:510,0
DA:511,0
DA:513,0
DA:516,0
DA:518,0
DA:522,0
DA:527,0
DA:529,0
DA:531,0
DA:532,0
DA:534,0
DA:537,0
DA:539,0
DA:543,0
DA:547,0
DA:549,0
DA:551,0
DA:552,0
DA:554,0
DA:555,0
DA:560,0
DA:562,0
DA:566,0
DA:570,0
DA:574,0
DA:578,0
DA:580,0
DA:582,0
DA:583,0
DA:585,0
LF:86
LH:0
BRDA:501,0,0,0
BRDA:517,1,0,0
BRDA:521,2,0,0
BRDA:538,3,0,0
BRDA:561,4,0,0
BRDA:565,5,0,0
BRDA:569,6,0,0
BRDA:573,7,0,0
BRF:8
BRH:0
end_of_record
TN:
SF:src/services/cloudDeploymentService.ts
FN:237,(anonymous_0)
FN:242,(anonymous_1)
FN:247,(anonymous_2)
FN:252,(anonymous_3)
FN:257,(anonymous_4)
FN:261,(anonymous_5)
FN:266,(anonymous_6)
FN:272,(anonymous_7)
FN:280,(anonymous_8)
FN:285,(anonymous_9)
FN:290,(anonymous_10)
FN:295,(anonymous_11)
FN:299,(anonymous_12)
FN:304,(anonymous_13)
FN:309,(anonymous_14)
FN:314,(anonymous_15)
FN:320,(anonymous_16)
FN:325,(anonymous_17)
FN:330,(anonymous_18)
FN:336,(anonymous_19)
FN:341,(anonymous_20)
FN:347,(anonymous_21)
FN:353,(anonymous_22)
FNF:23
FNH:0
FNDA:0,(anonymous_0)
FNDA:0,(anonymous_1)
FNDA:0,(anonymous_2)
FNDA:0,(anonymous_3)
FNDA:0,(anonymous_4)
FNDA:0,(anonymous_5)
FNDA:0,(anonymous_6)
FNDA:0,(anonymous_7)
FNDA:0,(anonymous_8)
FNDA:0,(anonymous_9)
FNDA:0,(anonymous_10)
FNDA:0,(anonymous_11)
FNDA:0,(anonymous_12)
FNDA:0,(anonymous_13)
FNDA:0,(anonymous_14)
FNDA:0,(anonymous_15)
FNDA:0,(anonymous_16)
FNDA:0,(anonymous_17)
FNDA:0,(anonymous_18)
FNDA:0,(anonymous_19)
FNDA:0,(anonymous_20)
FNDA:0,(anonymous_21)
FNDA:0,(anonymous_22)
DA:235,0
DA:238,0
DA:239,0
DA:243,0
DA:244,0
DA:248,0
DA:249,0
DA:253,0
DA:254,0
DA:258,0
DA:262,0
DA:263,0
DA:267,0
DA:268,0
DA:273,0
DA:274,0
DA:275,0
DA:276,0
DA:277,0
DA:281,0
DA:282,0
DA:286,0
DA:287,0
DA:291,0
DA:292,0
DA:296,0
DA:300,0
DA:301,0
DA:305,0
DA:306,0
DA:310,0
DA:311,0
DA:315,0
DA:316,0
DA:321,0
DA:322,0
DA:326,0
DA:327,0
DA:331,0
DA:332,0
DA:337,0
DA:338,0
DA:342,0
DA:343,0
DA:344,0
DA:348,0
DA:349,0
DA:354,0
DA:355,0
LF:49
LH:0
BRDA:274,0,0,0
BRDA:274,0,1,0
BRDA:275,1,0,0
BRDA:275,1,1,0
BRDA:342,2,0,0
BRDA:342,2,1,0
BRF:6
BRH:0
end_of_record
TN:
SF:src/services/contactInfoService.ts
FN:322,(anonymous_0)
FN:328,(anonymous_1)
FN:338,(anonymous_2)
FN:344,(anonymous_3)
FN:350,(anonymous_4)
FN:356,(anonymous_5)
FN:362,(anonymous_6)
FN:368,(anonymous_7)
FN:374,(anonymous_8)
FN:380,(anonymous_9)
FN:386,(anonymous_10)
FN:396,(anonymous_11)
FN:402,(anonymous_12)
FN:408,(anonymous_13)
FN:414,(anonymous_14)
FN:420,(anonymous_15)
FN:426,(anonymous_16)
FN:432,(anonymous_17)
FN:438,(anonymous_18)
FN:444,(anonymous_19)
FN:454,(anonymous_20)
FN:460,(anonymous_21)
FN:466,(anonymous_22)
FN:472,(anonymous_23)
FN:478,(anonymous_24)
FN:484,(anonymous_25)
FN:490,(anonymous_26)
FN:496,(anonymous_27)
FN:502,(anonymous_28)
FN:508,(anonymous_29)
FN:514,(anonymous_30)
FN:524,(anonymous_31)
FN:530,(anonymous_32)
FN:536,(anonymous_33)
FN:542,(anonymous_34)
FN:548,(anonymous_35)
FN:554,(anonymous_36)
FN:560,(anonymous_37)
FN:566,(anonymous_38)
FN:576,(anonymous_39)
FN:582,(anonymous_40)
FN:588,(anonymous_41)
FN:598,(anonymous_42)
FN:604,(anonymous_43)
FN:610,(anonymous_44)
FN:616,(anonymous_45)
FN:622,(anonymous_46)
FNF:47
FNH:0
FNDA:0,(anonymous_0)
FNDA:0,(anonymous_1)
FNDA:0,(anonymous_2)
FNDA:0,(anonymous_3)
FNDA:0,(anonymous_4)
FNDA:0,(anonymous_5)
FNDA:0,(anonymous_6)
FNDA:0,(anonymous_7)
FNDA:0,(anonymous_8)
FNDA:0,(anonymous_9)
FNDA:0,(anonymous_10)
FNDA:0,(anonymous_11)
FNDA:0,(anonymous_12)
FNDA:0,(anonymous_13)
FNDA:0,(anonymous_14)
FNDA:0,(anonymous_15)
FNDA:0,(anonymous_16)
FNDA:0,(anonymous_17)
FNDA:0,(anonymous_18)
FNDA:0,(anonymous_19)
FNDA:0,(anonymous_20)
FNDA:0,(anonymous_21)
FNDA:0,(anonymous_22)
FNDA:0,(anonymous_23)
FNDA:0,(anonymous_24)
FNDA:0,(anonymous_25)
FNDA:0,(anonymous_26)
FNDA:0,(anonymous_27)
FNDA:0,(anonymous_28)
FNDA:0,(anonymous_29)
FNDA:0,(anonymous_30)
FNDA:0,(anonymous_31)
FNDA:0,(anonymous_32)
FNDA:0,(anonymous_33)
FNDA:0,(anonymous_34)
FNDA:0,(anonymous_35)
FNDA:0,(anonymous_36)
FNDA:0,(anonymous_37)
FNDA:0,(anonymous_38)
FNDA:0,(anonymous_39)
FNDA:0,(anonymous_40)
FNDA:0,(anonymous_41)
FNDA:0,(anonymous_42)
FNDA:0,(anonymous_43)
FNDA:0,(anonymous_44)
FNDA:0,(anonymous_45)
FNDA:0,(anonymous_46)
DA:312,0
DA:314,0
DA:323,0
DA:329,0
DA:339,0
DA:345,0
DA:351,0
DA:357,0
DA:363,0
DA:369,0
DA:375,0
DA:381,0
DA:387,0
DA:397,0
DA:403,0
DA:409,0
DA:415,0
DA:421,0
DA:427,0
DA:433,0
DA:439,0
DA:445,0
DA:455,0
DA:461,0
DA:467,0
DA:473,0
DA:479,0
DA:485,0
DA:491,0
DA:497,0
DA:503,0
DA:509,0
DA:515,0
DA:525,0
DA:531,0
DA:537,0
DA:543,0
DA:549,0
DA:555,0
DA:561,0
DA:567,0
DA:577,0
DA:583,0
DA:589,0
DA:599,0
DA:605,0
DA:611,0
DA:617,0
DA:623,0
LF:49
LH:0
BRDA:387,0,0,0
BRDA:387,0,1,0
BRDA:445,1,0,0
BRDA:445,1,1,0
BRDA:515,2,0,0
BRDA:515,2,1,0
BRF:6
BRH:0
end_of_record
TN:
SF:src/services/dashboardService.ts
FN:239,(anonymous_0)
FN:240,(anonymous_1)
FN:241,(anonymous_2)
FN:242,(anonymous_3)
FN:243,(anonymous_4)
FN:244,(anonymous_5)
FN:245,(anonymous_6)
FN:248,(anonymous_7)
FN:249,(anonymous_8)
FN:250,(anonymous_9)
FN:251,(anonymous_10)
FN:252,(anonymous_11)
FN:256,(anonymous_12)
FN:257,(anonymous_13)
FN:258,(anonymous_14)
FN:263,(anonymous_15)
FN:264,(anonymous_16)
FN:265,(anonymous_17)
FN:269,(anonymous_18)
FN:291,(anonymous_19)
FNF:20
FNH:0
FNDA:0,(anonymous_0)
FNDA:0,(anonymous_1)
FNDA:0,(anonymous_2)
FNDA:0,(anonymous_3)
FNDA:0,(anonymous_4)
FNDA:0,(anonymous_5)
FNDA:0,(anonymous_6)
FNDA:0,(anonymous_7)
FNDA:0,(anonymous_8)
FNDA:0,(anonymous_9)
FNDA:0,(anonymous_10)
FNDA:0,(anonymous_11)
FNDA:0,(anonymous_12)
FNDA:0,(anonymous_13)
FNDA:0,(anonymous_14)
FNDA:0,(anonymous_15)
FNDA:0,(anonymous_16)
FNDA:0,(anonymous_17)
FNDA:0,(anonymous_18)
FNDA:0,(anonymous_19)
DA:33,0
DA:237,0
DA:239,0
DA:240,0
DA:241,0
DA:242,0
DA:243,0
DA:244,0
DA:245,0
DA:248,0
DA:249,0
DA:250,0
DA:251,0
DA:253,0
DA:256,0
DA:257,0
DA:258,0
DA:262,0
DA:263,0
DA:264,0
DA:265,0
DA:269,0
DA:270,0
DA:288,0
DA:291,0
DA:292,0
DA:294,0
DA:296,0
DA:297,0
DA:298,0
DA:300,0
DA:303,0
LF:32
LH:0
BRDA:265,0,0,0
BRDA:265,0,1,0
BRDA:288,1,0,0
BRDA:288,1,1,0
BRDA:292,2,0,0
BRDA:292,2,1,0
BRDA:292,3,0,0
BRDA:292,3,1,0
BRDA:294,4,0,0
BRDA:294,4,1,0
BRDA:294,4,2,0
BRDA:294,4,3,0
BRDA:296,5,0,0
BRDA:296,5,1,0
BRDA:297,6,0,0
BRDA:297,6,1,0
BRF:16
BRH:0
end_of_record
TN:
SF:src/services/fieldMasterDataService.ts
FN:60,(anonymous_0)
FN:70,(anonymous_1)
FN:80,(anonymous_2)
FN:90,(anonymous_3)
FN:101,(anonymous_4)
FN:112,(anonymous_5)
FN:121,(anonymous_6)
FN:131,(anonymous_7)
FN:143,(anonymous_8)
FN:157,(anonymous_9)
FN:172,(anonymous_10)
FN:188,(anonymous_11)
FNF:12
FNH:0
FNDA:0,(anonymous_0)
FNDA:0,(anonymous_1)
FNDA:0,(anonymous_2)
FNDA:0,(anonymous_3)
FNDA:0,(anonymous_4)
FNDA:0,(anonymous_5)
FNDA:0,(anonymous_6)
FNDA:0,(anonymous_7)
FNDA:0,(anonymous_8)
FNDA:0,(anonymous_9)
FNDA:0,(anonymous_10)
FNDA:0,(anonymous_11)
DA:56,0
DA:61,0
DA:64,0
DA:71,0
DA:74,0
DA:81,0
DA:84,0
DA:91,0
DA:95,0
DA:102,0
DA:106,0
DA:113,0
DA:122,0
DA:125,0
DA:139,0
DA:140,0
DA:141,0
DA:142,0
DA:143,0
DA:144,0
DA:148,0
DA:151,0
DA:162,0
DA:166,0
DA:173,0
DA:175,0
DA:177,0
DA:179,0
DA:181,0
DA:189,0
DA:191,0
DA:193,0
DA:195,0
DA:197,0
DA:199,0
DA:201,0
LF:36
LH:0
BRDA:140,0,0,0
BRDA:140,0,1,0
BRDA:141,1,0,0
BRDA:141,1,1,0
BRDA:142,2,0,0
BRDA:142,2,1,0
BRDA:144,3,0,0
BRDA:144,3,1,0
BRDA:173,4,0,0
BRDA:173,4,1,0
BRDA:173,4,2,0
BRDA:173,4,3,0
BRDA:189,5,0,0
BRDA:189,5,1,0
BRDA:189,5,2,0
BRDA:189,5,3,0
BRDA:189,5,4,0
BRDA:189,5,5,0
BRDA:201,6,0,0
BRDA:201,6,1,0
BRF:20
BRH:0
end_of_record
TN:
SF:src/services/lookupService.ts
FN:12,(anonymous_0)
FN:15,(anonymous_1)
FN:15,(anonymous_2)
FNF:3
FNH:0
FNDA:0,(anonymous_0)
FNDA:0,(anonymous_1)
FNDA:0,(anonymous_2)
DA:10,0
DA:12,0
DA:13,0
DA:14,0
DA:15,0
DA:16,0
DA:17,0
DA:20,0
DA:23,0
LF:9
LH:0
BRDA:14,0,0,0
BRDA:14,0,1,0
BRF:2
BRH:0
end_of_record
TN:
SF:src/services/workflowService.ts
FN:972,(anonymous_0)
FN:974,(anonymous_1)
FN:984,(anonymous_2)
FN:986,(anonymous_3)
FN:1001,(anonymous_4)
FN:1014,(anonymous_5)
FN:1020,(anonymous_6)
FN:1026,(anonymous_7)
FN:1031,(anonymous_8)
FN:1036,(anonymous_9)
FN:1041,(anonymous_10)
FN:1046,(anonymous_11)
FN:1052,(anonymous_12)
FN:1062,(anonymous_13)
FN:1067,(anonymous_14)
FN:1076,(anonymous_15)
FN:1082,(anonymous_16)
FN:1088,(anonymous_17)
FN:1094,(anonymous_18)
FN:1100,(anonymous_19)
FN:1106,(anonymous_20)
FN:1112,(anonymous_21)
FN:1114,(anonymous_22)
FN:1118,(anonymous_23)
FN:1124,(anonymous_24)
FN:1130,(anonymous_25)
FN:1136,(anonymous_26)
FN:1142,(anonymous_27)
FN:1148,(anonymous_28)
FN:1154,(anonymous_29)
FN:1160,(anonymous_30)
FN:1170,(anonymous_31)
FN:1176,(anonymous_32)
FN:1182,(anonymous_33)
FN:1191,(anonymous_34)
FN:1197,(anonymous_35)
FN:1202,(anonymous_36)
FN:1207,(anonymous_37)
FN:1216,(anonymous_38)
FN:1222,(anonymous_39)
FN:1227,(anonymous_40)
FN:1247,(anonymous_41)
FN:1275,(anonymous_42)
FN:1281,(anonymous_43)
FN:1287,(anonymous_44)
FN:1293,(anonymous_45)
FN:1298,(anonymous_46)
FN:1303,(anonymous_47)
FN:1308,(anonymous_48)
FN:1313,(anonymous_49)
FN:1318,(anonymous_50)
FN:1324,(anonymous_51)
FN:1329,(anonymous_52)
FN:1334,(anonymous_53)
FN:1345,(anonymous_54)
FN:1350,(anonymous_55)
FN:1364,(anonymous_56)
FN:1377,(anonymous_57)
FN:1389,(anonymous_58)
FN:1395,(anonymous_59)
FNF:60
FNH:0
FNDA:0,(anonymous_0)
FNDA:0,(anonymous_1)
FNDA:0,(anonymous_2)
FNDA:0,(anonymous_3)
FNDA:0,(anonymous_4)
FNDA:0,(anonymous_5)
FNDA:0,(anonymous_6)
FNDA:0,(anonymous_7)
FNDA:0,(anonymous_8)
FNDA:0,(anonymous_9)
FNDA:0,(anonymous_10)
FNDA:0,(anonymous_11)
FNDA:0,(anonymous_12)
FNDA:0,(anonymous_13)
FNDA:0,(anonymous_14)
FNDA:0,(anonymous_15)
FNDA:0,(anonymous_16)
FNDA:0,(anonymous_17)
FNDA:0,(anonymous_18)
FNDA:0,(anonymous_19)
FNDA:0,(anonymous_20)
FNDA:0,(anonymous_21)
FNDA:0,(anonymous_22)
FNDA:0,(anonymous_23)
FNDA:0,(anonymous_24)
FNDA:0,(anonymous_25)
FNDA:0,(anonymous_26)
FNDA:0,(anonymous_27)
FNDA:0,(anonymous_28)
FNDA:0,(anonymous_29)
FNDA:0,(anonymous_30)
FNDA:0,(anonymous_31)
FNDA:0,(anonymous_32)
FNDA:0,(anonymous_33)
FNDA:0,(anonymous_34)
FNDA:0,(anonymous_35)
FNDA:0,(anonymous_36)
FNDA:0,(anonymous_37)
FNDA:0,(anonymous_38)
FNDA:0,(anonymous_39)
FNDA:0,(anonymous_40)
FNDA:0,(anonymous_41)
FNDA:0,(anonymous_42)
FNDA:0,(anonymous_43)
FNDA:0,(anonymous_44)
FNDA:0,(anonymous_45)
FNDA:0,(anonymous_46)
FNDA:0,(anonymous_47)
FNDA:0,(anonymous_48)
FNDA:0,(anonymous_49)
FNDA:0,(anonymous_50)
FNDA:0,(anonymous_51)
FNDA:0,(anonymous_52)
FNDA:0,(anonymous_53)
FNDA:0,(anonymous_54)
FNDA:0,(anonymous_55)
FNDA:0,(anonymous_56)
FNDA:0,(anonymous_57)
FNDA:0,(anonymous_58)
FNDA:0,(anonymous_59)
DA:929,0
DA:950,0
DA:967,0
DA:968,0
DA:971,0
DA:973,0
DA:974,0
DA:975,0
DA:976,0
DA:979,0
DA:983,0
DA:985,0
DA:986,0
DA:987,0
DA:988,0
DA:991,0
DA:999,0
DA:1009,0
DA:1010,0
DA:1015,0
DA:1016,0
DA:1021,0
DA:1022,0
DA:1027,0
DA:1032,0
DA:1037,0
DA:1042,0
DA:1047,0
DA:1048,0
DA:1053,0
DA:1054,0
DA:1057,0
DA:1058,0
DA:1061,0
DA:1063,0
DA:1064,0
DA:1065,0
DA:1068,0
DA:1069,0
DA:1072,0
DA:1077,0
DA:1078,0
DA:1083,0
DA:1084,0
DA:1089,0
DA:1090,0
DA:1095,0
DA:1096,0
DA:1101,0
DA:1102,0
DA:1107,0
DA:1108,0
DA:1113,0
DA:1114,0
DA:1119,0
DA:1120,0
DA:1125,0
DA:1126,0
DA:1131,0
DA:1132,0
DA:1137,0
DA:1138,0
DA:1143,0
DA:1144,0
DA:1149,0
DA:1150,0
DA:1155,0
DA:1156,0
DA:1161,0
DA:1162,0
DA:1171,0
DA:1172,0
DA:1177,0
DA:1178,0
DA:1183,0
DA:1192,0
DA:1193,0
DA:1198,0
DA:1203,0
DA:1208,0
DA:1217,0
DA:1218,0
DA:1223,0
DA:1228,0
DA:1245,0
DA:1260,0
DA:1262,0
DA:1263,0
DA:1271,0
DA:1276,0
DA:1277,0
DA:1282,0
DA:1283,0
DA:1288,0
DA:1289,0
DA:1294,0
DA:1299,0
DA:1304,0
DA:1309,0
DA:1314,0
DA:1319,0
DA:1320,0
DA:1325,0
DA:1330,0
DA:1340,0
DA:1341,0
DA:1346,0
DA:1355,0
DA:1356,0
DA:1372,0
DA:1373,0
DA:1381,0
DA:1385,0
DA:1390,0
DA:1391,0
DA:1396,0
DA:1397,0
LF:117
LH:0
BRDA:973,0,0,0
BRDA:973,0,1,0
BRDA:975,1,0,0
BRDA:975,1,1,0
BRDA:979,2,0,0
BRDA:979,2,1,0
BRDA:985,3,0,0
BRDA:985,3,1,0
BRDA:987,4,0,0
BRDA:987,4,1,0
BRDA:991,5,0,0
BRDA:991,5,1,0
BRDA:1052,6,0,0
BRDA:1053,7,0,0
BRDA:1053,7,1,0
BRDA:1053,8,0,0
BRDA:1053,8,1,0
BRDA:1057,9,0,0
BRDA:1057,9,1,0
BRDA:1057,10,0,0
BRDA:1057,10,1,0
BRDA:1262,11,0,0
BRDA:1262,11,1,0
BRF:23
BRH:0
end_of_record
TN:
SF:src/services/zipCodeService.ts
FN:64,(anonymous_0)
FN:72,(anonymous_1)
FN:80,(anonymous_2)
FN:88,(anonymous_3)
FN:96,(anonymous_4)
FN:105,(anonymous_5)
FN:115,(anonymous_6)
FN:125,(anonymous_7)
FN:133,(anonymous_8)
FN:143,(anonymous_9)
FNF:10
FNH:0
FNDA:0,(anonymous_0)
FNDA:0,(anonymous_1)
FNDA:0,(anonymous_2)
FNDA:0,(anonymous_3)
FNDA:0,(anonymous_4)
FNDA:0,(anonymous_5)
FNDA:0,(anonymous_6)
FNDA:0,(anonymous_7)
FNDA:0,(anonymous_8)
FNDA:0,(anonymous_9)
DA:60,0
DA:65,0
DA:66,0
DA:73,0
DA:74,0
DA:81,0
DA:82,0
DA:89,0
DA:90,0
DA:97,0
DA:98,0
DA:99,0
DA:106,0
DA:107,0
DA:108,0
DA:109,0
DA:116,0
DA:119,0
DA:126,0
DA:127,0
DA:134,0
DA:135,0
DA:136,0
DA:137,0
DA:144,0
DA:145,0
LF:26
LH:0
BRDA:97,0,0,0
BRDA:97,0,1,0
BRDA:105,1,0,0
BRDA:107,2,0,0
BRDA:107,2,1,0
BRDA:135,3,0,0
BRDA:135,3,1,0
BRF:7
BRH:0
end_of_record
TN:
SF:src/theme/muiTheme.ts
FNF:0
FNH:0
DA:4,0
DA:51,0
LF:2
LH:0
BRF:0
BRH:0
end_of_record
TN:
SF:src/types/index.ts
FNF:0
FNH:0
LF:0
LH:0
BRF:0
BRH:0
end_of_record
TN:
SF:src/utils/constants.ts
FN:347,(anonymous_0)
FN:354,(anonymous_1)
FN:485,(anonymous_2)
FN:488,(anonymous_3)
FN:493,(anonymous_4)
FN:501,(anonymous_5)
FN:505,(anonymous_6)
FNF:7
FNH:0
FNDA:0,(anonymous_0)
FNDA:0,(anonymous_1)
FNDA:0,(anonymous_2)
FNDA:0,(anonymous_3)
FNDA:0,(anonymous_4)
FNDA:0,(anonymous_5)
FNDA:0,(anonymous_6)
DA:14,0
DA:29,0
DA:39,0
DA:49,0
DA:52,0
DA:62,0
DA:69,0
DA:86,0
DA:105,0
DA:115,0
DA:123,0
DA:133,0
DA:149,0
DA:167,0
DA:181,0
DA:197,0
DA:200,0
DA:204,0
DA:212,0
DA:229,0
DA:240,0
DA:254,0
DA:265,0
DA:281,0
DA:291,0
DA:294,0
DA:309,0
DA:326,0
DA:327,0
DA:329,0
DA:330,0
DA:331,0
DA:334,0
DA:347,0
DA:348,0
DA:354,0
DA:355,0
DA:362,0
DA:378,0
DA:388,0
DA:390,0
DA:397,0
DA:406,0
DA:420,0
DA:427,0
DA:436,0
DA:446,0
DA:465,0
DA:485,0
DA:488,0
DA:493,0
DA:496,0
DA:501,0
DA:505,0
DA:506,0
LF:55
LH:0
BRDA:348,0,0,0
BRDA:348,0,1,0
BRDA:355,1,0,0
BRDA:355,1,1,0
BRDA:496,2,0,0
BRDA:496,2,1,0
BRDA:506,3,0,0
BRDA:506,3,1,0
BRDA:506,4,0,0
BRDA:506,4,1,0
BRF:10
BRH:0
end_of_record
TN:
SF:src/utils/debug.ts
FN:4,(anonymous_0)
FN:10,(anonymous_1)
FN:15,(anonymous_2)
FN:21,(anonymous_3)
FNF:4
FNH:0
FNDA:0,(anonymous_0)
FNDA:0,(anonymous_1)
FNDA:0,(anonymous_2)
FNDA:0,(anonymous_3)
DA:2,0
DA:4,0
DA:5,0
DA:6,0
DA:10,0
DA:12,0
DA:15,0
DA:16,0
DA:17,0
DA:21,0
DA:22,0
DA:23,0
LF:12
LH:0
BRDA:5,0,0,0
BRDA:5,0,1,0
BRDA:6,1,0,0
BRDA:6,1,1,0
BRDA:12,2,0,0
BRDA:12,2,1,0
BRDA:16,3,0,0
BRDA:16,3,1,0
BRDA:17,4,0,0
BRDA:17,4,1,0
BRDA:22,5,0,0
BRDA:22,5,1,0
BRDA:23,6,0,0
BRDA:23,6,1,0
BRF:14
BRH:0
end_of_record
TN:
SF:src/utils/errorHandler.ts
FN:50,(anonymous_0)
FN:55,(anonymous_1)
FN:71,(anonymous_2)
FN:130,(anonymous_3)
FN:141,(anonymous_4)
FN:155,(anonymous_5)
FN:156,(anonymous_6)
FN:162,(anonymous_7)
FN:170,(anonymous_8)
FN:181,(anonymous_9)
FN:182,(anonymous_10)
FN:219,(anonymous_11)
FN:251,(anonymous_12)
FN:254,(anonymous_13)
FN:263,(anonymous_14)
FN:270,(anonymous_15)
FN:284,(anonymous_16)
FN:303,(anonymous_17)
FN:317,(anonymous_18)
FN:323,(anonymous_19)
FN:326,(anonymous_20)
FN:336,(anonymous_21)
FN:382,(anonymous_22)
FN:386,(anonymous_23)
FN:399,(anonymous_24)
FN:400,(anonymous_25)
FNF:26
FNH:0
FNDA:0,(anonymous_0)
FNDA:0,(anonymous_1)
FNDA:0,(anonymous_2)
FNDA:0,(anonymous_3)
FNDA:0,(anonymous_4)
FNDA:0,(anonymous_5)
FNDA:0,(anonymous_6)
FNDA:0,(anonymous_7)
FNDA:0,(anonymous_8)
FNDA:0,(anonymous_9)
FNDA:0,(anonymous_10)
FNDA:0,(anonymous_11)
FNDA:0,(anonymous_12)
FNDA:0,(anonymous_13)
FNDA:0,(anonymous_14)
FNDA:0,(anonymous_15)
FNDA:0,(anonymous_16)
FNDA:0,(anonymous_17)
FNDA:0,(anonymous_18)
FNDA:0,(anonymous_19)
FNDA:0,(anonymous_20)
FNDA:0,(anonymous_21)
FNDA:0,(anonymous_22)
FNDA:0,(anonymous_23)
FNDA:0,(anonymous_24)
FNDA:0,(anonymous_25)
DA:33,0
DA:43,0
DA:44,0
DA:45,0
DA:46,0
DA:47,0
DA:50,0
DA:51,0
DA:55,0
DA:60,0
DA:71,0
DA:72,0
DA:75,0
DA:78,0
DA:79,0
DA:83,0
DA:84,0
DA:92,0
DA:96,0
DA:97,0
DA:98,0
DA:100,0
DA:101,0
DA:103,0
DA:104,0
DA:106,0
DA:110,0
DA:111,0
DA:112,0
DA:113,0
DA:114,0
DA:115,0
DA:117,0
DA:124,0
DA:125,0
DA:130,0
DA:131,0
DA:137,0
DA:141,0
DA:142,0
DA:143,0
DA:146,0
DA:150,0
DA:151,0
DA:155,0
DA:156,0
DA:158,0
DA:160,0
DA:162,0
DA:163,0
DA:164,0
DA:166,0
DA:169,0
DA:170,0
DA:174,0
DA:175,0
DA:181,0
DA:182,0
DA:183,0
DA:184,0
DA:186,0
DA:187,0
DA:189,0
DA:190,0
DA:198,0
DA:201,0
DA:203,0
DA:204,0
DA:211,0
DA:213,0
DA:219,0
DA:220,0
DA:221,0
DA:222,0
DA:225,0
DA:228,0
DA:229,0
DA:232,0
DA:233,0
DA:237,0
DA:238,0
DA:241,0
DA:243,0
DA:247,0
DA:251,0
DA:254,0
DA:255,0
DA:256,0
DA:258,0
DA:263,0
DA:264,0
DA:265,0
DA:266,0
DA:270,0
DA:271,0
DA:272,0
DA:273,0
DA:274,0
DA:275,0
DA:276,0
DA:277,0
DA:278,0
DA:279,0
DA:280,0
DA:284,0
DA:289,0
DA:291,0
DA:292,0
DA:295,0
DA:303,0
DA:308,0
DA:313,0
DA:317,0
DA:318,0
DA:319,0
DA:323,0
DA:326,0
DA:327,0
DA:328,0
DA:329,0
DA:330,0
DA:331,0
DA:332,0
DA:336,0
DA:337,0
DA:338,0
DA:339,0
DA:340,0
DA:343,0
DA:344,0
DA:345,0
DA:362,0
DA:363,0
DA:373,0
DA:375,0
DA:376,0
DA:377,0
DA:379,0
DA:382,0
DA:383,0
DA:384,0
DA:386,0
DA:396,0
DA:399,0
DA:400,0
DA:401,0
DA:402,0
DA:404,0
DA:407,0
DA:411,0
DA:412,0
LF:151
LH:0
BRDA:72,0,0,0
BRDA:72,0,1,0
BRDA:83,1,0,0
BRDA:83,1,1,0
BRDA:94,2,0,0
BRDA:94,2,1,0
BRDA:97,3,0,0
BRDA:97,3,1,0
BRDA:100,4,0,0
BRDA:100,4,1,0
BRDA:103,5,0,0
BRDA:103,5,1,0
BRDA:110,6,0,0
BRDA:110,6,1,0
BRDA:112,7,0,0
BRDA:112,7,1,0
BRDA:124,8,0,0
BRDA:124,8,1,0
BRDA:143,9,0,0
BRDA:143,9,1,0
BRDA:146,10,0,0
BRDA:146,10,1,0
BRDA:160,11,0,0
BRDA:160,11,1,0
BRDA:163,12,0,0
BRDA:163,12,1,0
BRDA:170,13,0,0
BRDA:170,13,1,0
BRDA:174,14,0,0
BRDA:174,14,1,0
BRDA:184,15,0,0
BRDA:184,15,1,0
BRDA:184,16,0,0
BRDA:184,16,1,0
BRDA:189,17,0,0
BRDA:189,17,1,0
BRDA:189,18,0,0
BRDA:189,18,1,0
BRDA:193,19,0,0
BRDA:193,19,1,0
BRDA:203,20,0,0
BRDA:203,20,1,0
BRDA:204,21,0,0
BRDA:204,21,1,0
BRDA:205,22,0,0
BRDA:205,22,1,0
BRDA:208,23,0,0
BRDA:208,23,1,0
BRDA:220,24,0,0
BRDA:220,24,1,0
BRDA:232,25,0,0
BRDA:232,25,1,0
BRDA:237,26,0,0
BRDA:237,26,1,0
BRDA:256,27,0,0
BRDA:256,27,1,0
BRDA:292,28,0,0
BRDA:292,28,1,0
BRDA:338,29,0,0
BRDA:338,29,1,0
BRDA:384,30,0,0
BRDA:384,30,1,0
BRDA:388,31,0,0
BRDA:388,31,1,0
BRDA:388,32,0,0
BRDA:388,32,1,0
BRDA:391,33,0,0
BRDA:391,33,1,0
BRDA:411,34,0,0
BRDA:411,34,1,0
BRF:70
BRH:0
end_of_record
