<testsuites id="" name="" tests="5" failures="0" skipped="0" errors="0" time="9.215721">
<testsuite name="auth.setup.ts" timestamp="2026-01-29T12:19:40.134Z" hostname="setup" tests="1" failures="0" skipped="0" time="4.492" errors="0">
<testcase name="authenticate" classname="auth.setup.ts" time="4.492">
<system-out>
<![CDATA[🔐 Attempting login with: abhi.lal@gmail.com
📋 Found 3 input fields
📍 Current path: /
✅ Authentication successful, state saved
]]>
</system-out>
</testcase>
</testsuite>
<testsuite name="data/verify-microsoft-ui.spec.ts" timestamp="2026-01-29T12:19:40.134Z" hostname="chromium" tests="4" failures="0" skipped="0" time="8.055" errors="0">
<testcase name="Verify Microsoft Account UI Display › Navigate to Customers page and find Microsoft" classname="data/verify-microsoft-ui.spec.ts" time="2.116">
<system-out>
<![CDATA[
🌐 Navigating to application...
📸 Screenshot: Home page saved

🔍 Looking for navigation menu...
   Sidebar items found: 
📸 Screenshot: Customers list saved

🔍 Searching for Microsoft Corporation...
📸 Screenshot: Search results saved
📸 Screenshot: Microsoft details saved
]]>
</system-out>
</testcase>
<testcase name="Verify Microsoft Account UI Display › Check Microsoft Account Overview Page" classname="data/verify-microsoft-ui.spec.ts" time="1.752">
<system-out>
<![CDATA[
🌐 Navigating directly to Microsoft account...
📸 Screenshot: Account overview (full page) saved
   Company name visible: ❌
   Industry visible: ❌
   Address (Redmond) visible: ❌

🔍 Looking for Contacts section...
   ⚠️ Contacts section not found on overview page

🔍 Looking for Notes section...

📸 Screenshot: Final account view saved
]]>
</system-out>
</testcase>
<testcase name="Verify Microsoft Account UI Display › Check individual contact details" classname="data/verify-microsoft-ui.spec.ts" time="1.731">
<system-out>
<![CDATA[
🌐 Navigating to Satya Nadella contact...
📸 Screenshot: Satya Nadella contact saved
   Contact name visible: ❌
   CEO title visible: ❌
   Microsoft link visible: ❌
   Biography/Notes visible: ❌
]]>
</system-out>
</testcase>
<testcase name="Verify Microsoft Account UI Display › Collect all visible issues" classname="data/verify-microsoft-ui.spec.ts" time="2.456">
<system-out>
<![CDATA[
🔍 Scanning for potential UI issues...

📋 UI Issues Summary:
   ⚠️ Error messages found: 

📸 All screenshots saved to test-results/screenshots/
]]>
</system-out>
</testcase>
</testsuite>
</testsuites>