<testsuites id="" name="" tests="6" failures="3" skipped="0" errors="0" time="29.126522">
<testsuite name="auth.setup.ts" timestamp="2026-01-27T22:30:26.917Z" hostname="setup" tests="1" failures="0" skipped="0" time="13.318" errors="0">
<testcase name="authenticate" classname="auth.setup.ts" time="13.318">
<system-out>
<![CDATA[🔐 Attempting login with: abhi.lal@gmail.com
📋 Found 3 input fields
📍 Current path: /
✅ Authentication successful, state saved
]]>
</system-out>
</testcase>
</testsuite>
<testsuite name="customers/customers.spec.ts" timestamp="2026-01-27T22:30:26.917Z" hostname="chromium" tests="1" failures="0" skipped="0" time="12.367" errors="0">
<testcase name="Customers - Create › TC-CUST-010: Should create new corporate customer" classname="customers/customers.spec.ts" time="12.367">
</testcase>
</testsuite>
<testsuite name="customers/customers.spec.ts" timestamp="2026-01-27T22:30:26.917Z" hostname="firefox" tests="1" failures="1" skipped="0" time="0.002" errors="0">
<testcase name="Customers - Create › TC-CUST-010: Should create new corporate customer" classname="customers/customers.spec.ts" time="0.002">
<failure message="customers.spec.ts:142:7 TC-CUST-010: Should create new corporate customer" type="FAILURE">
<![CDATA[  [firefox] › customers/customers.spec.ts:142:7 › Customers - Create › TC-CUST-010: Should create new corporate customer 

    Error: browserType.launch: Executable doesn't exist at /Users/alal/Library/Caches/ms-playwright/firefox-1509/firefox/Nightly.app/Contents/MacOS/firefox
    ╔═════════════════════════════════════════════════════════════════════════╗
    ║ Looks like Playwright Test or Playwright was just installed or updated. ║
    ║ Please run the following command to download new browsers:              ║
    ║                                                                         ║
    ║     npx playwright install                                              ║
    ║                                                                         ║
    ║ <3 Playwright Team                                                      ║
    ╚═════════════════════════════════════════════════════════════════════════╝
]]>
</failure>
</testcase>
</testsuite>
<testsuite name="customers/customers.spec.ts" timestamp="2026-01-27T22:30:26.917Z" hostname="webkit" tests="1" failures="1" skipped="0" time="0.005" errors="0">
<testcase name="Customers - Create › TC-CUST-010: Should create new corporate customer" classname="customers/customers.spec.ts" time="0.005">
<failure message="customers.spec.ts:142:7 TC-CUST-010: Should create new corporate customer" type="FAILURE">
<![CDATA[  [webkit] › customers/customers.spec.ts:142:7 › Customers - Create › TC-CUST-010: Should create new corporate customer 

    Error: browserType.launch: Executable doesn't exist at /Users/alal/Library/Caches/ms-playwright/webkit-2248/pw_run.sh
    ╔═════════════════════════════════════════════════════════════════════════╗
    ║ Looks like Playwright Test or Playwright was just installed or updated. ║
    ║ Please run the following command to download new browsers:              ║
    ║                                                                         ║
    ║     npx playwright install                                              ║
    ║                                                                         ║
    ║ <3 Playwright Team                                                      ║
    ╚═════════════════════════════════════════════════════════════════════════╝
]]>
</failure>
</testcase>
</testsuite>
<testsuite name="customers/customers.spec.ts" timestamp="2026-01-27T22:30:26.917Z" hostname="Mobile Chrome" tests="1" failures="0" skipped="0" time="11.492" errors="0">
<testcase name="Customers - Create › TC-CUST-010: Should create new corporate customer" classname="customers/customers.spec.ts" time="11.492">
</testcase>
</testsuite>
<testsuite name="customers/customers.spec.ts" timestamp="2026-01-27T22:30:26.917Z" hostname="Mobile Safari" tests="1" failures="1" skipped="0" time="0.001" errors="0">
<testcase name="Customers - Create › TC-CUST-010: Should create new corporate customer" classname="customers/customers.spec.ts" time="0.001">
<failure message="customers.spec.ts:142:7 TC-CUST-010: Should create new corporate customer" type="FAILURE">
<![CDATA[  [Mobile Safari] › customers/customers.spec.ts:142:7 › Customers - Create › TC-CUST-010: Should create new corporate customer 

    Error: browserType.launch: Executable doesn't exist at /Users/alal/Library/Caches/ms-playwright/webkit-2248/pw_run.sh
    ╔═════════════════════════════════════════════════════════════════════════╗
    ║ Looks like Playwright Test or Playwright was just installed or updated. ║
    ║ Please run the following command to download new browsers:              ║
    ║                                                                         ║
    ║     npx playwright install                                              ║
    ║                                                                         ║
    ║ <3 Playwright Team                                                      ║
    ╚═════════════════════════════════════════════════════════════════════════╝
]]>
</failure>
</testcase>
</testsuite>
</testsuites>