<testsuites id="" name="" tests="239" failures="33" skipped="4" errors="0" time="358.42515999999995">
<testsuite name="auth.setup.ts" timestamp="2026-01-27T19:40:13.772Z" hostname="setup" tests="1" failures="0" skipped="0" time="4.518" errors="0">
<testcase name="authenticate" classname="auth.setup.ts" time="4.518">
<system-out>
<![CDATA[ðŸ” Attempting login with: abhi.lal@gmail.com
ðŸ“‹ Found 3 input fields
ðŸ“ Current path: /
âœ… Authentication successful, state saved
]]>
</system-out>
</testcase>
</testsuite>
<testsuite name="admin/admin.spec.ts" timestamp="2026-01-27T19:40:13.772Z" hostname="chromium" tests="28" failures="6" skipped="0" time="149.575" errors="0">
<testcase name="Admin - Users Management â€º TC-ADMIN-001: Should display users list" classname="admin/admin.spec.ts" time="11.452">
<failure message="admin.spec.ts:17:7 TC-ADMIN-001: Should display users list" type="FAILURE">
<![CDATA[  [chromium] â€º admin/admin.spec.ts:17:7 â€º Admin - Users Management â€º TC-ADMIN-001: Should display users list 

    Error: expect(locator).toBeVisible() failed

    Locator: locator('h1, h2, .page-title').filter({ hasText: /user/i }).first()
    Expected: visible
    Timeout: 10000ms
    Error: element(s) not found

    Call log:
      - Expect "toBeVisible" with timeout 10000ms
      - waiting for locator('h1, h2, .page-title').filter({ hasText: /user/i }).first()


      17 |   test('TC-ADMIN-001: Should display users list', async ({ page }) => {
      18 |     const pageTitle = page.locator('h1, h2, .page-title').filter({ hasText: /user/i });
    > 19 |     await expect(pageTitle.first()).toBeVisible({ timeout: 10000 });
         |                                     ^
      20 |   });
      21 |
      22 |   test('TC-ADMIN-002: Should have create user button', async ({ page }) => {
        at /Users/alal/Code/Git CRM Solution/crm-solution/e2e-tests/tests/admin/admin.spec.ts:19:37

    attachment #1: screenshot (image/png) â”€â”€â”€â”€â”€â”€â”€â”€â”€â”€â”€â”€â”€â”€â”€â”€â”€â”€â”€â”€â”€â”€â”€â”€â”€â”€â”€â”€â”€â”€â”€â”€â”€â”€â”€â”€â”€â”€â”€â”€â”€â”€â”€â”€â”€â”€â”€â”€â”€â”€â”€â”€â”€â”€â”€â”€â”€â”€
    ../test-results/artifacts/admin-admin-Admin---Users--d7ef3-1-Should-display-users-list-chromium/test-failed-1.png
    â”€â”€â”€â”€â”€â”€â”€â”€â”€â”€â”€â”€â”€â”€â”€â”€â”€â”€â”€â”€â”€â”€â”€â”€â”€â”€â”€â”€â”€â”€â”€â”€â”€â”€â”€â”€â”€â”€â”€â”€â”€â”€â”€â”€â”€â”€â”€â”€â”€â”€â”€â”€â”€â”€â”€â”€â”€â”€â”€â”€â”€â”€â”€â”€â”€â”€â”€â”€â”€â”€â”€â”€â”€â”€â”€â”€â”€â”€â”€â”€â”€â”€â”€â”€â”€â”€â”€â”€â”€â”€â”€â”€â”€â”€â”€â”€

    Error Context: ../test-results/artifacts/admin-admin-Admin---Users--d7ef3-1-Should-display-users-list-chromium/error-context.md
]]>
</failure>
<system-out>
<![CDATA[
[[ATTACHMENT|artifacts/admin-admin-Admin---Users--d7ef3-1-Should-display-users-list-chromium/test-failed-1.png]]

[[ATTACHMENT|artifacts/admin-admin-Admin---Users--d7ef3-1-Should-display-users-list-chromium/error-context.md]]
]]>
</system-out>
</testcase>
<testcase name="Admin - Users Management â€º TC-ADMIN-002: Should have create user button" classname="admin/admin.spec.ts" time="1.427">
</testcase>
<testcase name="Admin - Users Management â€º TC-ADMIN-003: Should create new user" classname="admin/admin.spec.ts" time="4.644">
</testcase>
<testcase name="Admin - Users Management â€º TC-ADMIN-004: Should edit user" classname="admin/admin.spec.ts" time="5.522">
</testcase>
<testcase name="Admin - Users Management â€º TC-ADMIN-005: Should disable user" classname="admin/admin.spec.ts" time="5.002">
</testcase>
<testcase name="Admin - Users Management â€º TC-ADMIN-006: Should delete test user" classname="admin/admin.spec.ts" time="4.977">
</testcase>
<testcase name="Admin - Roles Management â€º TC-ADMIN-007: Should display roles list" classname="admin/admin.spec.ts" time="10.925">
<failure message="admin.spec.ts:141:7 TC-ADMIN-007: Should display roles list" type="FAILURE">
<![CDATA[  [chromium] â€º admin/admin.spec.ts:141:7 â€º Admin - Roles Management â€º TC-ADMIN-007: Should display roles list 

    Error: expect(locator).toBeVisible() failed

    Locator: locator('h1, h2, .page-title').filter({ hasText: /role/i }).first()
    Expected: visible
    Timeout: 10000ms
    Error: element(s) not found

    Call log:
      - Expect "toBeVisible" with timeout 10000ms
      - waiting for locator('h1, h2, .page-title').filter({ hasText: /role/i }).first()


      141 |   test('TC-ADMIN-007: Should display roles list', async ({ page }) => {
      142 |     const pageTitle = page.locator('h1, h2, .page-title').filter({ hasText: /role/i });
    > 143 |     await expect(pageTitle.first()).toBeVisible({ timeout: 10000 });
          |                                     ^
      144 |   });
      145 |
      146 |   test('TC-ADMIN-008: Should create new role', async ({ page }) => {
        at /Users/alal/Code/Git CRM Solution/crm-solution/e2e-tests/tests/admin/admin.spec.ts:143:37

    attachment #1: screenshot (image/png) â”€â”€â”€â”€â”€â”€â”€â”€â”€â”€â”€â”€â”€â”€â”€â”€â”€â”€â”€â”€â”€â”€â”€â”€â”€â”€â”€â”€â”€â”€â”€â”€â”€â”€â”€â”€â”€â”€â”€â”€â”€â”€â”€â”€â”€â”€â”€â”€â”€â”€â”€â”€â”€â”€â”€â”€â”€â”€
    ../test-results/artifacts/admin-admin-Admin---Roles--4ab43-7-Should-display-roles-list-chromium/test-failed-1.png
    â”€â”€â”€â”€â”€â”€â”€â”€â”€â”€â”€â”€â”€â”€â”€â”€â”€â”€â”€â”€â”€â”€â”€â”€â”€â”€â”€â”€â”€â”€â”€â”€â”€â”€â”€â”€â”€â”€â”€â”€â”€â”€â”€â”€â”€â”€â”€â”€â”€â”€â”€â”€â”€â”€â”€â”€â”€â”€â”€â”€â”€â”€â”€â”€â”€â”€â”€â”€â”€â”€â”€â”€â”€â”€â”€â”€â”€â”€â”€â”€â”€â”€â”€â”€â”€â”€â”€â”€â”€â”€â”€â”€â”€â”€â”€â”€

    Error Context: ../test-results/artifacts/admin-admin-Admin---Roles--4ab43-7-Should-display-roles-list-chromium/error-context.md
]]>
</failure>
<system-out>
<![CDATA[
[[ATTACHMENT|artifacts/admin-admin-Admin---Roles--4ab43-7-Should-display-roles-list-chromium/test-failed-1.png]]

[[ATTACHMENT|artifacts/admin-admin-Admin---Roles--4ab43-7-Should-display-roles-list-chromium/error-context.md]]
]]>
</system-out>
</testcase>
<testcase name="Admin - Roles Management â€º TC-ADMIN-008: Should create new role" classname="admin/admin.spec.ts" time="0.95">
</testcase>
<testcase name="Admin - Roles Management â€º TC-ADMIN-009: Should assign permissions to role" classname="admin/admin.spec.ts" time="23.941">
</testcase>
<testcase name="Admin - Roles Management â€º TC-ADMIN-010: Should delete test role" classname="admin/admin.spec.ts" time="24.067">
</testcase>
<testcase name="Admin - Security Settings â€º TC-ADMIN-011: Should display settings page" classname="admin/admin.spec.ts" time="10.934">
<failure message="admin.spec.ts:215:7 TC-ADMIN-011: Should display settings page" type="FAILURE">
<![CDATA[  [chromium] â€º admin/admin.spec.ts:215:7 â€º Admin - Security Settings â€º TC-ADMIN-011: Should display settings page 

    Error: expect(locator).toBeVisible() failed

    Locator: locator('h1, h2, .page-title').filter({ hasText: /setting/i }).first()
    Expected: visible
    Timeout: 10000ms
    Error: element(s) not found

    Call log:
      - Expect "toBeVisible" with timeout 10000ms
      - waiting for locator('h1, h2, .page-title').filter({ hasText: /setting/i }).first()


      215 |   test('TC-ADMIN-011: Should display settings page', async ({ page }) => {
      216 |     const pageTitle = page.locator('h1, h2, .page-title').filter({ hasText: /setting/i });
    > 217 |     await expect(pageTitle.first()).toBeVisible({ timeout: 10000 });
          |                                     ^
      218 |   });
      219 |
      220 |   test('TC-ADMIN-012: Should access security settings', async ({ page }) => {
        at /Users/alal/Code/Git CRM Solution/crm-solution/e2e-tests/tests/admin/admin.spec.ts:217:37

    attachment #1: screenshot (image/png) â”€â”€â”€â”€â”€â”€â”€â”€â”€â”€â”€â”€â”€â”€â”€â”€â”€â”€â”€â”€â”€â”€â”€â”€â”€â”€â”€â”€â”€â”€â”€â”€â”€â”€â”€â”€â”€â”€â”€â”€â”€â”€â”€â”€â”€â”€â”€â”€â”€â”€â”€â”€â”€â”€â”€â”€â”€â”€
    ../test-results/artifacts/admin-admin-Admin---Securi-e2a7a-hould-display-settings-page-chromium/test-failed-1.png
    â”€â”€â”€â”€â”€â”€â”€â”€â”€â”€â”€â”€â”€â”€â”€â”€â”€â”€â”€â”€â”€â”€â”€â”€â”€â”€â”€â”€â”€â”€â”€â”€â”€â”€â”€â”€â”€â”€â”€â”€â”€â”€â”€â”€â”€â”€â”€â”€â”€â”€â”€â”€â”€â”€â”€â”€â”€â”€â”€â”€â”€â”€â”€â”€â”€â”€â”€â”€â”€â”€â”€â”€â”€â”€â”€â”€â”€â”€â”€â”€â”€â”€â”€â”€â”€â”€â”€â”€â”€â”€â”€â”€â”€â”€â”€â”€

    Error Context: ../test-results/artifacts/admin-admin-Admin---Securi-e2a7a-hould-display-settings-page-chromium/error-context.md
]]>
</failure>
<system-out>
<![CDATA[
[[ATTACHMENT|artifacts/admin-admin-Admin---Securi-e2a7a-hould-display-settings-page-chromium/test-failed-1.png]]

[[ATTACHMENT|artifacts/admin-admin-Admin---Securi-e2a7a-hould-display-settings-page-chromium/error-context.md]]
]]>
</system-out>
</testcase>
<testcase name="Admin - Security Settings â€º TC-ADMIN-012: Should access security settings" classname="admin/admin.spec.ts" time="0.957">
</testcase>
<testcase name="Admin - Security Settings â€º TC-ADMIN-013: Should configure password policy" classname="admin/admin.spec.ts" time="0.912">
</testcase>
<testcase name="Admin - Security Settings â€º TC-ADMIN-014: Should configure session timeout" classname="admin/admin.spec.ts" time="0.889">
</testcase>
<testcase name="Admin - LLM Settings â€º TC-ADMIN-015: Should display LLM settings page" classname="admin/admin.spec.ts" time="0.884">
</testcase>
<testcase name="Admin - LLM Settings â€º TC-ADMIN-016: Should configure LLM endpoint" classname="admin/admin.spec.ts" time="0.905">
</testcase>
<testcase name="Admin - LLM Settings â€º TC-ADMIN-017: Should configure model selection" classname="admin/admin.spec.ts" time="1.04">
</testcase>
<testcase name="Admin - LLM Settings â€º TC-ADMIN-018: Should test LLM connection" classname="admin/admin.spec.ts" time="0.862">
</testcase>
<testcase name="Admin - Branding â€º TC-ADMIN-019: Should display branding settings" classname="admin/admin.spec.ts" time="11.072">
<failure message="admin.spec.ts:299:7 TC-ADMIN-019: Should display branding settings" type="FAILURE">
<![CDATA[  [chromium] â€º admin/admin.spec.ts:299:7 â€º Admin - Branding â€º TC-ADMIN-019: Should display branding settings 

    Error: expect(locator).toBeVisible() failed

    Locator: locator('h1, h2, .page-title').filter({ hasText: /brand|theme|appearance/i }).first()
    Expected: visible
    Timeout: 10000ms
    Error: element(s) not found

    Call log:
      - Expect "toBeVisible" with timeout 10000ms
      - waiting for locator('h1, h2, .page-title').filter({ hasText: /brand|theme|appearance/i }).first()


      299 |   test('TC-ADMIN-019: Should display branding settings', async ({ page }) => {
      300 |     const pageTitle = page.locator('h1, h2, .page-title').filter({ hasText: /brand|theme|appearance/i });
    > 301 |     await expect(pageTitle.first()).toBeVisible({ timeout: 10000 });
          |                                     ^
      302 |   });
      303 |
      304 |   test('TC-ADMIN-020: Should update company name', async ({ page }) => {
        at /Users/alal/Code/Git CRM Solution/crm-solution/e2e-tests/tests/admin/admin.spec.ts:301:37

    attachment #1: screenshot (image/png) â”€â”€â”€â”€â”€â”€â”€â”€â”€â”€â”€â”€â”€â”€â”€â”€â”€â”€â”€â”€â”€â”€â”€â”€â”€â”€â”€â”€â”€â”€â”€â”€â”€â”€â”€â”€â”€â”€â”€â”€â”€â”€â”€â”€â”€â”€â”€â”€â”€â”€â”€â”€â”€â”€â”€â”€â”€â”€
    ../test-results/artifacts/admin-admin-Admin---Brandi-ccf5b-d-display-branding-settings-chromium/test-failed-1.png
    â”€â”€â”€â”€â”€â”€â”€â”€â”€â”€â”€â”€â”€â”€â”€â”€â”€â”€â”€â”€â”€â”€â”€â”€â”€â”€â”€â”€â”€â”€â”€â”€â”€â”€â”€â”€â”€â”€â”€â”€â”€â”€â”€â”€â”€â”€â”€â”€â”€â”€â”€â”€â”€â”€â”€â”€â”€â”€â”€â”€â”€â”€â”€â”€â”€â”€â”€â”€â”€â”€â”€â”€â”€â”€â”€â”€â”€â”€â”€â”€â”€â”€â”€â”€â”€â”€â”€â”€â”€â”€â”€â”€â”€â”€â”€â”€

    Error Context: ../test-results/artifacts/admin-admin-Admin---Brandi-ccf5b-d-display-branding-settings-chromium/error-context.md
]]>
</failure>
<system-out>
<![CDATA[
[[ATTACHMENT|artifacts/admin-admin-Admin---Brandi-ccf5b-d-display-branding-settings-chromium/test-failed-1.png]]

[[ATTACHMENT|artifacts/admin-admin-Admin---Brandi-ccf5b-d-display-branding-settings-chromium/error-context.md]]
]]>
</system-out>
</testcase>
<testcase name="Admin - Branding â€º TC-ADMIN-020: Should update company name" classname="admin/admin.spec.ts" time="0.952">
</testcase>
<testcase name="Admin - Branding â€º TC-ADMIN-021: Should update primary color" classname="admin/admin.spec.ts" time="0.959">
</testcase>
<testcase name="Admin - Email Settings â€º TC-ADMIN-022: Should display email settings" classname="admin/admin.spec.ts" time="10.876">
<failure message="admin.spec.ts:326:7 TC-ADMIN-022: Should display email settings" type="FAILURE">
<![CDATA[  [chromium] â€º admin/admin.spec.ts:326:7 â€º Admin - Email Settings â€º TC-ADMIN-022: Should display email settings 

    Error: expect(locator).toBeVisible() failed

    Locator: locator('h1, h2, .page-title').filter({ hasText: /email|smtp/i }).first()
    Expected: visible
    Timeout: 10000ms
    Error: element(s) not found

    Call log:
      - Expect "toBeVisible" with timeout 10000ms
      - waiting for locator('h1, h2, .page-title').filter({ hasText: /email|smtp/i }).first()


      326 |   test('TC-ADMIN-022: Should display email settings', async ({ page }) => {
      327 |     const pageTitle = page.locator('h1, h2, .page-title').filter({ hasText: /email|smtp/i });
    > 328 |     await expect(pageTitle.first()).toBeVisible({ timeout: 10000 });
          |                                     ^
      329 |   });
      330 |
      331 |   test('TC-ADMIN-023: Should configure SMTP settings', async ({ page }) => {
        at /Users/alal/Code/Git CRM Solution/crm-solution/e2e-tests/tests/admin/admin.spec.ts:328:37

    attachment #1: screenshot (image/png) â”€â”€â”€â”€â”€â”€â”€â”€â”€â”€â”€â”€â”€â”€â”€â”€â”€â”€â”€â”€â”€â”€â”€â”€â”€â”€â”€â”€â”€â”€â”€â”€â”€â”€â”€â”€â”€â”€â”€â”€â”€â”€â”€â”€â”€â”€â”€â”€â”€â”€â”€â”€â”€â”€â”€â”€â”€â”€
    ../test-results/artifacts/admin-admin-Admin---Email--cdcf9-ould-display-email-settings-chromium/test-failed-1.png
    â”€â”€â”€â”€â”€â”€â”€â”€â”€â”€â”€â”€â”€â”€â”€â”€â”€â”€â”€â”€â”€â”€â”€â”€â”€â”€â”€â”€â”€â”€â”€â”€â”€â”€â”€â”€â”€â”€â”€â”€â”€â”€â”€â”€â”€â”€â”€â”€â”€â”€â”€â”€â”€â”€â”€â”€â”€â”€â”€â”€â”€â”€â”€â”€â”€â”€â”€â”€â”€â”€â”€â”€â”€â”€â”€â”€â”€â”€â”€â”€â”€â”€â”€â”€â”€â”€â”€â”€â”€â”€â”€â”€â”€â”€â”€â”€

    Error Context: ../test-results/artifacts/admin-admin-Admin---Email--cdcf9-ould-display-email-settings-chromium/error-context.md
]]>
</failure>
<system-out>
<![CDATA[
[[ATTACHMENT|artifacts/admin-admin-Admin---Email--cdcf9-ould-display-email-settings-chromium/test-failed-1.png]]

[[ATTACHMENT|artifacts/admin-admin-Admin---Email--cdcf9-ould-display-email-settings-chromium/error-context.md]]
]]>
</system-out>
</testcase>
<testcase name="Admin - Email Settings â€º TC-ADMIN-023: Should configure SMTP settings" classname="admin/admin.spec.ts" time="0.893">
</testcase>
<testcase name="Admin - Email Settings â€º TC-ADMIN-024: Should send test email" classname="admin/admin.spec.ts" time="0.895">
</testcase>
<testcase name="Admin - Audit Log â€º TC-ADMIN-025: Should display audit log" classname="admin/admin.spec.ts" time="10.913">
<failure message="admin.spec.ts:360:7 TC-ADMIN-025: Should display audit log" type="FAILURE">
<![CDATA[  [chromium] â€º admin/admin.spec.ts:360:7 â€º Admin - Audit Log â€º TC-ADMIN-025: Should display audit log 

    Error: expect(locator).toBeVisible() failed

    Locator: locator('h1, h2, .page-title').filter({ hasText: /audit|log|activity/i }).first()
    Expected: visible
    Timeout: 10000ms
    Error: element(s) not found

    Call log:
      - Expect "toBeVisible" with timeout 10000ms
      - waiting for locator('h1, h2, .page-title').filter({ hasText: /audit|log|activity/i }).first()


      360 |   test('TC-ADMIN-025: Should display audit log', async ({ page }) => {
      361 |     const pageTitle = page.locator('h1, h2, .page-title').filter({ hasText: /audit|log|activity/i });
    > 362 |     await expect(pageTitle.first()).toBeVisible({ timeout: 10000 });
          |                                     ^
      363 |   });
      364 |
      365 |   test('TC-ADMIN-026: Should filter audit log by date', async ({ page }) => {
        at /Users/alal/Code/Git CRM Solution/crm-solution/e2e-tests/tests/admin/admin.spec.ts:362:37

    attachment #1: screenshot (image/png) â”€â”€â”€â”€â”€â”€â”€â”€â”€â”€â”€â”€â”€â”€â”€â”€â”€â”€â”€â”€â”€â”€â”€â”€â”€â”€â”€â”€â”€â”€â”€â”€â”€â”€â”€â”€â”€â”€â”€â”€â”€â”€â”€â”€â”€â”€â”€â”€â”€â”€â”€â”€â”€â”€â”€â”€â”€â”€
    ../test-results/artifacts/admin-admin-Admin---Audit--b5719-25-Should-display-audit-log-chromium/test-failed-1.png
    â”€â”€â”€â”€â”€â”€â”€â”€â”€â”€â”€â”€â”€â”€â”€â”€â”€â”€â”€â”€â”€â”€â”€â”€â”€â”€â”€â”€â”€â”€â”€â”€â”€â”€â”€â”€â”€â”€â”€â”€â”€â”€â”€â”€â”€â”€â”€â”€â”€â”€â”€â”€â”€â”€â”€â”€â”€â”€â”€â”€â”€â”€â”€â”€â”€â”€â”€â”€â”€â”€â”€â”€â”€â”€â”€â”€â”€â”€â”€â”€â”€â”€â”€â”€â”€â”€â”€â”€â”€â”€â”€â”€â”€â”€â”€â”€

    Error Context: ../test-results/artifacts/admin-admin-Admin---Audit--b5719-25-Should-display-audit-log-chromium/error-context.md
]]>
</failure>
<system-out>
<![CDATA[
[[ATTACHMENT|artifacts/admin-admin-Admin---Audit--b5719-25-Should-display-audit-log-chromium/test-failed-1.png]]

[[ATTACHMENT|artifacts/admin-admin-Admin---Audit--b5719-25-Should-display-audit-log-chromium/error-context.md]]
]]>
</system-out>
</testcase>
<testcase name="Admin - Audit Log â€º TC-ADMIN-026: Should filter audit log by date" classname="admin/admin.spec.ts" time="0.911">
</testcase>
<testcase name="Admin - Audit Log â€º TC-ADMIN-027: Should filter audit log by action type" classname="admin/admin.spec.ts" time="0.893">
</testcase>
<testcase name="Admin - Audit Log â€º TC-ADMIN-028: Should export audit log" classname="admin/admin.spec.ts" time="0.921">
</testcase>
</testsuite>
<testsuite name="auth/authentication.spec.ts" timestamp="2026-01-27T19:40:13.772Z" hostname="chromium" tests="20" failures="9" skipped="1" time="94.214" errors="0">
<testcase name="Authentication - Login â€º TC-AUTH-001: Should display login page correctly" classname="auth/authentication.spec.ts" time="10.305">
<failure message="authentication.spec.ts:18:7 TC-AUTH-001: Should display login page correctly" type="FAILURE">
<![CDATA[  [chromium] â€º auth/authentication.spec.ts:18:7 â€º Authentication - Login â€º TC-AUTH-001: Should display login page correctly 

    Error: expect(locator).toBeVisible() failed

    Locator: locator('input[name="email"], input[name="username"], #email, #username').first()
    Expected: visible
    Timeout: 10000ms
    Error: element(s) not found

    Call log:
      - Expect "toBeVisible" with timeout 10000ms
      - waiting for locator('input[name="email"], input[name="username"], #email, #username').first()


      18 |   test('TC-AUTH-001: Should display login page correctly', async ({ page }) => {
      19 |     // Verify login page elements
    > 20 |     await expect(page.locator('input[name="email"], input[name="username"], #email, #username').first()).toBeVisible();
         |                                                                                                          ^
      21 |     await expect(page.locator('input[name="password"], input[type="password"]').first()).toBeVisible();
      22 |     await expect(page.locator('button[type="submit"], button:has-text("Login")').first()).toBeVisible();
      23 |   });
        at /Users/alal/Code/Git CRM Solution/crm-solution/e2e-tests/tests/auth/authentication.spec.ts:20:106

    attachment #1: screenshot (image/png) â”€â”€â”€â”€â”€â”€â”€â”€â”€â”€â”€â”€â”€â”€â”€â”€â”€â”€â”€â”€â”€â”€â”€â”€â”€â”€â”€â”€â”€â”€â”€â”€â”€â”€â”€â”€â”€â”€â”€â”€â”€â”€â”€â”€â”€â”€â”€â”€â”€â”€â”€â”€â”€â”€â”€â”€â”€â”€
    ../test-results/artifacts/auth-authentication-Authen-4254d-isplay-login-page-correctly-chromium/test-failed-1.png
    â”€â”€â”€â”€â”€â”€â”€â”€â”€â”€â”€â”€â”€â”€â”€â”€â”€â”€â”€â”€â”€â”€â”€â”€â”€â”€â”€â”€â”€â”€â”€â”€â”€â”€â”€â”€â”€â”€â”€â”€â”€â”€â”€â”€â”€â”€â”€â”€â”€â”€â”€â”€â”€â”€â”€â”€â”€â”€â”€â”€â”€â”€â”€â”€â”€â”€â”€â”€â”€â”€â”€â”€â”€â”€â”€â”€â”€â”€â”€â”€â”€â”€â”€â”€â”€â”€â”€â”€â”€â”€â”€â”€â”€â”€â”€â”€

    Error Context: ../test-results/artifacts/auth-authentication-Authen-4254d-isplay-login-page-correctly-chromium/error-context.md
]]>
</failure>
<system-out>
<![CDATA[
[[ATTACHMENT|artifacts/auth-authentication-Authen-4254d-isplay-login-page-correctly-chromium/test-failed-1.png]]

[[ATTACHMENT|artifacts/auth-authentication-Authen-4254d-isplay-login-page-correctly-chromium/error-context.md]]
]]>
</system-out>
</testcase>
<testcase name="Authentication - Login â€º TC-AUTH-002: Should login successfully with valid credentials" classname="auth/authentication.spec.ts" time="0.685">
</testcase>
<testcase name="Authentication - Login â€º TC-AUTH-003: Should show error for invalid email" classname="auth/authentication.spec.ts" time="0.648">
</testcase>
<testcase name="Authentication - Login â€º TC-AUTH-004: Should show error for wrong password" classname="auth/authentication.spec.ts" time="2.565">
</testcase>
<testcase name="Authentication - Login â€º TC-AUTH-005: Should show error for empty fields" classname="auth/authentication.spec.ts" time="10.289">
<failure message="authentication.spec.ts:69:7 TC-AUTH-005: Should show error for empty fields" type="FAILURE">
<![CDATA[  [chromium] â€º auth/authentication.spec.ts:69:7 â€º Authentication - Login â€º TC-AUTH-005: Should show error for empty fields 

    TimeoutError: locator.click: Timeout 10000ms exceeded.
    Call log:
      - waiting for locator('button[type="submit"], button:has-text("Login"), button:has-text("Sign In")')
        - locator resolved to <button disabled tabindex="-1" type="submit" class="MuiButtonBase-root MuiButton-root MuiButton-contained MuiButton-containedPrimary MuiButton-sizeLarge MuiButton-containedSizeLarge MuiButton-colorPrimary MuiButton-fullWidth Mui-disabled MuiButton-root MuiButton-contained MuiButton-containedPrimary MuiButton-sizeLarge MuiButton-containedSizeLarge MuiButton-colorPrimary MuiButton-fullWidth css-1ov2o8i">Sign In</button>
      - attempting click action
        2 Ã— waiting for element to be visible, enabled and stable
          - element is not enabled
        - retrying click action
        - waiting 20ms
        2 Ã— waiting for element to be visible, enabled and stable
          - element is not enabled
        - retrying click action
          - waiting 100ms
        19 Ã— waiting for element to be visible, enabled and stable
           - element is not enabled
         - retrying click action
           - waiting 500ms


      71 |     
      72 |     // Try to submit empty form
    > 73 |     await loginPage.loginButton.click();
         |                                 ^
      74 |     
      75 |     // Should show validation errors or stay on login page
      76 |     await page.waitForTimeout(1000);
        at /Users/alal/Code/Git CRM Solution/crm-solution/e2e-tests/tests/auth/authentication.spec.ts:73:33

    attachment #1: screenshot (image/png) â”€â”€â”€â”€â”€â”€â”€â”€â”€â”€â”€â”€â”€â”€â”€â”€â”€â”€â”€â”€â”€â”€â”€â”€â”€â”€â”€â”€â”€â”€â”€â”€â”€â”€â”€â”€â”€â”€â”€â”€â”€â”€â”€â”€â”€â”€â”€â”€â”€â”€â”€â”€â”€â”€â”€â”€â”€â”€
    ../test-results/artifacts/auth-authentication-Authen-f0498-show-error-for-empty-fields-chromium/test-failed-1.png
    â”€â”€â”€â”€â”€â”€â”€â”€â”€â”€â”€â”€â”€â”€â”€â”€â”€â”€â”€â”€â”€â”€â”€â”€â”€â”€â”€â”€â”€â”€â”€â”€â”€â”€â”€â”€â”€â”€â”€â”€â”€â”€â”€â”€â”€â”€â”€â”€â”€â”€â”€â”€â”€â”€â”€â”€â”€â”€â”€â”€â”€â”€â”€â”€â”€â”€â”€â”€â”€â”€â”€â”€â”€â”€â”€â”€â”€â”€â”€â”€â”€â”€â”€â”€â”€â”€â”€â”€â”€â”€â”€â”€â”€â”€â”€â”€

    Error Context: ../test-results/artifacts/auth-authentication-Authen-f0498-show-error-for-empty-fields-chromium/error-context.md
]]>
</failure>
<system-out>
<![CDATA[
[[ATTACHMENT|artifacts/auth-authentication-Authen-f0498-show-error-for-empty-fields-chromium/test-failed-1.png]]

[[ATTACHMENT|artifacts/auth-authentication-Authen-f0498-show-error-for-empty-fields-chromium/error-context.md]]
]]>
</system-out>
</testcase>
<testcase name="Authentication - Login â€º TC-AUTH-006: Should navigate to forgot password page" classname="auth/authentication.spec.ts" time="0.47">
</testcase>
<testcase name="Authentication - Login â€º TC-AUTH-007: Should navigate to registration page" classname="auth/authentication.spec.ts" time="0.408">
<properties>
<property name="skip" value="Registration link not visible">
</property>
</properties>
<skipped>
</skipped>
</testcase>
<testcase name="Authentication - Login â€º TC-AUTH-008: Should remember me functionality" classname="auth/authentication.spec.ts" time="0.642">
</testcase>
<testcase name="Authentication - Logout â€º TC-AUTH-009: Should logout successfully" classname="auth/authentication.spec.ts" time="3.166">
</testcase>
<testcase name="Authentication - Logout â€º TC-AUTH-010: Should not access protected routes after logout" classname="auth/authentication.spec.ts" time="2.774">
<failure message="authentication.spec.ts:158:7 TC-AUTH-010: Should not access protected routes after logout" type="FAILURE">
<![CDATA[  [chromium] â€º auth/authentication.spec.ts:158:7 â€º Authentication - Logout â€º TC-AUTH-010: Should not access protected routes after logout 

    Error: expect(received).toMatch(expected)

    Expected pattern: /login|unauthorized/i
    Received string:  "http://192.168.0.9/customers"

      170 |     
      171 |     // Should redirect to login
    > 172 |     expect(page.url()).toMatch(/login|unauthorized/i);
          |                        ^
      173 |   });
      174 | });
      175 |
        at /Users/alal/Code/Git CRM Solution/crm-solution/e2e-tests/tests/auth/authentication.spec.ts:172:24

    attachment #1: screenshot (image/png) â”€â”€â”€â”€â”€â”€â”€â”€â”€â”€â”€â”€â”€â”€â”€â”€â”€â”€â”€â”€â”€â”€â”€â”€â”€â”€â”€â”€â”€â”€â”€â”€â”€â”€â”€â”€â”€â”€â”€â”€â”€â”€â”€â”€â”€â”€â”€â”€â”€â”€â”€â”€â”€â”€â”€â”€â”€â”€
    ../test-results/artifacts/auth-authentication-Authen-c574c-otected-routes-after-logout-chromium/test-failed-1.png
    â”€â”€â”€â”€â”€â”€â”€â”€â”€â”€â”€â”€â”€â”€â”€â”€â”€â”€â”€â”€â”€â”€â”€â”€â”€â”€â”€â”€â”€â”€â”€â”€â”€â”€â”€â”€â”€â”€â”€â”€â”€â”€â”€â”€â”€â”€â”€â”€â”€â”€â”€â”€â”€â”€â”€â”€â”€â”€â”€â”€â”€â”€â”€â”€â”€â”€â”€â”€â”€â”€â”€â”€â”€â”€â”€â”€â”€â”€â”€â”€â”€â”€â”€â”€â”€â”€â”€â”€â”€â”€â”€â”€â”€â”€â”€â”€

    Error Context: ../test-results/artifacts/auth-authentication-Authen-c574c-otected-routes-after-logout-chromium/error-context.md
]]>
</failure>
<system-out>
<![CDATA[
[[ATTACHMENT|artifacts/auth-authentication-Authen-c574c-otected-routes-after-logout-chromium/test-failed-1.png]]

[[ATTACHMENT|artifacts/auth-authentication-Authen-c574c-otected-routes-after-logout-chromium/error-context.md]]
]]>
</system-out>
</testcase>
<testcase name="Authentication - Registration â€º TC-AUTH-011: Should display registration form" classname="auth/authentication.spec.ts" time="10.362">
<failure message="authentication.spec.ts:177:7 TC-AUTH-011: Should display registration form" type="FAILURE">
<![CDATA[  [chromium] â€º auth/authentication.spec.ts:177:7 â€º Authentication - Registration â€º TC-AUTH-011: Should display registration form 

    Error: expect(locator).toBeVisible() failed

    Locator: locator('input[name="email"], #email').first()
    Expected: visible
    Timeout: 10000ms
    Error: element(s) not found

    Call log:
      - Expect "toBeVisible" with timeout 10000ms
      - waiting for locator('input[name="email"], #email').first()


      179 |     
      180 |     if (page.url().includes('register')) {
    > 181 |       await expect(page.locator('input[name="email"], #email').first()).toBeVisible();
          |                                                                         ^
      182 |       await expect(page.locator('input[name="password"], #password').first()).toBeVisible();
      183 |       await expect(page.locator('button[type="submit"]').first()).toBeVisible();
      184 |     } else {
        at /Users/alal/Code/Git CRM Solution/crm-solution/e2e-tests/tests/auth/authentication.spec.ts:181:73

    attachment #1: screenshot (image/png) â”€â”€â”€â”€â”€â”€â”€â”€â”€â”€â”€â”€â”€â”€â”€â”€â”€â”€â”€â”€â”€â”€â”€â”€â”€â”€â”€â”€â”€â”€â”€â”€â”€â”€â”€â”€â”€â”€â”€â”€â”€â”€â”€â”€â”€â”€â”€â”€â”€â”€â”€â”€â”€â”€â”€â”€â”€â”€
    ../test-results/artifacts/auth-authentication-Authen-3394f-d-display-registration-form-chromium/test-failed-1.png
    â”€â”€â”€â”€â”€â”€â”€â”€â”€â”€â”€â”€â”€â”€â”€â”€â”€â”€â”€â”€â”€â”€â”€â”€â”€â”€â”€â”€â”€â”€â”€â”€â”€â”€â”€â”€â”€â”€â”€â”€â”€â”€â”€â”€â”€â”€â”€â”€â”€â”€â”€â”€â”€â”€â”€â”€â”€â”€â”€â”€â”€â”€â”€â”€â”€â”€â”€â”€â”€â”€â”€â”€â”€â”€â”€â”€â”€â”€â”€â”€â”€â”€â”€â”€â”€â”€â”€â”€â”€â”€â”€â”€â”€â”€â”€â”€

    Error Context: ../test-results/artifacts/auth-authentication-Authen-3394f-d-display-registration-form-chromium/error-context.md
]]>
</failure>
<system-out>
<![CDATA[
[[ATTACHMENT|artifacts/auth-authentication-Authen-3394f-d-display-registration-form-chromium/test-failed-1.png]]

[[ATTACHMENT|artifacts/auth-authentication-Authen-3394f-d-display-registration-form-chromium/error-context.md]]
]]>
</system-out>
</testcase>
<testcase name="Authentication - Registration â€º TC-AUTH-012: Should validate registration form fields" classname="auth/authentication.spec.ts" time="10.4">
<failure message="authentication.spec.ts:189:7 TC-AUTH-012: Should validate registration form fields" type="FAILURE">
<![CDATA[  [chromium] â€º auth/authentication.spec.ts:189:7 â€º Authentication - Registration â€º TC-AUTH-012: Should validate registration form fields 

    TimeoutError: locator.click: Timeout 10000ms exceeded.
    Call log:
      - waiting for locator('button[type="submit"]').first()


      196 |     
      197 |     // Try to submit empty form
    > 198 |     await page.locator('button[type="submit"]').first().click();
          |                                                         ^
      199 |     await page.waitForTimeout(1000);
      200 |     
      201 |     // Should show validation errors
        at /Users/alal/Code/Git CRM Solution/crm-solution/e2e-tests/tests/auth/authentication.spec.ts:198:57

    attachment #1: screenshot (image/png) â”€â”€â”€â”€â”€â”€â”€â”€â”€â”€â”€â”€â”€â”€â”€â”€â”€â”€â”€â”€â”€â”€â”€â”€â”€â”€â”€â”€â”€â”€â”€â”€â”€â”€â”€â”€â”€â”€â”€â”€â”€â”€â”€â”€â”€â”€â”€â”€â”€â”€â”€â”€â”€â”€â”€â”€â”€â”€
    ../test-results/artifacts/auth-authentication-Authen-e2c3d-te-registration-form-fields-chromium/test-failed-1.png
    â”€â”€â”€â”€â”€â”€â”€â”€â”€â”€â”€â”€â”€â”€â”€â”€â”€â”€â”€â”€â”€â”€â”€â”€â”€â”€â”€â”€â”€â”€â”€â”€â”€â”€â”€â”€â”€â”€â”€â”€â”€â”€â”€â”€â”€â”€â”€â”€â”€â”€â”€â”€â”€â”€â”€â”€â”€â”€â”€â”€â”€â”€â”€â”€â”€â”€â”€â”€â”€â”€â”€â”€â”€â”€â”€â”€â”€â”€â”€â”€â”€â”€â”€â”€â”€â”€â”€â”€â”€â”€â”€â”€â”€â”€â”€â”€

    Error Context: ../test-results/artifacts/auth-authentication-Authen-e2c3d-te-registration-form-fields-chromium/error-context.md
]]>
</failure>
<system-out>
<![CDATA[
[[ATTACHMENT|artifacts/auth-authentication-Authen-e2c3d-te-registration-form-fields-chromium/test-failed-1.png]]

[[ATTACHMENT|artifacts/auth-authentication-Authen-e2c3d-te-registration-form-fields-chromium/error-context.md]]
]]>
</system-out>
</testcase>
<testcase name="Authentication - Registration â€º TC-AUTH-013: Should register new test user" classname="auth/authentication.spec.ts" time="10.398">
<failure message="authentication.spec.ts:206:7 TC-AUTH-013: Should register new test user" type="FAILURE">
<![CDATA[  [chromium] â€º auth/authentication.spec.ts:206:7 â€º Authentication - Registration â€º TC-AUTH-013: Should register new test user 

    TimeoutError: locator.fill: Timeout 10000ms exceeded.
    Call log:
      - waiting for locator('input[name="firstName"], #firstName').first()


      220 |     
      221 |     // Fill registration form
    > 222 |     await page.locator('input[name="firstName"], #firstName').first().fill(testUser.firstName);
          |                                                                       ^
      223 |     await page.locator('input[name="lastName"], #lastName').first().fill(testUser.lastName);
      224 |     await page.locator('input[name="email"], #email').first().fill(testUser.email);
      225 |     await page.locator('input[name="password"], #password').first().fill(testUser.password);
        at /Users/alal/Code/Git CRM Solution/crm-solution/e2e-tests/tests/auth/authentication.spec.ts:222:71

    attachment #1: screenshot (image/png) â”€â”€â”€â”€â”€â”€â”€â”€â”€â”€â”€â”€â”€â”€â”€â”€â”€â”€â”€â”€â”€â”€â”€â”€â”€â”€â”€â”€â”€â”€â”€â”€â”€â”€â”€â”€â”€â”€â”€â”€â”€â”€â”€â”€â”€â”€â”€â”€â”€â”€â”€â”€â”€â”€â”€â”€â”€â”€
    ../test-results/artifacts/auth-authentication-Authen-e5186-ould-register-new-test-user-chromium/test-failed-1.png
    â”€â”€â”€â”€â”€â”€â”€â”€â”€â”€â”€â”€â”€â”€â”€â”€â”€â”€â”€â”€â”€â”€â”€â”€â”€â”€â”€â”€â”€â”€â”€â”€â”€â”€â”€â”€â”€â”€â”€â”€â”€â”€â”€â”€â”€â”€â”€â”€â”€â”€â”€â”€â”€â”€â”€â”€â”€â”€â”€â”€â”€â”€â”€â”€â”€â”€â”€â”€â”€â”€â”€â”€â”€â”€â”€â”€â”€â”€â”€â”€â”€â”€â”€â”€â”€â”€â”€â”€â”€â”€â”€â”€â”€â”€â”€â”€

    Error Context: ../test-results/artifacts/auth-authentication-Authen-e5186-ould-register-new-test-user-chromium/error-context.md
]]>
</failure>
<system-out>
<![CDATA[
[[ATTACHMENT|artifacts/auth-authentication-Authen-e5186-ould-register-new-test-user-chromium/test-failed-1.png]]

[[ATTACHMENT|artifacts/auth-authentication-Authen-e5186-ould-register-new-test-user-chromium/error-context.md]]
]]>
</system-out>
</testcase>
<testcase name="Authentication - Password Reset â€º TC-AUTH-014: Should display password reset form" classname="auth/authentication.spec.ts" time="0.409">
</testcase>
<testcase name="Authentication - Password Reset â€º TC-AUTH-015: Should send password reset email" classname="auth/authentication.spec.ts" time="3.526">
</testcase>
<testcase name="Authentication - Two-Factor Authentication â€º TC-AUTH-016: Should display 2FA setup option in settings" classname="auth/authentication.spec.ts" time="1.263">
</testcase>
<testcase name="Authentication - Two-Factor Authentication â€º TC-AUTH-017: Should handle 2FA verification page" classname="auth/authentication.spec.ts" time="10.228">
<failure message="authentication.spec.ts:321:7 TC-AUTH-017: Should handle 2FA verification page" type="FAILURE">
<![CDATA[  [chromium] â€º auth/authentication.spec.ts:321:7 â€º Authentication - Two-Factor Authentication â€º TC-AUTH-017: Should handle 2FA verification page 

    Error: expect(locator).toBeVisible() failed

    Locator: locator('input[name="code"], input[name="token"], #code, #token').first()
    Expected: visible
    Timeout: 10000ms
    Error: element(s) not found

    Call log:
      - Expect "toBeVisible" with timeout 10000ms
      - waiting for locator('input[name="code"], input[name="token"], #code, #token').first()


      325 |       // Check for 2FA code input
      326 |       const codeInput = page.locator('input[name="code"], input[name="token"], #code, #token').first();
    > 327 |       await expect(codeInput).toBeVisible();
          |                               ^
      328 |     } else {
      329 |       test.skip(true, '2FA page not accessible without 2FA enabled');
      330 |     }
        at /Users/alal/Code/Git CRM Solution/crm-solution/e2e-tests/tests/auth/authentication.spec.ts:327:31

    attachment #1: screenshot (image/png) â”€â”€â”€â”€â”€â”€â”€â”€â”€â”€â”€â”€â”€â”€â”€â”€â”€â”€â”€â”€â”€â”€â”€â”€â”€â”€â”€â”€â”€â”€â”€â”€â”€â”€â”€â”€â”€â”€â”€â”€â”€â”€â”€â”€â”€â”€â”€â”€â”€â”€â”€â”€â”€â”€â”€â”€â”€â”€
    ../test-results/artifacts/auth-authentication-Authen-9a6b1-andle-2FA-verification-page-chromium/test-failed-1.png
    â”€â”€â”€â”€â”€â”€â”€â”€â”€â”€â”€â”€â”€â”€â”€â”€â”€â”€â”€â”€â”€â”€â”€â”€â”€â”€â”€â”€â”€â”€â”€â”€â”€â”€â”€â”€â”€â”€â”€â”€â”€â”€â”€â”€â”€â”€â”€â”€â”€â”€â”€â”€â”€â”€â”€â”€â”€â”€â”€â”€â”€â”€â”€â”€â”€â”€â”€â”€â”€â”€â”€â”€â”€â”€â”€â”€â”€â”€â”€â”€â”€â”€â”€â”€â”€â”€â”€â”€â”€â”€â”€â”€â”€â”€â”€â”€

    Error Context: ../test-results/artifacts/auth-authentication-Authen-9a6b1-andle-2FA-verification-page-chromium/error-context.md
]]>
</failure>
<system-out>
<![CDATA[
[[ATTACHMENT|artifacts/auth-authentication-Authen-9a6b1-andle-2FA-verification-page-chromium/test-failed-1.png]]

[[ATTACHMENT|artifacts/auth-authentication-Authen-9a6b1-andle-2FA-verification-page-chromium/error-context.md]]
]]>
</system-out>
</testcase>
<testcase name="Authentication - Session Management â€º TC-AUTH-018: Should maintain session across page navigation" classname="auth/authentication.spec.ts" time="2.539">
</testcase>
<testcase name="Authentication - Session Management â€º TC-AUTH-019: Should handle session timeout gracefully" classname="auth/authentication.spec.ts" time="2.714">
<failure message="authentication.spec.ts:358:7 TC-AUTH-019: Should handle session timeout gracefully" type="FAILURE">
<![CDATA[  [chromium] â€º auth/authentication.spec.ts:358:7 â€º Authentication - Session Management â€º TC-AUTH-019: Should handle session timeout gracefully 

    Error: expect(received).toMatch(expected)

    Expected pattern: /login|session|expired/i
    Received string:  "http://192.168.0.9/customers"

      373 |     
      374 |     // Should redirect to login or show session expired message
    > 375 |     expect(page.url()).toMatch(/login|session|expired/i);
          |                        ^
      376 |   });
      377 |
      378 |   test('TC-AUTH-020: Should handle concurrent sessions', async ({ browser }) => {
        at /Users/alal/Code/Git CRM Solution/crm-solution/e2e-tests/tests/auth/authentication.spec.ts:375:24

    attachment #1: screenshot (image/png) â”€â”€â”€â”€â”€â”€â”€â”€â”€â”€â”€â”€â”€â”€â”€â”€â”€â”€â”€â”€â”€â”€â”€â”€â”€â”€â”€â”€â”€â”€â”€â”€â”€â”€â”€â”€â”€â”€â”€â”€â”€â”€â”€â”€â”€â”€â”€â”€â”€â”€â”€â”€â”€â”€â”€â”€â”€â”€
    ../test-results/artifacts/auth-authentication-Authen-2db5d--session-timeout-gracefully-chromium/test-failed-1.png
    â”€â”€â”€â”€â”€â”€â”€â”€â”€â”€â”€â”€â”€â”€â”€â”€â”€â”€â”€â”€â”€â”€â”€â”€â”€â”€â”€â”€â”€â”€â”€â”€â”€â”€â”€â”€â”€â”€â”€â”€â”€â”€â”€â”€â”€â”€â”€â”€â”€â”€â”€â”€â”€â”€â”€â”€â”€â”€â”€â”€â”€â”€â”€â”€â”€â”€â”€â”€â”€â”€â”€â”€â”€â”€â”€â”€â”€â”€â”€â”€â”€â”€â”€â”€â”€â”€â”€â”€â”€â”€â”€â”€â”€â”€â”€â”€

    Error Context: ../test-results/artifacts/auth-authentication-Authen-2db5d--session-timeout-gracefully-chromium/error-context.md
]]>
</failure>
<system-out>
<![CDATA[
[[ATTACHMENT|artifacts/auth-authentication-Authen-2db5d--session-timeout-gracefully-chromium/test-failed-1.png]]

[[ATTACHMENT|artifacts/auth-authentication-Authen-2db5d--session-timeout-gracefully-chromium/error-context.md]]
]]>
</system-out>
</testcase>
<testcase name="Authentication - Session Management â€º TC-AUTH-020: Should handle concurrent sessions" classname="auth/authentication.spec.ts" time="10.423">
<failure message="authentication.spec.ts:378:7 TC-AUTH-020: Should handle concurrent sessions" type="FAILURE">
<![CDATA[  [chromium] â€º auth/authentication.spec.ts:378:7 â€º Authentication - Session Management â€º TC-AUTH-020: Should handle concurrent sessions 

    TimeoutError: locator.fill: Timeout 10000ms exceeded.
    Call log:
      - waiting for locator('input[name="email"], input[name="username"]').first()


      387 |       // Login on first session
      388 |       await page1.goto('/login');
    > 389 |       await page1.locator('input[name="email"], input[name="username"]').first().fill(TEST_USERS.existingAdmin.email);
          |                                                                                  ^
      390 |       await page1.locator('input[name="password"]').first().fill(TEST_USERS.existingAdmin.password);
      391 |       await page1.locator('button[type="submit"]').first().click();
      392 |       await page1.waitForURL((url) => !url.pathname.includes('login'), { timeout: 10000 });
        at /Users/alal/Code/Git CRM Solution/crm-solution/e2e-tests/tests/auth/authentication.spec.ts:389:82

    attachment #1: screenshot (image/png) â”€â”€â”€â”€â”€â”€â”€â”€â”€â”€â”€â”€â”€â”€â”€â”€â”€â”€â”€â”€â”€â”€â”€â”€â”€â”€â”€â”€â”€â”€â”€â”€â”€â”€â”€â”€â”€â”€â”€â”€â”€â”€â”€â”€â”€â”€â”€â”€â”€â”€â”€â”€â”€â”€â”€â”€â”€â”€
    ../test-results/artifacts/auth-authentication-Authen-8c041--handle-concurrent-sessions-chromium/test-failed-2.png
    â”€â”€â”€â”€â”€â”€â”€â”€â”€â”€â”€â”€â”€â”€â”€â”€â”€â”€â”€â”€â”€â”€â”€â”€â”€â”€â”€â”€â”€â”€â”€â”€â”€â”€â”€â”€â”€â”€â”€â”€â”€â”€â”€â”€â”€â”€â”€â”€â”€â”€â”€â”€â”€â”€â”€â”€â”€â”€â”€â”€â”€â”€â”€â”€â”€â”€â”€â”€â”€â”€â”€â”€â”€â”€â”€â”€â”€â”€â”€â”€â”€â”€â”€â”€â”€â”€â”€â”€â”€â”€â”€â”€â”€â”€â”€â”€

    attachment #2: screenshot (image/png) â”€â”€â”€â”€â”€â”€â”€â”€â”€â”€â”€â”€â”€â”€â”€â”€â”€â”€â”€â”€â”€â”€â”€â”€â”€â”€â”€â”€â”€â”€â”€â”€â”€â”€â”€â”€â”€â”€â”€â”€â”€â”€â”€â”€â”€â”€â”€â”€â”€â”€â”€â”€â”€â”€â”€â”€â”€â”€
    ../test-results/artifacts/auth-authentication-Authen-8c041--handle-concurrent-sessions-chromium/test-failed-1.png
    â”€â”€â”€â”€â”€â”€â”€â”€â”€â”€â”€â”€â”€â”€â”€â”€â”€â”€â”€â”€â”€â”€â”€â”€â”€â”€â”€â”€â”€â”€â”€â”€â”€â”€â”€â”€â”€â”€â”€â”€â”€â”€â”€â”€â”€â”€â”€â”€â”€â”€â”€â”€â”€â”€â”€â”€â”€â”€â”€â”€â”€â”€â”€â”€â”€â”€â”€â”€â”€â”€â”€â”€â”€â”€â”€â”€â”€â”€â”€â”€â”€â”€â”€â”€â”€â”€â”€â”€â”€â”€â”€â”€â”€â”€â”€â”€
]]>
</failure>
<system-out>
<![CDATA[
[[ATTACHMENT|artifacts/auth-authentication-Authen-8c041--handle-concurrent-sessions-chromium/test-failed-2.png]]

[[ATTACHMENT|artifacts/auth-authentication-Authen-8c041--handle-concurrent-sessions-chromium/test-failed-1.png]]
]]>
</system-out>
</testcase>
</testsuite>
<testsuite name="campaigns/campaigns.spec.ts" timestamp="2026-01-27T19:40:13.772Z" hostname="chromium" tests="13" failures="4" skipped="0" time="69.434" errors="0">
<testcase name="Campaigns - List View â€º TC-CAMP-001: Should display campaigns list" classname="campaigns/campaigns.spec.ts" time="11.018">
<failure message="campaigns.spec.ts:17:7 TC-CAMP-001: Should display campaigns list" type="FAILURE">
<![CDATA[  [chromium] â€º campaigns/campaigns.spec.ts:17:7 â€º Campaigns - List View â€º TC-CAMP-001: Should display campaigns list 

    Error: expect(locator).toBeVisible() failed

    Locator: locator('h1, h2, .page-title').filter({ hasText: /campaign/i })
    Expected: visible
    Timeout: 10000ms
    Error: element(s) not found

    Call log:
      - Expect "toBeVisible" with timeout 10000ms
      - waiting for locator('h1, h2, .page-title').filter({ hasText: /campaign/i })


      16 |
      17 |   test('TC-CAMP-001: Should display campaigns list', async ({ page }) => {
    > 18 |     await expect(page.locator('h1, h2, .page-title').filter({ hasText: /campaign/i })).toBeVisible({ timeout: 10000 });
         |                                                                                        ^
      19 |     const grid = new DataGridHelper(page);
      20 |     await grid.waitForLoad();
      21 |   });
        at /Users/alal/Code/Git CRM Solution/crm-solution/e2e-tests/tests/campaigns/campaigns.spec.ts:18:88

    attachment #1: screenshot (image/png) â”€â”€â”€â”€â”€â”€â”€â”€â”€â”€â”€â”€â”€â”€â”€â”€â”€â”€â”€â”€â”€â”€â”€â”€â”€â”€â”€â”€â”€â”€â”€â”€â”€â”€â”€â”€â”€â”€â”€â”€â”€â”€â”€â”€â”€â”€â”€â”€â”€â”€â”€â”€â”€â”€â”€â”€â”€â”€
    ../test-results/artifacts/campaigns-campaigns-Campai-a58ff-ould-display-campaigns-list-chromium/test-failed-1.png
    â”€â”€â”€â”€â”€â”€â”€â”€â”€â”€â”€â”€â”€â”€â”€â”€â”€â”€â”€â”€â”€â”€â”€â”€â”€â”€â”€â”€â”€â”€â”€â”€â”€â”€â”€â”€â”€â”€â”€â”€â”€â”€â”€â”€â”€â”€â”€â”€â”€â”€â”€â”€â”€â”€â”€â”€â”€â”€â”€â”€â”€â”€â”€â”€â”€â”€â”€â”€â”€â”€â”€â”€â”€â”€â”€â”€â”€â”€â”€â”€â”€â”€â”€â”€â”€â”€â”€â”€â”€â”€â”€â”€â”€â”€â”€â”€

    Error Context: ../test-results/artifacts/campaigns-campaigns-Campai-a58ff-ould-display-campaigns-list-chromium/error-context.md
]]>
</failure>
<system-out>
<![CDATA[
[[ATTACHMENT|artifacts/campaigns-campaigns-Campai-a58ff-ould-display-campaigns-list-chromium/test-failed-1.png]]

[[ATTACHMENT|artifacts/campaigns-campaigns-Campai-a58ff-ould-display-campaigns-list-chromium/error-context.md]]
]]>
</system-out>
</testcase>
<testcase name="Campaigns - List View â€º TC-CAMP-002: Should show campaign status" classname="campaigns/campaigns.spec.ts" time="0.951">
</testcase>
<testcase name="Campaigns - List View â€º TC-CAMP-003: Should filter by type" classname="campaigns/campaigns.spec.ts" time="0.886">
</testcase>
<testcase name="Campaigns - List View â€º TC-CAMP-004: Should search campaigns" classname="campaigns/campaigns.spec.ts" time="1.423">
</testcase>
<testcase name="Campaigns - Create â€º TC-CAMP-005: Should create email campaign" classname="campaigns/campaigns.spec.ts" time="11.735">
<failure message="campaigns.spec.ts:62:7 TC-CAMP-005: Should create email campaign" type="FAILURE">
<![CDATA[  [chromium] â€º campaigns/campaigns.spec.ts:62:7 â€º Campaigns - Create â€º TC-CAMP-005: Should create email campaign 

    TimeoutError: locator.click: Timeout 10000ms exceeded.
    Call log:
      - waiting for locator('button[type="submit"], button:has-text("Save")').first()


      91 |     
      92 |     // Submit
    > 93 |     await page.locator('button[type="submit"], button:has-text("Save")').first().click();
         |                                                                                  ^
      94 |     await page.waitForTimeout(2000);
      95 |   });
      96 |
        at /Users/alal/Code/Git CRM Solution/crm-solution/e2e-tests/tests/campaigns/campaigns.spec.ts:93:82

    attachment #1: screenshot (image/png) â”€â”€â”€â”€â”€â”€â”€â”€â”€â”€â”€â”€â”€â”€â”€â”€â”€â”€â”€â”€â”€â”€â”€â”€â”€â”€â”€â”€â”€â”€â”€â”€â”€â”€â”€â”€â”€â”€â”€â”€â”€â”€â”€â”€â”€â”€â”€â”€â”€â”€â”€â”€â”€â”€â”€â”€â”€â”€
    ../test-results/artifacts/campaigns-campaigns-Campai-8e2f4-hould-create-email-campaign-chromium/test-failed-1.png
    â”€â”€â”€â”€â”€â”€â”€â”€â”€â”€â”€â”€â”€â”€â”€â”€â”€â”€â”€â”€â”€â”€â”€â”€â”€â”€â”€â”€â”€â”€â”€â”€â”€â”€â”€â”€â”€â”€â”€â”€â”€â”€â”€â”€â”€â”€â”€â”€â”€â”€â”€â”€â”€â”€â”€â”€â”€â”€â”€â”€â”€â”€â”€â”€â”€â”€â”€â”€â”€â”€â”€â”€â”€â”€â”€â”€â”€â”€â”€â”€â”€â”€â”€â”€â”€â”€â”€â”€â”€â”€â”€â”€â”€â”€â”€â”€

    Error Context: ../test-results/artifacts/campaigns-campaigns-Campai-8e2f4-hould-create-email-campaign-chromium/error-context.md
]]>
</failure>
<system-out>
<![CDATA[
[[ATTACHMENT|artifacts/campaigns-campaigns-Campai-8e2f4-hould-create-email-campaign-chromium/test-failed-1.png]]

[[ATTACHMENT|artifacts/campaigns-campaigns-Campai-8e2f4-hould-create-email-campaign-chromium/error-context.md]]
]]>
</system-out>
</testcase>
<testcase name="Campaigns - Create â€º TC-CAMP-006: Should create social media campaign" classname="campaigns/campaigns.spec.ts" time="12.06">
<failure message="campaigns.spec.ts:97:7 TC-CAMP-006: Should create social media campaign" type="FAILURE">
<![CDATA[  [chromium] â€º campaigns/campaigns.spec.ts:97:7 â€º Campaigns - Create â€º TC-CAMP-006: Should create social media campaign 

    TimeoutError: locator.click: Timeout 10000ms exceeded.
    Call log:
      - waiting for locator('button[type="submit"], button:has-text("Save")').first()


      111 |     }
      112 |     
    > 113 |     await page.locator('button[type="submit"], button:has-text("Save")').first().click();
          |                                                                                  ^
      114 |     await page.waitForTimeout(2000);
      115 |   });
      116 |
        at /Users/alal/Code/Git CRM Solution/crm-solution/e2e-tests/tests/campaigns/campaigns.spec.ts:113:82

    attachment #1: screenshot (image/png) â”€â”€â”€â”€â”€â”€â”€â”€â”€â”€â”€â”€â”€â”€â”€â”€â”€â”€â”€â”€â”€â”€â”€â”€â”€â”€â”€â”€â”€â”€â”€â”€â”€â”€â”€â”€â”€â”€â”€â”€â”€â”€â”€â”€â”€â”€â”€â”€â”€â”€â”€â”€â”€â”€â”€â”€â”€â”€
    ../test-results/artifacts/campaigns-campaigns-Campai-ec4cc-reate-social-media-campaign-chromium/test-failed-1.png
    â”€â”€â”€â”€â”€â”€â”€â”€â”€â”€â”€â”€â”€â”€â”€â”€â”€â”€â”€â”€â”€â”€â”€â”€â”€â”€â”€â”€â”€â”€â”€â”€â”€â”€â”€â”€â”€â”€â”€â”€â”€â”€â”€â”€â”€â”€â”€â”€â”€â”€â”€â”€â”€â”€â”€â”€â”€â”€â”€â”€â”€â”€â”€â”€â”€â”€â”€â”€â”€â”€â”€â”€â”€â”€â”€â”€â”€â”€â”€â”€â”€â”€â”€â”€â”€â”€â”€â”€â”€â”€â”€â”€â”€â”€â”€â”€

    Error Context: ../test-results/artifacts/campaigns-campaigns-Campai-ec4cc-reate-social-media-campaign-chromium/error-context.md
]]>
</failure>
<system-out>
<![CDATA[
[[ATTACHMENT|artifacts/campaigns-campaigns-Campai-ec4cc-reate-social-media-campaign-chromium/test-failed-1.png]]

[[ATTACHMENT|artifacts/campaigns-campaigns-Campai-ec4cc-reate-social-media-campaign-chromium/error-context.md]]
]]>
</system-out>
</testcase>
<testcase name="Campaigns - Create â€º TC-CAMP-007: Should set target audience" classname="campaigns/campaigns.spec.ts" time="11.629">
<failure message="campaigns.spec.ts:117:7 TC-CAMP-007: Should set target audience" type="FAILURE">
<![CDATA[  [chromium] â€º campaigns/campaigns.spec.ts:117:7 â€º Campaigns - Create â€º TC-CAMP-007: Should set target audience 

    TimeoutError: locator.click: Timeout 10000ms exceeded.
    Call log:
      - waiting for locator('[role="option"]').first()


      123 |     if (await audienceSelect.isVisible()) {
      124 |       await audienceSelect.click();
    > 125 |       await page.locator('[role="option"]').first().click();
          |                                                     ^
      126 |     }
      127 |   });
      128 | });
        at /Users/alal/Code/Git CRM Solution/crm-solution/e2e-tests/tests/campaigns/campaigns.spec.ts:125:53

    attachment #1: screenshot (image/png) â”€â”€â”€â”€â”€â”€â”€â”€â”€â”€â”€â”€â”€â”€â”€â”€â”€â”€â”€â”€â”€â”€â”€â”€â”€â”€â”€â”€â”€â”€â”€â”€â”€â”€â”€â”€â”€â”€â”€â”€â”€â”€â”€â”€â”€â”€â”€â”€â”€â”€â”€â”€â”€â”€â”€â”€â”€â”€
    ../test-results/artifacts/campaigns-campaigns-Campai-3f344--Should-set-target-audience-chromium/test-failed-1.png
    â”€â”€â”€â”€â”€â”€â”€â”€â”€â”€â”€â”€â”€â”€â”€â”€â”€â”€â”€â”€â”€â”€â”€â”€â”€â”€â”€â”€â”€â”€â”€â”€â”€â”€â”€â”€â”€â”€â”€â”€â”€â”€â”€â”€â”€â”€â”€â”€â”€â”€â”€â”€â”€â”€â”€â”€â”€â”€â”€â”€â”€â”€â”€â”€â”€â”€â”€â”€â”€â”€â”€â”€â”€â”€â”€â”€â”€â”€â”€â”€â”€â”€â”€â”€â”€â”€â”€â”€â”€â”€â”€â”€â”€â”€â”€â”€

    Error Context: ../test-results/artifacts/campaigns-campaigns-Campai-3f344--Should-set-target-audience-chromium/error-context.md
]]>
</failure>
<system-out>
<![CDATA[
[[ATTACHMENT|artifacts/campaigns-campaigns-Campai-3f344--Should-set-target-audience-chromium/test-failed-1.png]]

[[ATTACHMENT|artifacts/campaigns-campaigns-Campai-3f344--Should-set-target-audience-chromium/error-context.md]]
]]>
</system-out>
</testcase>
<testcase name="Campaigns - Lifecycle â€º TC-CAMP-008: Should start campaign" classname="campaigns/campaigns.spec.ts" time="4.031">
</testcase>
<testcase name="Campaigns - Lifecycle â€º TC-CAMP-009: Should pause campaign" classname="campaigns/campaigns.spec.ts" time="3.946">
</testcase>
<testcase name="Campaigns - Lifecycle â€º TC-CAMP-010: Should complete campaign" classname="campaigns/campaigns.spec.ts" time="3.926">
</testcase>
<testcase name="Campaigns - Metrics â€º TC-CAMP-011: Should display campaign metrics" classname="campaigns/campaigns.spec.ts" time="1.977">
</testcase>
<testcase name="Campaigns - Metrics â€º TC-CAMP-012: Should show ROI data" classname="campaigns/campaigns.spec.ts" time="1.931">
</testcase>
<testcase name="Campaigns - Delete â€º TC-CAMP-013: Should delete test campaign" classname="campaigns/campaigns.spec.ts" time="3.921">
</testcase>
</testsuite>
<testsuite name="contacts/contacts.spec.ts" timestamp="2026-01-27T19:40:13.772Z" hostname="chromium" tests="14" failures="0" skipped="0" time="40.098" errors="0">
<testcase name="Contacts - List View â€º TC-CONT-001: Should display contacts list page" classname="contacts/contacts.spec.ts" time="1.973">
</testcase>
<testcase name="Contacts - List View â€º TC-CONT-002: Should have Add Contact button" classname="contacts/contacts.spec.ts" time="1.44">
</testcase>
<testcase name="Contacts - List View â€º TC-CONT-003: Should search contacts" classname="contacts/contacts.spec.ts" time="3.021">
</testcase>
<testcase name="Contacts - List View â€º TC-CONT-004: Should filter contacts" classname="contacts/contacts.spec.ts" time="2.043">
</testcase>
<testcase name="Contacts - Create â€º TC-CONT-005: Should open create contact dialog" classname="contacts/contacts.spec.ts" time="2.592">
</testcase>
<testcase name="Contacts - Create â€º TC-CONT-006: Should create new contact" classname="contacts/contacts.spec.ts" time="2.574">
<system-out>
<![CDATA[Dialog did not open for contact creation
]]>
</system-out>
</testcase>
<testcase name="Contacts - Create â€º TC-CONT-007: Should validate required fields" classname="contacts/contacts.spec.ts" time="2.537">
<system-out>
<![CDATA[Dialog did not open
]]>
</system-out>
</testcase>
<testcase name="Contacts - Create â€º TC-CONT-008: Should link contact to customer" classname="contacts/contacts.spec.ts" time="2.65">
</testcase>
<testcase name="Contacts - Edit â€º TC-CONT-009: Should open contact for editing" classname="contacts/contacts.spec.ts" time="3.654">
</testcase>
<testcase name="Contacts - Edit â€º TC-CONT-010: Should update contact" classname="contacts/contacts.spec.ts" time="4.1">
</testcase>
<testcase name="Contacts - Delete â€º TC-CONT-011: Should delete test contact" classname="contacts/contacts.spec.ts" time="4.251">
</testcase>
<testcase name="Contacts - Contact Info â€º TC-CONT-012: Should manage multiple emails" classname="contacts/contacts.spec.ts" time="2.974">
</testcase>
<testcase name="Contacts - Contact Info â€º TC-CONT-013: Should manage multiple phones" classname="contacts/contacts.spec.ts" time="3.228">
</testcase>
<testcase name="Contacts - Contact Info â€º TC-CONT-014: Should manage social media links" classname="contacts/contacts.spec.ts" time="3.061">
</testcase>
</testsuite>
<testsuite name="customers/customers.spec.ts" timestamp="2026-01-27T19:40:13.772Z" hostname="chromium" tests="26" failures="0" skipped="3" time="86.216" errors="0">
<testcase name="Customers - List View â€º TC-CUST-001: Should display customers list page" classname="customers/customers.spec.ts" time="2.001">
</testcase>
<testcase name="Customers - List View â€º TC-CUST-002: Should display customer data grid columns" classname="customers/customers.spec.ts" time="1.908">
</testcase>
<testcase name="Customers - List View â€º TC-CUST-003: Should have Add Customer button" classname="customers/customers.spec.ts" time="1.924">
</testcase>
<testcase name="Customers - List View â€º TC-CUST-004: Should search customers" classname="customers/customers.spec.ts" time="3.461">
</testcase>
<testcase name="Customers - List View â€º TC-CUST-005: Should filter customers by type" classname="customers/customers.spec.ts" time="3.834">
</testcase>
<testcase name="Customers - List View â€º TC-CUST-006: Should paginate customer list" classname="customers/customers.spec.ts" time="2.382">
</testcase>
<testcase name="Customers - List View â€º TC-CUST-007: Should sort customers by column" classname="customers/customers.spec.ts" time="3.45">
</testcase>
<testcase name="Customers - Create â€º TC-CUST-008: Should open create customer dialog" classname="customers/customers.spec.ts" time="2.587">
</testcase>
<testcase name="Customers - Create â€º TC-CUST-009: Should validate required fields on create" classname="customers/customers.spec.ts" time="3.61">
</testcase>
<testcase name="Customers - Create â€º TC-CUST-010: Should create new corporate customer" classname="customers/customers.spec.ts" time="6.729">
</testcase>
<testcase name="Customers - Create â€º TC-CUST-011: Should create individual customer" classname="customers/customers.spec.ts" time="3.613">
<system-out>
<![CDATA[Dialog did not open - may already be in create mode or different UI
]]>
</system-out>
</testcase>
<testcase name="Customers - Create â€º TC-CUST-012: Should cancel customer creation" classname="customers/customers.spec.ts" time="3.651">
<system-out>
<![CDATA[Dialog did not open - skipping cancel test
]]>
</system-out>
</testcase>
<testcase name="Customers - Edit â€º TC-CUST-013: Should open customer for editing" classname="customers/customers.spec.ts" time="3.189">
</testcase>
<testcase name="Customers - Edit â€º TC-CUST-014: Should update customer name" classname="customers/customers.spec.ts" time="3.983">
<properties>
<property name="skip" value="No test customers to update">
</property>
</properties>
<skipped>
</skipped>
</testcase>
<testcase name="Customers - Edit â€º TC-CUST-015: Should validate on update" classname="customers/customers.spec.ts" time="2.985">
</testcase>
<testcase name="Customers - Delete â€º TC-CUST-016: Should show delete confirmation" classname="customers/customers.spec.ts" time="3.971">
<properties>
<property name="skip" value="No test customers to delete">
</property>
</properties>
<skipped>
</skipped>
</testcase>
<testcase name="Customers - Delete â€º TC-CUST-017: Should cancel delete operation" classname="customers/customers.spec.ts" time="4.005">
</testcase>
<testcase name="Customers - Delete â€º TC-CUST-018: Should delete test customer" classname="customers/customers.spec.ts" time="3.986">
<properties>
<property name="skip" value="No test customers to delete">
</property>
</properties>
<skipped>
</skipped>
</testcase>
<testcase name="Customers - Details View â€º TC-CUST-019: Should navigate to customer details" classname="customers/customers.spec.ts" time="3.994">
</testcase>
<testcase name="Customers - Details View â€º TC-CUST-020: Should display customer overview" classname="customers/customers.spec.ts" time="3.151">
</testcase>
<testcase name="Customers - Contact Info â€º TC-CUST-021: Should display contact info section" classname="customers/customers.spec.ts" time="3.021">
</testcase>
<testcase name="Customers - Contact Info â€º TC-CUST-022: Should add email to customer" classname="customers/customers.spec.ts" time="3.972">
</testcase>
<testcase name="Customers - Contact Info â€º TC-CUST-023: Should add phone to customer" classname="customers/customers.spec.ts" time="4.003">
</testcase>
<testcase name="Customers - Contact Info â€º TC-CUST-024: Should add address to customer" classname="customers/customers.spec.ts" time="4.419">
</testcase>
<testcase name="Customers - Export/Import â€º TC-CUST-025: Should have export button" classname="customers/customers.spec.ts" time="1.248">
</testcase>
<testcase name="Customers - Export/Import â€º TC-CUST-026: Should have import button" classname="customers/customers.spec.ts" time="1.139">
</testcase>
</testsuite>
<testsuite name="dashboard/dashboard.spec.ts" timestamp="2026-01-27T19:40:13.772Z" hostname="chromium" tests="32" failures="0" skipped="0" time="43.408" errors="0">
<testcase name="Dashboard - Main View â€º TC-DASH-001: Should display dashboard" classname="dashboard/dashboard.spec.ts" time="1.33">
</testcase>
<testcase name="Dashboard - Main View â€º TC-DASH-002: Should display welcome message" classname="dashboard/dashboard.spec.ts" time="1.29">
</testcase>
<testcase name="Dashboard - Main View â€º TC-DASH-003: Should display navigation menu" classname="dashboard/dashboard.spec.ts" time="1.239">
</testcase>
<testcase name="Dashboard - Widgets â€º TC-DASH-004: Should display customer count widget" classname="dashboard/dashboard.spec.ts" time="1.56">
</testcase>
<testcase name="Dashboard - Widgets â€º TC-DASH-005: Should display opportunity pipeline widget" classname="dashboard/dashboard.spec.ts" time="1.554">
</testcase>
<testcase name="Dashboard - Widgets â€º TC-DASH-006: Should display service requests widget" classname="dashboard/dashboard.spec.ts" time="1.52">
</testcase>
<testcase name="Dashboard - Widgets â€º TC-DASH-007: Should display recent activity widget" classname="dashboard/dashboard.spec.ts" time="1.528">
</testcase>
<testcase name="Dashboard - Widgets â€º TC-DASH-008: Should display tasks widget" classname="dashboard/dashboard.spec.ts" time="1.502">
</testcase>
<testcase name="Dashboard - Metrics â€º TC-DASH-009: Should display revenue metrics" classname="dashboard/dashboard.spec.ts" time="1.521">
</testcase>
<testcase name="Dashboard - Metrics â€º TC-DASH-010: Should display lead conversion rate" classname="dashboard/dashboard.spec.ts" time="1.523">
</testcase>
<testcase name="Dashboard - Metrics â€º TC-DASH-011: Should display open tickets count" classname="dashboard/dashboard.spec.ts" time="1.58">
</testcase>
<testcase name="Dashboard - Charts â€º TC-DASH-012: Should display charts" classname="dashboard/dashboard.spec.ts" time="1.282">
</testcase>
<testcase name="Dashboard - Charts â€º TC-DASH-013: Should have chart interactions" classname="dashboard/dashboard.spec.ts" time="2.217">
</testcase>
<testcase name="Dashboard - Quick Actions â€º TC-DASH-014: Should have quick add customer action" classname="dashboard/dashboard.spec.ts" time="1.608">
</testcase>
<testcase name="Dashboard - Quick Actions â€º TC-DASH-015: Should have quick add opportunity action" classname="dashboard/dashboard.spec.ts" time="1.512">
</testcase>
<testcase name="Dashboard - Quick Actions â€º TC-DASH-016: Should have quick add service request action" classname="dashboard/dashboard.spec.ts" time="1.088">
</testcase>
<testcase name="Dashboard - Navigation â€º TC-DASH-017: Should navigate to customers" classname="dashboard/dashboard.spec.ts" time="1.451">
</testcase>
<testcase name="Dashboard - Navigation â€º TC-DASH-018: Should navigate to opportunities" classname="dashboard/dashboard.spec.ts" time="1.473">
</testcase>
<testcase name="Dashboard - Navigation â€º TC-DASH-019: Should navigate to leads" classname="dashboard/dashboard.spec.ts" time="1.323">
</testcase>
<testcase name="Dashboard - Navigation â€º TC-DASH-020: Should navigate to service requests" classname="dashboard/dashboard.spec.ts" time="1.233">
</testcase>
<testcase name="Dashboard - Navigation â€º TC-DASH-021: Should navigate to campaigns" classname="dashboard/dashboard.spec.ts" time="1.158">
</testcase>
<testcase name="Dashboard - Navigation â€º TC-DASH-022: Should navigate to admin" classname="dashboard/dashboard.spec.ts" time="1.224">
</testcase>
<testcase name="Dashboard - User Profile â€º TC-DASH-023: Should display user profile menu" classname="dashboard/dashboard.spec.ts" time="1.256">
</testcase>
<testcase name="Dashboard - User Profile â€º TC-DASH-024: Should access profile settings" classname="dashboard/dashboard.spec.ts" time="1.28">
</testcase>
<testcase name="Dashboard - User Profile â€º TC-DASH-025: Should logout from dashboard" classname="dashboard/dashboard.spec.ts" time="1.404">
</testcase>
<testcase name="Dashboard - Search â€º TC-DASH-026: Should have global search" classname="dashboard/dashboard.spec.ts" time="1.344">
</testcase>
<testcase name="Dashboard - Search â€º TC-DASH-027: Should search for customer" classname="dashboard/dashboard.spec.ts" time="1.204">
</testcase>
<testcase name="Dashboard - Search â€º TC-DASH-028: Should navigate from search results" classname="dashboard/dashboard.spec.ts" time="1.193">
</testcase>
<testcase name="Dashboard - Notifications â€º TC-DASH-029: Should display notification bell" classname="dashboard/dashboard.spec.ts" time="1.056">
</testcase>
<testcase name="Dashboard - Notifications â€º TC-DASH-030: Should open notifications panel" classname="dashboard/dashboard.spec.ts" time="1.041">
</testcase>
<testcase name="Dashboard - Responsive â€º TC-DASH-031: Should be responsive on mobile" classname="dashboard/dashboard.spec.ts" time="0.951">
</testcase>
<testcase name="Dashboard - Responsive â€º TC-DASH-032: Should show mobile menu" classname="dashboard/dashboard.spec.ts" time="0.963">
</testcase>
</testsuite>
<testsuite name="data-lifecycle/data-lifecycle.spec.ts" timestamp="2026-01-27T19:40:13.772Z" hostname="chromium" tests="27" failures="7" skipped="0" time="208.349" errors="0">
<testcase name="Data Lifecycle - User Management â€º TC-DL-USER-001: Should create test admin user" classname="data-lifecycle/data-lifecycle.spec.ts" time="13.165">
<failure message="data-lifecycle.spec.ts:51:7 TC-DL-USER-001: Should create test admin user" type="FAILURE">
<![CDATA[  [chromium] â€º data-lifecycle/data-lifecycle.spec.ts:51:7 â€º Data Lifecycle - User Management â€º TC-DL-USER-001: Should create test admin user 

    TimeoutError: locator.fill: Timeout 10000ms exceeded.
    Call log:
      - waiting for locator('input[name="username"], #username').first()


      59 |       
      60 |       // Fill user form
    > 61 |       await page.locator('input[name="username"], #username').first().fill(testUser.username);
         |                                                                       ^
      62 |       await page.locator('input[name="email"], input[type="email"], #email').first().fill(testUser.email);
      63 |       await page.locator('input[name="firstName"], #firstName').first().fill(testUser.firstName);
      64 |       await page.locator('input[name="lastName"], #lastName').first().fill(testUser.lastName);
        at /Users/alal/Code/Git CRM Solution/crm-solution/e2e-tests/tests/data-lifecycle/data-lifecycle.spec.ts:61:71

    attachment #1: screenshot (image/png) â”€â”€â”€â”€â”€â”€â”€â”€â”€â”€â”€â”€â”€â”€â”€â”€â”€â”€â”€â”€â”€â”€â”€â”€â”€â”€â”€â”€â”€â”€â”€â”€â”€â”€â”€â”€â”€â”€â”€â”€â”€â”€â”€â”€â”€â”€â”€â”€â”€â”€â”€â”€â”€â”€â”€â”€â”€â”€
    ../test-results/artifacts/data-lifecycle-data-lifecy-731e1-ould-create-test-admin-user-chromium/test-failed-1.png
    â”€â”€â”€â”€â”€â”€â”€â”€â”€â”€â”€â”€â”€â”€â”€â”€â”€â”€â”€â”€â”€â”€â”€â”€â”€â”€â”€â”€â”€â”€â”€â”€â”€â”€â”€â”€â”€â”€â”€â”€â”€â”€â”€â”€â”€â”€â”€â”€â”€â”€â”€â”€â”€â”€â”€â”€â”€â”€â”€â”€â”€â”€â”€â”€â”€â”€â”€â”€â”€â”€â”€â”€â”€â”€â”€â”€â”€â”€â”€â”€â”€â”€â”€â”€â”€â”€â”€â”€â”€â”€â”€â”€â”€â”€â”€â”€

    Error Context: ../test-results/artifacts/data-lifecycle-data-lifecy-731e1-ould-create-test-admin-user-chromium/error-context.md
]]>
</failure>
<system-out>
<![CDATA[[2026-01-27T19:42:25.256Z] Starting User Management Test
[2026-01-27T19:42:27.180Z] Creating test admin user: TEST_admin_primary

[[ATTACHMENT|artifacts/data-lifecycle-data-lifecy-731e1-ould-create-test-admin-user-chromium/test-failed-1.png]]

[[ATTACHMENT|artifacts/data-lifecycle-data-lifecy-731e1-ould-create-test-admin-user-chromium/error-context.md]]
]]>
</system-out>
</testcase>
<testcase name="Data Lifecycle - User Management â€º TC-DL-USER-002: Should create test sales team users" classname="data-lifecycle/data-lifecycle.spec.ts" time="12.666">
<failure message="data-lifecycle.spec.ts:80:7 TC-DL-USER-002: Should create test sales team users" type="FAILURE">
<![CDATA[  [chromium] â€º data-lifecycle/data-lifecycle.spec.ts:80:7 â€º Data Lifecycle - User Management â€º TC-DL-USER-002: Should create test sales team users 

    TimeoutError: locator.click: Timeout 10000ms exceeded.
    Call log:
      - waiting for locator('button:has-text("Add"), button:has-text("New"), button:has-text("Create")').first()
        - locator resolved to <button tabindex="0" type="button" class="MuiButtonBase-root MuiButton-root MuiButton-contained MuiButton-containedPrimary MuiButton-sizeMedium MuiButton-containedSizeMedium MuiButton-colorPrimary MuiButton-root MuiButton-contained MuiButton-containedPrimary MuiButton-sizeMedium MuiButton-containedSizeMedium MuiButton-colorPrimary css-2hrcta">â€¦</button>
      - attempting click action
        2 Ã— waiting for element to be visible, enabled and stable
          - element is visible, enabled and stable
          - scrolling into view if needed
          - done scrolling
          - <div tabindex="-1" role="presentation" class="MuiDialog-container MuiDialog-scrollPaper css-ekeie0">â€¦</div> from <div role="presentation" class="MuiDialog-root MuiModal-root css-126xj0f">â€¦</div> subtree intercepts pointer events
        - retrying click action
        - waiting 20ms
        2 Ã— waiting for element to be visible, enabled and stable
          - element is visible, enabled and stable
          - scrolling into view if needed
          - done scrolling
          - <div tabindex="-1" role="presentation" class="MuiDialog-container MuiDialog-scrollPaper css-ekeie0">â€¦</div> from <div role="presentation" class="MuiDialog-root MuiModal-root css-126xj0f">â€¦</div> subtree intercepts pointer events
        - retrying click action
          - waiting 100ms
        19 Ã— waiting for element to be visible, enabled and stable
           - element is visible, enabled and stable
           - scrolling into view if needed
           - done scrolling
           - <div tabindex="-1" role="presentation" class="MuiDialog-container MuiDialog-scrollPaper css-ekeie0">â€¦</div> from <div role="presentation" class="MuiDialog-root MuiModal-root css-126xj0f">â€¦</div> subtree intercepts pointer events
         - retrying click action
           - waiting 500ms


      90 |       const addButton = page.locator('button:has-text("Add"), button:has-text("New"), button:has-text("Create")').first();
      91 |       if (await addButton.isVisible()) {
    > 92 |         await addButton.click();
         |                         ^
      93 |         await page.waitForTimeout(500);
      94 |         
      95 |         const usernameInput = page.locator('input[name="username"], #username').first();
        at /Users/alal/Code/Git CRM Solution/crm-solution/e2e-tests/tests/data-lifecycle/data-lifecycle.spec.ts:92:25

    attachment #1: screenshot (image/png) â”€â”€â”€â”€â”€â”€â”€â”€â”€â”€â”€â”€â”€â”€â”€â”€â”€â”€â”€â”€â”€â”€â”€â”€â”€â”€â”€â”€â”€â”€â”€â”€â”€â”€â”€â”€â”€â”€â”€â”€â”€â”€â”€â”€â”€â”€â”€â”€â”€â”€â”€â”€â”€â”€â”€â”€â”€â”€
    ../test-results/artifacts/data-lifecycle-data-lifecy-d96e9-reate-test-sales-team-users-chromium/test-failed-1.png
    â”€â”€â”€â”€â”€â”€â”€â”€â”€â”€â”€â”€â”€â”€â”€â”€â”€â”€â”€â”€â”€â”€â”€â”€â”€â”€â”€â”€â”€â”€â”€â”€â”€â”€â”€â”€â”€â”€â”€â”€â”€â”€â”€â”€â”€â”€â”€â”€â”€â”€â”€â”€â”€â”€â”€â”€â”€â”€â”€â”€â”€â”€â”€â”€â”€â”€â”€â”€â”€â”€â”€â”€â”€â”€â”€â”€â”€â”€â”€â”€â”€â”€â”€â”€â”€â”€â”€â”€â”€â”€â”€â”€â”€â”€â”€â”€

    Error Context: ../test-results/artifacts/data-lifecycle-data-lifecy-d96e9-reate-test-sales-team-users-chromium/error-context.md
]]>
</failure>
<system-out>
<![CDATA[[2026-01-27T19:42:25.267Z] Starting User Management Test
[2026-01-27T19:42:27.135Z] Creating sales user: TEST_sales_manager
[2026-01-27T19:42:27.768Z] Creating sales user: TEST_sales_rep_1

[[ATTACHMENT|artifacts/data-lifecycle-data-lifecy-d96e9-reate-test-sales-team-users-chromium/test-failed-1.png]]

[[ATTACHMENT|artifacts/data-lifecycle-data-lifecy-d96e9-reate-test-sales-team-users-chromium/error-context.md]]
]]>
</system-out>
</testcase>
<testcase name="Data Lifecycle - User Management â€º TC-DL-USER-003: Should create test support team users" classname="data-lifecycle/data-lifecycle.spec.ts" time="12.626">
<failure message="data-lifecycle.spec.ts:112:7 TC-DL-USER-003: Should create test support team users" type="FAILURE">
<![CDATA[  [chromium] â€º data-lifecycle/data-lifecycle.spec.ts:112:7 â€º Data Lifecycle - User Management â€º TC-DL-USER-003: Should create test support team users 

    TimeoutError: locator.click: Timeout 10000ms exceeded.
    Call log:
      - waiting for locator('button:has-text("Add"), button:has-text("New"), button:has-text("Create")').first()
        - locator resolved to <button tabindex="0" type="button" class="MuiButtonBase-root MuiButton-root MuiButton-contained MuiButton-containedPrimary MuiButton-sizeMedium MuiButton-containedSizeMedium MuiButton-colorPrimary MuiButton-root MuiButton-contained MuiButton-containedPrimary MuiButton-sizeMedium MuiButton-containedSizeMedium MuiButton-colorPrimary css-2hrcta">â€¦</button>
      - attempting click action
        2 Ã— waiting for element to be visible, enabled and stable
          - element is visible, enabled and stable
          - scrolling into view if needed
          - done scrolling
          - <div tabindex="-1" role="presentation" class="MuiDialog-container MuiDialog-scrollPaper css-ekeie0">â€¦</div> from <div role="presentation" class="MuiDialog-root MuiModal-root css-126xj0f">â€¦</div> subtree intercepts pointer events
        - retrying click action
        - waiting 20ms
        2 Ã— waiting for element to be visible, enabled and stable
          - element is visible, enabled and stable
          - scrolling into view if needed
          - done scrolling
          - <div tabindex="-1" role="presentation" class="MuiDialog-container MuiDialog-scrollPaper css-ekeie0">â€¦</div> from <div role="presentation" class="MuiDialog-root MuiModal-root css-126xj0f">â€¦</div> subtree intercepts pointer events
        - retrying click action
          - waiting 100ms
        19 Ã— waiting for element to be visible, enabled and stable
           - element is visible, enabled and stable
           - scrolling into view if needed
           - done scrolling
           - <div tabindex="-1" role="presentation" class="MuiDialog-container MuiDialog-scrollPaper css-ekeie0">â€¦</div> from <div role="presentation" class="MuiDialog-root MuiModal-root css-126xj0f">â€¦</div> subtree intercepts pointer events
         - retrying click action
           - waiting 500ms


      122 |       const addButton = page.locator('button:has-text("Add"), button:has-text("New"), button:has-text("Create")').first();
      123 |       if (await addButton.isVisible()) {
    > 124 |         await addButton.click();
          |                         ^
      125 |         await page.waitForTimeout(500);
      126 |         
      127 |         const usernameInput = page.locator('input[name="username"], #username').first();
        at /Users/alal/Code/Git CRM Solution/crm-solution/e2e-tests/tests/data-lifecycle/data-lifecycle.spec.ts:124:25

    attachment #1: screenshot (image/png) â”€â”€â”€â”€â”€â”€â”€â”€â”€â”€â”€â”€â”€â”€â”€â”€â”€â”€â”€â”€â”€â”€â”€â”€â”€â”€â”€â”€â”€â”€â”€â”€â”€â”€â”€â”€â”€â”€â”€â”€â”€â”€â”€â”€â”€â”€â”€â”€â”€â”€â”€â”€â”€â”€â”€â”€â”€â”€
    ../test-results/artifacts/data-lifecycle-data-lifecy-1bf3b-ate-test-support-team-users-chromium/test-failed-1.png
    â”€â”€â”€â”€â”€â”€â”€â”€â”€â”€â”€â”€â”€â”€â”€â”€â”€â”€â”€â”€â”€â”€â”€â”€â”€â”€â”€â”€â”€â”€â”€â”€â”€â”€â”€â”€â”€â”€â”€â”€â”€â”€â”€â”€â”€â”€â”€â”€â”€â”€â”€â”€â”€â”€â”€â”€â”€â”€â”€â”€â”€â”€â”€â”€â”€â”€â”€â”€â”€â”€â”€â”€â”€â”€â”€â”€â”€â”€â”€â”€â”€â”€â”€â”€â”€â”€â”€â”€â”€â”€â”€â”€â”€â”€â”€â”€

    Error Context: ../test-results/artifacts/data-lifecycle-data-lifecy-1bf3b-ate-test-support-team-users-chromium/error-context.md
]]>
</failure>
<system-out>
<![CDATA[[2026-01-27T19:42:25.590Z] Starting User Management Test
[2026-01-27T19:42:27.449Z] Creating support user: TEST_support_manager
[2026-01-27T19:42:28.064Z] Creating support user: TEST_support_agent_1

[[ATTACHMENT|artifacts/data-lifecycle-data-lifecy-1bf3b-ate-test-support-team-users-chromium/test-failed-1.png]]

[[ATTACHMENT|artifacts/data-lifecycle-data-lifecy-1bf3b-ate-test-support-team-users-chromium/error-context.md]]
]]>
</system-out>
</testcase>
<testcase name="Data Lifecycle - User Management â€º TC-DL-USER-004: Should modify user details" classname="data-lifecycle/data-lifecycle.spec.ts" time="6.078">
<system-out>
<![CDATA[[2026-01-27T19:42:25.589Z] Starting User Management Test
[2026-01-27T19:42:30.464Z] Modifying first TEST_ user found
]]>
</system-out>
</testcase>
<testcase name="Data Lifecycle - User Management â€º TC-DL-USER-005: Should verify user visibility in lists" classname="data-lifecycle/data-lifecycle.spec.ts" time="5.205">
<system-out>
<![CDATA[[2026-01-27T19:42:31.675Z] Starting User Management Test
[2026-01-27T19:42:36.741Z] Found 1 TEST_ users in the system
]]>
</system-out>
</testcase>
<testcase name="Data Lifecycle - Customer Management â€º TC-DL-CUST-001: Should create enterprise customer with full details" classname="data-lifecycle/data-lifecycle.spec.ts" time="5.249">
<system-out>
<![CDATA[[2026-01-27T19:42:36.880Z] Starting Customer Management Test
[2026-01-27T19:42:38.752Z] Creating enterprise customer: TEST_GlobalTech_Enterprise
[2026-01-27T19:42:42.000Z] Customer TEST_GlobalTech_Enterprise created
]]>
</system-out>
</testcase>
<testcase name="Data Lifecycle - Customer Management â€º TC-DL-CUST-002: Should create multiple test customers" classname="data-lifecycle/data-lifecycle.spec.ts" time="13.961">
<failure message="data-lifecycle.spec.ts:238:7 TC-DL-CUST-002: Should create multiple test customers" type="FAILURE">
<![CDATA[  [chromium] â€º data-lifecycle/data-lifecycle.spec.ts:238:7 â€º Data Lifecycle - Customer Management â€º TC-DL-CUST-002: Should create multiple test customers 

    TimeoutError: locator.click: Timeout 10000ms exceeded.
    Call log:
      - waiting for locator('button:has-text("Add"), button:has-text("New"), button:has-text("Create")').first()
        - locator resolved to <button tabindex="0" type="button" class="MuiButtonBase-root MuiButton-root MuiButton-contained MuiButton-containedPrimary MuiButton-sizeMedium MuiButton-containedSizeMedium MuiButton-colorPrimary MuiButton-root MuiButton-contained MuiButton-containedPrimary MuiButton-sizeMedium MuiButton-containedSizeMedium MuiButton-colorPrimary css-328akr">â€¦</button>
      - attempting click action
        2 Ã— waiting for element to be visible, enabled and stable
          - element is visible, enabled and stable
          - scrolling into view if needed
          - done scrolling
          - <div tabindex="-1" role="presentation" class="MuiDialog-container MuiDialog-scrollPaper css-ekeie0">â€¦</div> from <div role="presentation" class="MuiDialog-root MuiModal-root css-126xj0f">â€¦</div> subtree intercepts pointer events
        - retrying click action
        - waiting 20ms
        2 Ã— waiting for element to be visible, enabled and stable
          - element is visible, enabled and stable
          - scrolling into view if needed
          - done scrolling
          - <div tabindex="-1" role="presentation" class="MuiDialog-container MuiDialog-scrollPaper css-ekeie0">â€¦</div> from <div role="presentation" class="MuiDialog-root MuiModal-root css-126xj0f">â€¦</div> subtree intercepts pointer events
        - retrying click action
          - waiting 100ms
        19 Ã— waiting for element to be visible, enabled and stable
           - element is visible, enabled and stable
           - scrolling into view if needed
           - done scrolling
           - <div tabindex="-1" role="presentation" class="MuiDialog-container MuiDialog-scrollPaper css-ekeie0">â€¦</div> from <div role="presentation" class="MuiDialog-root MuiModal-root css-126xj0f">â€¦</div> subtree intercepts pointer events
         - retrying click action
           - waiting 500ms


      248 |       const addButton = page.locator('button:has-text("Add"), button:has-text("New"), button:has-text("Create")').first();
      249 |       if (await addButton.isVisible()) {
    > 250 |         await addButton.click();
          |                         ^
      251 |         await page.waitForTimeout(500);
      252 |         
      253 |         const nameInput = page.locator('input[name="company"], input[name="name"], #company').first();
        at /Users/alal/Code/Git CRM Solution/crm-solution/e2e-tests/tests/data-lifecycle/data-lifecycle.spec.ts:250:25

    attachment #1: screenshot (image/png) â”€â”€â”€â”€â”€â”€â”€â”€â”€â”€â”€â”€â”€â”€â”€â”€â”€â”€â”€â”€â”€â”€â”€â”€â”€â”€â”€â”€â”€â”€â”€â”€â”€â”€â”€â”€â”€â”€â”€â”€â”€â”€â”€â”€â”€â”€â”€â”€â”€â”€â”€â”€â”€â”€â”€â”€â”€â”€
    ../test-results/artifacts/data-lifecycle-data-lifecy-6879f-ate-multiple-test-customers-chromium/test-failed-1.png
    â”€â”€â”€â”€â”€â”€â”€â”€â”€â”€â”€â”€â”€â”€â”€â”€â”€â”€â”€â”€â”€â”€â”€â”€â”€â”€â”€â”€â”€â”€â”€â”€â”€â”€â”€â”€â”€â”€â”€â”€â”€â”€â”€â”€â”€â”€â”€â”€â”€â”€â”€â”€â”€â”€â”€â”€â”€â”€â”€â”€â”€â”€â”€â”€â”€â”€â”€â”€â”€â”€â”€â”€â”€â”€â”€â”€â”€â”€â”€â”€â”€â”€â”€â”€â”€â”€â”€â”€â”€â”€â”€â”€â”€â”€â”€â”€

    Error Context: ../test-results/artifacts/data-lifecycle-data-lifecy-6879f-ate-multiple-test-customers-chromium/error-context.md
]]>
</failure>
<system-out>
<![CDATA[[2026-01-27T19:42:39.030Z] Starting Customer Management Test
[2026-01-27T19:42:41.015Z] Creating customer: TEST_TechStart_Solutions
[2026-01-27T19:42:42.770Z] Creating customer: TEST_LocalShop_Retail

[[ATTACHMENT|artifacts/data-lifecycle-data-lifecy-6879f-ate-multiple-test-customers-chromium/test-failed-1.png]]

[[ATTACHMENT|artifacts/data-lifecycle-data-lifecy-6879f-ate-multiple-test-customers-chromium/error-context.md]]
]]>
</system-out>
</testcase>
<testcase name="Data Lifecycle - Customer Management â€º TC-DL-CUST-003: Should modify customer data" classname="data-lifecycle/data-lifecycle.spec.ts" time="5.195">
<system-out>
<![CDATA[[2026-01-27T19:42:39.259Z] Starting Customer Management Test
]]>
</system-out>
</testcase>
<testcase name="Data Lifecycle - Customer Management â€º TC-DL-CUST-004: Should verify customer appears in search results" classname="data-lifecycle/data-lifecycle.spec.ts" time="4.615">
<system-out>
<![CDATA[[2026-01-27T19:42:39.582Z] Starting Customer Management Test
[2026-01-27T19:42:43.991Z] Customer visibility check: NOT FOUND
]]>
</system-out>
</testcase>
<testcase name="Data Lifecycle - Contact Management â€º TC-DL-CONT-001: Should create contacts for enterprise customer" classname="data-lifecycle/data-lifecycle.spec.ts" time="12.686">
<failure message="data-lifecycle.spec.ts:327:7 TC-DL-CONT-001: Should create contacts for enterprise customer" type="FAILURE">
<![CDATA[  [chromium] â€º data-lifecycle/data-lifecycle.spec.ts:327:7 â€º Data Lifecycle - Contact Management â€º TC-DL-CONT-001: Should create contacts for enterprise customer 

    TimeoutError: locator.fill: Timeout 10000ms exceeded.
    Call log:
      - waiting for locator('input[name="email"], input[type="email"]').first()


      341 |         await page.locator('input[name="firstName"], #firstName').first().fill(contact.firstName);
      342 |         await page.locator('input[name="lastName"], #lastName').first().fill(contact.lastName);
    > 343 |         await page.locator('input[name="email"], input[type="email"]').first().fill(contact.email);
          |                                                                                ^
      344 |         await page.locator('input[name="phone"], #phone').first().fill(contact.phone);
      345 |         await page.locator('input[name="title"], #title').first().fill(contact.title);
      346 |         
        at /Users/alal/Code/Git CRM Solution/crm-solution/e2e-tests/tests/data-lifecycle/data-lifecycle.spec.ts:343:80

    attachment #1: screenshot (image/png) â”€â”€â”€â”€â”€â”€â”€â”€â”€â”€â”€â”€â”€â”€â”€â”€â”€â”€â”€â”€â”€â”€â”€â”€â”€â”€â”€â”€â”€â”€â”€â”€â”€â”€â”€â”€â”€â”€â”€â”€â”€â”€â”€â”€â”€â”€â”€â”€â”€â”€â”€â”€â”€â”€â”€â”€â”€â”€
    ../test-results/artifacts/data-lifecycle-data-lifecy-f4719-cts-for-enterprise-customer-chromium/test-failed-1.png
    â”€â”€â”€â”€â”€â”€â”€â”€â”€â”€â”€â”€â”€â”€â”€â”€â”€â”€â”€â”€â”€â”€â”€â”€â”€â”€â”€â”€â”€â”€â”€â”€â”€â”€â”€â”€â”€â”€â”€â”€â”€â”€â”€â”€â”€â”€â”€â”€â”€â”€â”€â”€â”€â”€â”€â”€â”€â”€â”€â”€â”€â”€â”€â”€â”€â”€â”€â”€â”€â”€â”€â”€â”€â”€â”€â”€â”€â”€â”€â”€â”€â”€â”€â”€â”€â”€â”€â”€â”€â”€â”€â”€â”€â”€â”€â”€

    Error Context: ../test-results/artifacts/data-lifecycle-data-lifecy-f4719-cts-for-enterprise-customer-chromium/error-context.md
]]>
</failure>
<system-out>
<![CDATA[[2026-01-27T19:42:42.133Z] Starting Contact Management Test
[2026-01-27T19:42:43.932Z] Creating contact: TEST_Michael GlobalTech_CEO

[[ATTACHMENT|artifacts/data-lifecycle-data-lifecy-f4719-cts-for-enterprise-customer-chromium/test-failed-1.png]]

[[ATTACHMENT|artifacts/data-lifecycle-data-lifecy-f4719-cts-for-enterprise-customer-chromium/error-context.md]]
]]>
</system-out>
</testcase>
<testcase name="Data Lifecycle - Contact Management â€º TC-DL-CONT-002: Should modify contact and verify customer link" classname="data-lifecycle/data-lifecycle.spec.ts" time="5.121">
<system-out>
<![CDATA[[2026-01-27T19:42:44.134Z] Starting Contact Management Test
]]>
</system-out>
</testcase>
<testcase name="Data Lifecycle - Opportunity Management â€º TC-DL-OPP-001: Should create high-value opportunity" classname="data-lifecycle/data-lifecycle.spec.ts" time="12.683">
<failure message="data-lifecycle.spec.ts:386:7 TC-DL-OPP-001: Should create high-value opportunity" type="FAILURE">
<![CDATA[  [chromium] â€º data-lifecycle/data-lifecycle.spec.ts:386:7 â€º Data Lifecycle - Opportunity Management â€º TC-DL-OPP-001: Should create high-value opportunity 

    TimeoutError: locator.fill: Timeout 10000ms exceeded.
    Call log:
      - waiting for locator('textarea[name="description"], #description').first()


      400 |       }
      401 |       
    > 402 |       await page.locator('textarea[name="description"], #description').first().fill(opportunity.description);
          |                                                                                ^
      403 |       
      404 |       await page.locator('button:has-text("Save"), button:has-text("Create")').first().click();
      405 |       await page.waitForTimeout(1000);
        at /Users/alal/Code/Git CRM Solution/crm-solution/e2e-tests/tests/data-lifecycle/data-lifecycle.spec.ts:402:80

    attachment #1: screenshot (image/png) â”€â”€â”€â”€â”€â”€â”€â”€â”€â”€â”€â”€â”€â”€â”€â”€â”€â”€â”€â”€â”€â”€â”€â”€â”€â”€â”€â”€â”€â”€â”€â”€â”€â”€â”€â”€â”€â”€â”€â”€â”€â”€â”€â”€â”€â”€â”€â”€â”€â”€â”€â”€â”€â”€â”€â”€â”€â”€
    ../test-results/artifacts/data-lifecycle-data-lifecy-260fd-eate-high-value-opportunity-chromium/test-failed-1.png
    â”€â”€â”€â”€â”€â”€â”€â”€â”€â”€â”€â”€â”€â”€â”€â”€â”€â”€â”€â”€â”€â”€â”€â”€â”€â”€â”€â”€â”€â”€â”€â”€â”€â”€â”€â”€â”€â”€â”€â”€â”€â”€â”€â”€â”€â”€â”€â”€â”€â”€â”€â”€â”€â”€â”€â”€â”€â”€â”€â”€â”€â”€â”€â”€â”€â”€â”€â”€â”€â”€â”€â”€â”€â”€â”€â”€â”€â”€â”€â”€â”€â”€â”€â”€â”€â”€â”€â”€â”€â”€â”€â”€â”€â”€â”€â”€

    Error Context: ../test-results/artifacts/data-lifecycle-data-lifecy-260fd-eate-high-value-opportunity-chromium/error-context.md
]]>
</failure>
<system-out>
<![CDATA[[2026-01-27T19:42:44.367Z] Starting Opportunity Management Test
[2026-01-27T19:42:46.172Z] Creating opportunity: TEST_GlobalTech_Enterprise_License

[[ATTACHMENT|artifacts/data-lifecycle-data-lifecy-260fd-eate-high-value-opportunity-chromium/test-failed-1.png]]

[[ATTACHMENT|artifacts/data-lifecycle-data-lifecy-260fd-eate-high-value-opportunity-chromium/error-context.md]]
]]>
</system-out>
</testcase>
<testcase name="Data Lifecycle - Opportunity Management â€º TC-DL-OPP-002: Should advance opportunity through stages" classname="data-lifecycle/data-lifecycle.spec.ts" time="4.971">
<system-out>
<![CDATA[[2026-01-27T19:42:49.270Z] Starting Opportunity Management Test
]]>
</system-out>
</testcase>
<testcase name="Data Lifecycle - Opportunity Management â€º TC-DL-OPP-003: Should verify opportunity-customer relationship" classname="data-lifecycle/data-lifecycle.spec.ts" time="5">
<system-out>
<![CDATA[[2026-01-27T19:42:53.787Z] Starting Opportunity Management Test
]]>
</system-out>
</testcase>
<testcase name="Data Lifecycle - Lead Management â€º TC-DL-LEAD-001: Should create hot lead" classname="data-lifecycle/data-lifecycle.spec.ts" time="3.727">
<system-out>
<![CDATA[[2026-01-27T19:42:54.230Z] Starting Lead Management Test
[2026-01-27T19:42:55.992Z] Creating hot lead: TEST_Hot Lead_One
[2026-01-27T19:42:57.831Z] Hot lead created
]]>
</system-out>
</testcase>
<testcase name="Data Lifecycle - Lead Management â€º TC-DL-LEAD-002: Should convert lead to opportunity" classname="data-lifecycle/data-lifecycle.spec.ts" time="6.049">
<system-out>
<![CDATA[[2026-01-27T19:42:55.590Z] Starting Lead Management Test
[2026-01-27T19:43:00.408Z] Converting lead to opportunity
]]>
</system-out>
</testcase>
<testcase name="Data Lifecycle - Lead Management â€º TC-DL-LEAD-003: Should update lead score" classname="data-lifecycle/data-lifecycle.spec.ts" time="6.068">
<system-out>
<![CDATA[[2026-01-27T19:42:57.918Z] Starting Lead Management Test
]]>
</system-out>
</testcase>
<testcase name="Data Lifecycle - Service Request Management â€º TC-DL-SR-001: Should create critical service request" classname="data-lifecycle/data-lifecycle.spec.ts" time="12.72">
<failure message="data-lifecycle.spec.ts:559:7 TC-DL-SR-001: Should create critical service request" type="FAILURE">
<![CDATA[  [chromium] â€º data-lifecycle/data-lifecycle.spec.ts:559:7 â€º Data Lifecycle - Service Request Management â€º TC-DL-SR-001: Should create critical service request 

    TimeoutError: locator.fill: Timeout 10000ms exceeded.
    Call log:
      - waiting for locator('input[name="title"], input[name="subject"], #title').first()


      566 |       await page.waitForTimeout(500);
      567 |       
    > 568 |       await page.locator('input[name="title"], input[name="subject"], #title').first().fill(sr.title);
          |                                                                                        ^
      569 |       await page.locator('textarea[name="description"], #description').first().fill(sr.description);
      570 |       
      571 |       // Set priority
        at /Users/alal/Code/Git CRM Solution/crm-solution/e2e-tests/tests/data-lifecycle/data-lifecycle.spec.ts:568:88

    attachment #1: screenshot (image/png) â”€â”€â”€â”€â”€â”€â”€â”€â”€â”€â”€â”€â”€â”€â”€â”€â”€â”€â”€â”€â”€â”€â”€â”€â”€â”€â”€â”€â”€â”€â”€â”€â”€â”€â”€â”€â”€â”€â”€â”€â”€â”€â”€â”€â”€â”€â”€â”€â”€â”€â”€â”€â”€â”€â”€â”€â”€â”€
    ../test-results/artifacts/data-lifecycle-data-lifecy-bfe0d-te-critical-service-request-chromium/test-failed-1.png
    â”€â”€â”€â”€â”€â”€â”€â”€â”€â”€â”€â”€â”€â”€â”€â”€â”€â”€â”€â”€â”€â”€â”€â”€â”€â”€â”€â”€â”€â”€â”€â”€â”€â”€â”€â”€â”€â”€â”€â”€â”€â”€â”€â”€â”€â”€â”€â”€â”€â”€â”€â”€â”€â”€â”€â”€â”€â”€â”€â”€â”€â”€â”€â”€â”€â”€â”€â”€â”€â”€â”€â”€â”€â”€â”€â”€â”€â”€â”€â”€â”€â”€â”€â”€â”€â”€â”€â”€â”€â”€â”€â”€â”€â”€â”€â”€

    Error Context: ../test-results/artifacts/data-lifecycle-data-lifecy-bfe0d-te-critical-service-request-chromium/error-context.md
]]>
</failure>
<system-out>
<![CDATA[[2026-01-27T19:42:57.979Z] Starting Service Request Management Test
[2026-01-27T19:42:59.860Z] Creating critical service request: TEST_Critical_System_Outage

[[ATTACHMENT|artifacts/data-lifecycle-data-lifecy-bfe0d-te-critical-service-request-chromium/test-failed-1.png]]

[[ATTACHMENT|artifacts/data-lifecycle-data-lifecy-bfe0d-te-critical-service-request-chromium/error-context.md]]
]]>
</system-out>
</testcase>
<testcase name="Data Lifecycle - Service Request Management â€º TC-DL-SR-002: Should transition service request status" classname="data-lifecycle/data-lifecycle.spec.ts" time="6.129">
<system-out>
<![CDATA[[2026-01-27T19:42:58.798Z] Starting Service Request Management Test
[2026-01-27T19:43:03.701Z] Transitioning service request status
]]>
</system-out>
</testcase>
<testcase name="Data Lifecycle - Service Request Management â€º TC-DL-SR-003: Should verify customer link in service request" classname="data-lifecycle/data-lifecycle.spec.ts" time="6.09">
<system-out>
<![CDATA[[2026-01-27T19:43:01.647Z] Starting Service Request Management Test
[2026-01-27T19:43:07.595Z] Service Request-Customer link: NOT VISIBLE
]]>
</system-out>
</testcase>
<testcase name="Data Lifecycle - Campaign Management â€º TC-DL-CAMP-001: Should create email campaign" classname="data-lifecycle/data-lifecycle.spec.ts" time="3.763">
<system-out>
<![CDATA[[2026-01-27T19:43:04.010Z] Starting Campaign Management Test
[2026-01-27T19:43:05.815Z] Creating email campaign: TEST_Q1_Product_Launch_Email
[2026-01-27T19:43:07.589Z] Email campaign created
]]>
</system-out>
</testcase>
<testcase name="Data Lifecycle - Campaign Management â€º TC-DL-CAMP-002: Should start campaign" classname="data-lifecycle/data-lifecycle.spec.ts" time="4.989">
<system-out>
<![CDATA[[2026-01-27T19:43:04.951Z] Starting Campaign Management Test
]]>
</system-out>
</testcase>
<testcase name="Data Lifecycle - Relationship Impact â€º TC-DL-REL-001: Should verify customer deletion affects contacts" classname="data-lifecycle/data-lifecycle.spec.ts" time="4.217">
<system-out>
<![CDATA[[2026-01-27T19:43:07.759Z] Testing customer deletion impact on contacts
]]>
</system-out>
</testcase>
<testcase name="Data Lifecycle - Relationship Impact â€º TC-DL-REL-002: Should verify opportunity affects customer revenue" classname="data-lifecycle/data-lifecycle.spec.ts" time="4.199">
<system-out>
<![CDATA[[2026-01-27T19:43:07.759Z] Testing opportunity impact on customer metrics
[2026-01-27T19:43:11.816Z] Found 0 TEST_ opportunities
]]>
</system-out>
</testcase>
<testcase name="Data Lifecycle - Relationship Impact â€º TC-DL-REL-003: Should verify lead conversion creates customer and opportunity" classname="data-lifecycle/data-lifecycle.spec.ts" time="3.998">
<system-out>
<![CDATA[[2026-01-27T19:43:09.930Z] Testing lead conversion creates linked entities
[2026-01-27T19:43:13.777Z] Found 1 TEST_ leads
[2026-01-27T19:43:13.781Z] Converted leads present: false
]]>
</system-out>
</testcase>
<testcase name="Data Lifecycle - Relationship Impact â€º TC-DL-REL-004: Should verify service request links to customer history" classname="data-lifecycle/data-lifecycle.spec.ts" time="4.207">
<system-out>
<![CDATA[[2026-01-27T19:43:12.263Z] Testing service request appears in customer history
]]>
</system-out>
</testcase>
<testcase name="Data Lifecycle - Cleanup â€º TC-DL-CLEAN-001: Should list all TEST_ data for cleanup" classname="data-lifecycle/data-lifecycle.spec.ts" time="22.972">
<system-out>
<![CDATA[[2026-01-27T19:43:12.269Z] Listing all TEST_ data for cleanup verification
[2026-01-27T19:43:16.226Z] Customers: 0 TEST_ records
[2026-01-27T19:43:20.087Z] Contacts: 0 TEST_ records
[2026-01-27T19:43:23.776Z] Opportunities: 0 TEST_ records
[2026-01-27T19:43:27.450Z] Leads: 1 TEST_ records
[2026-01-27T19:43:31.252Z] Service Requests: 1 TEST_ records
[2026-01-27T19:43:34.972Z] Campaigns: 0 TEST_ records
[2026-01-27T19:43:34.972Z] === DATA SUMMARY ===
[2026-01-27T19:43:34.972Z]   Customers: 0
[2026-01-27T19:43:34.972Z]   Contacts: 0
[2026-01-27T19:43:34.972Z]   Opportunities: 0
[2026-01-27T19:43:34.972Z]   Leads: 1
[2026-01-27T19:43:34.972Z]   Service Requests: 1
[2026-01-27T19:43:34.972Z]   Campaigns: 0
[2026-01-27T19:43:35.009Z] === TEST EXECUTION COMPLETE ===
[2026-01-27T19:43:35.009Z] Total log entries: 20
]]>
</system-out>
</testcase>
</testsuite>
<testsuite name="leads/leads.spec.ts" timestamp="2026-01-27T19:40:13.772Z" hostname="chromium" tests="10" failures="0" skipped="0" time="34.015" errors="0">
<testcase name="Leads - List View â€º TC-LEAD-001: Should display leads list" classname="leads/leads.spec.ts" time="2.209">
</testcase>
<testcase name="Leads - List View â€º TC-LEAD-002: Should filter by status" classname="leads/leads.spec.ts" time="1.52">
</testcase>
<testcase name="Leads - List View â€º TC-LEAD-003: Should search leads" classname="leads/leads.spec.ts" time="2.034">
</testcase>
<testcase name="Leads - Create â€º TC-LEAD-004: Should create new lead" classname="leads/leads.spec.ts" time="2.679">
<system-out>
<![CDATA[Dialog did not open for lead creation
]]>
</system-out>
</testcase>
<testcase name="Leads - Create â€º TC-LEAD-005: Should set lead status" classname="leads/leads.spec.ts" time="2.72">
<system-out>
<![CDATA[Dialog did not open
]]>
</system-out>
</testcase>
<testcase name="Leads - Create â€º TC-LEAD-006: Should set lead source" classname="leads/leads.spec.ts" time="2.598">
<system-out>
<![CDATA[Dialog did not open
]]>
</system-out>
</testcase>
<testcase name="Leads - Conversion â€º TC-LEAD-007: Should convert lead to opportunity" classname="leads/leads.spec.ts" time="5.057">
</testcase>
<testcase name="Leads - Conversion â€º TC-LEAD-008: Should convert lead to customer" classname="leads/leads.spec.ts" time="5.1">
</testcase>
<testcase name="Leads - Conversion â€º TC-LEAD-009: Should update lead status" classname="leads/leads.spec.ts" time="5.093">
</testcase>
<testcase name="Leads - Delete â€º TC-LEAD-010: Should delete test lead" classname="leads/leads.spec.ts" time="5.005">
</testcase>
</testsuite>
<testsuite name="opportunities/opportunities.spec.ts" timestamp="2026-01-27T19:40:13.772Z" hostname="chromium" tests="13" failures="0" skipped="0" time="37.279" errors="0">
<testcase name="Opportunities - List View â€º TC-OPP-001: Should display opportunities list" classname="opportunities/opportunities.spec.ts" time="1.916">
</testcase>
<testcase name="Opportunities - List View â€º TC-OPP-002: Should display pipeline stages" classname="opportunities/opportunities.spec.ts" time="1.433">
</testcase>
<testcase name="Opportunities - List View â€º TC-OPP-003: Should show opportunity value" classname="opportunities/opportunities.spec.ts" time="1.529">
</testcase>
<testcase name="Opportunities - List View â€º TC-OPP-004: Should filter by stage" classname="opportunities/opportunities.spec.ts" time="2.091">
</testcase>
<testcase name="Opportunities - Create â€º TC-OPP-005: Should open create opportunity dialog" classname="opportunities/opportunities.spec.ts" time="2.697">
</testcase>
<testcase name="Opportunities - Create â€º TC-OPP-006: Should create new opportunity" classname="opportunities/opportunities.spec.ts" time="2.628">
<system-out>
<![CDATA[Dialog did not open for opportunity creation
]]>
</system-out>
</testcase>
<testcase name="Opportunities - Create â€º TC-OPP-007: Should set close date" classname="opportunities/opportunities.spec.ts" time="2.519">
<system-out>
<![CDATA[Dialog did not open
]]>
</system-out>
</testcase>
<testcase name="Opportunities - Create â€º TC-OPP-008: Should link to customer" classname="opportunities/opportunities.spec.ts" time="2.531">
<system-out>
<![CDATA[Dialog did not open
]]>
</system-out>
</testcase>
<testcase name="Opportunities - Pipeline â€º TC-OPP-009: Should update opportunity stage" classname="opportunities/opportunities.spec.ts" time="3.962">
</testcase>
<testcase name="Opportunities - Pipeline â€º TC-OPP-010: Should update probability" classname="opportunities/opportunities.spec.ts" time="4.017">
</testcase>
<testcase name="Opportunities - Pipeline â€º TC-OPP-011: Should close opportunity as won" classname="opportunities/opportunities.spec.ts" time="4">
</testcase>
<testcase name="Opportunities - Pipeline â€º TC-OPP-012: Should close opportunity as lost" classname="opportunities/opportunities.spec.ts" time="3.965">
</testcase>
<testcase name="Opportunities - Delete â€º TC-OPP-013: Should delete test opportunity" classname="opportunities/opportunities.spec.ts" time="3.991">
</testcase>
</testsuite>
<testsuite name="service-requests/service-requests.spec.ts" timestamp="2026-01-27T19:40:13.772Z" hostname="chromium" tests="15" failures="3" skipped="0" time="75.623" errors="0">
<testcase name="Service Requests - List View â€º TC-SR-001: Should display service requests list" classname="service-requests/service-requests.spec.ts" time="1.589">
</testcase>
<testcase name="Service Requests - List View â€º TC-SR-002: Should show priority column" classname="service-requests/service-requests.spec.ts" time="0.926">
</testcase>
<testcase name="Service Requests - List View â€º TC-SR-003: Should show status column" classname="service-requests/service-requests.spec.ts" time="0.963">
</testcase>
<testcase name="Service Requests - List View â€º TC-SR-004: Should filter by priority" classname="service-requests/service-requests.spec.ts" time="1.718">
</testcase>
<testcase name="Service Requests - List View â€º TC-SR-005: Should filter by status" classname="service-requests/service-requests.spec.ts" time="1.873">
</testcase>
<testcase name="Service Requests - Create â€º TC-SR-006: Should create bug report" classname="service-requests/service-requests.spec.ts" time="11.855">
<failure message="service-requests.spec.ts:70:7 TC-SR-006: Should create bug report" type="FAILURE">
<![CDATA[  [chromium] â€º service-requests/service-requests.spec.ts:70:7 â€º Service Requests - Create â€º TC-SR-006: Should create bug report 

    TimeoutError: locator.fill: Timeout 10000ms exceeded.
    Call log:
      - waiting for locator('input[name="title"], input[name="subject"], #title').first()


      77 |     // Fill title
      78 |     const titleInput = page.locator('input[name="title"], input[name="subject"], #title').first();
    > 79 |     await titleInput.fill(testSR.title);
         |                      ^
      80 |     
      81 |     // Fill description
      82 |     const descInput = page.locator('textarea[name="description"], #description').first();
        at /Users/alal/Code/Git CRM Solution/crm-solution/e2e-tests/tests/service-requests/service-requests.spec.ts:79:22

    attachment #1: screenshot (image/png) â”€â”€â”€â”€â”€â”€â”€â”€â”€â”€â”€â”€â”€â”€â”€â”€â”€â”€â”€â”€â”€â”€â”€â”€â”€â”€â”€â”€â”€â”€â”€â”€â”€â”€â”€â”€â”€â”€â”€â”€â”€â”€â”€â”€â”€â”€â”€â”€â”€â”€â”€â”€â”€â”€â”€â”€â”€â”€
    ../test-results/artifacts/service-requests-service-r-fd1df-06-Should-create-bug-report-chromium/test-failed-1.png
    â”€â”€â”€â”€â”€â”€â”€â”€â”€â”€â”€â”€â”€â”€â”€â”€â”€â”€â”€â”€â”€â”€â”€â”€â”€â”€â”€â”€â”€â”€â”€â”€â”€â”€â”€â”€â”€â”€â”€â”€â”€â”€â”€â”€â”€â”€â”€â”€â”€â”€â”€â”€â”€â”€â”€â”€â”€â”€â”€â”€â”€â”€â”€â”€â”€â”€â”€â”€â”€â”€â”€â”€â”€â”€â”€â”€â”€â”€â”€â”€â”€â”€â”€â”€â”€â”€â”€â”€â”€â”€â”€â”€â”€â”€â”€â”€

    Error Context: ../test-results/artifacts/service-requests-service-r-fd1df-06-Should-create-bug-report-chromium/error-context.md
]]>
</failure>
<system-out>
<![CDATA[
[[ATTACHMENT|artifacts/service-requests-service-r-fd1df-06-Should-create-bug-report-chromium/test-failed-1.png]]

[[ATTACHMENT|artifacts/service-requests-service-r-fd1df-06-Should-create-bug-report-chromium/error-context.md]]
]]>
</system-out>
</testcase>
<testcase name="Service Requests - Create â€º TC-SR-007: Should create feature request" classname="service-requests/service-requests.spec.ts" time="11.73">
<failure message="service-requests.spec.ts:99:7 TC-SR-007: Should create feature request" type="FAILURE">
<![CDATA[  [chromium] â€º service-requests/service-requests.spec.ts:99:7 â€º Service Requests - Create â€º TC-SR-007: Should create feature request 

    TimeoutError: locator.fill: Timeout 10000ms exceeded.
    Call log:
      - waiting for locator('input[name="title"], input[name="subject"], #title').first()


      105 |     
      106 |     const titleInput = page.locator('input[name="title"], input[name="subject"], #title').first();
    > 107 |     await titleInput.fill(testSR.title);
          |                      ^
      108 |     
      109 |     const categorySelect = page.locator('[aria-label*="Category"], label:has-text("Category") + div').first();
      110 |     if (await categorySelect.isVisible()) {
        at /Users/alal/Code/Git CRM Solution/crm-solution/e2e-tests/tests/service-requests/service-requests.spec.ts:107:22

    attachment #1: screenshot (image/png) â”€â”€â”€â”€â”€â”€â”€â”€â”€â”€â”€â”€â”€â”€â”€â”€â”€â”€â”€â”€â”€â”€â”€â”€â”€â”€â”€â”€â”€â”€â”€â”€â”€â”€â”€â”€â”€â”€â”€â”€â”€â”€â”€â”€â”€â”€â”€â”€â”€â”€â”€â”€â”€â”€â”€â”€â”€â”€
    ../test-results/artifacts/service-requests-service-r-48ed2-ould-create-feature-request-chromium/test-failed-1.png
    â”€â”€â”€â”€â”€â”€â”€â”€â”€â”€â”€â”€â”€â”€â”€â”€â”€â”€â”€â”€â”€â”€â”€â”€â”€â”€â”€â”€â”€â”€â”€â”€â”€â”€â”€â”€â”€â”€â”€â”€â”€â”€â”€â”€â”€â”€â”€â”€â”€â”€â”€â”€â”€â”€â”€â”€â”€â”€â”€â”€â”€â”€â”€â”€â”€â”€â”€â”€â”€â”€â”€â”€â”€â”€â”€â”€â”€â”€â”€â”€â”€â”€â”€â”€â”€â”€â”€â”€â”€â”€â”€â”€â”€â”€â”€â”€

    Error Context: ../test-results/artifacts/service-requests-service-r-48ed2-ould-create-feature-request-chromium/error-context.md
]]>
</failure>
<system-out>
<![CDATA[
[[ATTACHMENT|artifacts/service-requests-service-r-48ed2-ould-create-feature-request-chromium/test-failed-1.png]]

[[ATTACHMENT|artifacts/service-requests-service-r-48ed2-ould-create-feature-request-chromium/error-context.md]]
]]>
</system-out>
</testcase>
<testcase name="Service Requests - Create â€º TC-SR-008: Should create urgent ticket" classname="service-requests/service-requests.spec.ts" time="11.856">
<failure message="service-requests.spec.ts:119:7 TC-SR-008: Should create urgent ticket" type="FAILURE">
<![CDATA[  [chromium] â€º service-requests/service-requests.spec.ts:119:7 â€º Service Requests - Create â€º TC-SR-008: Should create urgent ticket 

    TimeoutError: locator.fill: Timeout 10000ms exceeded.
    Call log:
      - waiting for locator('input[name="title"], input[name="subject"], #title').first()


      125 |     
      126 |     const titleInput = page.locator('input[name="title"], input[name="subject"], #title').first();
    > 127 |     await titleInput.fill(testSR.title);
          |                      ^
      128 |     
      129 |     const prioritySelect = page.locator('[aria-label*="Priority"], label:has-text("Priority") + div').first();
      130 |     if (await prioritySelect.isVisible()) {
        at /Users/alal/Code/Git CRM Solution/crm-solution/e2e-tests/tests/service-requests/service-requests.spec.ts:127:22

    attachment #1: screenshot (image/png) â”€â”€â”€â”€â”€â”€â”€â”€â”€â”€â”€â”€â”€â”€â”€â”€â”€â”€â”€â”€â”€â”€â”€â”€â”€â”€â”€â”€â”€â”€â”€â”€â”€â”€â”€â”€â”€â”€â”€â”€â”€â”€â”€â”€â”€â”€â”€â”€â”€â”€â”€â”€â”€â”€â”€â”€â”€â”€
    ../test-results/artifacts/service-requests-service-r-f9682-Should-create-urgent-ticket-chromium/test-failed-1.png
    â”€â”€â”€â”€â”€â”€â”€â”€â”€â”€â”€â”€â”€â”€â”€â”€â”€â”€â”€â”€â”€â”€â”€â”€â”€â”€â”€â”€â”€â”€â”€â”€â”€â”€â”€â”€â”€â”€â”€â”€â”€â”€â”€â”€â”€â”€â”€â”€â”€â”€â”€â”€â”€â”€â”€â”€â”€â”€â”€â”€â”€â”€â”€â”€â”€â”€â”€â”€â”€â”€â”€â”€â”€â”€â”€â”€â”€â”€â”€â”€â”€â”€â”€â”€â”€â”€â”€â”€â”€â”€â”€â”€â”€â”€â”€â”€

    Error Context: ../test-results/artifacts/service-requests-service-r-f9682-Should-create-urgent-ticket-chromium/error-context.md
]]>
</failure>
<system-out>
<![CDATA[
[[ATTACHMENT|artifacts/service-requests-service-r-f9682-Should-create-urgent-ticket-chromium/test-failed-1.png]]

[[ATTACHMENT|artifacts/service-requests-service-r-f9682-Should-create-urgent-ticket-chromium/error-context.md]]
]]>
</system-out>
</testcase>
<testcase name="Service Requests - Create â€º TC-SR-009: Should link to customer" classname="service-requests/service-requests.spec.ts" time="2.321">
</testcase>
<testcase name="Service Requests - Status Transitions â€º TC-SR-010: Should change status to In Progress" classname="service-requests/service-requests.spec.ts" time="5.211">
</testcase>
<testcase name="Service Requests - Status Transitions â€º TC-SR-011: Should resolve service request" classname="service-requests/service-requests.spec.ts" time="5.056">
</testcase>
<testcase name="Service Requests - Status Transitions â€º TC-SR-012: Should close service request" classname="service-requests/service-requests.spec.ts" time="5.138">
</testcase>
<testcase name="Service Requests - Assignment â€º TC-SR-013: Should assign to user" classname="service-requests/service-requests.spec.ts" time="5.141">
</testcase>
<testcase name="Service Requests - Assignment â€º TC-SR-014: Should reassign to different user" classname="service-requests/service-requests.spec.ts" time="5.133">
</testcase>
<testcase name="Service Requests - Delete â€º TC-SR-015: Should delete test service request" classname="service-requests/service-requests.spec.ts" time="5.113">
</testcase>
</testsuite>
<testsuite name="workflow-execution/workflow-execution.spec.ts" timestamp="2026-01-27T19:40:13.772Z" hostname="chromium" tests="22" failures="1" skipped="0" time="428.699" errors="0">
<testcase name="Workflow Execution - Creation â€º TC-WF-CREATE-001: Should create lead qualification workflow" classname="workflow-execution/workflow-execution.spec.ts" time="1.915">
<system-out>
<![CDATA[[WORKFLOW] [2026-01-27T19:43:59.398Z] Starting Workflow Creation Test
[WORKFLOW] [2026-01-27T19:44:01.163Z] Creating workflow: TEST_Lead_Scoring_Automation
]]>
</system-out>
</testcase>
<testcase name="Workflow Execution - Creation â€º TC-WF-CREATE-002: Should create customer onboarding workflow" classname="workflow-execution/workflow-execution.spec.ts" time="1.923">
<system-out>
<![CDATA[[WORKFLOW] [2026-01-27T19:44:00.079Z] Starting Workflow Creation Test
[WORKFLOW] [2026-01-27T19:44:01.845Z] Creating workflow: TEST_Customer_Onboarding
]]>
</system-out>
</testcase>
<testcase name="Workflow Execution - Creation â€º TC-WF-CREATE-003: Should create ticket escalation workflow" classname="workflow-execution/workflow-execution.spec.ts" time="1.88">
<system-out>
<![CDATA[[WORKFLOW] [2026-01-27T19:44:00.395Z] Starting Workflow Creation Test
[WORKFLOW] [2026-01-27T19:44:02.155Z] Creating workflow: TEST_Service_Request_Escalation
]]>
</system-out>
</testcase>
<testcase name="Workflow Execution - Creation â€º TC-WF-CREATE-004: Should create deal approval workflow" classname="workflow-execution/workflow-execution.spec.ts" time="1.877">
<system-out>
<![CDATA[[WORKFLOW] [2026-01-27T19:44:00.632Z] Starting Workflow Creation Test
[WORKFLOW] [2026-01-27T19:44:02.384Z] Creating workflow: TEST_Opportunity_Stage_Notifications
]]>
</system-out>
</testcase>
<testcase name="Workflow Execution - Designer â€º TC-WF-DESIGN-001: Should add trigger node to workflow" classname="workflow-execution/workflow-execution.spec.ts" time="25.024">
<system-out>
<![CDATA[[WORKFLOW] [2026-01-27T19:44:01.329Z] Starting Workflow Designer Test
[WORKFLOW] [2026-01-27T19:44:03.115Z] Adding trigger node to workflow
]]>
</system-out>
</testcase>
<testcase name="Workflow Execution - Designer â€º TC-WF-DESIGN-002: Should add condition node to workflow" classname="workflow-execution/workflow-execution.spec.ts" time="24.996">
<system-out>
<![CDATA[[WORKFLOW] [2026-01-27T19:44:02.011Z] Starting Workflow Designer Test
[WORKFLOW] [2026-01-27T19:44:03.776Z] Adding condition node to workflow
]]>
</system-out>
</testcase>
<testcase name="Workflow Execution - Designer â€º TC-WF-DESIGN-003: Should add AI action node to workflow" classname="workflow-execution/workflow-execution.spec.ts" time="24.984">
<system-out>
<![CDATA[[WORKFLOW] [2026-01-27T19:44:02.273Z] Starting Workflow Designer Test
[WORKFLOW] [2026-01-27T19:44:04.031Z] Adding AI action node to workflow
]]>
</system-out>
</testcase>
<testcase name="Workflow Execution - Designer â€º TC-WF-DESIGN-004: Should connect workflow nodes" classname="workflow-execution/workflow-execution.spec.ts" time="24.952">
<system-out>
<![CDATA[[WORKFLOW] [2026-01-27T19:44:02.525Z] Starting Workflow Designer Test
[WORKFLOW] [2026-01-27T19:44:04.273Z] Connecting workflow nodes
]]>
</system-out>
</testcase>
<testcase name="Workflow Execution - Running â€º TC-WF-EXEC-001: Should activate workflow" classname="workflow-execution/workflow-execution.spec.ts" time="24.989">
<system-out>
<![CDATA[[WORKFLOW] [2026-01-27T19:44:26.376Z] Starting Workflow Execution Test
[WORKFLOW] [2026-01-27T19:44:28.148Z] Activating test workflow
]]>
</system-out>
</testcase>
<testcase name="Workflow Execution - Running â€º TC-WF-EXEC-002: Should manually trigger workflow" classname="workflow-execution/workflow-execution.spec.ts" time="25.017">
<system-out>
<![CDATA[[WORKFLOW] [2026-01-27T19:44:27.015Z] Starting Workflow Execution Test
[WORKFLOW] [2026-01-27T19:44:28.819Z] Manually triggering workflow
]]>
</system-out>
</testcase>
<testcase name="Workflow Execution - Running â€º TC-WF-EXEC-003: Should trigger workflow via lead creation" classname="workflow-execution/workflow-execution.spec.ts" time="8.073">
<system-out>
<![CDATA[[WORKFLOW] [2026-01-27T19:44:27.323Z] Starting Workflow Execution Test
[WORKFLOW] [2026-01-27T19:44:29.127Z] Triggering workflow by creating a lead
[WORKFLOW] [2026-01-27T19:44:33.550Z] Lead created - workflow should have been triggered
[WORKFLOW] [2026-01-27T19:44:35.229Z] Workflow execution indicator: NOT VISIBLE
]]>
</system-out>
</testcase>
<testcase name="Workflow Execution - Running â€º TC-WF-EXEC-004: Should trigger workflow via service request creation" classname="workflow-execution/workflow-execution.spec.ts" time="14.26">
<failure message="workflow-execution.spec.ts:418:7 TC-WF-EXEC-004: Should trigger workflow via service request creation" type="FAILURE">
<![CDATA[  [chromium] â€º workflow-execution/workflow-execution.spec.ts:418:7 â€º Workflow Execution - Running â€º TC-WF-EXEC-004: Should trigger workflow via service request creation 

    TimeoutError: locator.fill: Timeout 10000ms exceeded.
    Call log:
      - waiting for locator('input[name="title"], input[name="subject"], #title').first()


      428 |       await page.waitForTimeout(500);
      429 |       
    > 430 |       await page.locator('input[name="title"], input[name="subject"], #title').first().fill(`TEST_WF_Ticket_${randomString(5)}`);
          |                                                                                        ^
      431 |       await page.locator('textarea[name="description"], #description').first().fill('This is a test ticket to trigger workflow');
      432 |       
      433 |       // Set high priority to trigger escalation workflow
        at /Users/alal/Code/Git CRM Solution/crm-solution/e2e-tests/tests/workflow-execution/workflow-execution.spec.ts:430:88

    attachment #1: screenshot (image/png) â”€â”€â”€â”€â”€â”€â”€â”€â”€â”€â”€â”€â”€â”€â”€â”€â”€â”€â”€â”€â”€â”€â”€â”€â”€â”€â”€â”€â”€â”€â”€â”€â”€â”€â”€â”€â”€â”€â”€â”€â”€â”€â”€â”€â”€â”€â”€â”€â”€â”€â”€â”€â”€â”€â”€â”€â”€â”€
    ../test-results/artifacts/workflow-execution-workflo-0e443-ia-service-request-creation-chromium/test-failed-1.png
    â”€â”€â”€â”€â”€â”€â”€â”€â”€â”€â”€â”€â”€â”€â”€â”€â”€â”€â”€â”€â”€â”€â”€â”€â”€â”€â”€â”€â”€â”€â”€â”€â”€â”€â”€â”€â”€â”€â”€â”€â”€â”€â”€â”€â”€â”€â”€â”€â”€â”€â”€â”€â”€â”€â”€â”€â”€â”€â”€â”€â”€â”€â”€â”€â”€â”€â”€â”€â”€â”€â”€â”€â”€â”€â”€â”€â”€â”€â”€â”€â”€â”€â”€â”€â”€â”€â”€â”€â”€â”€â”€â”€â”€â”€â”€â”€

    Error Context: ../test-results/artifacts/workflow-execution-workflo-0e443-ia-service-request-creation-chromium/error-context.md
]]>
</failure>
<system-out>
<![CDATA[[WORKFLOW] [2026-01-27T19:44:27.484Z] Starting Workflow Execution Test
[WORKFLOW] [2026-01-27T19:44:29.268Z] Triggering workflow by creating a service request

[[ATTACHMENT|artifacts/workflow-execution-workflo-0e443-ia-service-request-creation-chromium/test-failed-1.png]]

[[ATTACHMENT|artifacts/workflow-execution-workflo-0e443-ia-service-request-creation-chromium/error-context.md]]
]]>
</system-out>
</testcase>
<testcase name="Workflow Execution - History &amp; Logs â€º TC-WF-HIST-001: Should view workflow execution history" classname="workflow-execution/workflow-execution.spec.ts" time="25.001">
<system-out>
<![CDATA[[WORKFLOW] [2026-01-27T19:44:35.370Z] Starting Workflow History Test
[WORKFLOW] [2026-01-27T19:44:37.147Z] Viewing workflow execution history
]]>
</system-out>
</testcase>
<testcase name="Workflow Execution - History &amp; Logs â€º TC-WF-HIST-002: Should view execution details" classname="workflow-execution/workflow-execution.spec.ts" time="25.02">
<system-out>
<![CDATA[[WORKFLOW] [2026-01-27T19:44:42.714Z] Starting Workflow History Test
[WORKFLOW] [2026-01-27T19:44:44.482Z] Viewing execution details
]]>
</system-out>
</testcase>
<testcase name="Workflow Execution - History &amp; Logs â€º TC-WF-HIST-003: Should view execution logs" classname="workflow-execution/workflow-execution.spec.ts" time="24.976">
<system-out>
<![CDATA[[WORKFLOW] [2026-01-27T19:44:51.379Z] Starting Workflow History Test
[WORKFLOW] [2026-01-27T19:44:53.140Z] Viewing execution logs
]]>
</system-out>
</testcase>
<testcase name="Workflow Execution - AI Nodes â€º TC-WF-AI-001: Should configure AI text generation node" classname="workflow-execution/workflow-execution.spec.ts" time="24.967">
<system-out>
<![CDATA[[WORKFLOW] [2026-01-27T19:44:52.038Z] Starting AI Node Test
[WORKFLOW] [2026-01-27T19:44:53.801Z] Configuring AI text generation node
]]>
</system-out>
</testcase>
<testcase name="Workflow Execution - AI Nodes â€º TC-WF-AI-002: Should configure AI classification node" classname="workflow-execution/workflow-execution.spec.ts" time="25.006">
<system-out>
<![CDATA[[WORKFLOW] [2026-01-27T19:45:00.404Z] Starting AI Node Test
[WORKFLOW] [2026-01-27T19:45:02.180Z] Configuring AI classification node
]]>
</system-out>
</testcase>
<testcase name="Workflow Execution - AI Nodes â€º TC-WF-AI-003: Should configure AI sentiment analysis node" classname="workflow-execution/workflow-execution.spec.ts" time="25">
<system-out>
<![CDATA[[WORKFLOW] [2026-01-27T19:45:07.752Z] Starting AI Node Test
[WORKFLOW] [2026-01-27T19:45:09.517Z] Configuring AI sentiment analysis node
]]>
</system-out>
</testcase>
<testcase name="Workflow Execution - Management â€º TC-WF-MGT-001: Should duplicate workflow" classname="workflow-execution/workflow-execution.spec.ts" time="24.957">
<system-out>
<![CDATA[[WORKFLOW] [2026-01-27T19:45:16.360Z] Starting Workflow Management Test
[WORKFLOW] [2026-01-27T19:45:18.125Z] Duplicating test workflow
]]>
</system-out>
</testcase>
<testcase name="Workflow Execution - Management â€º TC-WF-MGT-002: Should deactivate workflow" classname="workflow-execution/workflow-execution.spec.ts" time="24.966">
<system-out>
<![CDATA[[WORKFLOW] [2026-01-27T19:45:17.028Z] Starting Workflow Management Test
[WORKFLOW] [2026-01-27T19:45:18.798Z] Deactivating test workflow
]]>
</system-out>
</testcase>
<testcase name="Workflow Execution - Management â€º TC-WF-MGT-003: Should export workflow" classname="workflow-execution/workflow-execution.spec.ts" time="24.967">
<system-out>
<![CDATA[[WORKFLOW] [2026-01-27T19:45:25.398Z] Starting Workflow Management Test
[WORKFLOW] [2026-01-27T19:45:27.169Z] Exporting test workflow
]]>
</system-out>
</testcase>
<testcase name="Workflow Execution - Summary â€º TC-WF-SUM-001: Should list all test workflows" classname="workflow-execution/workflow-execution.spec.ts" time="23.949">
<system-out>
<![CDATA[[WORKFLOW] [2026-01-27T19:45:32.744Z] Listing all test workflows
[WORKFLOW] [2026-01-27T19:45:56.566Z] === WORKFLOW SUMMARY ===
[WORKFLOW] [2026-01-27T19:45:56.566Z] Total TEST_ workflows: 0
[WORKFLOW] [2026-01-27T19:45:56.614Z] === WORKFLOW TESTS COMPLETE ===
[WORKFLOW] [2026-01-27T19:45:56.614Z] Total workflow log entries: 8
]]>
</system-out>
</testcase>
</testsuite>
<testsuite name="workflows/workflows.spec.ts" timestamp="2026-01-27T19:40:13.772Z" hostname="chromium" tests="18" failures="3" skipped="0" time="84.527" errors="0">
<testcase name="Workflows - List View â€º TC-WF-001: Should display workflows list" classname="workflows/workflows.spec.ts" time="10.999">
<failure message="workflows.spec.ts:17:7 TC-WF-001: Should display workflows list" type="FAILURE">
<![CDATA[  [chromium] â€º workflows/workflows.spec.ts:17:7 â€º Workflows - List View â€º TC-WF-001: Should display workflows list 

    Error: expect(locator).toBeVisible() failed

    Locator: locator('h1, h2, .page-title').filter({ hasText: /workflow/i })
    Expected: visible
    Timeout: 10000ms
    Error: element(s) not found

    Call log:
      - Expect "toBeVisible" with timeout 10000ms
      - waiting for locator('h1, h2, .page-title').filter({ hasText: /workflow/i })


      16 |
      17 |   test('TC-WF-001: Should display workflows list', async ({ page }) => {
    > 18 |     await expect(page.locator('h1, h2, .page-title').filter({ hasText: /workflow/i })).toBeVisible({ timeout: 10000 });
         |                                                                                        ^
      19 |   });
      20 |
      21 |   test('TC-WF-002: Should have create workflow button', async ({ page }) => {
        at /Users/alal/Code/Git CRM Solution/crm-solution/e2e-tests/tests/workflows/workflows.spec.ts:18:88

    attachment #1: screenshot (image/png) â”€â”€â”€â”€â”€â”€â”€â”€â”€â”€â”€â”€â”€â”€â”€â”€â”€â”€â”€â”€â”€â”€â”€â”€â”€â”€â”€â”€â”€â”€â”€â”€â”€â”€â”€â”€â”€â”€â”€â”€â”€â”€â”€â”€â”€â”€â”€â”€â”€â”€â”€â”€â”€â”€â”€â”€â”€â”€
    ../test-results/artifacts/workflows-workflows-Workfl-94104-ould-display-workflows-list-chromium/test-failed-1.png
    â”€â”€â”€â”€â”€â”€â”€â”€â”€â”€â”€â”€â”€â”€â”€â”€â”€â”€â”€â”€â”€â”€â”€â”€â”€â”€â”€â”€â”€â”€â”€â”€â”€â”€â”€â”€â”€â”€â”€â”€â”€â”€â”€â”€â”€â”€â”€â”€â”€â”€â”€â”€â”€â”€â”€â”€â”€â”€â”€â”€â”€â”€â”€â”€â”€â”€â”€â”€â”€â”€â”€â”€â”€â”€â”€â”€â”€â”€â”€â”€â”€â”€â”€â”€â”€â”€â”€â”€â”€â”€â”€â”€â”€â”€â”€â”€

    Error Context: ../test-results/artifacts/workflows-workflows-Workfl-94104-ould-display-workflows-list-chromium/error-context.md
]]>
</failure>
<system-out>
<![CDATA[
[[ATTACHMENT|artifacts/workflows-workflows-Workfl-94104-ould-display-workflows-list-chromium/test-failed-1.png]]

[[ATTACHMENT|artifacts/workflows-workflows-Workfl-94104-ould-display-workflows-list-chromium/error-context.md]]
]]>
</system-out>
</testcase>
<testcase name="Workflows - List View â€º TC-WF-002: Should have create workflow button" classname="workflows/workflows.spec.ts" time="0.911">
</testcase>
<testcase name="Workflows - List View â€º TC-WF-003: Should show workflow status" classname="workflows/workflows.spec.ts" time="0.931">
</testcase>
<testcase name="Workflows - Create â€º TC-WF-004: Should open workflow designer" classname="workflows/workflows.spec.ts" time="2.101">
</testcase>
<testcase name="Workflows - Create â€º TC-WF-005: Should create new workflow" classname="workflows/workflows.spec.ts" time="12.075">
<failure message="workflows.spec.ts:48:7 TC-WF-005: Should create new workflow" type="FAILURE">
<![CDATA[  [chromium] â€º workflows/workflows.spec.ts:48:7 â€º Workflows - Create â€º TC-WF-005: Should create new workflow 

    TimeoutError: locator.click: Timeout 10000ms exceeded.
    Call log:
      - waiting for locator('button:has-text("Save"), button:has-text("Create")').first()
        - locator resolved to <button disabled tabindex="-1" type="button" class="MuiButtonBase-root MuiButton-root MuiButton-contained MuiButton-containedPrimary MuiButton-sizeMedium MuiButton-containedSizeMedium MuiButton-colorPrimary Mui-disabled MuiButton-root MuiButton-contained MuiButton-containedPrimary MuiButton-sizeMedium MuiButton-containedSizeMedium MuiButton-colorPrimary css-ive347">Create & Design</button>
      - attempting click action
        2 Ã— waiting for element to be visible, enabled and stable
          - element is not enabled
        - retrying click action
        - waiting 20ms
        2 Ã— waiting for element to be visible, enabled and stable
          - element is not enabled
        - retrying click action
          - waiting 100ms
        19 Ã— waiting for element to be visible, enabled and stable
           - element is not enabled
         - retrying click action
           - waiting 500ms


      66 |     
      67 |     // Save
    > 68 |     await page.locator('button:has-text("Save"), button:has-text("Create")').first().click();
         |                                                                                      ^
      69 |     await page.waitForTimeout(2000);
      70 |   });
      71 |
        at /Users/alal/Code/Git CRM Solution/crm-solution/e2e-tests/tests/workflows/workflows.spec.ts:68:86

    attachment #1: screenshot (image/png) â”€â”€â”€â”€â”€â”€â”€â”€â”€â”€â”€â”€â”€â”€â”€â”€â”€â”€â”€â”€â”€â”€â”€â”€â”€â”€â”€â”€â”€â”€â”€â”€â”€â”€â”€â”€â”€â”€â”€â”€â”€â”€â”€â”€â”€â”€â”€â”€â”€â”€â”€â”€â”€â”€â”€â”€â”€â”€
    ../test-results/artifacts/workflows-workflows-Workfl-5cebf--Should-create-new-workflow-chromium/test-failed-1.png
    â”€â”€â”€â”€â”€â”€â”€â”€â”€â”€â”€â”€â”€â”€â”€â”€â”€â”€â”€â”€â”€â”€â”€â”€â”€â”€â”€â”€â”€â”€â”€â”€â”€â”€â”€â”€â”€â”€â”€â”€â”€â”€â”€â”€â”€â”€â”€â”€â”€â”€â”€â”€â”€â”€â”€â”€â”€â”€â”€â”€â”€â”€â”€â”€â”€â”€â”€â”€â”€â”€â”€â”€â”€â”€â”€â”€â”€â”€â”€â”€â”€â”€â”€â”€â”€â”€â”€â”€â”€â”€â”€â”€â”€â”€â”€â”€

    Error Context: ../test-results/artifacts/workflows-workflows-Workfl-5cebf--Should-create-new-workflow-chromium/error-context.md
]]>
</failure>
<system-out>
<![CDATA[
[[ATTACHMENT|artifacts/workflows-workflows-Workfl-5cebf--Should-create-new-workflow-chromium/test-failed-1.png]]

[[ATTACHMENT|artifacts/workflows-workflows-Workfl-5cebf--Should-create-new-workflow-chromium/error-context.md]]
]]>
</system-out>
</testcase>
<testcase name="Workflows - Create â€º TC-WF-006: Should set workflow trigger" classname="workflows/workflows.spec.ts" time="2.084">
<failure message="workflows.spec.ts:72:7 TC-WF-006: Should set workflow trigger" type="FAILURE">
<![CDATA[  [chromium] â€º workflows/workflows.spec.ts:72:7 â€º Workflows - Create â€º TC-WF-006: Should set workflow trigger 

    Error: locator.isVisible: Unexpected token "=" while parsing css selector "[aria-label*="Trigger"], label:has-text("Trigger") + div, text=/trigger/i". Did you mean to CSS.escape it?
    Call log:
        - checking visibility of [aria-label*="Trigger"], label:has-text("Trigger") + div, text=/trigger/i >> nth=0


      77 |     // Look for trigger selection
      78 |     const triggerSelect = page.locator('[aria-label*="Trigger"], label:has-text("Trigger") + div, text=/trigger/i').first();
    > 79 |     if (await triggerSelect.isVisible()) {
         |                             ^
      80 |       await triggerSelect.click();
      81 |       await page.waitForTimeout(500);
      82 |     }
        at /Users/alal/Code/Git CRM Solution/crm-solution/e2e-tests/tests/workflows/workflows.spec.ts:79:29

    attachment #1: screenshot (image/png) â”€â”€â”€â”€â”€â”€â”€â”€â”€â”€â”€â”€â”€â”€â”€â”€â”€â”€â”€â”€â”€â”€â”€â”€â”€â”€â”€â”€â”€â”€â”€â”€â”€â”€â”€â”€â”€â”€â”€â”€â”€â”€â”€â”€â”€â”€â”€â”€â”€â”€â”€â”€â”€â”€â”€â”€â”€â”€
    ../test-results/artifacts/workflows-workflows-Workfl-90a13-Should-set-workflow-trigger-chromium/test-failed-1.png
    â”€â”€â”€â”€â”€â”€â”€â”€â”€â”€â”€â”€â”€â”€â”€â”€â”€â”€â”€â”€â”€â”€â”€â”€â”€â”€â”€â”€â”€â”€â”€â”€â”€â”€â”€â”€â”€â”€â”€â”€â”€â”€â”€â”€â”€â”€â”€â”€â”€â”€â”€â”€â”€â”€â”€â”€â”€â”€â”€â”€â”€â”€â”€â”€â”€â”€â”€â”€â”€â”€â”€â”€â”€â”€â”€â”€â”€â”€â”€â”€â”€â”€â”€â”€â”€â”€â”€â”€â”€â”€â”€â”€â”€â”€â”€â”€

    Error Context: ../test-results/artifacts/workflows-workflows-Workfl-90a13-Should-set-workflow-trigger-chromium/error-context.md
]]>
</failure>
<system-out>
<![CDATA[
[[ATTACHMENT|artifacts/workflows-workflows-Workfl-90a13-Should-set-workflow-trigger-chromium/test-failed-1.png]]

[[ATTACHMENT|artifacts/workflows-workflows-Workfl-90a13-Should-set-workflow-trigger-chromium/error-context.md]]
]]>
</system-out>
</testcase>
<testcase name="Workflows - Designer Canvas â€º TC-WF-007: Should display node palette" classname="workflows/workflows.spec.ts" time="3.163">
</testcase>
<testcase name="Workflows - Designer Canvas â€º TC-WF-008: Should add trigger node" classname="workflows/workflows.spec.ts" time="5.148">
</testcase>
<testcase name="Workflows - Designer Canvas â€º TC-WF-009: Should add action node" classname="workflows/workflows.spec.ts" time="5.171">
</testcase>
<testcase name="Workflows - Designer Canvas â€º TC-WF-010: Should add condition node" classname="workflows/workflows.spec.ts" time="5.014">
</testcase>
<testcase name="Workflows - AI Nodes â€º TC-WF-011: Should display AI node types" classname="workflows/workflows.spec.ts" time="3.055">
</testcase>
<testcase name="Workflows - AI Nodes â€º TC-WF-012: Should add AI Decision node" classname="workflows/workflows.spec.ts" time="5.114">
</testcase>
<testcase name="Workflows - AI Nodes â€º TC-WF-013: Should add AI Agent node" classname="workflows/workflows.spec.ts" time="5.191">
</testcase>
<testcase name="Workflows - AI Nodes â€º TC-WF-014: Should configure AI node properties" classname="workflows/workflows.spec.ts" time="5.178">
</testcase>
<testcase name="Workflows - Execution â€º TC-WF-015: Should activate workflow" classname="workflows/workflows.spec.ts" time="5.127">
</testcase>
<testcase name="Workflows - Execution â€º TC-WF-016: Should deactivate workflow" classname="workflows/workflows.spec.ts" time="5.101">
</testcase>
<testcase name="Workflows - Execution â€º TC-WF-017: Should view workflow execution history" classname="workflows/workflows.spec.ts" time="3.072">
</testcase>
<testcase name="Workflows - Delete â€º TC-WF-018: Should delete test workflow" classname="workflows/workflows.spec.ts" time="5.092">
</testcase>
</testsuite>
</testsuites>