<testsuites id="" name="" tests="336" failures="1" skipped="335" errors="0" time="0.710826">
<testsuite name="auth.setup.ts" timestamp="2026-02-10T13:42:07.987Z" hostname="setup" tests="1" failures="1" skipped="0" time="0.001" errors="0">
<testcase name="authenticate" classname="auth.setup.ts" time="0.001">
<failure message="auth.setup.ts:15:6 authenticate" type="FAILURE">
<![CDATA[  [setup] › auth.setup.ts:15:6 › authenticate ──────────────────────────────────────────────────────

    Error: browserType.launch: Executable doesn't exist at /Users/alal/Library/Caches/ms-playwright/chromium_headless_shell-1208/chrome-headless-shell-mac-arm64/chrome-headless-shell
    ╔═════════════════════════════════════════════════════════════════════════╗
    ║ Looks like Playwright Test or Playwright was just installed or updated. ║
    ║ Please run the following command to download new browsers:              ║
    ║                                                                         ║
    ║     npx playwright install                                              ║
    ║                                                                         ║
    ║ <3 Playwright Team                                                      ║
    ╚═════════════════════════════════════════════════════════════════════════╝
]]>
</failure>
</testcase>
</testsuite>
<testsuite name="bvt/itsm-api-bvt.spec.ts" timestamp="2026-02-10T13:42:07.987Z" hostname="chromium" tests="26" failures="0" skipped="26" time="0" errors="0">
<testcase name="ITSM Webhooks API BVT › BVTAPI001 - GET /api/itsm/webhooks/subscriptions returns subscription list" classname="bvt/itsm-api-bvt.spec.ts" time="0">
<skipped>
</skipped>
</testcase>
<testcase name="ITSM Webhooks API BVT › BVTAPI002 - POST /api/itsm/webhooks/subscriptions creates subscription" classname="bvt/itsm-api-bvt.spec.ts" time="0">
<skipped>
</skipped>
</testcase>
<testcase name="ITSM Webhooks API BVT › BVTAPI003 - GET /api/itsm/webhooks/event-types returns supported events" classname="bvt/itsm-api-bvt.spec.ts" time="0">
<skipped>
</skipped>
</testcase>
<testcase name="ITSM Webhooks API BVT › BVTAPI004 - GET /api/itsm/webhooks/deliveries returns delivery history" classname="bvt/itsm-api-bvt.spec.ts" time="0">
<skipped>
</skipped>
</testcase>
<testcase name="ITSM Email-to-Ticket API BVT › BVTAPI010 - POST /api/itsm/email/inbound processes email" classname="bvt/itsm-api-bvt.spec.ts" time="0">
<skipped>
</skipped>
</testcase>
<testcase name="ITSM Email-to-Ticket API BVT › BVTAPI011 - GET /api/itsm/email/config returns email parsing config" classname="bvt/itsm-api-bvt.spec.ts" time="0">
<skipped>
</skipped>
</testcase>
<testcase name="ITSM Email-to-Ticket API BVT › BVTAPI012 - GET /api/itsm/email/history returns processed emails" classname="bvt/itsm-api-bvt.spec.ts" time="0">
<skipped>
</skipped>
</testcase>
<testcase name="ITSM Dashboard API BVT › BVTAPI020 - GET /api/itsm/dashboard/metrics returns metrics" classname="bvt/itsm-api-bvt.spec.ts" time="0">
<skipped>
</skipped>
</testcase>
<testcase name="ITSM Dashboard API BVT › BVTAPI021 - GET /api/itsm/dashboard/incident-trends returns trends" classname="bvt/itsm-api-bvt.spec.ts" time="0">
<skipped>
</skipped>
</testcase>
<testcase name="ITSM Dashboard API BVT › BVTAPI022 - GET /api/itsm/dashboard/sla-compliance returns SLA data" classname="bvt/itsm-api-bvt.spec.ts" time="0">
<skipped>
</skipped>
</testcase>
<testcase name="ITSM Dashboard API BVT › BVTAPI023 - GET /api/itsm/dashboard/agent-performance returns agent metrics" classname="bvt/itsm-api-bvt.spec.ts" time="0">
<skipped>
</skipped>
</testcase>
<testcase name="ITSM Dashboard API BVT › BVTAPI024 - GET /api/itsm/dashboard/executive-summary returns summary" classname="bvt/itsm-api-bvt.spec.ts" time="0">
<skipped>
</skipped>
</testcase>
<testcase name="ITSM Dashboard API BVT › BVTAPI025 - GET /api/itsm/dashboard/category-breakdown returns categories" classname="bvt/itsm-api-bvt.spec.ts" time="0">
<skipped>
</skipped>
</testcase>
<testcase name="ITSM Monitoring Integration API BVT › BVTAPI030 - POST /api/itsm/monitoring/alerts receives Prometheus alert" classname="bvt/itsm-api-bvt.spec.ts" time="0">
<skipped>
</skipped>
</testcase>
<testcase name="ITSM Monitoring Integration API BVT › BVTAPI031 - GET /api/itsm/monitoring/sources returns configured sources" classname="bvt/itsm-api-bvt.spec.ts" time="0">
<skipped>
</skipped>
</testcase>
<testcase name="ITSM Monitoring Integration API BVT › BVTAPI032 - GET /api/itsm/monitoring/alert-mappings returns mappings" classname="bvt/itsm-api-bvt.spec.ts" time="0">
<skipped>
</skipped>
</testcase>
<testcase name="ITSM CI/CD Integration API BVT › BVTAPI040 - POST /api/itsm/cicd/deployment creates change request" classname="bvt/itsm-api-bvt.spec.ts" time="0">
<skipped>
</skipped>
</testcase>
<testcase name="ITSM CI/CD Integration API BVT › BVTAPI041 - GET /api/itsm/cicd/pipelines returns registered pipelines" classname="bvt/itsm-api-bvt.spec.ts" time="0">
<skipped>
</skipped>
</testcase>
<testcase name="ITSM CI/CD Integration API BVT › BVTAPI042 - POST /api/itsm/cicd/deployment-complete marks deployment done" classname="bvt/itsm-api-bvt.spec.ts" time="0">
<skipped>
</skipped>
</testcase>
<testcase name="ITSM Self-Service Chatbot API BVT › BVTAPI050 - POST /api/itsm/chatbot/sessions creates chat session" classname="bvt/itsm-api-bvt.spec.ts" time="0">
<skipped>
</skipped>
</testcase>
<testcase name="ITSM Self-Service Chatbot API BVT › BVTAPI051 - POST /api/itsm/chatbot/sessions/{id}/messages sends message" classname="bvt/itsm-api-bvt.spec.ts" time="0">
<skipped>
</skipped>
</testcase>
<testcase name="ITSM Self-Service Chatbot API BVT › BVTAPI052 - GET /api/itsm/chatbot/sessions/{id} returns session history" classname="bvt/itsm-api-bvt.spec.ts" time="0">
<skipped>
</skipped>
</testcase>
<testcase name="ITSM Self-Service Chatbot API BVT › BVTAPI053 - GET /api/itsm/chatbot/quick-actions returns available actions" classname="bvt/itsm-api-bvt.spec.ts" time="0">
<skipped>
</skipped>
</testcase>
<testcase name="ITSM Self-Service Chatbot API BVT › BVTAPI054 - POST /api/itsm/chatbot/search searches knowledge base" classname="bvt/itsm-api-bvt.spec.ts" time="0">
<skipped>
</skipped>
</testcase>
<testcase name="ITSM API Health Checks › BVTAPI060 - API responds to health check" classname="bvt/itsm-api-bvt.spec.ts" time="0">
<skipped>
</skipped>
</testcase>
<testcase name="ITSM API Health Checks › BVTAPI061 - ITSM endpoints require authentication" classname="bvt/itsm-api-bvt.spec.ts" time="0">
<skipped>
</skipped>
</testcase>
</testsuite>
<testsuite name="bvt/itsm-core-api-bvt.spec.ts" timestamp="2026-02-10T13:42:07.987Z" hostname="chromium" tests="41" failures="0" skipped="41" time="0" errors="0">
<testcase name="BVT-15: ITSM Core API Tests › Incident Management › BVT-15-001: GET /api/itsm/incidents returns list" classname="bvt/itsm-core-api-bvt.spec.ts" time="0">
<skipped>
</skipped>
</testcase>
<testcase name="BVT-15: ITSM Core API Tests › Incident Management › BVT-15-002: GET /api/itsm/incidents with pagination" classname="bvt/itsm-core-api-bvt.spec.ts" time="0">
<skipped>
</skipped>
</testcase>
<testcase name="BVT-15: ITSM Core API Tests › Incident Management › BVT-15-003: GET /api/itsm/incidents/{id} returns single incident" classname="bvt/itsm-core-api-bvt.spec.ts" time="0">
<skipped>
</skipped>
</testcase>
<testcase name="BVT-15: ITSM Core API Tests › Incident Management › BVT-15-004: POST /api/itsm/incidents creates incident" classname="bvt/itsm-core-api-bvt.spec.ts" time="0">
<skipped>
</skipped>
</testcase>
<testcase name="BVT-15: ITSM Core API Tests › Incident Management › BVT-15-005: GET /api/itsm/incidents with state filter" classname="bvt/itsm-core-api-bvt.spec.ts" time="0">
<skipped>
</skipped>
</testcase>
<testcase name="BVT-15: ITSM Core API Tests › Incident Management › BVT-15-006: POST /api/itsm/incidents/{id}/comments adds comment" classname="bvt/itsm-core-api-bvt.spec.ts" time="0">
<skipped>
</skipped>
</testcase>
<testcase name="BVT-15: ITSM Core API Tests › Problem Management › BVT-15-011: GET /api/itsm/problems returns list" classname="bvt/itsm-core-api-bvt.spec.ts" time="0">
<skipped>
</skipped>
</testcase>
<testcase name="BVT-15: ITSM Core API Tests › Problem Management › BVT-15-012: GET /api/itsm/problems/{id} returns single problem" classname="bvt/itsm-core-api-bvt.spec.ts" time="0">
<skipped>
</skipped>
</testcase>
<testcase name="BVT-15: ITSM Core API Tests › Problem Management › BVT-15-013: POST /api/itsm/problems creates problem" classname="bvt/itsm-core-api-bvt.spec.ts" time="0">
<skipped>
</skipped>
</testcase>
<testcase name="BVT-15: ITSM Core API Tests › Problem Management › BVT-15-014: GET /api/itsm/problems with known error filter" classname="bvt/itsm-core-api-bvt.spec.ts" time="0">
<skipped>
</skipped>
</testcase>
<testcase name="BVT-15: ITSM Core API Tests › Problem Management › BVT-15-015: GET /api/itsm/problems/{id}/incidents returns related" classname="bvt/itsm-core-api-bvt.spec.ts" time="0">
<skipped>
</skipped>
</testcase>
<testcase name="BVT-15: ITSM Core API Tests › Change Management › BVT-15-021: GET /api/itsm/changes returns list" classname="bvt/itsm-core-api-bvt.spec.ts" time="0">
<skipped>
</skipped>
</testcase>
<testcase name="BVT-15: ITSM Core API Tests › Change Management › BVT-15-022: GET /api/itsm/changes/{id} returns single change" classname="bvt/itsm-core-api-bvt.spec.ts" time="0">
<skipped>
</skipped>
</testcase>
<testcase name="BVT-15: ITSM Core API Tests › Change Management › BVT-15-023: POST /api/itsm/changes creates change request" classname="bvt/itsm-core-api-bvt.spec.ts" time="0">
<skipped>
</skipped>
</testcase>
<testcase name="BVT-15: ITSM Core API Tests › Change Management › BVT-15-024: GET /api/itsm/changes with approval filter" classname="bvt/itsm-core-api-bvt.spec.ts" time="0">
<skipped>
</skipped>
</testcase>
<testcase name="BVT-15: ITSM Core API Tests › Change Management › BVT-15-025: GET /api/itsm/changes/blackout-periods returns blackouts" classname="bvt/itsm-core-api-bvt.spec.ts" time="0">
<skipped>
</skipped>
</testcase>
<testcase name="BVT-15: ITSM Core API Tests › SLA Management › BVT-15-031: GET /api/itsm/sla/policies returns policies" classname="bvt/itsm-core-api-bvt.spec.ts" time="0">
<skipped>
</skipped>
</testcase>
<testcase name="BVT-15: ITSM Core API Tests › SLA Management › BVT-15-032: GET /api/itsm/sla/breached returns breached SLAs" classname="bvt/itsm-core-api-bvt.spec.ts" time="0">
<skipped>
</skipped>
</testcase>
<testcase name="BVT-15: ITSM Core API Tests › SLA Management › BVT-15-033: GET /api/itsm/sla/at-risk returns at-risk SLAs" classname="bvt/itsm-core-api-bvt.spec.ts" time="0">
<skipped>
</skipped>
</testcase>
<testcase name="BVT-15: ITSM Core API Tests › SLA Management › BVT-15-034: GET /api/itsm/sla/dashboard returns dashboard data" classname="bvt/itsm-core-api-bvt.spec.ts" time="0">
<skipped>
</skipped>
</testcase>
<testcase name="BVT-15: ITSM Core API Tests › SLA Management › BVT-15-035: GET /api/itsm/sla/metrics returns metrics" classname="bvt/itsm-core-api-bvt.spec.ts" time="0">
<skipped>
</skipped>
</testcase>
<testcase name="BVT-15: ITSM Core API Tests › CMDB › BVT-15-041: GET /api/itsm/cmdb/cis returns CI list" classname="bvt/itsm-core-api-bvt.spec.ts" time="0">
<skipped>
</skipped>
</testcase>
<testcase name="BVT-15: ITSM Core API Tests › CMDB › BVT-15-042: GET /api/itsm/cmdb/cis/{id} returns single CI" classname="bvt/itsm-core-api-bvt.spec.ts" time="0">
<skipped>
</skipped>
</testcase>
<testcase name="BVT-15: ITSM Core API Tests › CMDB › BVT-15-043: POST /api/itsm/cmdb/cis creates CI" classname="bvt/itsm-core-api-bvt.spec.ts" time="0">
<skipped>
</skipped>
</testcase>
<testcase name="BVT-15: ITSM Core API Tests › CMDB › BVT-15-044: GET /api/itsm/cmdb/cis search by type" classname="bvt/itsm-core-api-bvt.spec.ts" time="0">
<skipped>
</skipped>
</testcase>
<testcase name="BVT-15: ITSM Core API Tests › CMDB › BVT-15-045: GET /api/itsm/cmdb/cis/{id}/relationships returns relations" classname="bvt/itsm-core-api-bvt.spec.ts" time="0">
<skipped>
</skipped>
</testcase>
<testcase name="BVT-15: ITSM Core API Tests › CMDB › BVT-15-046: GET /api/itsm/cmdb/cis/{id}/impact returns impact analysis" classname="bvt/itsm-core-api-bvt.spec.ts" time="0">
<skipped>
</skipped>
</testcase>
<testcase name="BVT-15: ITSM Core API Tests › Knowledge Management › BVT-15-051: GET /api/itsm/knowledge/articles returns articles" classname="bvt/itsm-core-api-bvt.spec.ts" time="0">
<skipped>
</skipped>
</testcase>
<testcase name="BVT-15: ITSM Core API Tests › Knowledge Management › BVT-15-052: GET /api/itsm/knowledge/articles/{id} returns article" classname="bvt/itsm-core-api-bvt.spec.ts" time="0">
<skipped>
</skipped>
</testcase>
<testcase name="BVT-15: ITSM Core API Tests › Knowledge Management › BVT-15-053: GET /api/itsm/knowledge/articles search" classname="bvt/itsm-core-api-bvt.spec.ts" time="0">
<skipped>
</skipped>
</testcase>
<testcase name="BVT-15: ITSM Core API Tests › Knowledge Management › BVT-15-054: GET /api/itsm/knowledge/articles/popular returns top articles" classname="bvt/itsm-core-api-bvt.spec.ts" time="0">
<skipped>
</skipped>
</testcase>
<testcase name="BVT-15: ITSM Core API Tests › Knowledge Management › BVT-15-055: GET /api/itsm/knowledge/articles/recent returns recent articles" classname="bvt/itsm-core-api-bvt.spec.ts" time="0">
<skipped>
</skipped>
</testcase>
<testcase name="BVT-15: ITSM Core API Tests › Knowledge Management › BVT-15-056: GET /api/itsm/knowledge/categories returns categories" classname="bvt/itsm-core-api-bvt.spec.ts" time="0">
<skipped>
</skipped>
</testcase>
<testcase name="BVT-15: ITSM Core API Tests › Service Catalog › BVT-15-061: GET /api/itsm/catalog/items returns catalog items" classname="bvt/itsm-core-api-bvt.spec.ts" time="0">
<skipped>
</skipped>
</testcase>
<testcase name="BVT-15: ITSM Core API Tests › Service Catalog › BVT-15-062: GET /api/itsm/catalog/items/{id} returns single item" classname="bvt/itsm-core-api-bvt.spec.ts" time="0">
<skipped>
</skipped>
</testcase>
<testcase name="BVT-15: ITSM Core API Tests › Service Catalog › BVT-15-063: GET /api/itsm/catalog/items featured only" classname="bvt/itsm-core-api-bvt.spec.ts" time="0">
<skipped>
</skipped>
</testcase>
<testcase name="BVT-15: ITSM Core API Tests › Service Catalog › BVT-15-064: GET /api/itsm/catalog/categories returns categories" classname="bvt/itsm-core-api-bvt.spec.ts" time="0">
<skipped>
</skipped>
</testcase>
<testcase name="BVT-15: ITSM Core API Tests › Service Catalog › BVT-15-065: GET /api/itsm/catalog/search returns search results" classname="bvt/itsm-core-api-bvt.spec.ts" time="0">
<skipped>
</skipped>
</testcase>
<testcase name="BVT-15: ITSM Core API Tests › Service Catalog › BVT-15-066: GET /api/itsm/catalog/my-requests returns user requests" classname="bvt/itsm-core-api-bvt.spec.ts" time="0">
<skipped>
</skipped>
</testcase>
<testcase name="ITSM Core Integration Smoke Tests › SMOKE-001: All ITSM API endpoints respond" classname="bvt/itsm-core-api-bvt.spec.ts" time="0">
<skipped>
</skipped>
</testcase>
<testcase name="ITSM Core Integration Smoke Tests › SMOKE-002: ITSM health check endpoints" classname="bvt/itsm-core-api-bvt.spec.ts" time="0">
<skipped>
</skipped>
</testcase>
</testsuite>
<testsuite name="bvt/itsm-api-bvt.spec.ts" timestamp="2026-02-10T13:42:07.987Z" hostname="firefox" tests="26" failures="0" skipped="26" time="0" errors="0">
<testcase name="ITSM Webhooks API BVT › BVTAPI001 - GET /api/itsm/webhooks/subscriptions returns subscription list" classname="bvt/itsm-api-bvt.spec.ts" time="0">
<skipped>
</skipped>
</testcase>
<testcase name="ITSM Webhooks API BVT › BVTAPI002 - POST /api/itsm/webhooks/subscriptions creates subscription" classname="bvt/itsm-api-bvt.spec.ts" time="0">
<skipped>
</skipped>
</testcase>
<testcase name="ITSM Webhooks API BVT › BVTAPI003 - GET /api/itsm/webhooks/event-types returns supported events" classname="bvt/itsm-api-bvt.spec.ts" time="0">
<skipped>
</skipped>
</testcase>
<testcase name="ITSM Webhooks API BVT › BVTAPI004 - GET /api/itsm/webhooks/deliveries returns delivery history" classname="bvt/itsm-api-bvt.spec.ts" time="0">
<skipped>
</skipped>
</testcase>
<testcase name="ITSM Email-to-Ticket API BVT › BVTAPI010 - POST /api/itsm/email/inbound processes email" classname="bvt/itsm-api-bvt.spec.ts" time="0">
<skipped>
</skipped>
</testcase>
<testcase name="ITSM Email-to-Ticket API BVT › BVTAPI011 - GET /api/itsm/email/config returns email parsing config" classname="bvt/itsm-api-bvt.spec.ts" time="0">
<skipped>
</skipped>
</testcase>
<testcase name="ITSM Email-to-Ticket API BVT › BVTAPI012 - GET /api/itsm/email/history returns processed emails" classname="bvt/itsm-api-bvt.spec.ts" time="0">
<skipped>
</skipped>
</testcase>
<testcase name="ITSM Dashboard API BVT › BVTAPI020 - GET /api/itsm/dashboard/metrics returns metrics" classname="bvt/itsm-api-bvt.spec.ts" time="0">
<skipped>
</skipped>
</testcase>
<testcase name="ITSM Dashboard API BVT › BVTAPI021 - GET /api/itsm/dashboard/incident-trends returns trends" classname="bvt/itsm-api-bvt.spec.ts" time="0">
<skipped>
</skipped>
</testcase>
<testcase name="ITSM Dashboard API BVT › BVTAPI022 - GET /api/itsm/dashboard/sla-compliance returns SLA data" classname="bvt/itsm-api-bvt.spec.ts" time="0">
<skipped>
</skipped>
</testcase>
<testcase name="ITSM Dashboard API BVT › BVTAPI023 - GET /api/itsm/dashboard/agent-performance returns agent metrics" classname="bvt/itsm-api-bvt.spec.ts" time="0">
<skipped>
</skipped>
</testcase>
<testcase name="ITSM Dashboard API BVT › BVTAPI024 - GET /api/itsm/dashboard/executive-summary returns summary" classname="bvt/itsm-api-bvt.spec.ts" time="0">
<skipped>
</skipped>
</testcase>
<testcase name="ITSM Dashboard API BVT › BVTAPI025 - GET /api/itsm/dashboard/category-breakdown returns categories" classname="bvt/itsm-api-bvt.spec.ts" time="0">
<skipped>
</skipped>
</testcase>
<testcase name="ITSM Monitoring Integration API BVT › BVTAPI030 - POST /api/itsm/monitoring/alerts receives Prometheus alert" classname="bvt/itsm-api-bvt.spec.ts" time="0">
<skipped>
</skipped>
</testcase>
<testcase name="ITSM Monitoring Integration API BVT › BVTAPI031 - GET /api/itsm/monitoring/sources returns configured sources" classname="bvt/itsm-api-bvt.spec.ts" time="0">
<skipped>
</skipped>
</testcase>
<testcase name="ITSM Monitoring Integration API BVT › BVTAPI032 - GET /api/itsm/monitoring/alert-mappings returns mappings" classname="bvt/itsm-api-bvt.spec.ts" time="0">
<skipped>
</skipped>
</testcase>
<testcase name="ITSM CI/CD Integration API BVT › BVTAPI040 - POST /api/itsm/cicd/deployment creates change request" classname="bvt/itsm-api-bvt.spec.ts" time="0">
<skipped>
</skipped>
</testcase>
<testcase name="ITSM CI/CD Integration API BVT › BVTAPI041 - GET /api/itsm/cicd/pipelines returns registered pipelines" classname="bvt/itsm-api-bvt.spec.ts" time="0">
<skipped>
</skipped>
</testcase>
<testcase name="ITSM CI/CD Integration API BVT › BVTAPI042 - POST /api/itsm/cicd/deployment-complete marks deployment done" classname="bvt/itsm-api-bvt.spec.ts" time="0">
<skipped>
</skipped>
</testcase>
<testcase name="ITSM Self-Service Chatbot API BVT › BVTAPI050 - POST /api/itsm/chatbot/sessions creates chat session" classname="bvt/itsm-api-bvt.spec.ts" time="0">
<skipped>
</skipped>
</testcase>
<testcase name="ITSM Self-Service Chatbot API BVT › BVTAPI051 - POST /api/itsm/chatbot/sessions/{id}/messages sends message" classname="bvt/itsm-api-bvt.spec.ts" time="0">
<skipped>
</skipped>
</testcase>
<testcase name="ITSM Self-Service Chatbot API BVT › BVTAPI052 - GET /api/itsm/chatbot/sessions/{id} returns session history" classname="bvt/itsm-api-bvt.spec.ts" time="0">
<skipped>
</skipped>
</testcase>
<testcase name="ITSM Self-Service Chatbot API BVT › BVTAPI053 - GET /api/itsm/chatbot/quick-actions returns available actions" classname="bvt/itsm-api-bvt.spec.ts" time="0">
<skipped>
</skipped>
</testcase>
<testcase name="ITSM Self-Service Chatbot API BVT › BVTAPI054 - POST /api/itsm/chatbot/search searches knowledge base" classname="bvt/itsm-api-bvt.spec.ts" time="0">
<skipped>
</skipped>
</testcase>
<testcase name="ITSM API Health Checks › BVTAPI060 - API responds to health check" classname="bvt/itsm-api-bvt.spec.ts" time="0">
<skipped>
</skipped>
</testcase>
<testcase name="ITSM API Health Checks › BVTAPI061 - ITSM endpoints require authentication" classname="bvt/itsm-api-bvt.spec.ts" time="0">
<skipped>
</skipped>
</testcase>
</testsuite>
<testsuite name="bvt/itsm-core-api-bvt.spec.ts" timestamp="2026-02-10T13:42:07.987Z" hostname="firefox" tests="41" failures="0" skipped="41" time="0" errors="0">
<testcase name="BVT-15: ITSM Core API Tests › Incident Management › BVT-15-001: GET /api/itsm/incidents returns list" classname="bvt/itsm-core-api-bvt.spec.ts" time="0">
<skipped>
</skipped>
</testcase>
<testcase name="BVT-15: ITSM Core API Tests › Incident Management › BVT-15-002: GET /api/itsm/incidents with pagination" classname="bvt/itsm-core-api-bvt.spec.ts" time="0">
<skipped>
</skipped>
</testcase>
<testcase name="BVT-15: ITSM Core API Tests › Incident Management › BVT-15-003: GET /api/itsm/incidents/{id} returns single incident" classname="bvt/itsm-core-api-bvt.spec.ts" time="0">
<skipped>
</skipped>
</testcase>
<testcase name="BVT-15: ITSM Core API Tests › Incident Management › BVT-15-004: POST /api/itsm/incidents creates incident" classname="bvt/itsm-core-api-bvt.spec.ts" time="0">
<skipped>
</skipped>
</testcase>
<testcase name="BVT-15: ITSM Core API Tests › Incident Management › BVT-15-005: GET /api/itsm/incidents with state filter" classname="bvt/itsm-core-api-bvt.spec.ts" time="0">
<skipped>
</skipped>
</testcase>
<testcase name="BVT-15: ITSM Core API Tests › Incident Management › BVT-15-006: POST /api/itsm/incidents/{id}/comments adds comment" classname="bvt/itsm-core-api-bvt.spec.ts" time="0">
<skipped>
</skipped>
</testcase>
<testcase name="BVT-15: ITSM Core API Tests › Problem Management › BVT-15-011: GET /api/itsm/problems returns list" classname="bvt/itsm-core-api-bvt.spec.ts" time="0">
<skipped>
</skipped>
</testcase>
<testcase name="BVT-15: ITSM Core API Tests › Problem Management › BVT-15-012: GET /api/itsm/problems/{id} returns single problem" classname="bvt/itsm-core-api-bvt.spec.ts" time="0">
<skipped>
</skipped>
</testcase>
<testcase name="BVT-15: ITSM Core API Tests › Problem Management › BVT-15-013: POST /api/itsm/problems creates problem" classname="bvt/itsm-core-api-bvt.spec.ts" time="0">
<skipped>
</skipped>
</testcase>
<testcase name="BVT-15: ITSM Core API Tests › Problem Management › BVT-15-014: GET /api/itsm/problems with known error filter" classname="bvt/itsm-core-api-bvt.spec.ts" time="0">
<skipped>
</skipped>
</testcase>
<testcase name="BVT-15: ITSM Core API Tests › Problem Management › BVT-15-015: GET /api/itsm/problems/{id}/incidents returns related" classname="bvt/itsm-core-api-bvt.spec.ts" time="0">
<skipped>
</skipped>
</testcase>
<testcase name="BVT-15: ITSM Core API Tests › Change Management › BVT-15-021: GET /api/itsm/changes returns list" classname="bvt/itsm-core-api-bvt.spec.ts" time="0">
<skipped>
</skipped>
</testcase>
<testcase name="BVT-15: ITSM Core API Tests › Change Management › BVT-15-022: GET /api/itsm/changes/{id} returns single change" classname="bvt/itsm-core-api-bvt.spec.ts" time="0">
<skipped>
</skipped>
</testcase>
<testcase name="BVT-15: ITSM Core API Tests › Change Management › BVT-15-023: POST /api/itsm/changes creates change request" classname="bvt/itsm-core-api-bvt.spec.ts" time="0">
<skipped>
</skipped>
</testcase>
<testcase name="BVT-15: ITSM Core API Tests › Change Management › BVT-15-024: GET /api/itsm/changes with approval filter" classname="bvt/itsm-core-api-bvt.spec.ts" time="0">
<skipped>
</skipped>
</testcase>
<testcase name="BVT-15: ITSM Core API Tests › Change Management › BVT-15-025: GET /api/itsm/changes/blackout-periods returns blackouts" classname="bvt/itsm-core-api-bvt.spec.ts" time="0">
<skipped>
</skipped>
</testcase>
<testcase name="BVT-15: ITSM Core API Tests › SLA Management › BVT-15-031: GET /api/itsm/sla/policies returns policies" classname="bvt/itsm-core-api-bvt.spec.ts" time="0">
<skipped>
</skipped>
</testcase>
<testcase name="BVT-15: ITSM Core API Tests › SLA Management › BVT-15-032: GET /api/itsm/sla/breached returns breached SLAs" classname="bvt/itsm-core-api-bvt.spec.ts" time="0">
<skipped>
</skipped>
</testcase>
<testcase name="BVT-15: ITSM Core API Tests › SLA Management › BVT-15-033: GET /api/itsm/sla/at-risk returns at-risk SLAs" classname="bvt/itsm-core-api-bvt.spec.ts" time="0">
<skipped>
</skipped>
</testcase>
<testcase name="BVT-15: ITSM Core API Tests › SLA Management › BVT-15-034: GET /api/itsm/sla/dashboard returns dashboard data" classname="bvt/itsm-core-api-bvt.spec.ts" time="0">
<skipped>
</skipped>
</testcase>
<testcase name="BVT-15: ITSM Core API Tests › SLA Management › BVT-15-035: GET /api/itsm/sla/metrics returns metrics" classname="bvt/itsm-core-api-bvt.spec.ts" time="0">
<skipped>
</skipped>
</testcase>
<testcase name="BVT-15: ITSM Core API Tests › CMDB › BVT-15-041: GET /api/itsm/cmdb/cis returns CI list" classname="bvt/itsm-core-api-bvt.spec.ts" time="0">
<skipped>
</skipped>
</testcase>
<testcase name="BVT-15: ITSM Core API Tests › CMDB › BVT-15-042: GET /api/itsm/cmdb/cis/{id} returns single CI" classname="bvt/itsm-core-api-bvt.spec.ts" time="0">
<skipped>
</skipped>
</testcase>
<testcase name="BVT-15: ITSM Core API Tests › CMDB › BVT-15-043: POST /api/itsm/cmdb/cis creates CI" classname="bvt/itsm-core-api-bvt.spec.ts" time="0">
<skipped>
</skipped>
</testcase>
<testcase name="BVT-15: ITSM Core API Tests › CMDB › BVT-15-044: GET /api/itsm/cmdb/cis search by type" classname="bvt/itsm-core-api-bvt.spec.ts" time="0">
<skipped>
</skipped>
</testcase>
<testcase name="BVT-15: ITSM Core API Tests › CMDB › BVT-15-045: GET /api/itsm/cmdb/cis/{id}/relationships returns relations" classname="bvt/itsm-core-api-bvt.spec.ts" time="0">
<skipped>
</skipped>
</testcase>
<testcase name="BVT-15: ITSM Core API Tests › CMDB › BVT-15-046: GET /api/itsm/cmdb/cis/{id}/impact returns impact analysis" classname="bvt/itsm-core-api-bvt.spec.ts" time="0">
<skipped>
</skipped>
</testcase>
<testcase name="BVT-15: ITSM Core API Tests › Knowledge Management › BVT-15-051: GET /api/itsm/knowledge/articles returns articles" classname="bvt/itsm-core-api-bvt.spec.ts" time="0">
<skipped>
</skipped>
</testcase>
<testcase name="BVT-15: ITSM Core API Tests › Knowledge Management › BVT-15-052: GET /api/itsm/knowledge/articles/{id} returns article" classname="bvt/itsm-core-api-bvt.spec.ts" time="0">
<skipped>
</skipped>
</testcase>
<testcase name="BVT-15: ITSM Core API Tests › Knowledge Management › BVT-15-053: GET /api/itsm/knowledge/articles search" classname="bvt/itsm-core-api-bvt.spec.ts" time="0">
<skipped>
</skipped>
</testcase>
<testcase name="BVT-15: ITSM Core API Tests › Knowledge Management › BVT-15-054: GET /api/itsm/knowledge/articles/popular returns top articles" classname="bvt/itsm-core-api-bvt.spec.ts" time="0">
<skipped>
</skipped>
</testcase>
<testcase name="BVT-15: ITSM Core API Tests › Knowledge Management › BVT-15-055: GET /api/itsm/knowledge/articles/recent returns recent articles" classname="bvt/itsm-core-api-bvt.spec.ts" time="0">
<skipped>
</skipped>
</testcase>
<testcase name="BVT-15: ITSM Core API Tests › Knowledge Management › BVT-15-056: GET /api/itsm/knowledge/categories returns categories" classname="bvt/itsm-core-api-bvt.spec.ts" time="0">
<skipped>
</skipped>
</testcase>
<testcase name="BVT-15: ITSM Core API Tests › Service Catalog › BVT-15-061: GET /api/itsm/catalog/items returns catalog items" classname="bvt/itsm-core-api-bvt.spec.ts" time="0">
<skipped>
</skipped>
</testcase>
<testcase name="BVT-15: ITSM Core API Tests › Service Catalog › BVT-15-062: GET /api/itsm/catalog/items/{id} returns single item" classname="bvt/itsm-core-api-bvt.spec.ts" time="0">
<skipped>
</skipped>
</testcase>
<testcase name="BVT-15: ITSM Core API Tests › Service Catalog › BVT-15-063: GET /api/itsm/catalog/items featured only" classname="bvt/itsm-core-api-bvt.spec.ts" time="0">
<skipped>
</skipped>
</testcase>
<testcase name="BVT-15: ITSM Core API Tests › Service Catalog › BVT-15-064: GET /api/itsm/catalog/categories returns categories" classname="bvt/itsm-core-api-bvt.spec.ts" time="0">
<skipped>
</skipped>
</testcase>
<testcase name="BVT-15: ITSM Core API Tests › Service Catalog › BVT-15-065: GET /api/itsm/catalog/search returns search results" classname="bvt/itsm-core-api-bvt.spec.ts" time="0">
<skipped>
</skipped>
</testcase>
<testcase name="BVT-15: ITSM Core API Tests › Service Catalog › BVT-15-066: GET /api/itsm/catalog/my-requests returns user requests" classname="bvt/itsm-core-api-bvt.spec.ts" time="0">
<skipped>
</skipped>
</testcase>
<testcase name="ITSM Core Integration Smoke Tests › SMOKE-001: All ITSM API endpoints respond" classname="bvt/itsm-core-api-bvt.spec.ts" time="0">
<skipped>
</skipped>
</testcase>
<testcase name="ITSM Core Integration Smoke Tests › SMOKE-002: ITSM health check endpoints" classname="bvt/itsm-core-api-bvt.spec.ts" time="0">
<skipped>
</skipped>
</testcase>
</testsuite>
<testsuite name="bvt/itsm-api-bvt.spec.ts" timestamp="2026-02-10T13:42:07.987Z" hostname="webkit" tests="26" failures="0" skipped="26" time="0" errors="0">
<testcase name="ITSM Webhooks API BVT › BVTAPI001 - GET /api/itsm/webhooks/subscriptions returns subscription list" classname="bvt/itsm-api-bvt.spec.ts" time="0">
<skipped>
</skipped>
</testcase>
<testcase name="ITSM Webhooks API BVT › BVTAPI002 - POST /api/itsm/webhooks/subscriptions creates subscription" classname="bvt/itsm-api-bvt.spec.ts" time="0">
<skipped>
</skipped>
</testcase>
<testcase name="ITSM Webhooks API BVT › BVTAPI003 - GET /api/itsm/webhooks/event-types returns supported events" classname="bvt/itsm-api-bvt.spec.ts" time="0">
<skipped>
</skipped>
</testcase>
<testcase name="ITSM Webhooks API BVT › BVTAPI004 - GET /api/itsm/webhooks/deliveries returns delivery history" classname="bvt/itsm-api-bvt.spec.ts" time="0">
<skipped>
</skipped>
</testcase>
<testcase name="ITSM Email-to-Ticket API BVT › BVTAPI010 - POST /api/itsm/email/inbound processes email" classname="bvt/itsm-api-bvt.spec.ts" time="0">
<skipped>
</skipped>
</testcase>
<testcase name="ITSM Email-to-Ticket API BVT › BVTAPI011 - GET /api/itsm/email/config returns email parsing config" classname="bvt/itsm-api-bvt.spec.ts" time="0">
<skipped>
</skipped>
</testcase>
<testcase name="ITSM Email-to-Ticket API BVT › BVTAPI012 - GET /api/itsm/email/history returns processed emails" classname="bvt/itsm-api-bvt.spec.ts" time="0">
<skipped>
</skipped>
</testcase>
<testcase name="ITSM Dashboard API BVT › BVTAPI020 - GET /api/itsm/dashboard/metrics returns metrics" classname="bvt/itsm-api-bvt.spec.ts" time="0">
<skipped>
</skipped>
</testcase>
<testcase name="ITSM Dashboard API BVT › BVTAPI021 - GET /api/itsm/dashboard/incident-trends returns trends" classname="bvt/itsm-api-bvt.spec.ts" time="0">
<skipped>
</skipped>
</testcase>
<testcase name="ITSM Dashboard API BVT › BVTAPI022 - GET /api/itsm/dashboard/sla-compliance returns SLA data" classname="bvt/itsm-api-bvt.spec.ts" time="0">
<skipped>
</skipped>
</testcase>
<testcase name="ITSM Dashboard API BVT › BVTAPI023 - GET /api/itsm/dashboard/agent-performance returns agent metrics" classname="bvt/itsm-api-bvt.spec.ts" time="0">
<skipped>
</skipped>
</testcase>
<testcase name="ITSM Dashboard API BVT › BVTAPI024 - GET /api/itsm/dashboard/executive-summary returns summary" classname="bvt/itsm-api-bvt.spec.ts" time="0">
<skipped>
</skipped>
</testcase>
<testcase name="ITSM Dashboard API BVT › BVTAPI025 - GET /api/itsm/dashboard/category-breakdown returns categories" classname="bvt/itsm-api-bvt.spec.ts" time="0">
<skipped>
</skipped>
</testcase>
<testcase name="ITSM Monitoring Integration API BVT › BVTAPI030 - POST /api/itsm/monitoring/alerts receives Prometheus alert" classname="bvt/itsm-api-bvt.spec.ts" time="0">
<skipped>
</skipped>
</testcase>
<testcase name="ITSM Monitoring Integration API BVT › BVTAPI031 - GET /api/itsm/monitoring/sources returns configured sources" classname="bvt/itsm-api-bvt.spec.ts" time="0">
<skipped>
</skipped>
</testcase>
<testcase name="ITSM Monitoring Integration API BVT › BVTAPI032 - GET /api/itsm/monitoring/alert-mappings returns mappings" classname="bvt/itsm-api-bvt.spec.ts" time="0">
<skipped>
</skipped>
</testcase>
<testcase name="ITSM CI/CD Integration API BVT › BVTAPI040 - POST /api/itsm/cicd/deployment creates change request" classname="bvt/itsm-api-bvt.spec.ts" time="0">
<skipped>
</skipped>
</testcase>
<testcase name="ITSM CI/CD Integration API BVT › BVTAPI041 - GET /api/itsm/cicd/pipelines returns registered pipelines" classname="bvt/itsm-api-bvt.spec.ts" time="0">
<skipped>
</skipped>
</testcase>
<testcase name="ITSM CI/CD Integration API BVT › BVTAPI042 - POST /api/itsm/cicd/deployment-complete marks deployment done" classname="bvt/itsm-api-bvt.spec.ts" time="0">
<skipped>
</skipped>
</testcase>
<testcase name="ITSM Self-Service Chatbot API BVT › BVTAPI050 - POST /api/itsm/chatbot/sessions creates chat session" classname="bvt/itsm-api-bvt.spec.ts" time="0">
<skipped>
</skipped>
</testcase>
<testcase name="ITSM Self-Service Chatbot API BVT › BVTAPI051 - POST /api/itsm/chatbot/sessions/{id}/messages sends message" classname="bvt/itsm-api-bvt.spec.ts" time="0">
<skipped>
</skipped>
</testcase>
<testcase name="ITSM Self-Service Chatbot API BVT › BVTAPI052 - GET /api/itsm/chatbot/sessions/{id} returns session history" classname="bvt/itsm-api-bvt.spec.ts" time="0">
<skipped>
</skipped>
</testcase>
<testcase name="ITSM Self-Service Chatbot API BVT › BVTAPI053 - GET /api/itsm/chatbot/quick-actions returns available actions" classname="bvt/itsm-api-bvt.spec.ts" time="0">
<skipped>
</skipped>
</testcase>
<testcase name="ITSM Self-Service Chatbot API BVT › BVTAPI054 - POST /api/itsm/chatbot/search searches knowledge base" classname="bvt/itsm-api-bvt.spec.ts" time="0">
<skipped>
</skipped>
</testcase>
<testcase name="ITSM API Health Checks › BVTAPI060 - API responds to health check" classname="bvt/itsm-api-bvt.spec.ts" time="0">
<skipped>
</skipped>
</testcase>
<testcase name="ITSM API Health Checks › BVTAPI061 - ITSM endpoints require authentication" classname="bvt/itsm-api-bvt.spec.ts" time="0">
<skipped>
</skipped>
</testcase>
</testsuite>
<testsuite name="bvt/itsm-core-api-bvt.spec.ts" timestamp="2026-02-10T13:42:07.987Z" hostname="webkit" tests="41" failures="0" skipped="41" time="0" errors="0">
<testcase name="BVT-15: ITSM Core API Tests › Incident Management › BVT-15-001: GET /api/itsm/incidents returns list" classname="bvt/itsm-core-api-bvt.spec.ts" time="0">
<skipped>
</skipped>
</testcase>
<testcase name="BVT-15: ITSM Core API Tests › Incident Management › BVT-15-002: GET /api/itsm/incidents with pagination" classname="bvt/itsm-core-api-bvt.spec.ts" time="0">
<skipped>
</skipped>
</testcase>
<testcase name="BVT-15: ITSM Core API Tests › Incident Management › BVT-15-003: GET /api/itsm/incidents/{id} returns single incident" classname="bvt/itsm-core-api-bvt.spec.ts" time="0">
<skipped>
</skipped>
</testcase>
<testcase name="BVT-15: ITSM Core API Tests › Incident Management › BVT-15-004: POST /api/itsm/incidents creates incident" classname="bvt/itsm-core-api-bvt.spec.ts" time="0">
<skipped>
</skipped>
</testcase>
<testcase name="BVT-15: ITSM Core API Tests › Incident Management › BVT-15-005: GET /api/itsm/incidents with state filter" classname="bvt/itsm-core-api-bvt.spec.ts" time="0">
<skipped>
</skipped>
</testcase>
<testcase name="BVT-15: ITSM Core API Tests › Incident Management › BVT-15-006: POST /api/itsm/incidents/{id}/comments adds comment" classname="bvt/itsm-core-api-bvt.spec.ts" time="0">
<skipped>
</skipped>
</testcase>
<testcase name="BVT-15: ITSM Core API Tests › Problem Management › BVT-15-011: GET /api/itsm/problems returns list" classname="bvt/itsm-core-api-bvt.spec.ts" time="0">
<skipped>
</skipped>
</testcase>
<testcase name="BVT-15: ITSM Core API Tests › Problem Management › BVT-15-012: GET /api/itsm/problems/{id} returns single problem" classname="bvt/itsm-core-api-bvt.spec.ts" time="0">
<skipped>
</skipped>
</testcase>
<testcase name="BVT-15: ITSM Core API Tests › Problem Management › BVT-15-013: POST /api/itsm/problems creates problem" classname="bvt/itsm-core-api-bvt.spec.ts" time="0">
<skipped>
</skipped>
</testcase>
<testcase name="BVT-15: ITSM Core API Tests › Problem Management › BVT-15-014: GET /api/itsm/problems with known error filter" classname="bvt/itsm-core-api-bvt.spec.ts" time="0">
<skipped>
</skipped>
</testcase>
<testcase name="BVT-15: ITSM Core API Tests › Problem Management › BVT-15-015: GET /api/itsm/problems/{id}/incidents returns related" classname="bvt/itsm-core-api-bvt.spec.ts" time="0">
<skipped>
</skipped>
</testcase>
<testcase name="BVT-15: ITSM Core API Tests › Change Management › BVT-15-021: GET /api/itsm/changes returns list" classname="bvt/itsm-core-api-bvt.spec.ts" time="0">
<skipped>
</skipped>
</testcase>
<testcase name="BVT-15: ITSM Core API Tests › Change Management › BVT-15-022: GET /api/itsm/changes/{id} returns single change" classname="bvt/itsm-core-api-bvt.spec.ts" time="0">
<skipped>
</skipped>
</testcase>
<testcase name="BVT-15: ITSM Core API Tests › Change Management › BVT-15-023: POST /api/itsm/changes creates change request" classname="bvt/itsm-core-api-bvt.spec.ts" time="0">
<skipped>
</skipped>
</testcase>
<testcase name="BVT-15: ITSM Core API Tests › Change Management › BVT-15-024: GET /api/itsm/changes with approval filter" classname="bvt/itsm-core-api-bvt.spec.ts" time="0">
<skipped>
</skipped>
</testcase>
<testcase name="BVT-15: ITSM Core API Tests › Change Management › BVT-15-025: GET /api/itsm/changes/blackout-periods returns blackouts" classname="bvt/itsm-core-api-bvt.spec.ts" time="0">
<skipped>
</skipped>
</testcase>
<testcase name="BVT-15: ITSM Core API Tests › SLA Management › BVT-15-031: GET /api/itsm/sla/policies returns policies" classname="bvt/itsm-core-api-bvt.spec.ts" time="0">
<skipped>
</skipped>
</testcase>
<testcase name="BVT-15: ITSM Core API Tests › SLA Management › BVT-15-032: GET /api/itsm/sla/breached returns breached SLAs" classname="bvt/itsm-core-api-bvt.spec.ts" time="0">
<skipped>
</skipped>
</testcase>
<testcase name="BVT-15: ITSM Core API Tests › SLA Management › BVT-15-033: GET /api/itsm/sla/at-risk returns at-risk SLAs" classname="bvt/itsm-core-api-bvt.spec.ts" time="0">
<skipped>
</skipped>
</testcase>
<testcase name="BVT-15: ITSM Core API Tests › SLA Management › BVT-15-034: GET /api/itsm/sla/dashboard returns dashboard data" classname="bvt/itsm-core-api-bvt.spec.ts" time="0">
<skipped>
</skipped>
</testcase>
<testcase name="BVT-15: ITSM Core API Tests › SLA Management › BVT-15-035: GET /api/itsm/sla/metrics returns metrics" classname="bvt/itsm-core-api-bvt.spec.ts" time="0">
<skipped>
</skipped>
</testcase>
<testcase name="BVT-15: ITSM Core API Tests › CMDB › BVT-15-041: GET /api/itsm/cmdb/cis returns CI list" classname="bvt/itsm-core-api-bvt.spec.ts" time="0">
<skipped>
</skipped>
</testcase>
<testcase name="BVT-15: ITSM Core API Tests › CMDB › BVT-15-042: GET /api/itsm/cmdb/cis/{id} returns single CI" classname="bvt/itsm-core-api-bvt.spec.ts" time="0">
<skipped>
</skipped>
</testcase>
<testcase name="BVT-15: ITSM Core API Tests › CMDB › BVT-15-043: POST /api/itsm/cmdb/cis creates CI" classname="bvt/itsm-core-api-bvt.spec.ts" time="0">
<skipped>
</skipped>
</testcase>
<testcase name="BVT-15: ITSM Core API Tests › CMDB › BVT-15-044: GET /api/itsm/cmdb/cis search by type" classname="bvt/itsm-core-api-bvt.spec.ts" time="0">
<skipped>
</skipped>
</testcase>
<testcase name="BVT-15: ITSM Core API Tests › CMDB › BVT-15-045: GET /api/itsm/cmdb/cis/{id}/relationships returns relations" classname="bvt/itsm-core-api-bvt.spec.ts" time="0">
<skipped>
</skipped>
</testcase>
<testcase name="BVT-15: ITSM Core API Tests › CMDB › BVT-15-046: GET /api/itsm/cmdb/cis/{id}/impact returns impact analysis" classname="bvt/itsm-core-api-bvt.spec.ts" time="0">
<skipped>
</skipped>
</testcase>
<testcase name="BVT-15: ITSM Core API Tests › Knowledge Management › BVT-15-051: GET /api/itsm/knowledge/articles returns articles" classname="bvt/itsm-core-api-bvt.spec.ts" time="0">
<skipped>
</skipped>
</testcase>
<testcase name="BVT-15: ITSM Core API Tests › Knowledge Management › BVT-15-052: GET /api/itsm/knowledge/articles/{id} returns article" classname="bvt/itsm-core-api-bvt.spec.ts" time="0">
<skipped>
</skipped>
</testcase>
<testcase name="BVT-15: ITSM Core API Tests › Knowledge Management › BVT-15-053: GET /api/itsm/knowledge/articles search" classname="bvt/itsm-core-api-bvt.spec.ts" time="0">
<skipped>
</skipped>
</testcase>
<testcase name="BVT-15: ITSM Core API Tests › Knowledge Management › BVT-15-054: GET /api/itsm/knowledge/articles/popular returns top articles" classname="bvt/itsm-core-api-bvt.spec.ts" time="0">
<skipped>
</skipped>
</testcase>
<testcase name="BVT-15: ITSM Core API Tests › Knowledge Management › BVT-15-055: GET /api/itsm/knowledge/articles/recent returns recent articles" classname="bvt/itsm-core-api-bvt.spec.ts" time="0">
<skipped>
</skipped>
</testcase>
<testcase name="BVT-15: ITSM Core API Tests › Knowledge Management › BVT-15-056: GET /api/itsm/knowledge/categories returns categories" classname="bvt/itsm-core-api-bvt.spec.ts" time="0">
<skipped>
</skipped>
</testcase>
<testcase name="BVT-15: ITSM Core API Tests › Service Catalog › BVT-15-061: GET /api/itsm/catalog/items returns catalog items" classname="bvt/itsm-core-api-bvt.spec.ts" time="0">
<skipped>
</skipped>
</testcase>
<testcase name="BVT-15: ITSM Core API Tests › Service Catalog › BVT-15-062: GET /api/itsm/catalog/items/{id} returns single item" classname="bvt/itsm-core-api-bvt.spec.ts" time="0">
<skipped>
</skipped>
</testcase>
<testcase name="BVT-15: ITSM Core API Tests › Service Catalog › BVT-15-063: GET /api/itsm/catalog/items featured only" classname="bvt/itsm-core-api-bvt.spec.ts" time="0">
<skipped>
</skipped>
</testcase>
<testcase name="BVT-15: ITSM Core API Tests › Service Catalog › BVT-15-064: GET /api/itsm/catalog/categories returns categories" classname="bvt/itsm-core-api-bvt.spec.ts" time="0">
<skipped>
</skipped>
</testcase>
<testcase name="BVT-15: ITSM Core API Tests › Service Catalog › BVT-15-065: GET /api/itsm/catalog/search returns search results" classname="bvt/itsm-core-api-bvt.spec.ts" time="0">
<skipped>
</skipped>
</testcase>
<testcase name="BVT-15: ITSM Core API Tests › Service Catalog › BVT-15-066: GET /api/itsm/catalog/my-requests returns user requests" classname="bvt/itsm-core-api-bvt.spec.ts" time="0">
<skipped>
</skipped>
</testcase>
<testcase name="ITSM Core Integration Smoke Tests › SMOKE-001: All ITSM API endpoints respond" classname="bvt/itsm-core-api-bvt.spec.ts" time="0">
<skipped>
</skipped>
</testcase>
<testcase name="ITSM Core Integration Smoke Tests › SMOKE-002: ITSM health check endpoints" classname="bvt/itsm-core-api-bvt.spec.ts" time="0">
<skipped>
</skipped>
</testcase>
</testsuite>
<testsuite name="bvt/itsm-api-bvt.spec.ts" timestamp="2026-02-10T13:42:07.987Z" hostname="Mobile Chrome" tests="26" failures="0" skipped="26" time="0" errors="0">
<testcase name="ITSM Webhooks API BVT › BVTAPI001 - GET /api/itsm/webhooks/subscriptions returns subscription list" classname="bvt/itsm-api-bvt.spec.ts" time="0">
<skipped>
</skipped>
</testcase>
<testcase name="ITSM Webhooks API BVT › BVTAPI002 - POST /api/itsm/webhooks/subscriptions creates subscription" classname="bvt/itsm-api-bvt.spec.ts" time="0">
<skipped>
</skipped>
</testcase>
<testcase name="ITSM Webhooks API BVT › BVTAPI003 - GET /api/itsm/webhooks/event-types returns supported events" classname="bvt/itsm-api-bvt.spec.ts" time="0">
<skipped>
</skipped>
</testcase>
<testcase name="ITSM Webhooks API BVT › BVTAPI004 - GET /api/itsm/webhooks/deliveries returns delivery history" classname="bvt/itsm-api-bvt.spec.ts" time="0">
<skipped>
</skipped>
</testcase>
<testcase name="ITSM Email-to-Ticket API BVT › BVTAPI010 - POST /api/itsm/email/inbound processes email" classname="bvt/itsm-api-bvt.spec.ts" time="0">
<skipped>
</skipped>
</testcase>
<testcase name="ITSM Email-to-Ticket API BVT › BVTAPI011 - GET /api/itsm/email/config returns email parsing config" classname="bvt/itsm-api-bvt.spec.ts" time="0">
<skipped>
</skipped>
</testcase>
<testcase name="ITSM Email-to-Ticket API BVT › BVTAPI012 - GET /api/itsm/email/history returns processed emails" classname="bvt/itsm-api-bvt.spec.ts" time="0">
<skipped>
</skipped>
</testcase>
<testcase name="ITSM Dashboard API BVT › BVTAPI020 - GET /api/itsm/dashboard/metrics returns metrics" classname="bvt/itsm-api-bvt.spec.ts" time="0">
<skipped>
</skipped>
</testcase>
<testcase name="ITSM Dashboard API BVT › BVTAPI021 - GET /api/itsm/dashboard/incident-trends returns trends" classname="bvt/itsm-api-bvt.spec.ts" time="0">
<skipped>
</skipped>
</testcase>
<testcase name="ITSM Dashboard API BVT › BVTAPI022 - GET /api/itsm/dashboard/sla-compliance returns SLA data" classname="bvt/itsm-api-bvt.spec.ts" time="0">
<skipped>
</skipped>
</testcase>
<testcase name="ITSM Dashboard API BVT › BVTAPI023 - GET /api/itsm/dashboard/agent-performance returns agent metrics" classname="bvt/itsm-api-bvt.spec.ts" time="0">
<skipped>
</skipped>
</testcase>
<testcase name="ITSM Dashboard API BVT › BVTAPI024 - GET /api/itsm/dashboard/executive-summary returns summary" classname="bvt/itsm-api-bvt.spec.ts" time="0">
<skipped>
</skipped>
</testcase>
<testcase name="ITSM Dashboard API BVT › BVTAPI025 - GET /api/itsm/dashboard/category-breakdown returns categories" classname="bvt/itsm-api-bvt.spec.ts" time="0">
<skipped>
</skipped>
</testcase>
<testcase name="ITSM Monitoring Integration API BVT › BVTAPI030 - POST /api/itsm/monitoring/alerts receives Prometheus alert" classname="bvt/itsm-api-bvt.spec.ts" time="0">
<skipped>
</skipped>
</testcase>
<testcase name="ITSM Monitoring Integration API BVT › BVTAPI031 - GET /api/itsm/monitoring/sources returns configured sources" classname="bvt/itsm-api-bvt.spec.ts" time="0">
<skipped>
</skipped>
</testcase>
<testcase name="ITSM Monitoring Integration API BVT › BVTAPI032 - GET /api/itsm/monitoring/alert-mappings returns mappings" classname="bvt/itsm-api-bvt.spec.ts" time="0">
<skipped>
</skipped>
</testcase>
<testcase name="ITSM CI/CD Integration API BVT › BVTAPI040 - POST /api/itsm/cicd/deployment creates change request" classname="bvt/itsm-api-bvt.spec.ts" time="0">
<skipped>
</skipped>
</testcase>
<testcase name="ITSM CI/CD Integration API BVT › BVTAPI041 - GET /api/itsm/cicd/pipelines returns registered pipelines" classname="bvt/itsm-api-bvt.spec.ts" time="0">
<skipped>
</skipped>
</testcase>
<testcase name="ITSM CI/CD Integration API BVT › BVTAPI042 - POST /api/itsm/cicd/deployment-complete marks deployment done" classname="bvt/itsm-api-bvt.spec.ts" time="0">
<skipped>
</skipped>
</testcase>
<testcase name="ITSM Self-Service Chatbot API BVT › BVTAPI050 - POST /api/itsm/chatbot/sessions creates chat session" classname="bvt/itsm-api-bvt.spec.ts" time="0">
<skipped>
</skipped>
</testcase>
<testcase name="ITSM Self-Service Chatbot API BVT › BVTAPI051 - POST /api/itsm/chatbot/sessions/{id}/messages sends message" classname="bvt/itsm-api-bvt.spec.ts" time="0">
<skipped>
</skipped>
</testcase>
<testcase name="ITSM Self-Service Chatbot API BVT › BVTAPI052 - GET /api/itsm/chatbot/sessions/{id} returns session history" classname="bvt/itsm-api-bvt.spec.ts" time="0">
<skipped>
</skipped>
</testcase>
<testcase name="ITSM Self-Service Chatbot API BVT › BVTAPI053 - GET /api/itsm/chatbot/quick-actions returns available actions" classname="bvt/itsm-api-bvt.spec.ts" time="0">
<skipped>
</skipped>
</testcase>
<testcase name="ITSM Self-Service Chatbot API BVT › BVTAPI054 - POST /api/itsm/chatbot/search searches knowledge base" classname="bvt/itsm-api-bvt.spec.ts" time="0">
<skipped>
</skipped>
</testcase>
<testcase name="ITSM API Health Checks › BVTAPI060 - API responds to health check" classname="bvt/itsm-api-bvt.spec.ts" time="0">
<skipped>
</skipped>
</testcase>
<testcase name="ITSM API Health Checks › BVTAPI061 - ITSM endpoints require authentication" classname="bvt/itsm-api-bvt.spec.ts" time="0">
<skipped>
</skipped>
</testcase>
</testsuite>
<testsuite name="bvt/itsm-core-api-bvt.spec.ts" timestamp="2026-02-10T13:42:07.987Z" hostname="Mobile Chrome" tests="41" failures="0" skipped="41" time="0" errors="0">
<testcase name="BVT-15: ITSM Core API Tests › Incident Management › BVT-15-001: GET /api/itsm/incidents returns list" classname="bvt/itsm-core-api-bvt.spec.ts" time="0">
<skipped>
</skipped>
</testcase>
<testcase name="BVT-15: ITSM Core API Tests › Incident Management › BVT-15-002: GET /api/itsm/incidents with pagination" classname="bvt/itsm-core-api-bvt.spec.ts" time="0">
<skipped>
</skipped>
</testcase>
<testcase name="BVT-15: ITSM Core API Tests › Incident Management › BVT-15-003: GET /api/itsm/incidents/{id} returns single incident" classname="bvt/itsm-core-api-bvt.spec.ts" time="0">
<skipped>
</skipped>
</testcase>
<testcase name="BVT-15: ITSM Core API Tests › Incident Management › BVT-15-004: POST /api/itsm/incidents creates incident" classname="bvt/itsm-core-api-bvt.spec.ts" time="0">
<skipped>
</skipped>
</testcase>
<testcase name="BVT-15: ITSM Core API Tests › Incident Management › BVT-15-005: GET /api/itsm/incidents with state filter" classname="bvt/itsm-core-api-bvt.spec.ts" time="0">
<skipped>
</skipped>
</testcase>
<testcase name="BVT-15: ITSM Core API Tests › Incident Management › BVT-15-006: POST /api/itsm/incidents/{id}/comments adds comment" classname="bvt/itsm-core-api-bvt.spec.ts" time="0">
<skipped>
</skipped>
</testcase>
<testcase name="BVT-15: ITSM Core API Tests › Problem Management › BVT-15-011: GET /api/itsm/problems returns list" classname="bvt/itsm-core-api-bvt.spec.ts" time="0">
<skipped>
</skipped>
</testcase>
<testcase name="BVT-15: ITSM Core API Tests › Problem Management › BVT-15-012: GET /api/itsm/problems/{id} returns single problem" classname="bvt/itsm-core-api-bvt.spec.ts" time="0">
<skipped>
</skipped>
</testcase>
<testcase name="BVT-15: ITSM Core API Tests › Problem Management › BVT-15-013: POST /api/itsm/problems creates problem" classname="bvt/itsm-core-api-bvt.spec.ts" time="0">
<skipped>
</skipped>
</testcase>
<testcase name="BVT-15: ITSM Core API Tests › Problem Management › BVT-15-014: GET /api/itsm/problems with known error filter" classname="bvt/itsm-core-api-bvt.spec.ts" time="0">
<skipped>
</skipped>
</testcase>
<testcase name="BVT-15: ITSM Core API Tests › Problem Management › BVT-15-015: GET /api/itsm/problems/{id}/incidents returns related" classname="bvt/itsm-core-api-bvt.spec.ts" time="0">
<skipped>
</skipped>
</testcase>
<testcase name="BVT-15: ITSM Core API Tests › Change Management › BVT-15-021: GET /api/itsm/changes returns list" classname="bvt/itsm-core-api-bvt.spec.ts" time="0">
<skipped>
</skipped>
</testcase>
<testcase name="BVT-15: ITSM Core API Tests › Change Management › BVT-15-022: GET /api/itsm/changes/{id} returns single change" classname="bvt/itsm-core-api-bvt.spec.ts" time="0">
<skipped>
</skipped>
</testcase>
<testcase name="BVT-15: ITSM Core API Tests › Change Management › BVT-15-023: POST /api/itsm/changes creates change request" classname="bvt/itsm-core-api-bvt.spec.ts" time="0">
<skipped>
</skipped>
</testcase>
<testcase name="BVT-15: ITSM Core API Tests › Change Management › BVT-15-024: GET /api/itsm/changes with approval filter" classname="bvt/itsm-core-api-bvt.spec.ts" time="0">
<skipped>
</skipped>
</testcase>
<testcase name="BVT-15: ITSM Core API Tests › Change Management › BVT-15-025: GET /api/itsm/changes/blackout-periods returns blackouts" classname="bvt/itsm-core-api-bvt.spec.ts" time="0">
<skipped>
</skipped>
</testcase>
<testcase name="BVT-15: ITSM Core API Tests › SLA Management › BVT-15-031: GET /api/itsm/sla/policies returns policies" classname="bvt/itsm-core-api-bvt.spec.ts" time="0">
<skipped>
</skipped>
</testcase>
<testcase name="BVT-15: ITSM Core API Tests › SLA Management › BVT-15-032: GET /api/itsm/sla/breached returns breached SLAs" classname="bvt/itsm-core-api-bvt.spec.ts" time="0">
<skipped>
</skipped>
</testcase>
<testcase name="BVT-15: ITSM Core API Tests › SLA Management › BVT-15-033: GET /api/itsm/sla/at-risk returns at-risk SLAs" classname="bvt/itsm-core-api-bvt.spec.ts" time="0">
<skipped>
</skipped>
</testcase>
<testcase name="BVT-15: ITSM Core API Tests › SLA Management › BVT-15-034: GET /api/itsm/sla/dashboard returns dashboard data" classname="bvt/itsm-core-api-bvt.spec.ts" time="0">
<skipped>
</skipped>
</testcase>
<testcase name="BVT-15: ITSM Core API Tests › SLA Management › BVT-15-035: GET /api/itsm/sla/metrics returns metrics" classname="bvt/itsm-core-api-bvt.spec.ts" time="0">
<skipped>
</skipped>
</testcase>
<testcase name="BVT-15: ITSM Core API Tests › CMDB › BVT-15-041: GET /api/itsm/cmdb/cis returns CI list" classname="bvt/itsm-core-api-bvt.spec.ts" time="0">
<skipped>
</skipped>
</testcase>
<testcase name="BVT-15: ITSM Core API Tests › CMDB › BVT-15-042: GET /api/itsm/cmdb/cis/{id} returns single CI" classname="bvt/itsm-core-api-bvt.spec.ts" time="0">
<skipped>
</skipped>
</testcase>
<testcase name="BVT-15: ITSM Core API Tests › CMDB › BVT-15-043: POST /api/itsm/cmdb/cis creates CI" classname="bvt/itsm-core-api-bvt.spec.ts" time="0">
<skipped>
</skipped>
</testcase>
<testcase name="BVT-15: ITSM Core API Tests › CMDB › BVT-15-044: GET /api/itsm/cmdb/cis search by type" classname="bvt/itsm-core-api-bvt.spec.ts" time="0">
<skipped>
</skipped>
</testcase>
<testcase name="BVT-15: ITSM Core API Tests › CMDB › BVT-15-045: GET /api/itsm/cmdb/cis/{id}/relationships returns relations" classname="bvt/itsm-core-api-bvt.spec.ts" time="0">
<skipped>
</skipped>
</testcase>
<testcase name="BVT-15: ITSM Core API Tests › CMDB › BVT-15-046: GET /api/itsm/cmdb/cis/{id}/impact returns impact analysis" classname="bvt/itsm-core-api-bvt.spec.ts" time="0">
<skipped>
</skipped>
</testcase>
<testcase name="BVT-15: ITSM Core API Tests › Knowledge Management › BVT-15-051: GET /api/itsm/knowledge/articles returns articles" classname="bvt/itsm-core-api-bvt.spec.ts" time="0">
<skipped>
</skipped>
</testcase>
<testcase name="BVT-15: ITSM Core API Tests › Knowledge Management › BVT-15-052: GET /api/itsm/knowledge/articles/{id} returns article" classname="bvt/itsm-core-api-bvt.spec.ts" time="0">
<skipped>
</skipped>
</testcase>
<testcase name="BVT-15: ITSM Core API Tests › Knowledge Management › BVT-15-053: GET /api/itsm/knowledge/articles search" classname="bvt/itsm-core-api-bvt.spec.ts" time="0">
<skipped>
</skipped>
</testcase>
<testcase name="BVT-15: ITSM Core API Tests › Knowledge Management › BVT-15-054: GET /api/itsm/knowledge/articles/popular returns top articles" classname="bvt/itsm-core-api-bvt.spec.ts" time="0">
<skipped>
</skipped>
</testcase>
<testcase name="BVT-15: ITSM Core API Tests › Knowledge Management › BVT-15-055: GET /api/itsm/knowledge/articles/recent returns recent articles" classname="bvt/itsm-core-api-bvt.spec.ts" time="0">
<skipped>
</skipped>
</testcase>
<testcase name="BVT-15: ITSM Core API Tests › Knowledge Management › BVT-15-056: GET /api/itsm/knowledge/categories returns categories" classname="bvt/itsm-core-api-bvt.spec.ts" time="0">
<skipped>
</skipped>
</testcase>
<testcase name="BVT-15: ITSM Core API Tests › Service Catalog › BVT-15-061: GET /api/itsm/catalog/items returns catalog items" classname="bvt/itsm-core-api-bvt.spec.ts" time="0">
<skipped>
</skipped>
</testcase>
<testcase name="BVT-15: ITSM Core API Tests › Service Catalog › BVT-15-062: GET /api/itsm/catalog/items/{id} returns single item" classname="bvt/itsm-core-api-bvt.spec.ts" time="0">
<skipped>
</skipped>
</testcase>
<testcase name="BVT-15: ITSM Core API Tests › Service Catalog › BVT-15-063: GET /api/itsm/catalog/items featured only" classname="bvt/itsm-core-api-bvt.spec.ts" time="0">
<skipped>
</skipped>
</testcase>
<testcase name="BVT-15: ITSM Core API Tests › Service Catalog › BVT-15-064: GET /api/itsm/catalog/categories returns categories" classname="bvt/itsm-core-api-bvt.spec.ts" time="0">
<skipped>
</skipped>
</testcase>
<testcase name="BVT-15: ITSM Core API Tests › Service Catalog › BVT-15-065: GET /api/itsm/catalog/search returns search results" classname="bvt/itsm-core-api-bvt.spec.ts" time="0">
<skipped>
</skipped>
</testcase>
<testcase name="BVT-15: ITSM Core API Tests › Service Catalog › BVT-15-066: GET /api/itsm/catalog/my-requests returns user requests" classname="bvt/itsm-core-api-bvt.spec.ts" time="0">
<skipped>
</skipped>
</testcase>
<testcase name="ITSM Core Integration Smoke Tests › SMOKE-001: All ITSM API endpoints respond" classname="bvt/itsm-core-api-bvt.spec.ts" time="0">
<skipped>
</skipped>
</testcase>
<testcase name="ITSM Core Integration Smoke Tests › SMOKE-002: ITSM health check endpoints" classname="bvt/itsm-core-api-bvt.spec.ts" time="0">
<skipped>
</skipped>
</testcase>
</testsuite>
<testsuite name="bvt/itsm-api-bvt.spec.ts" timestamp="2026-02-10T13:42:07.987Z" hostname="Mobile Safari" tests="26" failures="0" skipped="26" time="0" errors="0">
<testcase name="ITSM Webhooks API BVT › BVTAPI001 - GET /api/itsm/webhooks/subscriptions returns subscription list" classname="bvt/itsm-api-bvt.spec.ts" time="0">
<skipped>
</skipped>
</testcase>
<testcase name="ITSM Webhooks API BVT › BVTAPI002 - POST /api/itsm/webhooks/subscriptions creates subscription" classname="bvt/itsm-api-bvt.spec.ts" time="0">
<skipped>
</skipped>
</testcase>
<testcase name="ITSM Webhooks API BVT › BVTAPI003 - GET /api/itsm/webhooks/event-types returns supported events" classname="bvt/itsm-api-bvt.spec.ts" time="0">
<skipped>
</skipped>
</testcase>
<testcase name="ITSM Webhooks API BVT › BVTAPI004 - GET /api/itsm/webhooks/deliveries returns delivery history" classname="bvt/itsm-api-bvt.spec.ts" time="0">
<skipped>
</skipped>
</testcase>
<testcase name="ITSM Email-to-Ticket API BVT › BVTAPI010 - POST /api/itsm/email/inbound processes email" classname="bvt/itsm-api-bvt.spec.ts" time="0">
<skipped>
</skipped>
</testcase>
<testcase name="ITSM Email-to-Ticket API BVT › BVTAPI011 - GET /api/itsm/email/config returns email parsing config" classname="bvt/itsm-api-bvt.spec.ts" time="0">
<skipped>
</skipped>
</testcase>
<testcase name="ITSM Email-to-Ticket API BVT › BVTAPI012 - GET /api/itsm/email/history returns processed emails" classname="bvt/itsm-api-bvt.spec.ts" time="0">
<skipped>
</skipped>
</testcase>
<testcase name="ITSM Dashboard API BVT › BVTAPI020 - GET /api/itsm/dashboard/metrics returns metrics" classname="bvt/itsm-api-bvt.spec.ts" time="0">
<skipped>
</skipped>
</testcase>
<testcase name="ITSM Dashboard API BVT › BVTAPI021 - GET /api/itsm/dashboard/incident-trends returns trends" classname="bvt/itsm-api-bvt.spec.ts" time="0">
<skipped>
</skipped>
</testcase>
<testcase name="ITSM Dashboard API BVT › BVTAPI022 - GET /api/itsm/dashboard/sla-compliance returns SLA data" classname="bvt/itsm-api-bvt.spec.ts" time="0">
<skipped>
</skipped>
</testcase>
<testcase name="ITSM Dashboard API BVT › BVTAPI023 - GET /api/itsm/dashboard/agent-performance returns agent metrics" classname="bvt/itsm-api-bvt.spec.ts" time="0">
<skipped>
</skipped>
</testcase>
<testcase name="ITSM Dashboard API BVT › BVTAPI024 - GET /api/itsm/dashboard/executive-summary returns summary" classname="bvt/itsm-api-bvt.spec.ts" time="0">
<skipped>
</skipped>
</testcase>
<testcase name="ITSM Dashboard API BVT › BVTAPI025 - GET /api/itsm/dashboard/category-breakdown returns categories" classname="bvt/itsm-api-bvt.spec.ts" time="0">
<skipped>
</skipped>
</testcase>
<testcase name="ITSM Monitoring Integration API BVT › BVTAPI030 - POST /api/itsm/monitoring/alerts receives Prometheus alert" classname="bvt/itsm-api-bvt.spec.ts" time="0">
<skipped>
</skipped>
</testcase>
<testcase name="ITSM Monitoring Integration API BVT › BVTAPI031 - GET /api/itsm/monitoring/sources returns configured sources" classname="bvt/itsm-api-bvt.spec.ts" time="0">
<skipped>
</skipped>
</testcase>
<testcase name="ITSM Monitoring Integration API BVT › BVTAPI032 - GET /api/itsm/monitoring/alert-mappings returns mappings" classname="bvt/itsm-api-bvt.spec.ts" time="0">
<skipped>
</skipped>
</testcase>
<testcase name="ITSM CI/CD Integration API BVT › BVTAPI040 - POST /api/itsm/cicd/deployment creates change request" classname="bvt/itsm-api-bvt.spec.ts" time="0">
<skipped>
</skipped>
</testcase>
<testcase name="ITSM CI/CD Integration API BVT › BVTAPI041 - GET /api/itsm/cicd/pipelines returns registered pipelines" classname="bvt/itsm-api-bvt.spec.ts" time="0">
<skipped>
</skipped>
</testcase>
<testcase name="ITSM CI/CD Integration API BVT › BVTAPI042 - POST /api/itsm/cicd/deployment-complete marks deployment done" classname="bvt/itsm-api-bvt.spec.ts" time="0">
<skipped>
</skipped>
</testcase>
<testcase name="ITSM Self-Service Chatbot API BVT › BVTAPI050 - POST /api/itsm/chatbot/sessions creates chat session" classname="bvt/itsm-api-bvt.spec.ts" time="0">
<skipped>
</skipped>
</testcase>
<testcase name="ITSM Self-Service Chatbot API BVT › BVTAPI051 - POST /api/itsm/chatbot/sessions/{id}/messages sends message" classname="bvt/itsm-api-bvt.spec.ts" time="0">
<skipped>
</skipped>
</testcase>
<testcase name="ITSM Self-Service Chatbot API BVT › BVTAPI052 - GET /api/itsm/chatbot/sessions/{id} returns session history" classname="bvt/itsm-api-bvt.spec.ts" time="0">
<skipped>
</skipped>
</testcase>
<testcase name="ITSM Self-Service Chatbot API BVT › BVTAPI053 - GET /api/itsm/chatbot/quick-actions returns available actions" classname="bvt/itsm-api-bvt.spec.ts" time="0">
<skipped>
</skipped>
</testcase>
<testcase name="ITSM Self-Service Chatbot API BVT › BVTAPI054 - POST /api/itsm/chatbot/search searches knowledge base" classname="bvt/itsm-api-bvt.spec.ts" time="0">
<skipped>
</skipped>
</testcase>
<testcase name="ITSM API Health Checks › BVTAPI060 - API responds to health check" classname="bvt/itsm-api-bvt.spec.ts" time="0">
<skipped>
</skipped>
</testcase>
<testcase name="ITSM API Health Checks › BVTAPI061 - ITSM endpoints require authentication" classname="bvt/itsm-api-bvt.spec.ts" time="0">
<skipped>
</skipped>
</testcase>
</testsuite>
<testsuite name="bvt/itsm-core-api-bvt.spec.ts" timestamp="2026-02-10T13:42:07.987Z" hostname="Mobile Safari" tests="41" failures="0" skipped="41" time="0" errors="0">
<testcase name="BVT-15: ITSM Core API Tests › Incident Management › BVT-15-001: GET /api/itsm/incidents returns list" classname="bvt/itsm-core-api-bvt.spec.ts" time="0">
<skipped>
</skipped>
</testcase>
<testcase name="BVT-15: ITSM Core API Tests › Incident Management › BVT-15-002: GET /api/itsm/incidents with pagination" classname="bvt/itsm-core-api-bvt.spec.ts" time="0">
<skipped>
</skipped>
</testcase>
<testcase name="BVT-15: ITSM Core API Tests › Incident Management › BVT-15-003: GET /api/itsm/incidents/{id} returns single incident" classname="bvt/itsm-core-api-bvt.spec.ts" time="0">
<skipped>
</skipped>
</testcase>
<testcase name="BVT-15: ITSM Core API Tests › Incident Management › BVT-15-004: POST /api/itsm/incidents creates incident" classname="bvt/itsm-core-api-bvt.spec.ts" time="0">
<skipped>
</skipped>
</testcase>
<testcase name="BVT-15: ITSM Core API Tests › Incident Management › BVT-15-005: GET /api/itsm/incidents with state filter" classname="bvt/itsm-core-api-bvt.spec.ts" time="0">
<skipped>
</skipped>
</testcase>
<testcase name="BVT-15: ITSM Core API Tests › Incident Management › BVT-15-006: POST /api/itsm/incidents/{id}/comments adds comment" classname="bvt/itsm-core-api-bvt.spec.ts" time="0">
<skipped>
</skipped>
</testcase>
<testcase name="BVT-15: ITSM Core API Tests › Problem Management › BVT-15-011: GET /api/itsm/problems returns list" classname="bvt/itsm-core-api-bvt.spec.ts" time="0">
<skipped>
</skipped>
</testcase>
<testcase name="BVT-15: ITSM Core API Tests › Problem Management › BVT-15-012: GET /api/itsm/problems/{id} returns single problem" classname="bvt/itsm-core-api-bvt.spec.ts" time="0">
<skipped>
</skipped>
</testcase>
<testcase name="BVT-15: ITSM Core API Tests › Problem Management › BVT-15-013: POST /api/itsm/problems creates problem" classname="bvt/itsm-core-api-bvt.spec.ts" time="0">
<skipped>
</skipped>
</testcase>
<testcase name="BVT-15: ITSM Core API Tests › Problem Management › BVT-15-014: GET /api/itsm/problems with known error filter" classname="bvt/itsm-core-api-bvt.spec.ts" time="0">
<skipped>
</skipped>
</testcase>
<testcase name="BVT-15: ITSM Core API Tests › Problem Management › BVT-15-015: GET /api/itsm/problems/{id}/incidents returns related" classname="bvt/itsm-core-api-bvt.spec.ts" time="0">
<skipped>
</skipped>
</testcase>
<testcase name="BVT-15: ITSM Core API Tests › Change Management › BVT-15-021: GET /api/itsm/changes returns list" classname="bvt/itsm-core-api-bvt.spec.ts" time="0">
<skipped>
</skipped>
</testcase>
<testcase name="BVT-15: ITSM Core API Tests › Change Management › BVT-15-022: GET /api/itsm/changes/{id} returns single change" classname="bvt/itsm-core-api-bvt.spec.ts" time="0">
<skipped>
</skipped>
</testcase>
<testcase name="BVT-15: ITSM Core API Tests › Change Management › BVT-15-023: POST /api/itsm/changes creates change request" classname="bvt/itsm-core-api-bvt.spec.ts" time="0">
<skipped>
</skipped>
</testcase>
<testcase name="BVT-15: ITSM Core API Tests › Change Management › BVT-15-024: GET /api/itsm/changes with approval filter" classname="bvt/itsm-core-api-bvt.spec.ts" time="0">
<skipped>
</skipped>
</testcase>
<testcase name="BVT-15: ITSM Core API Tests › Change Management › BVT-15-025: GET /api/itsm/changes/blackout-periods returns blackouts" classname="bvt/itsm-core-api-bvt.spec.ts" time="0">
<skipped>
</skipped>
</testcase>
<testcase name="BVT-15: ITSM Core API Tests › SLA Management › BVT-15-031: GET /api/itsm/sla/policies returns policies" classname="bvt/itsm-core-api-bvt.spec.ts" time="0">
<skipped>
</skipped>
</testcase>
<testcase name="BVT-15: ITSM Core API Tests › SLA Management › BVT-15-032: GET /api/itsm/sla/breached returns breached SLAs" classname="bvt/itsm-core-api-bvt.spec.ts" time="0">
<skipped>
</skipped>
</testcase>
<testcase name="BVT-15: ITSM Core API Tests › SLA Management › BVT-15-033: GET /api/itsm/sla/at-risk returns at-risk SLAs" classname="bvt/itsm-core-api-bvt.spec.ts" time="0">
<skipped>
</skipped>
</testcase>
<testcase name="BVT-15: ITSM Core API Tests › SLA Management › BVT-15-034: GET /api/itsm/sla/dashboard returns dashboard data" classname="bvt/itsm-core-api-bvt.spec.ts" time="0">
<skipped>
</skipped>
</testcase>
<testcase name="BVT-15: ITSM Core API Tests › SLA Management › BVT-15-035: GET /api/itsm/sla/metrics returns metrics" classname="bvt/itsm-core-api-bvt.spec.ts" time="0">
<skipped>
</skipped>
</testcase>
<testcase name="BVT-15: ITSM Core API Tests › CMDB › BVT-15-041: GET /api/itsm/cmdb/cis returns CI list" classname="bvt/itsm-core-api-bvt.spec.ts" time="0">
<skipped>
</skipped>
</testcase>
<testcase name="BVT-15: ITSM Core API Tests › CMDB › BVT-15-042: GET /api/itsm/cmdb/cis/{id} returns single CI" classname="bvt/itsm-core-api-bvt.spec.ts" time="0">
<skipped>
</skipped>
</testcase>
<testcase name="BVT-15: ITSM Core API Tests › CMDB › BVT-15-043: POST /api/itsm/cmdb/cis creates CI" classname="bvt/itsm-core-api-bvt.spec.ts" time="0">
<skipped>
</skipped>
</testcase>
<testcase name="BVT-15: ITSM Core API Tests › CMDB › BVT-15-044: GET /api/itsm/cmdb/cis search by type" classname="bvt/itsm-core-api-bvt.spec.ts" time="0">
<skipped>
</skipped>
</testcase>
<testcase name="BVT-15: ITSM Core API Tests › CMDB › BVT-15-045: GET /api/itsm/cmdb/cis/{id}/relationships returns relations" classname="bvt/itsm-core-api-bvt.spec.ts" time="0">
<skipped>
</skipped>
</testcase>
<testcase name="BVT-15: ITSM Core API Tests › CMDB › BVT-15-046: GET /api/itsm/cmdb/cis/{id}/impact returns impact analysis" classname="bvt/itsm-core-api-bvt.spec.ts" time="0">
<skipped>
</skipped>
</testcase>
<testcase name="BVT-15: ITSM Core API Tests › Knowledge Management › BVT-15-051: GET /api/itsm/knowledge/articles returns articles" classname="bvt/itsm-core-api-bvt.spec.ts" time="0">
<skipped>
</skipped>
</testcase>
<testcase name="BVT-15: ITSM Core API Tests › Knowledge Management › BVT-15-052: GET /api/itsm/knowledge/articles/{id} returns article" classname="bvt/itsm-core-api-bvt.spec.ts" time="0">
<skipped>
</skipped>
</testcase>
<testcase name="BVT-15: ITSM Core API Tests › Knowledge Management › BVT-15-053: GET /api/itsm/knowledge/articles search" classname="bvt/itsm-core-api-bvt.spec.ts" time="0">
<skipped>
</skipped>
</testcase>
<testcase name="BVT-15: ITSM Core API Tests › Knowledge Management › BVT-15-054: GET /api/itsm/knowledge/articles/popular returns top articles" classname="bvt/itsm-core-api-bvt.spec.ts" time="0">
<skipped>
</skipped>
</testcase>
<testcase name="BVT-15: ITSM Core API Tests › Knowledge Management › BVT-15-055: GET /api/itsm/knowledge/articles/recent returns recent articles" classname="bvt/itsm-core-api-bvt.spec.ts" time="0">
<skipped>
</skipped>
</testcase>
<testcase name="BVT-15: ITSM Core API Tests › Knowledge Management › BVT-15-056: GET /api/itsm/knowledge/categories returns categories" classname="bvt/itsm-core-api-bvt.spec.ts" time="0">
<skipped>
</skipped>
</testcase>
<testcase name="BVT-15: ITSM Core API Tests › Service Catalog › BVT-15-061: GET /api/itsm/catalog/items returns catalog items" classname="bvt/itsm-core-api-bvt.spec.ts" time="0">
<skipped>
</skipped>
</testcase>
<testcase name="BVT-15: ITSM Core API Tests › Service Catalog › BVT-15-062: GET /api/itsm/catalog/items/{id} returns single item" classname="bvt/itsm-core-api-bvt.spec.ts" time="0">
<skipped>
</skipped>
</testcase>
<testcase name="BVT-15: ITSM Core API Tests › Service Catalog › BVT-15-063: GET /api/itsm/catalog/items featured only" classname="bvt/itsm-core-api-bvt.spec.ts" time="0">
<skipped>
</skipped>
</testcase>
<testcase name="BVT-15: ITSM Core API Tests › Service Catalog › BVT-15-064: GET /api/itsm/catalog/categories returns categories" classname="bvt/itsm-core-api-bvt.spec.ts" time="0">
<skipped>
</skipped>
</testcase>
<testcase name="BVT-15: ITSM Core API Tests › Service Catalog › BVT-15-065: GET /api/itsm/catalog/search returns search results" classname="bvt/itsm-core-api-bvt.spec.ts" time="0">
<skipped>
</skipped>
</testcase>
<testcase name="BVT-15: ITSM Core API Tests › Service Catalog › BVT-15-066: GET /api/itsm/catalog/my-requests returns user requests" classname="bvt/itsm-core-api-bvt.spec.ts" time="0">
<skipped>
</skipped>
</testcase>
<testcase name="ITSM Core Integration Smoke Tests › SMOKE-001: All ITSM API endpoints respond" classname="bvt/itsm-core-api-bvt.spec.ts" time="0">
<skipped>
</skipped>
</testcase>
<testcase name="ITSM Core Integration Smoke Tests › SMOKE-002: ITSM health check endpoints" classname="bvt/itsm-core-api-bvt.spec.ts" time="0">
<skipped>
</skipped>
</testcase>
</testsuite>
</testsuites>