<testsuites id="" name="" tests="239" failures="55" skipped="5" errors="0" time="3795.3170579999996">
<testsuite name="auth.setup.ts" timestamp="2026-01-27T00:15:12.056Z" hostname="setup" tests="1" failures="0" skipped="0" time="5.349" errors="0">
<testcase name="authenticate" classname="auth.setup.ts" time="5.349">
<system-out>
<![CDATA[🔐 Attempting login with: abhi.lal@gmail.com
📋 Found 5 input fields
📍 Current path: /
✅ Authentication successful, state saved
]]>
</system-out>
</testcase>
</testsuite>
<testsuite name="admin/admin.spec.ts" timestamp="2026-01-27T00:15:12.056Z" hostname="chromium" tests="28" failures="9" skipped="0" time="343.884" errors="0">
<testcase name="Admin - Users Management › TC-ADMIN-001: Should display users list" classname="admin/admin.spec.ts" time="36.467">
<failure message="admin.spec.ts:17:7 TC-ADMIN-001: Should display users list" type="FAILURE">
<![CDATA[  [chromium] › admin/admin.spec.ts:17:7 › Admin - Users Management › TC-ADMIN-001: Should display users list 

    Error: expect(locator).toBeVisible() failed

    Locator: locator('h1, h2, .page-title').filter({ hasText: /user/i }).first()
    Expected: visible
    Timeout: 10000ms
    Error: element(s) not found

    Call log:
      - Expect "toBeVisible" with timeout 10000ms
      - waiting for locator('h1, h2, .page-title').filter({ hasText: /user/i }).first()


      17 |   test('TC-ADMIN-001: Should display users list', async ({ page }) => {
      18 |     const pageTitle = page.locator('h1, h2, .page-title').filter({ hasText: /user/i });
    > 19 |     await expect(pageTitle.first()).toBeVisible({ timeout: 10000 });
         |                                     ^
      20 |   });
      21 |
      22 |   test('TC-ADMIN-002: Should have create user button', async ({ page }) => {
        at /app/e2e-tests/tests/admin/admin.spec.ts:19:37

    attachment #1: screenshot (image/png) ──────────────────────────────────────────────────────────
    ../test-results/artifacts/admin-admin-Admin---Users--d7ef3-1-Should-display-users-list-chromium/test-failed-1.png
    ────────────────────────────────────────────────────────────────────────────────────────────────

    Error Context: ../test-results/artifacts/admin-admin-Admin---Users--d7ef3-1-Should-display-users-list-chromium/error-context.md

    Retry #1 ───────────────────────────────────────────────────────────────────────────────────────

    Error: expect(locator).toBeVisible() failed

    Locator: locator('h1, h2, .page-title').filter({ hasText: /user/i }).first()
    Expected: visible
    Timeout: 10000ms
    Error: element(s) not found

    Call log:
      - Expect "toBeVisible" with timeout 10000ms
      - waiting for locator('h1, h2, .page-title').filter({ hasText: /user/i }).first()


      17 |   test('TC-ADMIN-001: Should display users list', async ({ page }) => {
      18 |     const pageTitle = page.locator('h1, h2, .page-title').filter({ hasText: /user/i });
    > 19 |     await expect(pageTitle.first()).toBeVisible({ timeout: 10000 });
         |                                     ^
      20 |   });
      21 |
      22 |   test('TC-ADMIN-002: Should have create user button', async ({ page }) => {
        at /app/e2e-tests/tests/admin/admin.spec.ts:19:37

    attachment #1: screenshot (image/png) ──────────────────────────────────────────────────────────
    ../test-results/artifacts/admin-admin-Admin---Users--d7ef3-1-Should-display-users-list-chromium-retry1/test-failed-1.png
    ────────────────────────────────────────────────────────────────────────────────────────────────

    attachment #2: video (video/webm) ──────────────────────────────────────────────────────────────
    ../test-results/artifacts/admin-admin-Admin---Users--d7ef3-1-Should-display-users-list-chromium-retry1/video.webm
    ────────────────────────────────────────────────────────────────────────────────────────────────

    Error Context: ../test-results/artifacts/admin-admin-Admin---Users--d7ef3-1-Should-display-users-list-chromium-retry1/error-context.md

    attachment #4: trace (application/zip) ─────────────────────────────────────────────────────────
    ../test-results/artifacts/admin-admin-Admin---Users--d7ef3-1-Should-display-users-list-chromium-retry1/trace.zip
    Usage:

        npx playwright show-trace ../test-results/artifacts/admin-admin-Admin---Users--d7ef3-1-Should-display-users-list-chromium-retry1/trace.zip

    ────────────────────────────────────────────────────────────────────────────────────────────────

    Retry #2 ───────────────────────────────────────────────────────────────────────────────────────

    Error: expect(locator).toBeVisible() failed

    Locator: locator('h1, h2, .page-title').filter({ hasText: /user/i }).first()
    Expected: visible
    Timeout: 10000ms
    Error: element(s) not found

    Call log:
      - Expect "toBeVisible" with timeout 10000ms
      - waiting for locator('h1, h2, .page-title').filter({ hasText: /user/i }).first()


      17 |   test('TC-ADMIN-001: Should display users list', async ({ page }) => {
      18 |     const pageTitle = page.locator('h1, h2, .page-title').filter({ hasText: /user/i });
    > 19 |     await expect(pageTitle.first()).toBeVisible({ timeout: 10000 });
         |                                     ^
      20 |   });
      21 |
      22 |   test('TC-ADMIN-002: Should have create user button', async ({ page }) => {
        at /app/e2e-tests/tests/admin/admin.spec.ts:19:37

    attachment #1: screenshot (image/png) ──────────────────────────────────────────────────────────
    ../test-results/artifacts/admin-admin-Admin---Users--d7ef3-1-Should-display-users-list-chromium-retry2/test-failed-1.png
    ────────────────────────────────────────────────────────────────────────────────────────────────

    Error Context: ../test-results/artifacts/admin-admin-Admin---Users--d7ef3-1-Should-display-users-list-chromium-retry2/error-context.md
]]>
</failure>
<system-err>
<![CDATA[
Warning: attachment artifacts/admin-admin-Admin---Users--d7ef3-1-Should-display-users-list-chromium/test-failed-1.png is missing
Warning: attachment artifacts/admin-admin-Admin---Users--d7ef3-1-Should-display-users-list-chromium/error-context.md is missing
Warning: attachment artifacts/admin-admin-Admin---Users--d7ef3-1-Should-display-users-list-chromium-retry1/test-failed-1.png is missing
Warning: attachment artifacts/admin-admin-Admin---Users--d7ef3-1-Should-display-users-list-chromium-retry1/video.webm is missing
Warning: attachment artifacts/admin-admin-Admin---Users--d7ef3-1-Should-display-users-list-chromium-retry1/error-context.md is missing
Warning: attachment artifacts/admin-admin-Admin---Users--d7ef3-1-Should-display-users-list-chromium-retry1/trace.zip is missing
Warning: attachment artifacts/admin-admin-Admin---Users--d7ef3-1-Should-display-users-list-chromium-retry2/test-failed-1.png is missing
Warning: attachment artifacts/admin-admin-Admin---Users--d7ef3-1-Should-display-users-list-chromium-retry2/error-context.md is missing]]>
</system-err>
</testcase>
<testcase name="Admin - Users Management › TC-ADMIN-002: Should have create user button" classname="admin/admin.spec.ts" time="1.407">
</testcase>
<testcase name="Admin - Users Management › TC-ADMIN-003: Should create new user" classname="admin/admin.spec.ts" time="4.097">
<failure message="admin.spec.ts:27:7 TC-ADMIN-003: Should create new user" type="FAILURE">
<![CDATA[  [chromium] › admin/admin.spec.ts:27:7 › Admin - Users Management › TC-ADMIN-003: Should create new user 

    TypeError: (0 , _testData.randomString) is not a function

      27 |   test('TC-ADMIN-003: Should create new user', async ({ page }) => {
      28 |     const testUser = {
    > 29 |       username: `TEST_user_${randomString(6)}`,
         |                                          ^
      30 |       email: `TEST_${randomString(8)}@test.com`,
      31 |       firstName: 'TEST_First',
      32 |       lastName: 'TEST_Last'
        at /app/e2e-tests/tests/admin/admin.spec.ts:29:42

    attachment #1: screenshot (image/png) ──────────────────────────────────────────────────────────
    ../test-results/artifacts/admin-admin-Admin---Users--a55ac--003-Should-create-new-user-chromium/test-failed-1.png
    ────────────────────────────────────────────────────────────────────────────────────────────────

    Error Context: ../test-results/artifacts/admin-admin-Admin---Users--a55ac--003-Should-create-new-user-chromium/error-context.md

    Retry #1 ───────────────────────────────────────────────────────────────────────────────────────

    TypeError: (0 , _testData.randomString) is not a function

      27 |   test('TC-ADMIN-003: Should create new user', async ({ page }) => {
      28 |     const testUser = {
    > 29 |       username: `TEST_user_${randomString(6)}`,
         |                                          ^
      30 |       email: `TEST_${randomString(8)}@test.com`,
      31 |       firstName: 'TEST_First',
      32 |       lastName: 'TEST_Last'
        at /app/e2e-tests/tests/admin/admin.spec.ts:29:42

    attachment #1: screenshot (image/png) ──────────────────────────────────────────────────────────
    ../test-results/artifacts/admin-admin-Admin---Users--a55ac--003-Should-create-new-user-chromium-retry1/test-failed-1.png
    ────────────────────────────────────────────────────────────────────────────────────────────────

    attachment #2: video (video/webm) ──────────────────────────────────────────────────────────────
    ../test-results/artifacts/admin-admin-Admin---Users--a55ac--003-Should-create-new-user-chromium-retry1/video.webm
    ────────────────────────────────────────────────────────────────────────────────────────────────

    Error Context: ../test-results/artifacts/admin-admin-Admin---Users--a55ac--003-Should-create-new-user-chromium-retry1/error-context.md

    attachment #4: trace (application/zip) ─────────────────────────────────────────────────────────
    ../test-results/artifacts/admin-admin-Admin---Users--a55ac--003-Should-create-new-user-chromium-retry1/trace.zip
    Usage:

        npx playwright show-trace ../test-results/artifacts/admin-admin-Admin---Users--a55ac--003-Should-create-new-user-chromium-retry1/trace.zip

    ────────────────────────────────────────────────────────────────────────────────────────────────

    Retry #2 ───────────────────────────────────────────────────────────────────────────────────────

    TypeError: (0 , _testData.randomString) is not a function

      27 |   test('TC-ADMIN-003: Should create new user', async ({ page }) => {
      28 |     const testUser = {
    > 29 |       username: `TEST_user_${randomString(6)}`,
         |                                          ^
      30 |       email: `TEST_${randomString(8)}@test.com`,
      31 |       firstName: 'TEST_First',
      32 |       lastName: 'TEST_Last'
        at /app/e2e-tests/tests/admin/admin.spec.ts:29:42

    attachment #1: screenshot (image/png) ──────────────────────────────────────────────────────────
    ../test-results/artifacts/admin-admin-Admin---Users--a55ac--003-Should-create-new-user-chromium-retry2/test-failed-1.png
    ────────────────────────────────────────────────────────────────────────────────────────────────

    Error Context: ../test-results/artifacts/admin-admin-Admin---Users--a55ac--003-Should-create-new-user-chromium-retry2/error-context.md
]]>
</failure>
<system-err>
<![CDATA[
Warning: attachment artifacts/admin-admin-Admin---Users--a55ac--003-Should-create-new-user-chromium/test-failed-1.png is missing
Warning: attachment artifacts/admin-admin-Admin---Users--a55ac--003-Should-create-new-user-chromium/error-context.md is missing
Warning: attachment artifacts/admin-admin-Admin---Users--a55ac--003-Should-create-new-user-chromium-retry1/test-failed-1.png is missing
Warning: attachment artifacts/admin-admin-Admin---Users--a55ac--003-Should-create-new-user-chromium-retry1/video.webm is missing
Warning: attachment artifacts/admin-admin-Admin---Users--a55ac--003-Should-create-new-user-chromium-retry1/error-context.md is missing
Warning: attachment artifacts/admin-admin-Admin---Users--a55ac--003-Should-create-new-user-chromium-retry1/trace.zip is missing
Warning: attachment artifacts/admin-admin-Admin---Users--a55ac--003-Should-create-new-user-chromium-retry2/test-failed-1.png is missing
Warning: attachment artifacts/admin-admin-Admin---Users--a55ac--003-Should-create-new-user-chromium-retry2/error-context.md is missing]]>
</system-err>
</testcase>
<testcase name="Admin - Users Management › TC-ADMIN-004: Should edit user" classname="admin/admin.spec.ts" time="5.369">
</testcase>
<testcase name="Admin - Users Management › TC-ADMIN-005: Should disable user" classname="admin/admin.spec.ts" time="6.097">
</testcase>
<testcase name="Admin - Users Management › TC-ADMIN-006: Should delete test user" classname="admin/admin.spec.ts" time="5.609">
</testcase>
<testcase name="Admin - Roles Management › TC-ADMIN-007: Should display roles list" classname="admin/admin.spec.ts" time="37.082">
<failure message="admin.spec.ts:141:7 TC-ADMIN-007: Should display roles list" type="FAILURE">
<![CDATA[  [chromium] › admin/admin.spec.ts:141:7 › Admin - Roles Management › TC-ADMIN-007: Should display roles list 

    Error: expect(locator).toBeVisible() failed

    Locator: locator('h1, h2, .page-title').filter({ hasText: /role/i }).first()
    Expected: visible
    Timeout: 10000ms
    Error: element(s) not found

    Call log:
      - Expect "toBeVisible" with timeout 10000ms
      - waiting for locator('h1, h2, .page-title').filter({ hasText: /role/i }).first()


      141 |   test('TC-ADMIN-007: Should display roles list', async ({ page }) => {
      142 |     const pageTitle = page.locator('h1, h2, .page-title').filter({ hasText: /role/i });
    > 143 |     await expect(pageTitle.first()).toBeVisible({ timeout: 10000 });
          |                                     ^
      144 |   });
      145 |
      146 |   test('TC-ADMIN-008: Should create new role', async ({ page }) => {
        at /app/e2e-tests/tests/admin/admin.spec.ts:143:37

    attachment #1: screenshot (image/png) ──────────────────────────────────────────────────────────
    ../test-results/artifacts/admin-admin-Admin---Roles--4ab43-7-Should-display-roles-list-chromium/test-failed-1.png
    ────────────────────────────────────────────────────────────────────────────────────────────────

    Error Context: ../test-results/artifacts/admin-admin-Admin---Roles--4ab43-7-Should-display-roles-list-chromium/error-context.md

    Retry #1 ───────────────────────────────────────────────────────────────────────────────────────

    Error: expect(locator).toBeVisible() failed

    Locator: locator('h1, h2, .page-title').filter({ hasText: /role/i }).first()
    Expected: visible
    Timeout: 10000ms
    Error: element(s) not found

    Call log:
      - Expect "toBeVisible" with timeout 10000ms
      - waiting for locator('h1, h2, .page-title').filter({ hasText: /role/i }).first()


      141 |   test('TC-ADMIN-007: Should display roles list', async ({ page }) => {
      142 |     const pageTitle = page.locator('h1, h2, .page-title').filter({ hasText: /role/i });
    > 143 |     await expect(pageTitle.first()).toBeVisible({ timeout: 10000 });
          |                                     ^
      144 |   });
      145 |
      146 |   test('TC-ADMIN-008: Should create new role', async ({ page }) => {
        at /app/e2e-tests/tests/admin/admin.spec.ts:143:37

    attachment #1: screenshot (image/png) ──────────────────────────────────────────────────────────
    ../test-results/artifacts/admin-admin-Admin---Roles--4ab43-7-Should-display-roles-list-chromium-retry1/test-failed-1.png
    ────────────────────────────────────────────────────────────────────────────────────────────────

    attachment #2: video (video/webm) ──────────────────────────────────────────────────────────────
    ../test-results/artifacts/admin-admin-Admin---Roles--4ab43-7-Should-display-roles-list-chromium-retry1/video.webm
    ────────────────────────────────────────────────────────────────────────────────────────────────

    Error Context: ../test-results/artifacts/admin-admin-Admin---Roles--4ab43-7-Should-display-roles-list-chromium-retry1/error-context.md

    attachment #4: trace (application/zip) ─────────────────────────────────────────────────────────
    ../test-results/artifacts/admin-admin-Admin---Roles--4ab43-7-Should-display-roles-list-chromium-retry1/trace.zip
    Usage:

        npx playwright show-trace ../test-results/artifacts/admin-admin-Admin---Roles--4ab43-7-Should-display-roles-list-chromium-retry1/trace.zip

    ────────────────────────────────────────────────────────────────────────────────────────────────

    Retry #2 ───────────────────────────────────────────────────────────────────────────────────────

    Error: expect(locator).toBeVisible() failed

    Locator: locator('h1, h2, .page-title').filter({ hasText: /role/i }).first()
    Expected: visible
    Timeout: 10000ms
    Error: element(s) not found

    Call log:
      - Expect "toBeVisible" with timeout 10000ms
      - waiting for locator('h1, h2, .page-title').filter({ hasText: /role/i }).first()


      141 |   test('TC-ADMIN-007: Should display roles list', async ({ page }) => {
      142 |     const pageTitle = page.locator('h1, h2, .page-title').filter({ hasText: /role/i });
    > 143 |     await expect(pageTitle.first()).toBeVisible({ timeout: 10000 });
          |                                     ^
      144 |   });
      145 |
      146 |   test('TC-ADMIN-008: Should create new role', async ({ page }) => {
        at /app/e2e-tests/tests/admin/admin.spec.ts:143:37

    attachment #1: screenshot (image/png) ──────────────────────────────────────────────────────────
    ../test-results/artifacts/admin-admin-Admin---Roles--4ab43-7-Should-display-roles-list-chromium-retry2/test-failed-1.png
    ────────────────────────────────────────────────────────────────────────────────────────────────

    Error Context: ../test-results/artifacts/admin-admin-Admin---Roles--4ab43-7-Should-display-roles-list-chromium-retry2/error-context.md
]]>
</failure>
<system-err>
<![CDATA[
Warning: attachment artifacts/admin-admin-Admin---Roles--4ab43-7-Should-display-roles-list-chromium/test-failed-1.png is missing
Warning: attachment artifacts/admin-admin-Admin---Roles--4ab43-7-Should-display-roles-list-chromium/error-context.md is missing
Warning: attachment artifacts/admin-admin-Admin---Roles--4ab43-7-Should-display-roles-list-chromium-retry1/test-failed-1.png is missing
Warning: attachment artifacts/admin-admin-Admin---Roles--4ab43-7-Should-display-roles-list-chromium-retry1/video.webm is missing
Warning: attachment artifacts/admin-admin-Admin---Roles--4ab43-7-Should-display-roles-list-chromium-retry1/error-context.md is missing
Warning: attachment artifacts/admin-admin-Admin---Roles--4ab43-7-Should-display-roles-list-chromium-retry1/trace.zip is missing
Warning: attachment artifacts/admin-admin-Admin---Roles--4ab43-7-Should-display-roles-list-chromium-retry2/test-failed-1.png is missing
Warning: attachment artifacts/admin-admin-Admin---Roles--4ab43-7-Should-display-roles-list-chromium-retry2/error-context.md is missing]]>
</system-err>
</testcase>
<testcase name="Admin - Roles Management › TC-ADMIN-008: Should create new role" classname="admin/admin.spec.ts" time="3.782">
<failure message="admin.spec.ts:146:7 TC-ADMIN-008: Should create new role" type="FAILURE">
<![CDATA[  [chromium] › admin/admin.spec.ts:146:7 › Admin - Roles Management › TC-ADMIN-008: Should create new role 

    TypeError: (0 , _testData.randomString) is not a function

      145 |
      146 |   test('TC-ADMIN-008: Should create new role', async ({ page }) => {
    > 147 |     const roleName = `TEST_Role_${randomString(4)}`;
          |                                               ^
      148 |     
      149 |     const addButton = page.locator('button:has-text("Add"), button:has-text("New"), button:has-text("Create")').first();
      150 |     if (await addButton.isVisible()) {
        at /app/e2e-tests/tests/admin/admin.spec.ts:147:47

    attachment #1: screenshot (image/png) ──────────────────────────────────────────────────────────
    ../test-results/artifacts/admin-admin-Admin---Roles--cc2ae--008-Should-create-new-role-chromium/test-failed-1.png
    ────────────────────────────────────────────────────────────────────────────────────────────────

    Error Context: ../test-results/artifacts/admin-admin-Admin---Roles--cc2ae--008-Should-create-new-role-chromium/error-context.md

    Retry #1 ───────────────────────────────────────────────────────────────────────────────────────

    TypeError: (0 , _testData.randomString) is not a function

      145 |
      146 |   test('TC-ADMIN-008: Should create new role', async ({ page }) => {
    > 147 |     const roleName = `TEST_Role_${randomString(4)}`;
          |                                               ^
      148 |     
      149 |     const addButton = page.locator('button:has-text("Add"), button:has-text("New"), button:has-text("Create")').first();
      150 |     if (await addButton.isVisible()) {
        at /app/e2e-tests/tests/admin/admin.spec.ts:147:47

    attachment #1: screenshot (image/png) ──────────────────────────────────────────────────────────
    ../test-results/artifacts/admin-admin-Admin---Roles--cc2ae--008-Should-create-new-role-chromium-retry1/test-failed-1.png
    ────────────────────────────────────────────────────────────────────────────────────────────────

    attachment #2: video (video/webm) ──────────────────────────────────────────────────────────────
    ../test-results/artifacts/admin-admin-Admin---Roles--cc2ae--008-Should-create-new-role-chromium-retry1/video.webm
    ────────────────────────────────────────────────────────────────────────────────────────────────

    Error Context: ../test-results/artifacts/admin-admin-Admin---Roles--cc2ae--008-Should-create-new-role-chromium-retry1/error-context.md

    attachment #4: trace (application/zip) ─────────────────────────────────────────────────────────
    ../test-results/artifacts/admin-admin-Admin---Roles--cc2ae--008-Should-create-new-role-chromium-retry1/trace.zip
    Usage:

        npx playwright show-trace ../test-results/artifacts/admin-admin-Admin---Roles--cc2ae--008-Should-create-new-role-chromium-retry1/trace.zip

    ────────────────────────────────────────────────────────────────────────────────────────────────

    Retry #2 ───────────────────────────────────────────────────────────────────────────────────────

    TypeError: (0 , _testData.randomString) is not a function

      145 |
      146 |   test('TC-ADMIN-008: Should create new role', async ({ page }) => {
    > 147 |     const roleName = `TEST_Role_${randomString(4)}`;
          |                                               ^
      148 |     
      149 |     const addButton = page.locator('button:has-text("Add"), button:has-text("New"), button:has-text("Create")').first();
      150 |     if (await addButton.isVisible()) {
        at /app/e2e-tests/tests/admin/admin.spec.ts:147:47

    attachment #1: screenshot (image/png) ──────────────────────────────────────────────────────────
    ../test-results/artifacts/admin-admin-Admin---Roles--cc2ae--008-Should-create-new-role-chromium-retry2/test-failed-1.png
    ────────────────────────────────────────────────────────────────────────────────────────────────

    Error Context: ../test-results/artifacts/admin-admin-Admin---Roles--cc2ae--008-Should-create-new-role-chromium-retry2/error-context.md
]]>
</failure>
<system-err>
<![CDATA[
Warning: attachment artifacts/admin-admin-Admin---Roles--cc2ae--008-Should-create-new-role-chromium/test-failed-1.png is missing
Warning: attachment artifacts/admin-admin-Admin---Roles--cc2ae--008-Should-create-new-role-chromium/error-context.md is missing
Warning: attachment artifacts/admin-admin-Admin---Roles--cc2ae--008-Should-create-new-role-chromium-retry1/test-failed-1.png is missing
Warning: attachment artifacts/admin-admin-Admin---Roles--cc2ae--008-Should-create-new-role-chromium-retry1/video.webm is missing
Warning: attachment artifacts/admin-admin-Admin---Roles--cc2ae--008-Should-create-new-role-chromium-retry1/error-context.md is missing
Warning: attachment artifacts/admin-admin-Admin---Roles--cc2ae--008-Should-create-new-role-chromium-retry1/trace.zip is missing
Warning: attachment artifacts/admin-admin-Admin---Roles--cc2ae--008-Should-create-new-role-chromium-retry2/test-failed-1.png is missing
Warning: attachment artifacts/admin-admin-Admin---Roles--cc2ae--008-Should-create-new-role-chromium-retry2/error-context.md is missing]]>
</system-err>
</testcase>
<testcase name="Admin - Roles Management › TC-ADMIN-009: Should assign permissions to role" classname="admin/admin.spec.ts" time="24.295">
</testcase>
<testcase name="Admin - Roles Management › TC-ADMIN-010: Should delete test role" classname="admin/admin.spec.ts" time="24.217">
</testcase>
<testcase name="Admin - Security Settings › TC-ADMIN-011: Should display settings page" classname="admin/admin.spec.ts" time="34.741">
<failure message="admin.spec.ts:215:7 TC-ADMIN-011: Should display settings page" type="FAILURE">
<![CDATA[  [chromium] › admin/admin.spec.ts:215:7 › Admin - Security Settings › TC-ADMIN-011: Should display settings page 

    Error: expect(locator).toBeVisible() failed

    Locator: locator('h1, h2, .page-title').filter({ hasText: /setting/i }).first()
    Expected: visible
    Timeout: 10000ms
    Error: element(s) not found

    Call log:
      - Expect "toBeVisible" with timeout 10000ms
      - waiting for locator('h1, h2, .page-title').filter({ hasText: /setting/i }).first()


      215 |   test('TC-ADMIN-011: Should display settings page', async ({ page }) => {
      216 |     const pageTitle = page.locator('h1, h2, .page-title').filter({ hasText: /setting/i });
    > 217 |     await expect(pageTitle.first()).toBeVisible({ timeout: 10000 });
          |                                     ^
      218 |   });
      219 |
      220 |   test('TC-ADMIN-012: Should access security settings', async ({ page }) => {
        at /app/e2e-tests/tests/admin/admin.spec.ts:217:37

    attachment #1: screenshot (image/png) ──────────────────────────────────────────────────────────
    ../test-results/artifacts/admin-admin-Admin---Securi-e2a7a-hould-display-settings-page-chromium/test-failed-1.png
    ────────────────────────────────────────────────────────────────────────────────────────────────

    Error Context: ../test-results/artifacts/admin-admin-Admin---Securi-e2a7a-hould-display-settings-page-chromium/error-context.md

    Retry #1 ───────────────────────────────────────────────────────────────────────────────────────

    Error: expect(locator).toBeVisible() failed

    Locator: locator('h1, h2, .page-title').filter({ hasText: /setting/i }).first()
    Expected: visible
    Timeout: 10000ms
    Error: element(s) not found

    Call log:
      - Expect "toBeVisible" with timeout 10000ms
      - waiting for locator('h1, h2, .page-title').filter({ hasText: /setting/i }).first()


      215 |   test('TC-ADMIN-011: Should display settings page', async ({ page }) => {
      216 |     const pageTitle = page.locator('h1, h2, .page-title').filter({ hasText: /setting/i });
    > 217 |     await expect(pageTitle.first()).toBeVisible({ timeout: 10000 });
          |                                     ^
      218 |   });
      219 |
      220 |   test('TC-ADMIN-012: Should access security settings', async ({ page }) => {
        at /app/e2e-tests/tests/admin/admin.spec.ts:217:37

    attachment #1: screenshot (image/png) ──────────────────────────────────────────────────────────
    ../test-results/artifacts/admin-admin-Admin---Securi-e2a7a-hould-display-settings-page-chromium-retry1/test-failed-1.png
    ────────────────────────────────────────────────────────────────────────────────────────────────

    attachment #2: video (video/webm) ──────────────────────────────────────────────────────────────
    ../test-results/artifacts/admin-admin-Admin---Securi-e2a7a-hould-display-settings-page-chromium-retry1/video.webm
    ────────────────────────────────────────────────────────────────────────────────────────────────

    Error Context: ../test-results/artifacts/admin-admin-Admin---Securi-e2a7a-hould-display-settings-page-chromium-retry1/error-context.md

    attachment #4: trace (application/zip) ─────────────────────────────────────────────────────────
    ../test-results/artifacts/admin-admin-Admin---Securi-e2a7a-hould-display-settings-page-chromium-retry1/trace.zip
    Usage:

        npx playwright show-trace ../test-results/artifacts/admin-admin-Admin---Securi-e2a7a-hould-display-settings-page-chromium-retry1/trace.zip

    ────────────────────────────────────────────────────────────────────────────────────────────────

    Retry #2 ───────────────────────────────────────────────────────────────────────────────────────

    Error: expect(locator).toBeVisible() failed

    Locator: locator('h1, h2, .page-title').filter({ hasText: /setting/i }).first()
    Expected: visible
    Timeout: 10000ms
    Error: element(s) not found

    Call log:
      - Expect "toBeVisible" with timeout 10000ms
      - waiting for locator('h1, h2, .page-title').filter({ hasText: /setting/i }).first()


      215 |   test('TC-ADMIN-011: Should display settings page', async ({ page }) => {
      216 |     const pageTitle = page.locator('h1, h2, .page-title').filter({ hasText: /setting/i });
    > 217 |     await expect(pageTitle.first()).toBeVisible({ timeout: 10000 });
          |                                     ^
      218 |   });
      219 |
      220 |   test('TC-ADMIN-012: Should access security settings', async ({ page }) => {
        at /app/e2e-tests/tests/admin/admin.spec.ts:217:37

    attachment #1: screenshot (image/png) ──────────────────────────────────────────────────────────
    ../test-results/artifacts/admin-admin-Admin---Securi-e2a7a-hould-display-settings-page-chromium-retry2/test-failed-1.png
    ────────────────────────────────────────────────────────────────────────────────────────────────

    Error Context: ../test-results/artifacts/admin-admin-Admin---Securi-e2a7a-hould-display-settings-page-chromium-retry2/error-context.md
]]>
</failure>
<system-err>
<![CDATA[
Warning: attachment artifacts/admin-admin-Admin---Securi-e2a7a-hould-display-settings-page-chromium/test-failed-1.png is missing
Warning: attachment artifacts/admin-admin-Admin---Securi-e2a7a-hould-display-settings-page-chromium/error-context.md is missing
Warning: attachment artifacts/admin-admin-Admin---Securi-e2a7a-hould-display-settings-page-chromium-retry1/test-failed-1.png is missing
Warning: attachment artifacts/admin-admin-Admin---Securi-e2a7a-hould-display-settings-page-chromium-retry1/video.webm is missing
Warning: attachment artifacts/admin-admin-Admin---Securi-e2a7a-hould-display-settings-page-chromium-retry1/error-context.md is missing
Warning: attachment artifacts/admin-admin-Admin---Securi-e2a7a-hould-display-settings-page-chromium-retry1/trace.zip is missing
Warning: attachment artifacts/admin-admin-Admin---Securi-e2a7a-hould-display-settings-page-chromium-retry2/test-failed-1.png is missing
Warning: attachment artifacts/admin-admin-Admin---Securi-e2a7a-hould-display-settings-page-chromium-retry2/error-context.md is missing]]>
</system-err>
</testcase>
<testcase name="Admin - Security Settings › TC-ADMIN-012: Should access security settings" classname="admin/admin.spec.ts" time="1.371">
</testcase>
<testcase name="Admin - Security Settings › TC-ADMIN-013: Should configure password policy" classname="admin/admin.spec.ts" time="1.227">
</testcase>
<testcase name="Admin - Security Settings › TC-ADMIN-014: Should configure session timeout" classname="admin/admin.spec.ts" time="1.366">
</testcase>
<testcase name="Admin - LLM Settings › TC-ADMIN-015: Should display LLM settings page" classname="admin/admin.spec.ts" time="35.764">
<failure message="admin.spec.ts:262:7 TC-ADMIN-015: Should display LLM settings page" type="FAILURE">
<![CDATA[  [chromium] › admin/admin.spec.ts:262:7 › Admin - LLM Settings › TC-ADMIN-015: Should display LLM settings page 

    Error: expect(locator).toBeVisible() failed

    Locator: locator('h1, h2, .page-title').filter({ hasText: /llm|ai|model/i }).first()
    Expected: visible
    Timeout: 10000ms
    Error: element(s) not found

    Call log:
      - Expect "toBeVisible" with timeout 10000ms
      - waiting for locator('h1, h2, .page-title').filter({ hasText: /llm|ai|model/i }).first()


      262 |   test('TC-ADMIN-015: Should display LLM settings page', async ({ page }) => {
      263 |     const pageTitle = page.locator('h1, h2, .page-title').filter({ hasText: /llm|ai|model/i });
    > 264 |     await expect(pageTitle.first()).toBeVisible({ timeout: 10000 });
          |                                     ^
      265 |   });
      266 |
      267 |   test('TC-ADMIN-016: Should configure LLM endpoint', async ({ page }) => {
        at /app/e2e-tests/tests/admin/admin.spec.ts:264:37

    attachment #1: screenshot (image/png) ──────────────────────────────────────────────────────────
    ../test-results/artifacts/admin-admin-Admin---LLM-Se-1a6e3-d-display-LLM-settings-page-chromium/test-failed-1.png
    ────────────────────────────────────────────────────────────────────────────────────────────────

    Error Context: ../test-results/artifacts/admin-admin-Admin---LLM-Se-1a6e3-d-display-LLM-settings-page-chromium/error-context.md

    Retry #1 ───────────────────────────────────────────────────────────────────────────────────────

    Error: expect(locator).toBeVisible() failed

    Locator: locator('h1, h2, .page-title').filter({ hasText: /llm|ai|model/i }).first()
    Expected: visible
    Timeout: 10000ms
    Error: element(s) not found

    Call log:
      - Expect "toBeVisible" with timeout 10000ms
      - waiting for locator('h1, h2, .page-title').filter({ hasText: /llm|ai|model/i }).first()


      262 |   test('TC-ADMIN-015: Should display LLM settings page', async ({ page }) => {
      263 |     const pageTitle = page.locator('h1, h2, .page-title').filter({ hasText: /llm|ai|model/i });
    > 264 |     await expect(pageTitle.first()).toBeVisible({ timeout: 10000 });
          |                                     ^
      265 |   });
      266 |
      267 |   test('TC-ADMIN-016: Should configure LLM endpoint', async ({ page }) => {
        at /app/e2e-tests/tests/admin/admin.spec.ts:264:37

    attachment #1: screenshot (image/png) ──────────────────────────────────────────────────────────
    ../test-results/artifacts/admin-admin-Admin---LLM-Se-1a6e3-d-display-LLM-settings-page-chromium-retry1/test-failed-1.png
    ────────────────────────────────────────────────────────────────────────────────────────────────

    attachment #2: video (video/webm) ──────────────────────────────────────────────────────────────
    ../test-results/artifacts/admin-admin-Admin---LLM-Se-1a6e3-d-display-LLM-settings-page-chromium-retry1/video.webm
    ────────────────────────────────────────────────────────────────────────────────────────────────

    Error Context: ../test-results/artifacts/admin-admin-Admin---LLM-Se-1a6e3-d-display-LLM-settings-page-chromium-retry1/error-context.md

    attachment #4: trace (application/zip) ─────────────────────────────────────────────────────────
    ../test-results/artifacts/admin-admin-Admin---LLM-Se-1a6e3-d-display-LLM-settings-page-chromium-retry1/trace.zip
    Usage:

        npx playwright show-trace ../test-results/artifacts/admin-admin-Admin---LLM-Se-1a6e3-d-display-LLM-settings-page-chromium-retry1/trace.zip

    ────────────────────────────────────────────────────────────────────────────────────────────────

    Retry #2 ───────────────────────────────────────────────────────────────────────────────────────

    Error: expect(locator).toBeVisible() failed

    Locator: locator('h1, h2, .page-title').filter({ hasText: /llm|ai|model/i }).first()
    Expected: visible
    Timeout: 10000ms
    Error: element(s) not found

    Call log:
      - Expect "toBeVisible" with timeout 10000ms
      - waiting for locator('h1, h2, .page-title').filter({ hasText: /llm|ai|model/i }).first()


      262 |   test('TC-ADMIN-015: Should display LLM settings page', async ({ page }) => {
      263 |     const pageTitle = page.locator('h1, h2, .page-title').filter({ hasText: /llm|ai|model/i });
    > 264 |     await expect(pageTitle.first()).toBeVisible({ timeout: 10000 });
          |                                     ^
      265 |   });
      266 |
      267 |   test('TC-ADMIN-016: Should configure LLM endpoint', async ({ page }) => {
        at /app/e2e-tests/tests/admin/admin.spec.ts:264:37

    attachment #1: screenshot (image/png) ──────────────────────────────────────────────────────────
    ../test-results/artifacts/admin-admin-Admin---LLM-Se-1a6e3-d-display-LLM-settings-page-chromium-retry2/test-failed-1.png
    ────────────────────────────────────────────────────────────────────────────────────────────────

    Error Context: ../test-results/artifacts/admin-admin-Admin---LLM-Se-1a6e3-d-display-LLM-settings-page-chromium-retry2/error-context.md
]]>
</failure>
<system-err>
<![CDATA[
Warning: attachment artifacts/admin-admin-Admin---LLM-Se-1a6e3-d-display-LLM-settings-page-chromium/test-failed-1.png is missing
Warning: attachment artifacts/admin-admin-Admin---LLM-Se-1a6e3-d-display-LLM-settings-page-chromium/error-context.md is missing
Warning: attachment artifacts/admin-admin-Admin---LLM-Se-1a6e3-d-display-LLM-settings-page-chromium-retry1/test-failed-1.png is missing
Warning: attachment artifacts/admin-admin-Admin---LLM-Se-1a6e3-d-display-LLM-settings-page-chromium-retry1/video.webm is missing
Warning: attachment artifacts/admin-admin-Admin---LLM-Se-1a6e3-d-display-LLM-settings-page-chromium-retry1/error-context.md is missing
Warning: attachment artifacts/admin-admin-Admin---LLM-Se-1a6e3-d-display-LLM-settings-page-chromium-retry1/trace.zip is missing
Warning: attachment artifacts/admin-admin-Admin---LLM-Se-1a6e3-d-display-LLM-settings-page-chromium-retry2/test-failed-1.png is missing
Warning: attachment artifacts/admin-admin-Admin---LLM-Se-1a6e3-d-display-LLM-settings-page-chromium-retry2/error-context.md is missing]]>
</system-err>
</testcase>
<testcase name="Admin - LLM Settings › TC-ADMIN-016: Should configure LLM endpoint" classname="admin/admin.spec.ts" time="1.406">
</testcase>
<testcase name="Admin - LLM Settings › TC-ADMIN-017: Should configure model selection" classname="admin/admin.spec.ts" time="1.232">
</testcase>
<testcase name="Admin - LLM Settings › TC-ADMIN-018: Should test LLM connection" classname="admin/admin.spec.ts" time="1.105">
</testcase>
<testcase name="Admin - Branding › TC-ADMIN-019: Should display branding settings" classname="admin/admin.spec.ts" time="35.999">
<failure message="admin.spec.ts:298:7 TC-ADMIN-019: Should display branding settings" type="FAILURE">
<![CDATA[  [chromium] › admin/admin.spec.ts:298:7 › Admin - Branding › TC-ADMIN-019: Should display branding settings 

    Error: expect(locator).toBeVisible() failed

    Locator: locator('h1, h2, .page-title').filter({ hasText: /brand|theme|appearance/i }).first()
    Expected: visible
    Timeout: 10000ms
    Error: element(s) not found

    Call log:
      - Expect "toBeVisible" with timeout 10000ms
      - waiting for locator('h1, h2, .page-title').filter({ hasText: /brand|theme|appearance/i }).first()


      298 |   test('TC-ADMIN-019: Should display branding settings', async ({ page }) => {
      299 |     const pageTitle = page.locator('h1, h2, .page-title').filter({ hasText: /brand|theme|appearance/i });
    > 300 |     await expect(pageTitle.first()).toBeVisible({ timeout: 10000 });
          |                                     ^
      301 |   });
      302 |
      303 |   test('TC-ADMIN-020: Should update company name', async ({ page }) => {
        at /app/e2e-tests/tests/admin/admin.spec.ts:300:37

    attachment #1: screenshot (image/png) ──────────────────────────────────────────────────────────
    ../test-results/artifacts/admin-admin-Admin---Brandi-ccf5b-d-display-branding-settings-chromium/test-failed-1.png
    ────────────────────────────────────────────────────────────────────────────────────────────────

    Error Context: ../test-results/artifacts/admin-admin-Admin---Brandi-ccf5b-d-display-branding-settings-chromium/error-context.md

    Retry #1 ───────────────────────────────────────────────────────────────────────────────────────

    Error: expect(locator).toBeVisible() failed

    Locator: locator('h1, h2, .page-title').filter({ hasText: /brand|theme|appearance/i }).first()
    Expected: visible
    Timeout: 10000ms
    Error: element(s) not found

    Call log:
      - Expect "toBeVisible" with timeout 10000ms
      - waiting for locator('h1, h2, .page-title').filter({ hasText: /brand|theme|appearance/i }).first()


      298 |   test('TC-ADMIN-019: Should display branding settings', async ({ page }) => {
      299 |     const pageTitle = page.locator('h1, h2, .page-title').filter({ hasText: /brand|theme|appearance/i });
    > 300 |     await expect(pageTitle.first()).toBeVisible({ timeout: 10000 });
          |                                     ^
      301 |   });
      302 |
      303 |   test('TC-ADMIN-020: Should update company name', async ({ page }) => {
        at /app/e2e-tests/tests/admin/admin.spec.ts:300:37

    attachment #1: screenshot (image/png) ──────────────────────────────────────────────────────────
    ../test-results/artifacts/admin-admin-Admin---Brandi-ccf5b-d-display-branding-settings-chromium-retry1/test-failed-1.png
    ────────────────────────────────────────────────────────────────────────────────────────────────

    attachment #2: video (video/webm) ──────────────────────────────────────────────────────────────
    ../test-results/artifacts/admin-admin-Admin---Brandi-ccf5b-d-display-branding-settings-chromium-retry1/video.webm
    ────────────────────────────────────────────────────────────────────────────────────────────────

    Error Context: ../test-results/artifacts/admin-admin-Admin---Brandi-ccf5b-d-display-branding-settings-chromium-retry1/error-context.md

    attachment #4: trace (application/zip) ─────────────────────────────────────────────────────────
    ../test-results/artifacts/admin-admin-Admin---Brandi-ccf5b-d-display-branding-settings-chromium-retry1/trace.zip
    Usage:

        npx playwright show-trace ../test-results/artifacts/admin-admin-Admin---Brandi-ccf5b-d-display-branding-settings-chromium-retry1/trace.zip

    ────────────────────────────────────────────────────────────────────────────────────────────────

    Retry #2 ───────────────────────────────────────────────────────────────────────────────────────

    Error: expect(locator).toBeVisible() failed

    Locator: locator('h1, h2, .page-title').filter({ hasText: /brand|theme|appearance/i }).first()
    Expected: visible
    Timeout: 10000ms
    Error: element(s) not found

    Call log:
      - Expect "toBeVisible" with timeout 10000ms
      - waiting for locator('h1, h2, .page-title').filter({ hasText: /brand|theme|appearance/i }).first()


      298 |   test('TC-ADMIN-019: Should display branding settings', async ({ page }) => {
      299 |     const pageTitle = page.locator('h1, h2, .page-title').filter({ hasText: /brand|theme|appearance/i });
    > 300 |     await expect(pageTitle.first()).toBeVisible({ timeout: 10000 });
          |                                     ^
      301 |   });
      302 |
      303 |   test('TC-ADMIN-020: Should update company name', async ({ page }) => {
        at /app/e2e-tests/tests/admin/admin.spec.ts:300:37

    attachment #1: screenshot (image/png) ──────────────────────────────────────────────────────────
    ../test-results/artifacts/admin-admin-Admin---Brandi-ccf5b-d-display-branding-settings-chromium-retry2/test-failed-1.png
    ────────────────────────────────────────────────────────────────────────────────────────────────

    Error Context: ../test-results/artifacts/admin-admin-Admin---Brandi-ccf5b-d-display-branding-settings-chromium-retry2/error-context.md
]]>
</failure>
<system-err>
<![CDATA[
Warning: attachment artifacts/admin-admin-Admin---Brandi-ccf5b-d-display-branding-settings-chromium/test-failed-1.png is missing
Warning: attachment artifacts/admin-admin-Admin---Brandi-ccf5b-d-display-branding-settings-chromium/error-context.md is missing
Warning: attachment artifacts/admin-admin-Admin---Brandi-ccf5b-d-display-branding-settings-chromium-retry1/test-failed-1.png is missing
Warning: attachment artifacts/admin-admin-Admin---Brandi-ccf5b-d-display-branding-settings-chromium-retry1/video.webm is missing
Warning: attachment artifacts/admin-admin-Admin---Brandi-ccf5b-d-display-branding-settings-chromium-retry1/error-context.md is missing
Warning: attachment artifacts/admin-admin-Admin---Brandi-ccf5b-d-display-branding-settings-chromium-retry1/trace.zip is missing
Warning: attachment artifacts/admin-admin-Admin---Brandi-ccf5b-d-display-branding-settings-chromium-retry2/test-failed-1.png is missing
Warning: attachment artifacts/admin-admin-Admin---Brandi-ccf5b-d-display-branding-settings-chromium-retry2/error-context.md is missing]]>
</system-err>
</testcase>
<testcase name="Admin - Branding › TC-ADMIN-020: Should update company name" classname="admin/admin.spec.ts" time="1.354">
</testcase>
<testcase name="Admin - Branding › TC-ADMIN-021: Should update primary color" classname="admin/admin.spec.ts" time="1.168">
</testcase>
<testcase name="Admin - Email Settings › TC-ADMIN-022: Should display email settings" classname="admin/admin.spec.ts" time="36.903">
<failure message="admin.spec.ts:325:7 TC-ADMIN-022: Should display email settings" type="FAILURE">
<![CDATA[  [chromium] › admin/admin.spec.ts:325:7 › Admin - Email Settings › TC-ADMIN-022: Should display email settings 

    Error: expect(locator).toBeVisible() failed

    Locator: locator('h1, h2, .page-title').filter({ hasText: /email|smtp/i }).first()
    Expected: visible
    Timeout: 10000ms
    Error: element(s) not found

    Call log:
      - Expect "toBeVisible" with timeout 10000ms
      - waiting for locator('h1, h2, .page-title').filter({ hasText: /email|smtp/i }).first()


      325 |   test('TC-ADMIN-022: Should display email settings', async ({ page }) => {
      326 |     const pageTitle = page.locator('h1, h2, .page-title').filter({ hasText: /email|smtp/i });
    > 327 |     await expect(pageTitle.first()).toBeVisible({ timeout: 10000 });
          |                                     ^
      328 |   });
      329 |
      330 |   test('TC-ADMIN-023: Should configure SMTP settings', async ({ page }) => {
        at /app/e2e-tests/tests/admin/admin.spec.ts:327:37

    attachment #1: screenshot (image/png) ──────────────────────────────────────────────────────────
    ../test-results/artifacts/admin-admin-Admin---Email--cdcf9-ould-display-email-settings-chromium/test-failed-1.png
    ────────────────────────────────────────────────────────────────────────────────────────────────

    Error Context: ../test-results/artifacts/admin-admin-Admin---Email--cdcf9-ould-display-email-settings-chromium/error-context.md

    Retry #1 ───────────────────────────────────────────────────────────────────────────────────────

    Error: expect(locator).toBeVisible() failed

    Locator: locator('h1, h2, .page-title').filter({ hasText: /email|smtp/i }).first()
    Expected: visible
    Timeout: 10000ms
    Error: element(s) not found

    Call log:
      - Expect "toBeVisible" with timeout 10000ms
      - waiting for locator('h1, h2, .page-title').filter({ hasText: /email|smtp/i }).first()


      325 |   test('TC-ADMIN-022: Should display email settings', async ({ page }) => {
      326 |     const pageTitle = page.locator('h1, h2, .page-title').filter({ hasText: /email|smtp/i });
    > 327 |     await expect(pageTitle.first()).toBeVisible({ timeout: 10000 });
          |                                     ^
      328 |   });
      329 |
      330 |   test('TC-ADMIN-023: Should configure SMTP settings', async ({ page }) => {
        at /app/e2e-tests/tests/admin/admin.spec.ts:327:37

    attachment #1: screenshot (image/png) ──────────────────────────────────────────────────────────
    ../test-results/artifacts/admin-admin-Admin---Email--cdcf9-ould-display-email-settings-chromium-retry1/test-failed-1.png
    ────────────────────────────────────────────────────────────────────────────────────────────────

    attachment #2: video (video/webm) ──────────────────────────────────────────────────────────────
    ../test-results/artifacts/admin-admin-Admin---Email--cdcf9-ould-display-email-settings-chromium-retry1/video.webm
    ────────────────────────────────────────────────────────────────────────────────────────────────

    Error Context: ../test-results/artifacts/admin-admin-Admin---Email--cdcf9-ould-display-email-settings-chromium-retry1/error-context.md

    attachment #4: trace (application/zip) ─────────────────────────────────────────────────────────
    ../test-results/artifacts/admin-admin-Admin---Email--cdcf9-ould-display-email-settings-chromium-retry1/trace.zip
    Usage:

        npx playwright show-trace ../test-results/artifacts/admin-admin-Admin---Email--cdcf9-ould-display-email-settings-chromium-retry1/trace.zip

    ────────────────────────────────────────────────────────────────────────────────────────────────

    Retry #2 ───────────────────────────────────────────────────────────────────────────────────────

    Error: expect(locator).toBeVisible() failed

    Locator: locator('h1, h2, .page-title').filter({ hasText: /email|smtp/i }).first()
    Expected: visible
    Timeout: 10000ms
    Error: element(s) not found

    Call log:
      - Expect "toBeVisible" with timeout 10000ms
      - waiting for locator('h1, h2, .page-title').filter({ hasText: /email|smtp/i }).first()


      325 |   test('TC-ADMIN-022: Should display email settings', async ({ page }) => {
      326 |     const pageTitle = page.locator('h1, h2, .page-title').filter({ hasText: /email|smtp/i });
    > 327 |     await expect(pageTitle.first()).toBeVisible({ timeout: 10000 });
          |                                     ^
      328 |   });
      329 |
      330 |   test('TC-ADMIN-023: Should configure SMTP settings', async ({ page }) => {
        at /app/e2e-tests/tests/admin/admin.spec.ts:327:37

    attachment #1: screenshot (image/png) ──────────────────────────────────────────────────────────
    ../test-results/artifacts/admin-admin-Admin---Email--cdcf9-ould-display-email-settings-chromium-retry2/test-failed-1.png
    ────────────────────────────────────────────────────────────────────────────────────────────────

    Error Context: ../test-results/artifacts/admin-admin-Admin---Email--cdcf9-ould-display-email-settings-chromium-retry2/error-context.md
]]>
</failure>
<system-err>
<![CDATA[
Warning: attachment artifacts/admin-admin-Admin---Email--cdcf9-ould-display-email-settings-chromium/test-failed-1.png is missing
Warning: attachment artifacts/admin-admin-Admin---Email--cdcf9-ould-display-email-settings-chromium/error-context.md is missing
Warning: attachment artifacts/admin-admin-Admin---Email--cdcf9-ould-display-email-settings-chromium-retry1/test-failed-1.png is missing
Warning: attachment artifacts/admin-admin-Admin---Email--cdcf9-ould-display-email-settings-chromium-retry1/video.webm is missing
Warning: attachment artifacts/admin-admin-Admin---Email--cdcf9-ould-display-email-settings-chromium-retry1/error-context.md is missing
Warning: attachment artifacts/admin-admin-Admin---Email--cdcf9-ould-display-email-settings-chromium-retry1/trace.zip is missing
Warning: attachment artifacts/admin-admin-Admin---Email--cdcf9-ould-display-email-settings-chromium-retry2/test-failed-1.png is missing
Warning: attachment artifacts/admin-admin-Admin---Email--cdcf9-ould-display-email-settings-chromium-retry2/error-context.md is missing]]>
</system-err>
</testcase>
<testcase name="Admin - Email Settings › TC-ADMIN-023: Should configure SMTP settings" classname="admin/admin.spec.ts" time="1.199">
</testcase>
<testcase name="Admin - Email Settings › TC-ADMIN-024: Should send test email" classname="admin/admin.spec.ts" time="1.152">
</testcase>
<testcase name="Admin - Audit Log › TC-ADMIN-025: Should display audit log" classname="admin/admin.spec.ts" time="35.312">
<failure message="admin.spec.ts:359:7 TC-ADMIN-025: Should display audit log" type="FAILURE">
<![CDATA[  [chromium] › admin/admin.spec.ts:359:7 › Admin - Audit Log › TC-ADMIN-025: Should display audit log 

    Error: expect(locator).toBeVisible() failed

    Locator: locator('h1, h2, .page-title').filter({ hasText: /audit|log|activity/i }).first()
    Expected: visible
    Timeout: 10000ms
    Error: element(s) not found

    Call log:
      - Expect "toBeVisible" with timeout 10000ms
      - waiting for locator('h1, h2, .page-title').filter({ hasText: /audit|log|activity/i }).first()


      359 |   test('TC-ADMIN-025: Should display audit log', async ({ page }) => {
      360 |     const pageTitle = page.locator('h1, h2, .page-title').filter({ hasText: /audit|log|activity/i });
    > 361 |     await expect(pageTitle.first()).toBeVisible({ timeout: 10000 });
          |                                     ^
      362 |   });
      363 |
      364 |   test('TC-ADMIN-026: Should filter audit log by date', async ({ page }) => {
        at /app/e2e-tests/tests/admin/admin.spec.ts:361:37

    attachment #1: screenshot (image/png) ──────────────────────────────────────────────────────────
    ../test-results/artifacts/admin-admin-Admin---Audit--b5719-25-Should-display-audit-log-chromium/test-failed-1.png
    ────────────────────────────────────────────────────────────────────────────────────────────────

    Error Context: ../test-results/artifacts/admin-admin-Admin---Audit--b5719-25-Should-display-audit-log-chromium/error-context.md

    Retry #1 ───────────────────────────────────────────────────────────────────────────────────────

    Error: expect(locator).toBeVisible() failed

    Locator: locator('h1, h2, .page-title').filter({ hasText: /audit|log|activity/i }).first()
    Expected: visible
    Timeout: 10000ms
    Error: element(s) not found

    Call log:
      - Expect "toBeVisible" with timeout 10000ms
      - waiting for locator('h1, h2, .page-title').filter({ hasText: /audit|log|activity/i }).first()


      359 |   test('TC-ADMIN-025: Should display audit log', async ({ page }) => {
      360 |     const pageTitle = page.locator('h1, h2, .page-title').filter({ hasText: /audit|log|activity/i });
    > 361 |     await expect(pageTitle.first()).toBeVisible({ timeout: 10000 });
          |                                     ^
      362 |   });
      363 |
      364 |   test('TC-ADMIN-026: Should filter audit log by date', async ({ page }) => {
        at /app/e2e-tests/tests/admin/admin.spec.ts:361:37

    attachment #1: screenshot (image/png) ──────────────────────────────────────────────────────────
    ../test-results/artifacts/admin-admin-Admin---Audit--b5719-25-Should-display-audit-log-chromium-retry1/test-failed-1.png
    ────────────────────────────────────────────────────────────────────────────────────────────────

    attachment #2: video (video/webm) ──────────────────────────────────────────────────────────────
    ../test-results/artifacts/admin-admin-Admin---Audit--b5719-25-Should-display-audit-log-chromium-retry1/video.webm
    ────────────────────────────────────────────────────────────────────────────────────────────────

    Error Context: ../test-results/artifacts/admin-admin-Admin---Audit--b5719-25-Should-display-audit-log-chromium-retry1/error-context.md

    attachment #4: trace (application/zip) ─────────────────────────────────────────────────────────
    ../test-results/artifacts/admin-admin-Admin---Audit--b5719-25-Should-display-audit-log-chromium-retry1/trace.zip
    Usage:

        npx playwright show-trace ../test-results/artifacts/admin-admin-Admin---Audit--b5719-25-Should-display-audit-log-chromium-retry1/trace.zip

    ────────────────────────────────────────────────────────────────────────────────────────────────

    Retry #2 ───────────────────────────────────────────────────────────────────────────────────────

    Error: expect(locator).toBeVisible() failed

    Locator: locator('h1, h2, .page-title').filter({ hasText: /audit|log|activity/i }).first()
    Expected: visible
    Timeout: 10000ms
    Error: element(s) not found

    Call log:
      - Expect "toBeVisible" with timeout 10000ms
      - waiting for locator('h1, h2, .page-title').filter({ hasText: /audit|log|activity/i }).first()


      359 |   test('TC-ADMIN-025: Should display audit log', async ({ page }) => {
      360 |     const pageTitle = page.locator('h1, h2, .page-title').filter({ hasText: /audit|log|activity/i });
    > 361 |     await expect(pageTitle.first()).toBeVisible({ timeout: 10000 });
          |                                     ^
      362 |   });
      363 |
      364 |   test('TC-ADMIN-026: Should filter audit log by date', async ({ page }) => {
        at /app/e2e-tests/tests/admin/admin.spec.ts:361:37

    attachment #1: screenshot (image/png) ──────────────────────────────────────────────────────────
    ../test-results/artifacts/admin-admin-Admin---Audit--b5719-25-Should-display-audit-log-chromium-retry2/test-failed-1.png
    ────────────────────────────────────────────────────────────────────────────────────────────────

    Error Context: ../test-results/artifacts/admin-admin-Admin---Audit--b5719-25-Should-display-audit-log-chromium-retry2/error-context.md
]]>
</failure>
<system-err>
<![CDATA[
Warning: attachment artifacts/admin-admin-Admin---Audit--b5719-25-Should-display-audit-log-chromium/test-failed-1.png is missing
Warning: attachment artifacts/admin-admin-Admin---Audit--b5719-25-Should-display-audit-log-chromium/error-context.md is missing
Warning: attachment artifacts/admin-admin-Admin---Audit--b5719-25-Should-display-audit-log-chromium-retry1/test-failed-1.png is missing
Warning: attachment artifacts/admin-admin-Admin---Audit--b5719-25-Should-display-audit-log-chromium-retry1/video.webm is missing
Warning: attachment artifacts/admin-admin-Admin---Audit--b5719-25-Should-display-audit-log-chromium-retry1/error-context.md is missing
Warning: attachment artifacts/admin-admin-Admin---Audit--b5719-25-Should-display-audit-log-chromium-retry1/trace.zip is missing
Warning: attachment artifacts/admin-admin-Admin---Audit--b5719-25-Should-display-audit-log-chromium-retry2/test-failed-1.png is missing
Warning: attachment artifacts/admin-admin-Admin---Audit--b5719-25-Should-display-audit-log-chromium-retry2/error-context.md is missing]]>
</system-err>
</testcase>
<testcase name="Admin - Audit Log › TC-ADMIN-026: Should filter audit log by date" classname="admin/admin.spec.ts" time="1.924">
</testcase>
<testcase name="Admin - Audit Log › TC-ADMIN-027: Should filter audit log by action type" classname="admin/admin.spec.ts" time="1.103">
</testcase>
<testcase name="Admin - Audit Log › TC-ADMIN-028: Should export audit log" classname="admin/admin.spec.ts" time="1.136">
</testcase>
</testsuite>
<testsuite name="auth/authentication.spec.ts" timestamp="2026-01-27T00:15:12.056Z" hostname="chromium" tests="20" failures="9" skipped="1" time="274.892" errors="0">
<testcase name="Authentication - Login › TC-AUTH-001: Should display login page correctly" classname="auth/authentication.spec.ts" time="32.99">
<failure message="authentication.spec.ts:18:7 TC-AUTH-001: Should display login page correctly" type="FAILURE">
<![CDATA[  [chromium] › auth/authentication.spec.ts:18:7 › Authentication - Login › TC-AUTH-001: Should display login page correctly 

    Error: expect(locator).toBeVisible() failed

    Locator: locator('input[name="email"], input[name="username"], #email, #username').first()
    Expected: visible
    Timeout: 10000ms
    Error: element(s) not found

    Call log:
      - Expect "toBeVisible" with timeout 10000ms
      - waiting for locator('input[name="email"], input[name="username"], #email, #username').first()


      18 |   test('TC-AUTH-001: Should display login page correctly', async ({ page }) => {
      19 |     // Verify login page elements
    > 20 |     await expect(page.locator('input[name="email"], input[name="username"], #email, #username').first()).toBeVisible();
         |                                                                                                          ^
      21 |     await expect(page.locator('input[name="password"], input[type="password"]').first()).toBeVisible();
      22 |     await expect(page.locator('button[type="submit"], button:has-text("Login")').first()).toBeVisible();
      23 |   });
        at /app/e2e-tests/tests/auth/authentication.spec.ts:20:106

    attachment #1: screenshot (image/png) ──────────────────────────────────────────────────────────
    ../test-results/artifacts/auth-authentication-Authen-4254d-isplay-login-page-correctly-chromium/test-failed-1.png
    ────────────────────────────────────────────────────────────────────────────────────────────────

    Error Context: ../test-results/artifacts/auth-authentication-Authen-4254d-isplay-login-page-correctly-chromium/error-context.md

    Retry #1 ───────────────────────────────────────────────────────────────────────────────────────

    Error: expect(locator).toBeVisible() failed

    Locator: locator('input[name="email"], input[name="username"], #email, #username').first()
    Expected: visible
    Timeout: 10000ms
    Error: element(s) not found

    Call log:
      - Expect "toBeVisible" with timeout 10000ms
      - waiting for locator('input[name="email"], input[name="username"], #email, #username').first()


      18 |   test('TC-AUTH-001: Should display login page correctly', async ({ page }) => {
      19 |     // Verify login page elements
    > 20 |     await expect(page.locator('input[name="email"], input[name="username"], #email, #username').first()).toBeVisible();
         |                                                                                                          ^
      21 |     await expect(page.locator('input[name="password"], input[type="password"]').first()).toBeVisible();
      22 |     await expect(page.locator('button[type="submit"], button:has-text("Login")').first()).toBeVisible();
      23 |   });
        at /app/e2e-tests/tests/auth/authentication.spec.ts:20:106

    attachment #1: screenshot (image/png) ──────────────────────────────────────────────────────────
    ../test-results/artifacts/auth-authentication-Authen-4254d-isplay-login-page-correctly-chromium-retry1/test-failed-1.png
    ────────────────────────────────────────────────────────────────────────────────────────────────

    attachment #2: video (video/webm) ──────────────────────────────────────────────────────────────
    ../test-results/artifacts/auth-authentication-Authen-4254d-isplay-login-page-correctly-chromium-retry1/video.webm
    ────────────────────────────────────────────────────────────────────────────────────────────────

    Error Context: ../test-results/artifacts/auth-authentication-Authen-4254d-isplay-login-page-correctly-chromium-retry1/error-context.md

    attachment #4: trace (application/zip) ─────────────────────────────────────────────────────────
    ../test-results/artifacts/auth-authentication-Authen-4254d-isplay-login-page-correctly-chromium-retry1/trace.zip
    Usage:

        npx playwright show-trace ../test-results/artifacts/auth-authentication-Authen-4254d-isplay-login-page-correctly-chromium-retry1/trace.zip

    ────────────────────────────────────────────────────────────────────────────────────────────────

    Retry #2 ───────────────────────────────────────────────────────────────────────────────────────

    Error: expect(locator).toBeVisible() failed

    Locator: locator('input[name="email"], input[name="username"], #email, #username').first()
    Expected: visible
    Timeout: 10000ms
    Error: element(s) not found

    Call log:
      - Expect "toBeVisible" with timeout 10000ms
      - waiting for locator('input[name="email"], input[name="username"], #email, #username').first()


      18 |   test('TC-AUTH-001: Should display login page correctly', async ({ page }) => {
      19 |     // Verify login page elements
    > 20 |     await expect(page.locator('input[name="email"], input[name="username"], #email, #username').first()).toBeVisible();
         |                                                                                                          ^
      21 |     await expect(page.locator('input[name="password"], input[type="password"]').first()).toBeVisible();
      22 |     await expect(page.locator('button[type="submit"], button:has-text("Login")').first()).toBeVisible();
      23 |   });
        at /app/e2e-tests/tests/auth/authentication.spec.ts:20:106

    attachment #1: screenshot (image/png) ──────────────────────────────────────────────────────────
    ../test-results/artifacts/auth-authentication-Authen-4254d-isplay-login-page-correctly-chromium-retry2/test-failed-1.png
    ────────────────────────────────────────────────────────────────────────────────────────────────

    Error Context: ../test-results/artifacts/auth-authentication-Authen-4254d-isplay-login-page-correctly-chromium-retry2/error-context.md
]]>
</failure>
<system-err>
<![CDATA[
Warning: attachment artifacts/auth-authentication-Authen-4254d-isplay-login-page-correctly-chromium/test-failed-1.png is missing
Warning: attachment artifacts/auth-authentication-Authen-4254d-isplay-login-page-correctly-chromium/error-context.md is missing
Warning: attachment artifacts/auth-authentication-Authen-4254d-isplay-login-page-correctly-chromium-retry1/test-failed-1.png is missing
Warning: attachment artifacts/auth-authentication-Authen-4254d-isplay-login-page-correctly-chromium-retry1/video.webm is missing
Warning: attachment artifacts/auth-authentication-Authen-4254d-isplay-login-page-correctly-chromium-retry1/error-context.md is missing
Warning: attachment artifacts/auth-authentication-Authen-4254d-isplay-login-page-correctly-chromium-retry1/trace.zip is missing
Warning: attachment artifacts/auth-authentication-Authen-4254d-isplay-login-page-correctly-chromium-retry2/test-failed-1.png is missing
Warning: attachment artifacts/auth-authentication-Authen-4254d-isplay-login-page-correctly-chromium-retry2/error-context.md is missing]]>
</system-err>
</testcase>
<testcase name="Authentication - Login › TC-AUTH-002: Should login successfully with valid credentials" classname="auth/authentication.spec.ts" time="1.537">
</testcase>
<testcase name="Authentication - Login › TC-AUTH-003: Should show error for invalid email" classname="auth/authentication.spec.ts" time="1.002">
</testcase>
<testcase name="Authentication - Login › TC-AUTH-004: Should show error for wrong password" classname="auth/authentication.spec.ts" time="3.307">
</testcase>
<testcase name="Authentication - Login › TC-AUTH-005: Should show error for empty fields" classname="auth/authentication.spec.ts" time="32.497">
<failure message="authentication.spec.ts:69:7 TC-AUTH-005: Should show error for empty fields" type="FAILURE">
<![CDATA[  [chromium] › auth/authentication.spec.ts:69:7 › Authentication - Login › TC-AUTH-005: Should show error for empty fields 

    TimeoutError: locator.click: Timeout 10000ms exceeded.
    Call log:
      - waiting for locator('button[type="submit"], button:has-text("Login"), button:has-text("Sign In")')
        - locator resolved to <button disabled tabindex="-1" type="submit" class="MuiButtonBase-root MuiButton-root MuiButton-contained MuiButton-containedPrimary MuiButton-sizeLarge MuiButton-containedSizeLarge MuiButton-colorPrimary MuiButton-fullWidth Mui-disabled MuiButton-root MuiButton-contained MuiButton-containedPrimary MuiButton-sizeLarge MuiButton-containedSizeLarge MuiButton-colorPrimary MuiButton-fullWidth css-1ov2o8i">Sign In</button>
      - attempting click action
        2 × waiting for element to be visible, enabled and stable
          - element is not enabled
        - retrying click action
        - waiting 20ms
        2 × waiting for element to be visible, enabled and stable
          - element is not enabled
        - retrying click action
          - waiting 100ms
        19 × waiting for element to be visible, enabled and stable
           - element is not enabled
         - retrying click action
           - waiting 500ms


      71 |     
      72 |     // Try to submit empty form
    > 73 |     await loginPage.loginButton.click();
         |                                 ^
      74 |     
      75 |     // Should show validation errors or stay on login page
      76 |     await page.waitForTimeout(1000);
        at /app/e2e-tests/tests/auth/authentication.spec.ts:73:33

    attachment #1: screenshot (image/png) ──────────────────────────────────────────────────────────
    ../test-results/artifacts/auth-authentication-Authen-f0498-show-error-for-empty-fields-chromium/test-failed-1.png
    ────────────────────────────────────────────────────────────────────────────────────────────────

    Error Context: ../test-results/artifacts/auth-authentication-Authen-f0498-show-error-for-empty-fields-chromium/error-context.md

    Retry #1 ───────────────────────────────────────────────────────────────────────────────────────

    TimeoutError: locator.click: Timeout 10000ms exceeded.
    Call log:
      - waiting for locator('button[type="submit"], button:has-text("Login"), button:has-text("Sign In")')
        - locator resolved to <button disabled tabindex="-1" type="submit" class="MuiButtonBase-root MuiButton-root MuiButton-contained MuiButton-containedPrimary MuiButton-sizeLarge MuiButton-containedSizeLarge MuiButton-colorPrimary MuiButton-fullWidth Mui-disabled MuiButton-root MuiButton-contained MuiButton-containedPrimary MuiButton-sizeLarge MuiButton-containedSizeLarge MuiButton-colorPrimary MuiButton-fullWidth css-1ov2o8i">Sign In</button>
      - attempting click action
        2 × waiting for element to be visible, enabled and stable
          - element is not enabled
        - retrying click action
        - waiting 20ms
        2 × waiting for element to be visible, enabled and stable
          - element is not enabled
        - retrying click action
          - waiting 100ms
        18 × waiting for element to be visible, enabled and stable
           - element is not enabled
         - retrying click action
           - waiting 500ms
        - waiting for element to be visible, enabled and stable


      71 |     
      72 |     // Try to submit empty form
    > 73 |     await loginPage.loginButton.click();
         |                                 ^
      74 |     
      75 |     // Should show validation errors or stay on login page
      76 |     await page.waitForTimeout(1000);
        at /app/e2e-tests/tests/auth/authentication.spec.ts:73:33

    attachment #1: screenshot (image/png) ──────────────────────────────────────────────────────────
    ../test-results/artifacts/auth-authentication-Authen-f0498-show-error-for-empty-fields-chromium-retry1/test-failed-1.png
    ────────────────────────────────────────────────────────────────────────────────────────────────

    attachment #2: video (video/webm) ──────────────────────────────────────────────────────────────
    ../test-results/artifacts/auth-authentication-Authen-f0498-show-error-for-empty-fields-chromium-retry1/video.webm
    ────────────────────────────────────────────────────────────────────────────────────────────────

    Error Context: ../test-results/artifacts/auth-authentication-Authen-f0498-show-error-for-empty-fields-chromium-retry1/error-context.md

    attachment #4: trace (application/zip) ─────────────────────────────────────────────────────────
    ../test-results/artifacts/auth-authentication-Authen-f0498-show-error-for-empty-fields-chromium-retry1/trace.zip
    Usage:

        npx playwright show-trace ../test-results/artifacts/auth-authentication-Authen-f0498-show-error-for-empty-fields-chromium-retry1/trace.zip

    ────────────────────────────────────────────────────────────────────────────────────────────────

    Retry #2 ───────────────────────────────────────────────────────────────────────────────────────

    TimeoutError: locator.click: Timeout 10000ms exceeded.
    Call log:
      - waiting for locator('button[type="submit"], button:has-text("Login"), button:has-text("Sign In")')
        - locator resolved to <button disabled tabindex="-1" type="submit" class="MuiButtonBase-root MuiButton-root MuiButton-contained MuiButton-containedPrimary MuiButton-sizeLarge MuiButton-containedSizeLarge MuiButton-colorPrimary MuiButton-fullWidth Mui-disabled MuiButton-root MuiButton-contained MuiButton-containedPrimary MuiButton-sizeLarge MuiButton-containedSizeLarge MuiButton-colorPrimary MuiButton-fullWidth css-1ov2o8i">Sign In</button>
      - attempting click action
        2 × waiting for element to be visible, enabled and stable
          - element is not enabled
        - retrying click action
        - waiting 20ms
        2 × waiting for element to be visible, enabled and stable
          - element is not enabled
        - retrying click action
          - waiting 100ms
        19 × waiting for element to be visible, enabled and stable
           - element is not enabled
         - retrying click action
           - waiting 500ms


      71 |     
      72 |     // Try to submit empty form
    > 73 |     await loginPage.loginButton.click();
         |                                 ^
      74 |     
      75 |     // Should show validation errors or stay on login page
      76 |     await page.waitForTimeout(1000);
        at /app/e2e-tests/tests/auth/authentication.spec.ts:73:33

    attachment #1: screenshot (image/png) ──────────────────────────────────────────────────────────
    ../test-results/artifacts/auth-authentication-Authen-f0498-show-error-for-empty-fields-chromium-retry2/test-failed-1.png
    ────────────────────────────────────────────────────────────────────────────────────────────────

    Error Context: ../test-results/artifacts/auth-authentication-Authen-f0498-show-error-for-empty-fields-chromium-retry2/error-context.md
]]>
</failure>
<system-out>
<![CDATA[
[[ATTACHMENT|artifacts/auth-authentication-Authen-f0498-show-error-for-empty-fields-chromium/test-failed-1.png]]

[[ATTACHMENT|artifacts/auth-authentication-Authen-f0498-show-error-for-empty-fields-chromium/error-context.md]]

[[ATTACHMENT|artifacts/auth-authentication-Authen-f0498-show-error-for-empty-fields-chromium-retry1/test-failed-1.png]]

[[ATTACHMENT|artifacts/auth-authentication-Authen-f0498-show-error-for-empty-fields-chromium-retry1/video.webm]]

[[ATTACHMENT|artifacts/auth-authentication-Authen-f0498-show-error-for-empty-fields-chromium-retry1/error-context.md]]

[[ATTACHMENT|artifacts/auth-authentication-Authen-f0498-show-error-for-empty-fields-chromium-retry1/trace.zip]]

[[ATTACHMENT|artifacts/auth-authentication-Authen-f0498-show-error-for-empty-fields-chromium-retry2/test-failed-1.png]]

[[ATTACHMENT|artifacts/auth-authentication-Authen-f0498-show-error-for-empty-fields-chromium-retry2/error-context.md]]
]]>
</system-out>
</testcase>
<testcase name="Authentication - Login › TC-AUTH-006: Should navigate to forgot password page" classname="auth/authentication.spec.ts" time="0.958">
</testcase>
<testcase name="Authentication - Login › TC-AUTH-007: Should navigate to registration page" classname="auth/authentication.spec.ts" time="1.292">
<properties>
<property name="skip" value="Registration link not visible">
</property>
</properties>
<skipped>
</skipped>
</testcase>
<testcase name="Authentication - Login › TC-AUTH-008: Should remember me functionality" classname="auth/authentication.spec.ts" time="2.356">
</testcase>
<testcase name="Authentication - Logout › TC-AUTH-009: Should logout successfully" classname="auth/authentication.spec.ts" time="5.808">
</testcase>
<testcase name="Authentication - Logout › TC-AUTH-010: Should not access protected routes after logout" classname="auth/authentication.spec.ts" time="9.295">
<failure message="authentication.spec.ts:158:7 TC-AUTH-010: Should not access protected routes after logout" type="FAILURE">
<![CDATA[  [chromium] › auth/authentication.spec.ts:158:7 › Authentication - Logout › TC-AUTH-010: Should not access protected routes after logout 

    Error: expect(received).toMatch(expected)

    Expected pattern: /login|unauthorized/i
    Received string:  "http://192.168.0.9/customers"

      170 |     
      171 |     // Should redirect to login
    > 172 |     expect(page.url()).toMatch(/login|unauthorized/i);
          |                        ^
      173 |   });
      174 | });
      175 |
        at /app/e2e-tests/tests/auth/authentication.spec.ts:172:24

    attachment #1: screenshot (image/png) ──────────────────────────────────────────────────────────
    ../test-results/artifacts/auth-authentication-Authen-c574c-otected-routes-after-logout-chromium/test-failed-1.png
    ────────────────────────────────────────────────────────────────────────────────────────────────

    Error Context: ../test-results/artifacts/auth-authentication-Authen-c574c-otected-routes-after-logout-chromium/error-context.md

    Retry #1 ───────────────────────────────────────────────────────────────────────────────────────

    Error: expect(received).toMatch(expected)

    Expected pattern: /login|unauthorized/i
    Received string:  "http://192.168.0.9/customers"

      170 |     
      171 |     // Should redirect to login
    > 172 |     expect(page.url()).toMatch(/login|unauthorized/i);
          |                        ^
      173 |   });
      174 | });
      175 |
        at /app/e2e-tests/tests/auth/authentication.spec.ts:172:24

    attachment #1: screenshot (image/png) ──────────────────────────────────────────────────────────
    ../test-results/artifacts/auth-authentication-Authen-c574c-otected-routes-after-logout-chromium-retry1/test-failed-1.png
    ────────────────────────────────────────────────────────────────────────────────────────────────

    attachment #2: video (video/webm) ──────────────────────────────────────────────────────────────
    ../test-results/artifacts/auth-authentication-Authen-c574c-otected-routes-after-logout-chromium-retry1/video.webm
    ────────────────────────────────────────────────────────────────────────────────────────────────

    Error Context: ../test-results/artifacts/auth-authentication-Authen-c574c-otected-routes-after-logout-chromium-retry1/error-context.md

    attachment #4: trace (application/zip) ─────────────────────────────────────────────────────────
    ../test-results/artifacts/auth-authentication-Authen-c574c-otected-routes-after-logout-chromium-retry1/trace.zip
    Usage:

        npx playwright show-trace ../test-results/artifacts/auth-authentication-Authen-c574c-otected-routes-after-logout-chromium-retry1/trace.zip

    ────────────────────────────────────────────────────────────────────────────────────────────────

    Retry #2 ───────────────────────────────────────────────────────────────────────────────────────

    Error: expect(received).toMatch(expected)

    Expected pattern: /login|unauthorized/i
    Received string:  "http://192.168.0.9/customers"

      170 |     
      171 |     // Should redirect to login
[...]
]]>
</failure>
<system-out>
<![CDATA[
[[ATTACHMENT|artifacts/workflows-workflows-Workfl-7b85d-have-create-workflow-button-chromium/test-failed-1.png]]

[[ATTACHMENT|artifacts/workflows-workflows-Workfl-7b85d-have-create-workflow-button-chromium/error-context.md]]

[[ATTACHMENT|artifacts/workflows-workflows-Workfl-7b85d-have-create-workflow-button-chromium-retry1/test-failed-1.png]]

[[ATTACHMENT|artifacts/workflows-workflows-Workfl-7b85d-have-create-workflow-button-chromium-retry1/video.webm]]

[[ATTACHMENT|artifacts/workflows-workflows-Workfl-7b85d-have-create-workflow-button-chromium-retry1/error-context.md]]

[[ATTACHMENT|artifacts/workflows-workflows-Workfl-7b85d-have-create-workflow-button-chromium-retry1/trace.zip]]

[[ATTACHMENT|artifacts/workflows-workflows-Workfl-7b85d-have-create-workflow-button-chromium-retry2/test-failed-1.png]]

[[ATTACHMENT|artifacts/workflows-workflows-Workfl-7b85d-have-create-workflow-button-chromium-retry2/error-context.md]]
]]>
</system-out>
</testcase>
<testcase name="Workflows - List View › TC-WF-003: Should show workflow status" classname="workflows/workflows.spec.ts" time="1.198">
</testcase>
<testcase name="Workflows - Create › TC-WF-004: Should open workflow designer" classname="workflows/workflows.spec.ts" time="34.883">
<failure message="workflows.spec.ts:38:7 TC-WF-004: Should open workflow designer" type="FAILURE">
<![CDATA[  [chromium] › workflows/workflows.spec.ts:38:7 › Workflows - Create › TC-WF-004: Should open workflow designer 

    TimeoutError: locator.click: Timeout 10000ms exceeded.
    Call log:
      - waiting for locator('button:has-text("Add"), button:has-text("New"), button:has-text("Create")').first()


      38 |   test('TC-WF-004: Should open workflow designer', async ({ page }) => {
      39 |     const addButton = page.locator('button:has-text("Add"), button:has-text("New"), button:has-text("Create")').first();
    > 40 |     await addButton.click();
         |                     ^
      41 |     await page.waitForTimeout(1000);
      42 |     
      43 |     // Should navigate to designer or show dialog
        at /app/e2e-tests/tests/workflows/workflows.spec.ts:40:21

    attachment #1: screenshot (image/png) ──────────────────────────────────────────────────────────
    ../test-results/artifacts/workflows-workflows-Workfl-fda60-ould-open-workflow-designer-chromium/test-failed-1.png
    ────────────────────────────────────────────────────────────────────────────────────────────────

    Error Context: ../test-results/artifacts/workflows-workflows-Workfl-fda60-ould-open-workflow-designer-chromium/error-context.md

    Retry #1 ───────────────────────────────────────────────────────────────────────────────────────

    TimeoutError: locator.click: Timeout 10000ms exceeded.
    Call log:
      - waiting for locator('button:has-text("Add"), button:has-text("New"), button:has-text("Create")').first()


      38 |   test('TC-WF-004: Should open workflow designer', async ({ page }) => {
      39 |     const addButton = page.locator('button:has-text("Add"), button:has-text("New"), button:has-text("Create")').first();
    > 40 |     await addButton.click();
         |                     ^
      41 |     await page.waitForTimeout(1000);
      42 |     
      43 |     // Should navigate to designer or show dialog
        at /app/e2e-tests/tests/workflows/workflows.spec.ts:40:21

    attachment #1: screenshot (image/png) ──────────────────────────────────────────────────────────
    ../test-results/artifacts/workflows-workflows-Workfl-fda60-ould-open-workflow-designer-chromium-retry1/test-failed-1.png
    ────────────────────────────────────────────────────────────────────────────────────────────────

    attachment #2: video (video/webm) ──────────────────────────────────────────────────────────────
    ../test-results/artifacts/workflows-workflows-Workfl-fda60-ould-open-workflow-designer-chromium-retry1/video.webm
    ────────────────────────────────────────────────────────────────────────────────────────────────

    Error Context: ../test-results/artifacts/workflows-workflows-Workfl-fda60-ould-open-workflow-designer-chromium-retry1/error-context.md

    attachment #4: trace (application/zip) ─────────────────────────────────────────────────────────
    ../test-results/artifacts/workflows-workflows-Workfl-fda60-ould-open-workflow-designer-chromium-retry1/trace.zip
    Usage:

        npx playwright show-trace ../test-results/artifacts/workflows-workflows-Workfl-fda60-ould-open-workflow-designer-chromium-retry1/trace.zip

    ────────────────────────────────────────────────────────────────────────────────────────────────

    Retry #2 ───────────────────────────────────────────────────────────────────────────────────────

    TimeoutError: locator.click: Timeout 10000ms exceeded.
    Call log:
      - waiting for locator('button:has-text("Add"), button:has-text("New"), button:has-text("Create")').first()


      38 |   test('TC-WF-004: Should open workflow designer', async ({ page }) => {
      39 |     const addButton = page.locator('button:has-text("Add"), button:has-text("New"), button:has-text("Create")').first();
    > 40 |     await addButton.click();
         |                     ^
      41 |     await page.waitForTimeout(1000);
      42 |     
      43 |     // Should navigate to designer or show dialog
        at /app/e2e-tests/tests/workflows/workflows.spec.ts:40:21

    attachment #1: screenshot (image/png) ──────────────────────────────────────────────────────────
    ../test-results/artifacts/workflows-workflows-Workfl-fda60-ould-open-workflow-designer-chromium-retry2/test-failed-1.png
    ────────────────────────────────────────────────────────────────────────────────────────────────

    Error Context: ../test-results/artifacts/workflows-workflows-Workfl-fda60-ould-open-workflow-designer-chromium-retry2/error-context.md
]]>
</failure>
<system-out>
<![CDATA[
[[ATTACHMENT|artifacts/workflows-workflows-Workfl-fda60-ould-open-workflow-designer-chromium/test-failed-1.png]]

[[ATTACHMENT|artifacts/workflows-workflows-Workfl-fda60-ould-open-workflow-designer-chromium/error-context.md]]

[[ATTACHMENT|artifacts/workflows-workflows-Workfl-fda60-ould-open-workflow-designer-chromium-retry1/test-failed-1.png]]

[[ATTACHMENT|artifacts/workflows-workflows-Workfl-fda60-ould-open-workflow-designer-chromium-retry1/video.webm]]

[[ATTACHMENT|artifacts/workflows-workflows-Workfl-fda60-ould-open-workflow-designer-chromium-retry1/error-context.md]]

[[ATTACHMENT|artifacts/workflows-workflows-Workfl-fda60-ould-open-workflow-designer-chromium-retry1/trace.zip]]

[[ATTACHMENT|artifacts/workflows-workflows-Workfl-fda60-ould-open-workflow-designer-chromium-retry2/test-failed-1.png]]

[[ATTACHMENT|artifacts/workflows-workflows-Workfl-fda60-ould-open-workflow-designer-chromium-retry2/error-context.md]]
]]>
</system-out>
</testcase>
<testcase name="Workflows - Create › TC-WF-005: Should create new workflow" classname="workflows/workflows.spec.ts" time="34.784">
<failure message="workflows.spec.ts:48:7 TC-WF-005: Should create new workflow" type="FAILURE">
<![CDATA[  [chromium] › workflows/workflows.spec.ts:48:7 › Workflows - Create › TC-WF-005: Should create new workflow 

    TimeoutError: locator.click: Timeout 10000ms exceeded.
    Call log:
      - waiting for locator('button:has-text("Add"), button:has-text("New"), button:has-text("Create")').first()


      50 |     
      51 |     const addButton = page.locator('button:has-text("Add"), button:has-text("New"), button:has-text("Create")').first();
    > 52 |     await addButton.click();
         |                     ^
      53 |     await page.waitForTimeout(1000);
      54 |     
      55 |     // Fill workflow name
        at /app/e2e-tests/tests/workflows/workflows.spec.ts:52:21

    attachment #1: screenshot (image/png) ──────────────────────────────────────────────────────────
    ../test-results/artifacts/workflows-workflows-Workfl-5cebf--Should-create-new-workflow-chromium/test-failed-1.png
    ────────────────────────────────────────────────────────────────────────────────────────────────

    Error Context: ../test-results/artifacts/workflows-workflows-Workfl-5cebf--Should-create-new-workflow-chromium/error-context.md

    Retry #1 ───────────────────────────────────────────────────────────────────────────────────────

    TimeoutError: locator.click: Timeout 10000ms exceeded.
    Call log:
      - waiting for locator('button:has-text("Add"), button:has-text("New"), button:has-text("Create")').first()


      50 |     
      51 |     const addButton = page.locator('button:has-text("Add"), button:has-text("New"), button:has-text("Create")').first();
    > 52 |     await addButton.click();
         |                     ^
      53 |     await page.waitForTimeout(1000);
      54 |     
      55 |     // Fill workflow name
        at /app/e2e-tests/tests/workflows/workflows.spec.ts:52:21

    attachment #1: screenshot (image/png) ──────────────────────────────────────────────────────────
    ../test-results/artifacts/workflows-workflows-Workfl-5cebf--Should-create-new-workflow-chromium-retry1/test-failed-1.png
    ────────────────────────────────────────────────────────────────────────────────────────────────

    attachment #2: video (video/webm) ──────────────────────────────────────────────────────────────
    ../test-results/artifacts/workflows-workflows-Workfl-5cebf--Should-create-new-workflow-chromium-retry1/video.webm
    ────────────────────────────────────────────────────────────────────────────────────────────────

    Error Context: ../test-results/artifacts/workflows-workflows-Workfl-5cebf--Should-create-new-workflow-chromium-retry1/error-context.md

    attachment #4: trace (application/zip) ─────────────────────────────────────────────────────────
    ../test-results/artifacts/workflows-workflows-Workfl-5cebf--Should-create-new-workflow-chromium-retry1/trace.zip
    Usage:

        npx playwright show-trace ../test-results/artifacts/workflows-workflows-Workfl-5cebf--Should-create-new-workflow-chromium-retry1/trace.zip

    ────────────────────────────────────────────────────────────────────────────────────────────────

    Retry #2 ───────────────────────────────────────────────────────────────────────────────────────

    TimeoutError: locator.click: Timeout 10000ms exceeded.
    Call log:
      - waiting for locator('button:has-text("Add"), button:has-text("New"), button:has-text("Create")').first()


      50 |     
      51 |     const addButton = page.locator('button:has-text("Add"), button:has-text("New"), button:has-text("Create")').first();
    > 52 |     await addButton.click();
         |                     ^
      53 |     await page.waitForTimeout(1000);
      54 |     
      55 |     // Fill workflow name
        at /app/e2e-tests/tests/workflows/workflows.spec.ts:52:21

    attachment #1: screenshot (image/png) ──────────────────────────────────────────────────────────
    ../test-results/artifacts/workflows-workflows-Workfl-5cebf--Should-create-new-workflow-chromium-retry2/test-failed-1.png
    ────────────────────────────────────────────────────────────────────────────────────────────────

    Error Context: ../test-results/artifacts/workflows-workflows-Workfl-5cebf--Should-create-new-workflow-chromium-retry2/error-context.md
]]>
</failure>
<system-out>
<![CDATA[
[[ATTACHMENT|artifacts/workflows-workflows-Workfl-5cebf--Should-create-new-workflow-chromium/test-failed-1.png]]

[[ATTACHMENT|artifacts/workflows-workflows-Workfl-5cebf--Should-create-new-workflow-chromium/error-context.md]]

[[ATTACHMENT|artifacts/workflows-workflows-Workfl-5cebf--Should-create-new-workflow-chromium-retry1/test-failed-1.png]]

[[ATTACHMENT|artifacts/workflows-workflows-Workfl-5cebf--Should-create-new-workflow-chromium-retry1/video.webm]]

[[ATTACHMENT|artifacts/workflows-workflows-Workfl-5cebf--Should-create-new-workflow-chromium-retry1/error-context.md]]

[[ATTACHMENT|artifacts/workflows-workflows-Workfl-5cebf--Should-create-new-workflow-chromium-retry1/trace.zip]]

[[ATTACHMENT|artifacts/workflows-workflows-Workfl-5cebf--Should-create-new-workflow-chromium-retry2/test-failed-1.png]]

[[ATTACHMENT|artifacts/workflows-workflows-Workfl-5cebf--Should-create-new-workflow-chromium-retry2/error-context.md]]
]]>
</system-out>
</testcase>
<testcase name="Workflows - Create › TC-WF-006: Should set workflow trigger" classname="workflows/workflows.spec.ts" time="34.443">
<failure message="workflows.spec.ts:72:7 TC-WF-006: Should set workflow trigger" type="FAILURE">
<![CDATA[  [chromium] › workflows/workflows.spec.ts:72:7 › Workflows - Create › TC-WF-006: Should set workflow trigger 

    TimeoutError: locator.click: Timeout 10000ms exceeded.
    Call log:
      - waiting for locator('button:has-text("Add"), button:has-text("New"), button:has-text("Create")').first()


      72 |   test('TC-WF-006: Should set workflow trigger', async ({ page }) => {
      73 |     const addButton = page.locator('button:has-text("Add"), button:has-text("New"), button:has-text("Create")').first();
    > 74 |     await addButton.click();
         |                     ^
      75 |     await page.waitForTimeout(1000);
      76 |     
      77 |     // Look for trigger selection
        at /app/e2e-tests/tests/workflows/workflows.spec.ts:74:21

    attachment #1: screenshot (image/png) ──────────────────────────────────────────────────────────
    ../test-results/artifacts/workflows-workflows-Workfl-90a13-Should-set-workflow-trigger-chromium/test-failed-1.png
    ────────────────────────────────────────────────────────────────────────────────────────────────

    Error Context: ../test-results/artifacts/workflows-workflows-Workfl-90a13-Should-set-workflow-trigger-chromium/error-context.md

    Retry #1 ───────────────────────────────────────────────────────────────────────────────────────

    TimeoutError: locator.click: Timeout 10000ms exceeded.
    Call log:
      - waiting for locator('button:has-text("Add"), button:has-text("New"), button:has-text("Create")').first()


      72 |   test('TC-WF-006: Should set workflow trigger', async ({ page }) => {
      73 |     const addButton = page.locator('button:has-text("Add"), button:has-text("New"), button:has-text("Create")').first();
    > 74 |     await addButton.click();
         |                     ^
      75 |     await page.waitForTimeout(1000);
      76 |     
      77 |     // Look for trigger selection
        at /app/e2e-tests/tests/workflows/workflows.spec.ts:74:21

    attachment #1: screenshot (image/png) ──────────────────────────────────────────────────────────
    ../test-results/artifacts/workflows-workflows-Workfl-90a13-Should-set-workflow-trigger-chromium-retry1/test-failed-1.png
    ────────────────────────────────────────────────────────────────────────────────────────────────

    attachment #2: video (video/webm) ──────────────────────────────────────────────────────────────
    ../test-results/artifacts/workflows-workflows-Workfl-90a13-Should-set-workflow-trigger-chromium-retry1/video.webm
    ────────────────────────────────────────────────────────────────────────────────────────────────

    Error Context: ../test-results/artifacts/workflows-workflows-Workfl-90a13-Should-set-workflow-trigger-chromium-retry1/error-context.md

    attachment #4: trace (application/zip) ─────────────────────────────────────────────────────────
    ../test-results/artifacts/workflows-workflows-Workfl-90a13-Should-set-workflow-trigger-chromium-retry1/trace.zip
    Usage:

        npx playwright show-trace ../test-results/artifacts/workflows-workflows-Workfl-90a13-Should-set-workflow-trigger-chromium-retry1/trace.zip

    ────────────────────────────────────────────────────────────────────────────────────────────────

    Retry #2 ───────────────────────────────────────────────────────────────────────────────────────

    TimeoutError: locator.click: Timeout 10000ms exceeded.
    Call log:
      - waiting for locator('button:has-text("Add"), button:has-text("New"), button:has-text("Create")').first()


      72 |   test('TC-WF-006: Should set workflow trigger', async ({ page }) => {
      73 |     const addButton = page.locator('button:has-text("Add"), button:has-text("New"), button:has-text("Create")').first();
    > 74 |     await addButton.click();
         |                     ^
      75 |     await page.waitForTimeout(1000);
      76 |     
      77 |     // Look for trigger selection
        at /app/e2e-tests/tests/workflows/workflows.spec.ts:74:21

    attachment #1: screenshot (image/png) ──────────────────────────────────────────────────────────
    ../test-results/artifacts/workflows-workflows-Workfl-90a13-Should-set-workflow-trigger-chromium-retry2/test-failed-1.png
    ────────────────────────────────────────────────────────────────────────────────────────────────

    Error Context: ../test-results/artifacts/workflows-workflows-Workfl-90a13-Should-set-workflow-trigger-chromium-retry2/error-context.md
]]>
</failure>
<system-out>
<![CDATA[
[[ATTACHMENT|artifacts/workflows-workflows-Workfl-90a13-Should-set-workflow-trigger-chromium/test-failed-1.png]]

[[ATTACHMENT|artifacts/workflows-workflows-Workfl-90a13-Should-set-workflow-trigger-chromium/error-context.md]]

[[ATTACHMENT|artifacts/workflows-workflows-Workfl-90a13-Should-set-workflow-trigger-chromium-retry1/test-failed-1.png]]

[[ATTACHMENT|artifacts/workflows-workflows-Workfl-90a13-Should-set-workflow-trigger-chromium-retry1/video.webm]]

[[ATTACHMENT|artifacts/workflows-workflows-Workfl-90a13-Should-set-workflow-trigger-chromium-retry1/error-context.md]]

[[ATTACHMENT|artifacts/workflows-workflows-Workfl-90a13-Should-set-workflow-trigger-chromium-retry1/trace.zip]]

[[ATTACHMENT|artifacts/workflows-workflows-Workfl-90a13-Should-set-workflow-trigger-chromium-retry2/test-failed-1.png]]

[[ATTACHMENT|artifacts/workflows-workflows-Workfl-90a13-Should-set-workflow-trigger-chromium-retry2/error-context.md]]
]]>
</system-out>
</testcase>
<testcase name="Workflows - Designer Canvas › TC-WF-007: Should display node palette" classname="workflows/workflows.spec.ts" time="22.284">
</testcase>
<testcase name="Workflows - Designer Canvas › TC-WF-008: Should add trigger node" classname="workflows/workflows.spec.ts" time="24.188">
</testcase>
<testcase name="Workflows - Designer Canvas › TC-WF-009: Should add action node" classname="workflows/workflows.spec.ts" time="24.373">
</testcase>
<testcase name="Workflows - Designer Canvas › TC-WF-010: Should add condition node" classname="workflows/workflows.spec.ts" time="24.25">
</testcase>
<testcase name="Workflows - AI Nodes › TC-WF-011: Should display AI node types" classname="workflows/workflows.spec.ts" time="22.204">
</testcase>
<testcase name="Workflows - AI Nodes › TC-WF-012: Should add AI Decision node" classname="workflows/workflows.spec.ts" time="24.229">
</testcase>
<testcase name="Workflows - AI Nodes › TC-WF-013: Should add AI Agent node" classname="workflows/workflows.spec.ts" time="24.259">
</testcase>
<testcase name="Workflows - AI Nodes › TC-WF-014: Should configure AI node properties" classname="workflows/workflows.spec.ts" time="24.19">
</testcase>
<testcase name="Workflows - Execution › TC-WF-015: Should activate workflow" classname="workflows/workflows.spec.ts" time="24.247">
</testcase>
<testcase name="Workflows - Execution › TC-WF-016: Should deactivate workflow" classname="workflows/workflows.spec.ts" time="24.359">
</testcase>
<testcase name="Workflows - Execution › TC-WF-017: Should view workflow execution history" classname="workflows/workflows.spec.ts" time="22.15">
</testcase>
<testcase name="Workflows - Delete › TC-WF-018: Should delete test workflow" classname="workflows/workflows.spec.ts" time="24.211">
</testcase>
</testsuite>
</testsuites>