<testsuites id="" name="" tests="18" failures="1" skipped="1" errors="0" time="10.2231">
<testsuite name="auth.setup.ts" timestamp="2026-02-02T12:12:20.319Z" hostname="setup" tests="1" failures="0" skipped="0" time="4.215" errors="0">
<testcase name="authenticate" classname="auth.setup.ts" time="4.215">
<system-out>
<![CDATA[🔐 Attempting login with: admin@crm.local
📋 Found 3 input fields
📍 Current path: /
✅ Authentication successful, state saved
]]>
</system-out>
</testcase>
</testsuite>
<testsuite name="deduplication/deduplication.spec.ts" timestamp="2026-02-02T12:12:20.319Z" hostname="chromium" tests="17" failures="1" skipped="1" time="14.437" errors="0">
<testcase name="Deduplication - API Tests › TC-DEDUP-001: Should check for duplicates with no matches" classname="deduplication/deduplication.spec.ts" time="0.856">
<system-out>
<![CDATA[Duplicate check response: {
  "status": 401,
  "data": "",
  "ok": false
}
]]>
</system-out>
</testcase>
<testcase name="Deduplication - API Tests › TC-DEDUP-002: Should detect duplicate by email" classname="deduplication/deduplication.spec.ts" time="0.729">
<system-out>
<![CDATA[Duplicate detection response: {
  "status": 401,
  "data": "",
  "ok": false
}
]]>
</system-out>
</testcase>
<testcase name="Deduplication - API Tests › TC-DEDUP-003: Should detect fuzzy name matches" classname="deduplication/deduplication.spec.ts" time="0.562">
<system-out>
<![CDATA[Fuzzy match response: {
  "status": 401,
  "data": "",
  "ok": false
}
]]>
</system-out>
</testcase>
<testcase name="Deduplication - API Tests › TC-DEDUP-004: Should get active duplicate rules" classname="deduplication/deduplication.spec.ts" time="0.683">
<system-out>
<![CDATA[Duplicate rules response: {
  "status": 401,
  "data": "",
  "ok": false
}
]]>
</system-out>
</testcase>
<testcase name="Deduplication - API Tests › TC-DEDUP-005: Should handle Contact duplicates" classname="deduplication/deduplication.spec.ts" time="0.909">
<system-out>
<![CDATA[Contact duplicate check: {
  "status": 401,
  "data": "",
  "ok": false
}
]]>
</system-out>
</testcase>
<testcase name="Deduplication - API Tests › TC-DEDUP-006: Should handle Account duplicates" classname="deduplication/deduplication.spec.ts" time="0.47">
<system-out>
<![CDATA[Account duplicate check: {
  "status": 401,
  "data": "",
  "ok": false
}
]]>
</system-out>
</testcase>
<testcase name="Deduplication - Merge Operations › TC-DEDUP-010: Should preview merge operation" classname="deduplication/deduplication.spec.ts" time="0.974">
<system-out>
<![CDATA[Merge preview response: {
  "status": 401,
  "data": "",
  "ok": false
}
]]>
</system-out>
</testcase>
<testcase name="Deduplication - Merge Operations › TC-DEDUP-011: Should get merge history" classname="deduplication/deduplication.spec.ts" time="0.842">
<system-out>
<![CDATA[Merge history response: {
  "status": 401,
  "data": "",
  "ok": false
}
]]>
</system-out>
</testcase>
<testcase name="Deduplication - Merge Operations › TC-DEDUP-012: Should handle invalid entity type gracefully" classname="deduplication/deduplication.spec.ts" time="0.836">
<failure message="deduplication.spec.ts:207:7 TC-DEDUP-012: Should handle invalid entity type gracefully" type="FAILURE">
<![CDATA[  [chromium] › deduplication/deduplication.spec.ts:207:7 › Deduplication - Merge Operations › TC-DEDUP-012: Should handle invalid entity type gracefully 

    Error: expect(received).toBe(expected) // Object.is equality

    Expected: 400
    Received: 401

      218 |     console.log('Invalid entity response:', JSON.stringify(response, null, 2));
      219 |     // Should return 400 Bad Request, not 500
    > 220 |     expect(response.status).toBe(400);
          |                             ^
      221 |   });
      222 |
      223 |   test('TC-DEDUP-013: Should require field values', async ({ page }) => {
        at /Users/alal/Code/Git CRM Solution/crm-solution/e2e-tests/tests/deduplication/deduplication.spec.ts:220:29

    attachment #1: screenshot (image/png) ──────────────────────────────────────────────────────────
    ../test-results/artifacts/deduplication-deduplicatio-17103-alid-entity-type-gracefully-chromium/test-failed-1.png
    ────────────────────────────────────────────────────────────────────────────────────────────────

    Error Context: ../test-results/artifacts/deduplication-deduplicatio-17103-alid-entity-type-gracefully-chromium/error-context.md
]]>
</failure>
<system-out>
<![CDATA[Invalid entity response: {
  "status": 401,
  "data": "",
  "ok": false
}

[[ATTACHMENT|artifacts/deduplication-deduplicatio-17103-alid-entity-type-gracefully-chromium/test-failed-1.png]]

[[ATTACHMENT|artifacts/deduplication-deduplicatio-17103-alid-entity-type-gracefully-chromium/error-context.md]]
]]>
</system-out>
</testcase>
<testcase name="Deduplication - Merge Operations › TC-DEDUP-013: Should require field values" classname="deduplication/deduplication.spec.ts" time="0">
<skipped>
</skipped>
</testcase>
<testcase name="Deduplication - UI Integration › TC-DEDUP-020: Should show duplicate detection dialog on lead create" classname="deduplication/deduplication.spec.ts" time="2.962">
</testcase>
<testcase name="Deduplication - UI Integration › TC-DEDUP-021: Should navigate to duplicate management page" classname="deduplication/deduplication.spec.ts" time="0.866">
<system-out>
<![CDATA[Has duplicate management section: [33mfalse[39m
]]>
</system-out>
</testcase>
<testcase name="Deduplication - Edge Cases › TC-DEDUP-030: Should handle special characters in names" classname="deduplication/deduplication.spec.ts" time="0.767">
<system-out>
<![CDATA[Special chars response: {
  "status": 401,
  "data": "",
  "ok": false
}
]]>
</system-out>
</testcase>
<testcase name="Deduplication - Edge Cases › TC-DEDUP-031: Should handle unicode characters" classname="deduplication/deduplication.spec.ts" time="0.746">
<system-out>
<![CDATA[Unicode response: {
  "status": 401,
  "data": "",
  "ok": false
}
]]>
</system-out>
</testcase>
<testcase name="Deduplication - Edge Cases › TC-DEDUP-032: Should handle very long field values" classname="deduplication/deduplication.spec.ts" time="0.769">
<system-out>
<![CDATA[Long values response: {
  "status": 401,
  "data": "",
  "ok": false
}
]]>
</system-out>
</testcase>
<testcase name="Deduplication - Edge Cases › TC-DEDUP-033: Should handle phone number variations" classname="deduplication/deduplication.spec.ts" time="0.664">
<system-out>
<![CDATA[Phone format "555-123-4567" response status: [33m401[39m
Phone format "(555) 123-4567" response status: [33m401[39m
Phone format "5551234567" response status: [33m401[39m
Phone format "+1 555 123 4567" response status: [33m401[39m
Phone format "555.123.4567" response status: [33m401[39m
]]>
</system-out>
</testcase>
<testcase name="Deduplication - Edge Cases › TC-DEDUP-034: Should handle email variations" classname="deduplication/deduplication.spec.ts" time="0.802">
<system-out>
<![CDATA[Email plus addressing response: {
  "status": 401,
  "data": "",
  "ok": false
}
]]>
</system-out>
</testcase>
</testsuite>
</testsuites>