<testsuites id="" name="" tests="42" failures="14" skipped="0" errors="0" time="14.415237999999999">
<testsuite name="auth.setup.ts" timestamp="2026-01-29T00:37:33.811Z" hostname="setup" tests="1" failures="0" skipped="0" time="4.361" errors="0">
<testcase name="authenticate" classname="auth.setup.ts" time="4.361">
<system-out>
<![CDATA[🔐 Attempting login with: abhi.lal@gmail.com
📋 Found 3 input fields
📍 Current path: /
✅ Authentication successful, state saved
]]>
</system-out>
</testcase>
</testsuite>
<testsuite name="bvt/api-bvt.spec.ts" timestamp="2026-01-29T00:37:33.811Z" hostname="chromium" tests="41" failures="14" skipped="0" time="1.464" errors="0">
<testcase name="BVT - Build Verification Tests › BVT-01: Authentication Critical Path › BVT-01-001: Health check endpoint responds" classname="bvt/api-bvt.spec.ts" time="0.018">
</testcase>
<testcase name="BVT - Build Verification Tests › BVT-01: Authentication Critical Path › BVT-01-002: Login with valid credentials succeeds" classname="bvt/api-bvt.spec.ts" time="0.161">
</testcase>
<testcase name="BVT - Build Verification Tests › BVT-01: Authentication Critical Path › BVT-01-003: Login with invalid credentials fails" classname="bvt/api-bvt.spec.ts" time="0.012">
</testcase>
<testcase name="BVT - Build Verification Tests › BVT-01: Authentication Critical Path › BVT-01-004: Protected endpoint requires auth" classname="bvt/api-bvt.spec.ts" time="0.01">
</testcase>
<testcase name="BVT - Build Verification Tests › BVT-02: Customer CRUD Critical Path › BVT-02-001: Create customer" classname="bvt/api-bvt.spec.ts" time="0.048">
</testcase>
<testcase name="BVT - Build Verification Tests › BVT-02: Customer CRUD Critical Path › BVT-02-002: Read customer" classname="bvt/api-bvt.spec.ts" time="0.029">
</testcase>
<testcase name="BVT - Build Verification Tests › BVT-02: Customer CRUD Critical Path › BVT-02-003: Update customer" classname="bvt/api-bvt.spec.ts" time="0.034">
<failure message="api-bvt.spec.ts:83:9 BVT-02-003: Update customer" type="FAILURE">
<![CDATA[  [chromium] › bvt/api-bvt.spec.ts:83:9 › BVT - Build Verification Tests › BVT-02: Customer CRUD Critical Path › BVT-02-003: Update customer 

    Error: expect(received).toBeTruthy()

    Received: false

      93 |         }
      94 |       });
    > 95 |       expect(response.ok()).toBeTruthy();
         |                             ^
      96 |     });
      97 |
      98 |     test('BVT-02-004: List customers', async ({ request }) => {
        at /Users/alal/Code/Git CRM Solution/crm-solution/e2e-tests/tests/bvt/api-bvt.spec.ts:95:29
]]>
</failure>
</testcase>
<testcase name="BVT - Build Verification Tests › BVT-02: Customer CRUD Critical Path › BVT-02-004: List customers" classname="bvt/api-bvt.spec.ts" time="0.15">
</testcase>
<testcase name="BVT - Build Verification Tests › BVT-02: Customer CRUD Critical Path › BVT-02-005: Delete customer" classname="bvt/api-bvt.spec.ts" time="0.025">
<failure message="api-bvt.spec.ts:107:9 BVT-02-005: Delete customer" type="FAILURE">
<![CDATA[  [chromium] › bvt/api-bvt.spec.ts:107:9 › BVT - Build Verification Tests › BVT-02: Customer CRUD Critical Path › BVT-02-005: Delete customer 

    Error: expect(received).toBeTruthy()

    Received: false

      109 |         headers: { 'Authorization': `Bearer ${authToken}` }
      110 |       });
    > 111 |       expect(response.ok()).toBeTruthy();
          |                             ^
      112 |     });
      113 |   });
      114 |
        at /Users/alal/Code/Git CRM Solution/crm-solution/e2e-tests/tests/bvt/api-bvt.spec.ts:111:29
]]>
</failure>
</testcase>
<testcase name="BVT - Build Verification Tests › BVT-03: Contact CRUD Critical Path › BVT-03-001: Create contact" classname="bvt/api-bvt.spec.ts" time="0.021">
</testcase>
<testcase name="BVT - Build Verification Tests › BVT-03: Contact CRUD Critical Path › BVT-03-002: Read contact" classname="bvt/api-bvt.spec.ts" time="0.022">
</testcase>
<testcase name="BVT - Build Verification Tests › BVT-03: Contact CRUD Critical Path › BVT-03-003: List contacts" classname="bvt/api-bvt.spec.ts" time="0.051">
</testcase>
<testcase name="BVT - Build Verification Tests › BVT-03: Contact CRUD Critical Path › BVT-03-004: Delete contact" classname="bvt/api-bvt.spec.ts" time="0.015">
<failure message="api-bvt.spec.ts:150:9 BVT-03-004: Delete contact" type="FAILURE">
<![CDATA[  [chromium] › bvt/api-bvt.spec.ts:150:9 › BVT - Build Verification Tests › BVT-03: Contact CRUD Critical Path › BVT-03-004: Delete contact 

    Error: expect(received).toBeTruthy()

    Received: false

      152 |         headers: { 'Authorization': `Bearer ${authToken}` }
      153 |       });
    > 154 |       expect(response.ok()).toBeTruthy();
          |                             ^
      155 |     });
      156 |   });
      157 |
        at /Users/alal/Code/Git CRM Solution/crm-solution/e2e-tests/tests/bvt/api-bvt.spec.ts:154:29
]]>
</failure>
</testcase>
<testcase name="BVT - Build Verification Tests › BVT-04: Lead CRUD Critical Path › BVT-04-001: Create lead" classname="bvt/api-bvt.spec.ts" time="0.043">
<failure message="api-bvt.spec.ts:161:9 BVT-04-001: Create lead" type="FAILURE">
<![CDATA[  [chromium] › bvt/api-bvt.spec.ts:161:9 › BVT - Build Verification Tests › BVT-04: Lead CRUD Critical Path › BVT-04-001: Create lead 

    Error: expect(received).toBeTruthy()

    Received: false

      171 |         }
      172 |       });
    > 173 |       expect(response.ok()).toBeTruthy();
          |                             ^
      174 |       const lead = await response.json();
      175 |       leadId = lead.id;
      176 |       expect(leadId).toBeGreaterThan(0);
        at /Users/alal/Code/Git CRM Solution/crm-solution/e2e-tests/tests/bvt/api-bvt.spec.ts:173:29
]]>
</failure>
</testcase>
<testcase name="BVT - Build Verification Tests › BVT-04: Lead CRUD Critical Path › BVT-04-002: Read lead" classname="bvt/api-bvt.spec.ts" time="0.018">
<failure message="api-bvt.spec.ts:179:9 BVT-04-002: Read lead" type="FAILURE">
<![CDATA[  [chromium] › bvt/api-bvt.spec.ts:179:9 › BVT - Build Verification Tests › BVT-04: Lead CRUD Critical Path › BVT-04-002: Read lead 

    Error: expect(received).toBeTruthy()

    Received: false

      181 |         headers: { 'Authorization': `Bearer ${authToken}` }
      182 |       });
    > 183 |       expect(response.ok()).toBeTruthy();
          |                             ^
      184 |     });
      185 |
      186 |     test('BVT-04-003: List leads', async ({ request }) => {
        at /Users/alal/Code/Git CRM Solution/crm-solution/e2e-tests/tests/bvt/api-bvt.spec.ts:183:29
]]>
</failure>
</testcase>
<testcase name="BVT - Build Verification Tests › BVT-04: Lead CRUD Critical Path › BVT-04-003: List leads" classname="bvt/api-bvt.spec.ts" time="0.015">
<failure message="api-bvt.spec.ts:186:9 BVT-04-003: List leads" type="FAILURE">
<![CDATA[  [chromium] › bvt/api-bvt.spec.ts:186:9 › BVT - Build Verification Tests › BVT-04: Lead CRUD Critical Path › BVT-04-003: List leads 

    Error: expect(received).toBeTruthy()

    Received: false

      188 |         headers: { 'Authorization': `Bearer ${authToken}` }
      189 |       });
    > 190 |       expect(response.ok()).toBeTruthy();
          |                             ^
      191 |     });
      192 |
      193 |     test('BVT-04-004: Delete lead', async ({ request }) => {
        at /Users/alal/Code/Git CRM Solution/crm-solution/e2e-tests/tests/bvt/api-bvt.spec.ts:190:29
]]>
</failure>
</testcase>
<testcase name="BVT - Build Verification Tests › BVT-04: Lead CRUD Critical Path › BVT-04-004: Delete lead" classname="bvt/api-bvt.spec.ts" time="0.017">
<failure message="api-bvt.spec.ts:193:9 BVT-04-004: Delete lead" type="FAILURE">
<![CDATA[  [chromium] › bvt/api-bvt.spec.ts:193:9 › BVT - Build Verification Tests › BVT-04: Lead CRUD Critical Path › BVT-04-004: Delete lead 

    Error: expect(received).toBeTruthy()

    Received: false

      195 |         headers: { 'Authorization': `Bearer ${authToken}` }
      196 |       });
    > 197 |       expect(response.ok()).toBeTruthy();
          |                             ^
      198 |     });
      199 |   });
      200 |
        at /Users/alal/Code/Git CRM Solution/crm-solution/e2e-tests/tests/bvt/api-bvt.spec.ts:197:29
]]>
</failure>
</testcase>
<testcase name="BVT - Build Verification Tests › BVT-05: Opportunity CRUD Critical Path › BVT-05-001: Create opportunity" classname="bvt/api-bvt.spec.ts" time="0.017">
<failure message="api-bvt.spec.ts:221:9 BVT-05-001: Create opportunity" type="FAILURE">
<![CDATA[  [chromium] › bvt/api-bvt.spec.ts:221:9 › BVT - Build Verification Tests › BVT-05: Opportunity CRUD Critical Path › BVT-05-001: Create opportunity 

    Error: expect(received).toBeTruthy()

    Received: false

      231 |         }
      232 |       });
    > 233 |       expect(response.ok()).toBeTruthy();
          |                             ^
      234 |       const opportunity = await response.json();
      235 |       opportunityId = opportunity.id;
      236 |       expect(opportunityId).toBeGreaterThan(0);
        at /Users/alal/Code/Git CRM Solution/crm-solution/e2e-tests/tests/bvt/api-bvt.spec.ts:233:29
]]>
</failure>
</testcase>
<testcase name="BVT - Build Verification Tests › BVT-05: Opportunity CRUD Critical Path › BVT-05-002: Read opportunity" classname="bvt/api-bvt.spec.ts" time="0.018">
<failure message="api-bvt.spec.ts:239:9 BVT-05-002: Read opportunity" type="FAILURE">
<![CDATA[  [chromium] › bvt/api-bvt.spec.ts:239:9 › BVT - Build Verification Tests › BVT-05: Opportunity CRUD Critical Path › BVT-05-002: Read opportunity 

    Error: expect(received).toBeTruthy()

    Received: false

      241 |         headers: { 'Authorization': `Bearer ${authToken}` }
      242 |       });
    > 243 |       expect(response.ok()).toBeTruthy();
          |                             ^
      244 |     });
      245 |
      246 |     test('BVT-05-003: List opportunities', async ({ request }) => {
        at /Users/alal/Code/Git CRM Solution/crm-solution/e2e-tests/tests/bvt/api-bvt.spec.ts:243:29
]]>
</failure>
</testcase>
<testcase name="BVT - Build Verification Tests › BVT-05: Opportunity CRUD Critical Path › BVT-05-003: List opportunities" classname="bvt/api-bvt.spec.ts" time="0.011">
</testcase>
<testcase name="BVT - Build Verification Tests › BVT-06: Service Request CRUD Critical Path › BVT-06-001: Create service request" classname="bvt/api-bvt.spec.ts" time="0.019">
</testcase>
<testcase name="BVT - Build Verification Tests › BVT-06: Service Request CRUD Critical Path › BVT-06-002: Read service request" classname="bvt/api-bvt.spec.ts" time="0.019">
</testcase>
<testcase name="BVT - Build Verification Tests › BVT-06: Service Request CRUD Critical Path › BVT-06-003: List service requests" classname="bvt/api-bvt.spec.ts" time="0.069">
</testcase>
<testcase name="BVT - Build Verification Tests › BVT-07: Campaign CRUD Critical Path › BVT-07-001: Create campaign" classname="bvt/api-bvt.spec.ts" time="0.013">
<failure message="api-bvt.spec.ts:309:9 BVT-07-001: Create campaign" type="FAILURE">
<![CDATA[  [chromium] › bvt/api-bvt.spec.ts:309:9 › BVT - Build Verification Tests › BVT-07: Campaign CRUD Critical Path › BVT-07-001: Create campaign 

    Error: expect(received).toBeTruthy()

    Received: false

      320 |         }
      321 |       });
    > 322 |       expect(response.ok()).toBeTruthy();
          |                             ^
      323 |       const campaign = await response.json();
      324 |       campaignId = campaign.id;
      325 |       expect(campaignId).toBeGreaterThan(0);
        at /Users/alal/Code/Git CRM Solution/crm-solution/e2e-tests/tests/bvt/api-bvt.spec.ts:322:29
]]>
</failure>
</testcase>
<testcase name="BVT - Build Verification Tests › BVT-07: Campaign CRUD Critical Path › BVT-07-002: Read campaign" classname="bvt/api-bvt.spec.ts" time="0.042">
<failure message="api-bvt.spec.ts:328:9 BVT-07-002: Read campaign" type="FAILURE">
<![CDATA[  [chromium] › bvt/api-bvt.spec.ts:328:9 › BVT - Build Verification Tests › BVT-07: Campaign CRUD Critical Path › BVT-07-002: Read campaign 

    Error: expect(received).toBeTruthy()

    Received: false

      330 |         headers: { 'Authorization': `Bearer ${authToken}` }
      331 |       });
    > 332 |       expect(response.ok()).toBeTruthy();
          |                             ^
      333 |     });
      334 |
      335 |     test('BVT-07-003: List campaigns', async ({ request }) => {
        at /Users/alal/Code/Git CRM Solution/crm-solution/e2e-tests/tests/bvt/api-bvt.spec.ts:332:29
]]>
</failure>
</testcase>
<testcase name="BVT - Build Verification Tests › BVT-07: Campaign CRUD Critical Path › BVT-07-003: List campaigns" classname="bvt/api-bvt.spec.ts" time="0.021">
</testcase>
<testcase name="BVT - Build Verification Tests › BVT-08: Product CRUD Critical Path › BVT-08-001: Create product" classname="bvt/api-bvt.spec.ts" time="0.031">
</testcase>
<testcase name="BVT - Build Verification Tests › BVT-08: Product CRUD Critical Path › BVT-08-002: Read product" classname="bvt/api-bvt.spec.ts" time="0.017">
</testcase>
<testcase name="BVT - Build Verification Tests › BVT-08: Product CRUD Critical Path › BVT-08-003: List products" classname="bvt/api-bvt.spec.ts" time="0.032">
</testcase>
<testcase name="BVT - Build Verification Tests › BVT-09: Quote CRUD Critical Path › BVT-09-001: Create quote" classname="bvt/api-bvt.spec.ts" time="0.076">
</testcase>
<testcase name="BVT - Build Verification Tests › BVT-09: Quote CRUD Critical Path › BVT-09-002: Read quote" classname="bvt/api-bvt.spec.ts" time="0.025">
</testcase>
<testcase name="BVT - Build Verification Tests › BVT-09: Quote CRUD Critical Path › BVT-09-003: List quotes" classname="bvt/api-bvt.spec.ts" time="0.024">
</testcase>
<testcase name="BVT - Build Verification Tests › BVT-10: User &amp; Groups Critical Path › BVT-10-001: List users" classname="bvt/api-bvt.spec.ts" time="0.069">
</testcase>
<testcase name="BVT - Build Verification Tests › BVT-10: User &amp; Groups Critical Path › BVT-10-002: List user groups" classname="bvt/api-bvt.spec.ts" time="0.022">
</testcase>
<testcase name="BVT - Build Verification Tests › BVT-10: User &amp; Groups Critical Path › BVT-10-003: Get current user profile" classname="bvt/api-bvt.spec.ts" time="0.023">
<failure message="api-bvt.spec.ts:447:9 BVT-10-003: Get current user profile" type="FAILURE">
<![CDATA[  [chromium] › bvt/api-bvt.spec.ts:447:9 › BVT - Build Verification Tests › BVT-10: User & Groups Critical Path › BVT-10-003: Get current user profile 

    Error: expect(received).toBeTruthy()

    Received: false

      449 |         headers: { 'Authorization': `Bearer ${authToken}` }
      450 |       });
    > 451 |       expect(response.ok()).toBeTruthy();
          |                             ^
      452 |     });
      453 |   });
      454 |
        at /Users/alal/Code/Git CRM Solution/crm-solution/e2e-tests/tests/bvt/api-bvt.spec.ts:451:29
]]>
</failure>
</testcase>
<testcase name="BVT - Build Verification Tests › BVT-11: Dashboard Critical Path › BVT-11-001: Get dashboard data" classname="bvt/api-bvt.spec.ts" time="0.028">
<failure message="api-bvt.spec.ts:456:9 BVT-11-001: Get dashboard data" type="FAILURE">
<![CDATA[  [chromium] › bvt/api-bvt.spec.ts:456:9 › BVT - Build Verification Tests › BVT-11: Dashboard Critical Path › BVT-11-001: Get dashboard data 

    Error: expect(received).toBeTruthy()

    Received: false

      458 |         headers: { 'Authorization': `Bearer ${authToken}` }
      459 |       });
    > 460 |       expect(response.ok()).toBeTruthy();
          |                             ^
      461 |     });
      462 |
      463 |     test('BVT-11-002: Get dashboard configuration', async ({ request }) => {
        at /Users/alal/Code/Git CRM Solution/crm-solution/e2e-tests/tests/bvt/api-bvt.spec.ts:460:29
]]>
</failure>
</testcase>
<testcase name="BVT - Build Verification Tests › BVT-11: Dashboard Critical Path › BVT-11-002: Get dashboard configuration" classname="bvt/api-bvt.spec.ts" time="0.093">
</testcase>
<testcase name="BVT - Build Verification Tests › BVT-12: Notes Critical Path › BVT-12-001: List notes" classname="bvt/api-bvt.spec.ts" time="0.045">
</testcase>
<testcase name="BVT - Build Verification Tests › BVT-12: Notes Critical Path › BVT-12-002: Create note" classname="bvt/api-bvt.spec.ts" time="0.03">
</testcase>
<testcase name="BVT - Build Verification Tests › BVT-13: System Settings Critical Path › BVT-13-001: Get system settings" classname="bvt/api-bvt.spec.ts" time="0.017">
<failure message="api-bvt.spec.ts:495:9 BVT-13-001: Get system settings" type="FAILURE">
<![CDATA[  [chromium] › bvt/api-bvt.spec.ts:495:9 › BVT - Build Verification Tests › BVT-13: System Settings Critical Path › BVT-13-001: Get system settings 

    Error: expect(received).toBeTruthy()

    Received: false

      497 |         headers: { 'Authorization': `Bearer ${authToken}` }
      498 |       });
    > 499 |       expect(response.ok()).toBeTruthy();
          |                             ^
      500 |     });
      501 |
      502 |     test('BVT-13-002: Get lookups', async ({ request }) => {
        at /Users/alal/Code/Git CRM Solution/crm-solution/e2e-tests/tests/bvt/api-bvt.spec.ts:499:29
]]>
</failure>
</testcase>
<testcase name="BVT - Build Verification Tests › BVT-13: System Settings Critical Path › BVT-13-002: Get lookups" classname="bvt/api-bvt.spec.ts" time="0.014">
</testcase>
</testsuite>
</testsuites>